<?xml version="1.0" encoding="UTF-8" standalone="yes"?><!DOCTYPE report PUBLIC "-//JACOCO//DTD Report 1.1//EN" "report.dtd"><report name="product"><sessioninfo id="LAPTOP-PRG00P8E-beff0f07" start="1733219700180" dump="1733222756907"/><sessioninfo id="LAPTOP-PRG00P8E-3cc331e7" start="1733219746237" dump="1733222757813"/><package name="cn/edu/xmu/oomall/product/controller"><class name="cn/edu/xmu/oomall/product/controller/GrouponController" sourcefilename="GrouponController.java"><method name="retrieveGrouponAct" desc="(Ljava/lang/Long;Ljava/lang/Long;Ljava/time/LocalDateTime;Ljava/time/LocalDateTime;Ljava/lang/Integer;Ljava/lang/Integer;)Lcn/edu/xmu/javaee/core/model/ReturnObject;" line="51"><counter type="INSTRUCTION" missed="0" covered="30"/><counter type="LINE" missed="0" covered="4"/><counter type="COMPLEXITY" missed="0" covered="1"/><counter type="METHOD" missed="0" covered="1"/></method><method name="findGrouponActById" desc="(Ljava/lang/Long;)Lcn/edu/xmu/javaee/core/model/ReturnObject;" line="72"><counter type="INSTRUCTION" missed="0" covered="15"/><counter type="LINE" missed="0" covered="2"/><counter type="COMPLEXITY" missed="0" covered="1"/><counter type="METHOD" missed="0" covered="1"/></method><method name="getGrouponActProduct" desc="(Ljava/lang/Long;Ljava/lang/Integer;Ljava/lang/Integer;)Lcn/edu/xmu/javaee/core/model/ReturnObject;" line="82"><counter type="INSTRUCTION" missed="0" covered="41"/><counter type="LINE" missed="0" covered="3"/><counter type="COMPLEXITY" missed="0" covered="1"/><counter type="METHOD" missed="0" covered="1"/></method><method name="lambda$getGrouponActProduct$1" desc="(Lcn/edu/xmu/oomall/product/dao/bo/Product;)Lcn/edu/xmu/oomall/product/controller/vo/SimpleProductVo;" line="83"><counter type="INSTRUCTION" missed="0" covered="5"/><counter type="LINE" missed="0" covered="1"/><counter type="COMPLEXITY" missed="0" covered="1"/><counter type="METHOD" missed="0" covered="1"/></method><method name="lambda$retrieveGrouponAct$0" desc="(Lcn/edu/xmu/oomall/product/dao/bo/GrouponAct;)Lcn/edu/xmu/oomall/product/controller/vo/SimpleGrouponActVo;" line="54"><counter type="INSTRUCTION" missed="8" covered="21"/><counter type="BRANCH" missed="1" covered="1"/><counter type="LINE" missed="2" covered="5"/><counter type="COMPLEXITY" missed="1" covered="1"/><counter type="METHOD" missed="0" covered="1"/></method><method name="&lt;clinit&gt;" desc="()V" line="37"><counter type="INSTRUCTION" missed="0" covered="4"/><counter type="LINE" missed="0" covered="1"/><counter type="COMPLEXITY" missed="0" covered="1"/><counter type="METHOD" missed="0" covered="1"/></method><counter type="INSTRUCTION" missed="8" covered="116"/><counter type="BRANCH" missed="1" covered="1"/><counter type="LINE" missed="2" covered="15"/><counter type="COMPLEXITY" missed="1" covered="6"/><counter type="METHOD" missed="0" covered="6"/><counter type="CLASS" missed="0" covered="1"/></class><class name="cn/edu/xmu/oomall/product/controller/ShopProductController" sourcefilename="ShopProductController.java"><method name="getOnsaleById" desc="(Ljava/lang/Long;Ljava/lang/Long;)Lcn/edu/xmu/javaee/core/model/ReturnObject;" line="52"><counter type="INSTRUCTION" missed="0" covered="15"/><counter type="LINE" missed="0" covered="2"/><counter type="COMPLEXITY" missed="0" covered="1"/><counter type="METHOD" missed="0" covered="1"/></method><method name="addOnsale" desc="(Ljava/lang/Long;Ljava/lang/Long;Lcn/edu/xmu/oomall/product/controller/dto/OnSaleDto;Lcn/edu/xmu/javaee/core/model/dto/UserDto;)Lcn/edu/xmu/javaee/core/model/ReturnObject;" line="63"><counter type="INSTRUCTION" missed="0" covered="64"/><counter type="BRANCH" missed="0" covered="8"/><counter type="LINE" missed="0" covered="11"/><counter type="COMPLEXITY" missed="0" covered="5"/><counter type="METHOD" missed="0" covered="1"/></method><method name="getAllOnsale" desc="(Ljava/lang/Long;Ljava/lang/Long;Ljava/lang/Integer;Ljava/lang/Integer;)Lcn/edu/xmu/javaee/core/model/ReturnObject;" line="99"><counter type="INSTRUCTION" missed="0" covered="28"/><counter type="LINE" missed="0" covered="3"/><counter type="COMPLEXITY" missed="0" covered="1"/><counter type="METHOD" missed="0" covered="1"/></method><method name="delOnsaleId" desc="(Ljava/lang/Long;Ljava/lang/Long;Lcn/edu/xmu/javaee/core/model/dto/UserDto;)Lcn/edu/xmu/javaee/core/model/ReturnObject;" line="112"><counter type="INSTRUCTION" missed="0" covered="10"/><counter type="LINE" missed="0" covered="2"/><counter type="COMPLEXITY" missed="0" covered="1"/><counter type="METHOD" missed="0" covered="1"/></method><method name="cancelOnsaleId" desc="(Ljava/lang/Long;Ljava/lang/Long;Lcn/edu/xmu/javaee/core/model/dto/UserDto;)Lcn/edu/xmu/javaee/core/model/ReturnObject;" line="124"><counter type="INSTRUCTION" missed="0" covered="10"/><counter type="LINE" missed="0" covered="2"/><counter type="COMPLEXITY" missed="0" covered="1"/><counter type="METHOD" missed="0" covered="1"/></method><method name="getProductId" desc="(Ljava/lang/Long;Ljava/lang/Long;)Lcn/edu/xmu/javaee/core/model/ReturnObject;" line="138"><counter type="INSTRUCTION" missed="0" covered="14"/><counter type="LINE" missed="0" covered="2"/><counter type="COMPLEXITY" missed="0" covered="1"/><counter type="METHOD" missed="0" covered="1"/></method><method name="putProductId" desc="(Ljava/lang/Long;Ljava/lang/Long;Lcn/edu/xmu/javaee/core/model/dto/UserDto;Lcn/edu/xmu/oomall/product/controller/dto/ProductDto;)Lcn/edu/xmu/javaee/core/model/ReturnObject;" line="155"><counter type="INSTRUCTION" missed="0" covered="17"/><counter type="LINE" missed="0" covered="3"/><counter type="COMPLEXITY" missed="0" covered="1"/><counter type="METHOD" missed="0" covered="1"/></method><method name="getTemplateProduct" desc="(Ljava/lang/Long;Ljava/lang/Long;Ljava/lang/Integer;Ljava/lang/Integer;)Lcn/edu/xmu/javaee/core/model/ReturnObject;" line="174"><counter type="INSTRUCTION" missed="0" covered="30"/><counter type="LINE" missed="0" covered="4"/><counter type="COMPLEXITY" missed="0" covered="1"/><counter type="METHOD" missed="0" covered="1"/></method><method name="getLogisticsProduct" desc="(Ljava/lang/Long;Ljava/lang/Long;Ljava/lang/Integer;Ljava/lang/Integer;)Lcn/edu/xmu/javaee/core/model/ReturnObject;" line="194"><counter type="INSTRUCTION" missed="0" covered="30"/><counter type="LINE" missed="0" covered="4"/><counter type="COMPLEXITY" missed="0" covered="1"/><counter type="METHOD" missed="0" covered="1"/></method><method name="relateProductId" desc="(Ljava/lang/Long;Ljava/lang/Long;Lcn/edu/xmu/oomall/product/controller/dto/RelateProductDto;Lcn/edu/xmu/javaee/core/model/dto/UserDto;)Lcn/edu/xmu/javaee/core/model/ReturnObject;" line="216"><counter type="INSTRUCTION" missed="12" covered="0"/><counter type="LINE" missed="2" covered="0"/><counter type="COMPLEXITY" missed="1" covered="0"/><counter type="METHOD" missed="1" covered="0"/></method><method name="delRelateProduct" desc="(Ljava/lang/Long;Ljava/lang/Long;Lcn/edu/xmu/javaee/core/model/dto/UserDto;)Lcn/edu/xmu/javaee/core/model/ReturnObject;" line="230"><counter type="INSTRUCTION" missed="0" covered="10"/><counter type="LINE" missed="0" covered="2"/><counter type="COMPLEXITY" missed="0" covered="1"/><counter type="METHOD" missed="0" covered="1"/></method><method name="lambda$getLogisticsProduct$3" desc="(Lcn/edu/xmu/oomall/product/dao/bo/Product;)Lcn/edu/xmu/javaee/core/model/vo/IdNameTypeVo;" line="195"><counter type="INSTRUCTION" missed="9" covered="0"/><counter type="LINE" missed="1" covered="0"/><counter type="COMPLEXITY" missed="1" covered="0"/><counter type="METHOD" missed="1" covered="0"/></method><method name="lambda$getTemplateProduct$2" desc="(Lcn/edu/xmu/oomall/product/dao/bo/Product;)Lcn/edu/xmu/javaee/core/model/vo/IdNameTypeVo;" line="175"><counter type="INSTRUCTION" missed="9" covered="0"/><counter type="LINE" missed="1" covered="0"/><counter type="COMPLEXITY" missed="1" covered="0"/><counter type="METHOD" missed="1" covered="0"/></method><method name="lambda$getAllOnsale$1" desc="(Lcn/edu/xmu/oomall/product/dao/bo/OnSale;)Lcn/edu/xmu/oomall/product/controller/vo/SimpleOnsaleVo;" line="100"><counter type="INSTRUCTION" missed="0" covered="6"/><counter type="LINE" missed="0" covered="1"/><counter type="COMPLEXITY" missed="0" covered="1"/><counter type="METHOD" missed="0" covered="1"/></method><method name="lambda$addOnsale$0" desc="(Ljava/lang/Long;Ljava/lang/Long;Lcn/edu/xmu/oomall/product/dao/bo/OnSale;Lcn/edu/xmu/javaee/core/model/dto/UserDto;Lorg/springframework/transaction/TransactionStatus;)Lcn/edu/xmu/oomall/product/controller/vo/SimpleOnsaleVo;" line="82"><counter type="INSTRUCTION" missed="0" covered="16"/><counter type="LINE" missed="0" covered="3"/><counter type="COMPLEXITY" missed="0" covered="1"/><counter type="METHOD" missed="0" covered="1"/></method><method name="&lt;clinit&gt;" desc="()V" line="41"><counter type="INSTRUCTION" missed="0" covered="4"/><counter type="LINE" missed="0" covered="1"/><counter type="COMPLEXITY" missed="0" covered="1"/><counter type="METHOD" missed="0" covered="1"/></method><counter type="INSTRUCTION" missed="30" covered="254"/><counter type="BRANCH" missed="0" covered="8"/><counter type="LINE" missed="2" covered="39"/><counter type="COMPLEXITY" missed="3" covered="17"/><counter type="METHOD" missed="3" covered="13"/><counter type="CLASS" missed="0" covered="1"/></class><class name="cn/edu/xmu/oomall/product/controller/PlatformController" sourcefilename="PlatformController.java"><method name="getSubCategories" desc="(Ljava/lang/Long;Ljava/lang/Long;)Lcn/edu/xmu/javaee/core/model/ReturnObject;" line="55"><counter type="INSTRUCTION" missed="28" covered="0"/><counter type="BRANCH" missed="2" covered="0"/><counter type="LINE" missed="5" covered="0"/><counter type="COMPLEXITY" missed="2" covered="0"/><counter type="METHOD" missed="1" covered="0"/></method><method name="createSubCategories" desc="(Ljava/lang/Long;Ljava/lang/Long;Lcn/edu/xmu/oomall/product/controller/dto/CategoryDto;Lcn/edu/xmu/javaee/core/model/dto/UserDto;)Lcn/edu/xmu/javaee/core/model/ReturnObject;" line="76"><counter type="INSTRUCTION" missed="38" covered="0"/><counter type="BRANCH" missed="2" covered="0"/><counter type="LINE" missed="6" covered="0"/><counter type="COMPLEXITY" missed="2" covered="0"/><counter type="METHOD" missed="1" covered="0"/></method><method name="updateCategory" desc="(Ljava/lang/Long;Ljava/lang/Long;Lcn/edu/xmu/oomall/product/controller/dto/CategoryDto;Lcn/edu/xmu/javaee/core/model/dto/UserDto;)Lcn/edu/xmu/javaee/core/model/ReturnObject;" line="98"><counter type="INSTRUCTION" missed="28" covered="0"/><counter type="BRANCH" missed="2" covered="0"/><counter type="LINE" missed="6" covered="0"/><counter type="COMPLEXITY" missed="2" covered="0"/><counter type="METHOD" missed="1" covered="0"/></method><method name="deleteCategory" desc="(Ljava/lang/Long;Ljava/lang/Long;Lcn/edu/xmu/javaee/core/model/dto/UserDto;)Lcn/edu/xmu/javaee/core/model/ReturnObject;" line="111"><counter type="INSTRUCTION" missed="19" covered="0"/><counter type="BRANCH" missed="2" covered="0"/><counter type="LINE" missed="4" covered="0"/><counter type="COMPLEXITY" missed="2" covered="0"/><counter type="METHOD" missed="1" covered="0"/></method><method name="putProductCommissionRatio" desc="(Ljava/lang/Long;Ljava/lang/Long;Lcn/edu/xmu/javaee/core/model/dto/UserDto;Lcn/edu/xmu/oomall/product/controller/dto/CommissionRatioDto;)Lcn/edu/xmu/javaee/core/model/ReturnObject;" line="128"><counter type="INSTRUCTION" missed="45" covered="0"/><counter type="BRANCH" missed="2" covered="0"/><counter type="LINE" missed="6" covered="0"/><counter type="COMPLEXITY" missed="2" covered="0"/><counter type="METHOD" missed="1" covered="0"/></method><method name="allowGoods" desc="(Ljava/lang/Long;Ljava/lang/Long;Lcn/edu/xmu/javaee/core/model/dto/UserDto;)Lcn/edu/xmu/javaee/core/model/ReturnObject;" line="147"><counter type="INSTRUCTION" missed="35" covered="0"/><counter type="BRANCH" missed="2" covered="0"/><counter type="LINE" missed="4" covered="0"/><counter type="COMPLEXITY" missed="2" covered="0"/><counter type="METHOD" missed="1" covered="0"/></method><method name="prohibitGoods" desc="(Ljava/lang/Long;Ljava/lang/Long;Lcn/edu/xmu/javaee/core/model/dto/UserDto;)Lcn/edu/xmu/javaee/core/model/ReturnObject;" line="164"><counter type="INSTRUCTION" missed="35" covered="0"/><counter type="BRANCH" missed="2" covered="0"/><counter type="LINE" missed="4" covered="0"/><counter type="COMPLEXITY" missed="2" covered="0"/><counter type="METHOD" missed="1" covered="0"/></method><method name="publishProduct" desc="(Ljava/lang/Long;Ljava/lang/Long;Lcn/edu/xmu/oomall/product/controller/dto/CommissionRatioDto;Lcn/edu/xmu/javaee/core/model/dto/UserDto;)Lcn/edu/xmu/javaee/core/model/ReturnObject;" line="182"><counter type="INSTRUCTION" missed="73" covered="0"/><counter type="BRANCH" missed="6" covered="0"/><counter type="LINE" missed="8" covered="0"/><counter type="COMPLEXITY" missed="4" covered="0"/><counter type="METHOD" missed="1" covered="0"/></method><method name="publishGrouponAct" desc="(Ljava/lang/Long;Ljava/lang/Long;Lcn/edu/xmu/javaee/core/model/dto/UserDto;)Lcn/edu/xmu/javaee/core/model/ReturnObject;" line="201"><counter type="INSTRUCTION" missed="18" covered="0"/><counter type="BRANCH" missed="2" covered="0"/><counter type="LINE" missed="4" covered="0"/><counter type="COMPLEXITY" missed="2" covered="0"/><counter type="METHOD" missed="1" covered="0"/></method><method name="lambda$getSubCategories$0" desc="(Lcn/edu/xmu/oomall/product/dao/bo/Category;)Lcn/edu/xmu/oomall/product/controller/vo/CategoryVo;" line="58"><counter type="INSTRUCTION" missed="5" covered="0"/><counter type="LINE" missed="1" covered="0"/><counter type="COMPLEXITY" missed="1" covered="0"/><counter type="METHOD" missed="1" covered="0"/></method><counter type="INSTRUCTION" missed="324" covered="0"/><counter type="BRANCH" missed="22" covered="0"/><counter type="LINE" missed="47" covered="0"/><counter type="COMPLEXITY" missed="21" covered="0"/><counter type="METHOD" missed="10" covered="0"/><counter type="CLASS" missed="1" covered="0"/></class><class name="cn/edu/xmu/oomall/product/controller/ShopDraftProductController" sourcefilename="ShopDraftProductController.java"><method name="createDraft" desc="(Ljava/lang/Long;Lcn/edu/xmu/oomall/product/controller/dto/ProductDraftDto;Lcn/edu/xmu/javaee/core/model/dto/UserDto;)Lcn/edu/xmu/javaee/core/model/ReturnObject;" line="51"><counter type="INSTRUCTION" missed="0" covered="22"/><counter type="LINE" missed="0" covered="3"/><counter type="COMPLEXITY" missed="0" covered="1"/><counter type="METHOD" missed="0" covered="1"/></method><method name="delProducts" desc="(Ljava/lang/Long;Ljava/lang/Long;Lcn/edu/xmu/javaee/core/model/dto/UserDto;)Lcn/edu/xmu/javaee/core/model/ReturnObject;" line="74"><counter type="INSTRUCTION" missed="0" covered="10"/><counter type="LINE" missed="0" covered="2"/><counter type="COMPLEXITY" missed="0" covered="1"/><counter type="METHOD" missed="0" covered="1"/></method><method name="modifyDraft" desc="(Ljava/lang/Long;Ljava/lang/Long;Lcn/edu/xmu/javaee/core/model/dto/UserDto;Lcn/edu/xmu/oomall/product/controller/dto/ProductDraftDto;)Lcn/edu/xmu/javaee/core/model/ReturnObject;" line="91"><counter type="INSTRUCTION" missed="0" covered="19"/><counter type="LINE" missed="0" covered="4"/><counter type="COMPLEXITY" missed="0" covered="1"/><counter type="METHOD" missed="0" covered="1"/></method><method name="getAllProductDraft" desc="(Ljava/lang/Long;Ljava/lang/Integer;Ljava/lang/Integer;)Lcn/edu/xmu/javaee/core/model/ReturnObject;" line="110"><counter type="INSTRUCTION" missed="0" covered="27"/><counter type="LINE" missed="0" covered="3"/><counter type="COMPLEXITY" missed="0" covered="1"/><counter type="METHOD" missed="0" covered="1"/></method><method name="getProductDraft" desc="(Ljava/lang/Long;Ljava/lang/Long;)Lcn/edu/xmu/javaee/core/model/ReturnObject;" line="125"><counter type="INSTRUCTION" missed="0" covered="14"/><counter type="LINE" missed="0" covered="2"/><counter type="COMPLEXITY" missed="0" covered="1"/><counter type="METHOD" missed="0" covered="1"/></method><method name="putProductId" desc="(Ljava/lang/Long;Ljava/lang/Long;Lcn/edu/xmu/javaee/core/model/dto/UserDto;Lcn/edu/xmu/oomall/product/controller/dto/ProductDraftDto;)Lcn/edu/xmu/javaee/core/model/ReturnObject;" line="143"><counter type="INSTRUCTION" missed="22" covered="0"/><counter type="LINE" missed="3" covered="0"/><counter type="COMPLEXITY" missed="1" covered="0"/><counter type="METHOD" missed="1" covered="0"/></method><method name="lambda$putProductId$2" desc="(Ljava/lang/Long;Ljava/lang/Long;Lcn/edu/xmu/javaee/core/model/dto/UserDto;Lcn/edu/xmu/oomall/product/dao/bo/ProductDraft;Lorg/springframework/transaction/TransactionStatus;)Lcn/edu/xmu/oomall/product/controller/vo/SimpleProductDraftVo;" line="147"><counter type="INSTRUCTION" missed="14" covered="0"/><counter type="LINE" missed="2" covered="0"/><counter type="COMPLEXITY" missed="1" covered="0"/><counter type="METHOD" missed="1" covered="0"/></method><method name="lambda$getAllProductDraft$1" desc="(Lcn/edu/xmu/oomall/product/dao/bo/ProductDraft;)Lcn/edu/xmu/oomall/product/controller/vo/SimpleProductDraftVo;" line="111"><counter type="INSTRUCTION" missed="0" covered="5"/><counter type="LINE" missed="0" covered="1"/><counter type="COMPLEXITY" missed="0" covered="1"/><counter type="METHOD" missed="0" covered="1"/></method><method name="lambda$createDraft$0" desc="(Ljava/lang/Long;Lcn/edu/xmu/oomall/product/dao/bo/ProductDraft;Lcn/edu/xmu/javaee/core/model/dto/UserDto;Lorg/springframework/transaction/TransactionStatus;)Lcn/edu/xmu/oomall/product/controller/vo/SimpleProductDraftVo;" line="56"><counter type="INSTRUCTION" missed="0" covered="13"/><counter type="LINE" missed="0" covered="2"/><counter type="COMPLEXITY" missed="0" covered="1"/><counter type="METHOD" missed="0" covered="1"/></method><counter type="INSTRUCTION" missed="36" covered="110"/><counter type="LINE" missed="5" covered="16"/><counter type="COMPLEXITY" missed="2" covered="7"/><counter type="METHOD" missed="2" covered="7"/><counter type="CLASS" missed="0" covered="1"/></class><class name="cn/edu/xmu/oomall/product/controller/ShopGrouponController" sourcefilename="ShopGrouponController.java"><method name="findGrouponById" desc="(Ljava/lang/Long;Ljava/lang/Long;)Lcn/edu/xmu/javaee/core/model/ReturnObject;" line="56"><counter type="INSTRUCTION" missed="0" covered="14"/><counter type="LINE" missed="0" covered="2"/><counter type="COMPLEXITY" missed="0" covered="1"/><counter type="METHOD" missed="0" covered="1"/></method><method name="retrieveByShopId" desc="(Ljava/lang/Long;Ljava/lang/Long;Ljava/lang/Integer;Ljava/lang/Integer;Ljava/lang/Integer;)Lcn/edu/xmu/javaee/core/model/ReturnObject;" line="70"><counter type="INSTRUCTION" missed="0" covered="35"/><counter type="LINE" missed="0" covered="6"/><counter type="COMPLEXITY" missed="0" covered="1"/><counter type="METHOD" missed="0" covered="1"/></method><method name="createGrouponAct" desc="(Ljava/lang/Long;Ljava/lang/Long;Lcn/edu/xmu/oomall/product/controller/dto/GrouponActDto;Lcn/edu/xmu/javaee/core/model/dto/UserDto;)Lcn/edu/xmu/javaee/core/model/ReturnObject;" line="102"><counter type="INSTRUCTION" missed="0" covered="55"/><counter type="LINE" missed="0" covered="11"/><counter type="COMPLEXITY" missed="0" covered="1"/><counter type="METHOD" missed="0" covered="1"/></method><method name="createGrouponAct" desc="(Ljava/lang/Long;Ljava/lang/Long;Ljava/lang/Long;Lcn/edu/xmu/oomall/product/controller/dto/OnSaleDto;Lcn/edu/xmu/javaee/core/model/dto/UserDto;)Lcn/edu/xmu/javaee/core/model/ReturnObject;" line="132"><counter type="INSTRUCTION" missed="0" covered="32"/><counter type="LINE" missed="0" covered="5"/><counter type="COMPLEXITY" missed="0" covered="1"/><counter type="METHOD" missed="0" covered="1"/></method><method name="cancelProductGrouponAct" desc="(Ljava/lang/Long;Ljava/lang/Long;Ljava/lang/Long;Lcn/edu/xmu/javaee/core/model/dto/UserDto;)Lcn/edu/xmu/javaee/core/model/ReturnObject;" line="153"><counter type="INSTRUCTION" missed="0" covered="11"/><counter type="LINE" missed="0" covered="2"/><counter type="COMPLEXITY" missed="0" covered="1"/><counter type="METHOD" missed="0" covered="1"/></method><method name="updateGrouponAct" desc="(Ljava/lang/Long;Ljava/lang/Long;Lcn/edu/xmu/oomall/product/controller/dto/GrouponActDto;Lcn/edu/xmu/javaee/core/model/dto/UserDto;)Lcn/edu/xmu/javaee/core/model/ReturnObject;" line="166"><counter type="INSTRUCTION" missed="0" covered="34"/><counter type="LINE" missed="0" covered="8"/><counter type="COMPLEXITY" missed="0" covered="1"/><counter type="METHOD" missed="0" covered="1"/></method><method name="deleteGrouponAct" desc="(Ljava/lang/Long;Ljava/lang/Long;Lcn/edu/xmu/javaee/core/model/dto/UserDto;)Lcn/edu/xmu/javaee/core/model/ReturnObject;" line="185"><counter type="INSTRUCTION" missed="0" covered="10"/><counter type="LINE" missed="0" covered="2"/><counter type="COMPLEXITY" missed="0" covered="1"/><counter type="METHOD" missed="0" covered="1"/></method><method name="lambda$retrieveByShopId$0" desc="(Lcn/edu/xmu/oomall/product/dao/bo/GrouponAct;)Lcn/edu/xmu/oomall/product/controller/vo/SimpleGrouponActVo;" line="75"><counter type="INSTRUCTION" missed="7" covered="33"/><counter type="BRANCH" missed="2" covered="2"/><counter type="LINE" missed="2" covered="7"/><counter type="COMPLEXITY" missed="2" covered="1"/><counter type="METHOD" missed="0" covered="1"/></method><method name="&lt;clinit&gt;" desc="()V" line="41"><counter type="INSTRUCTION" missed="0" covered="4"/><counter type="LINE" missed="0" covered="1"/><counter type="COMPLEXITY" missed="0" covered="1"/><counter type="METHOD" missed="0" covered="1"/></method><counter type="INSTRUCTION" missed="7" covered="228"/><counter type="BRANCH" missed="2" covered="2"/><counter type="LINE" missed="2" covered="44"/><counter type="COMPLEXITY" missed="2" covered="9"/><counter type="METHOD" missed="0" covered="9"/><counter type="CLASS" missed="0" covered="1"/></class><class name="cn/edu/xmu/oomall/product/controller/CouponActController" sourcefilename="CouponActController.java"><method name="cacuCoupon" desc="(Ljava/lang/Long;Ljava/util/List;)Lcn/edu/xmu/javaee/core/model/ReturnObject;" line="52"><counter type="INSTRUCTION" missed="0" covered="16"/><counter type="LINE" missed="0" covered="2"/><counter type="COMPLEXITY" missed="0" covered="1"/><counter type="METHOD" missed="0" covered="1"/></method><method name="findAllOnlineCouponActivities" desc="(Ljava/lang/Long;Ljava/lang/Long;Ljava/time/LocalDateTime;Ljava/time/LocalDateTime;Ljava/lang/Integer;Ljava/lang/Integer;)Lcn/edu/xmu/javaee/core/model/ReturnObject;" line="76"><counter type="INSTRUCTION" missed="0" covered="30"/><counter type="LINE" missed="0" covered="3"/><counter type="COMPLEXITY" missed="0" covered="1"/><counter type="METHOD" missed="0" covered="1"/></method><method name="findCouponActById" desc="(Ljava/lang/Long;)Lcn/edu/xmu/javaee/core/model/ReturnObject;" line="90"><counter type="INSTRUCTION" missed="0" covered="15"/><counter type="LINE" missed="0" covered="2"/><counter type="COMPLEXITY" missed="0" covered="1"/><counter type="METHOD" missed="0" covered="1"/></method><method name="findCouponActProductById" desc="(Ljava/lang/Long;Ljava/lang/Integer;Ljava/lang/Integer;)Lcn/edu/xmu/javaee/core/model/ReturnObject;" line="108"><counter type="INSTRUCTION" missed="0" covered="41"/><counter type="LINE" missed="0" covered="3"/><counter type="COMPLEXITY" missed="0" covered="1"/><counter type="METHOD" missed="0" covered="1"/></method><method name="lambda$findCouponActProductById$2" desc="(Lcn/edu/xmu/oomall/product/dao/bo/Product;)Lcn/edu/xmu/oomall/product/controller/vo/SimpleProductVo;" line="109"><counter type="INSTRUCTION" missed="0" covered="5"/><counter type="LINE" missed="0" covered="1"/><counter type="COMPLEXITY" missed="0" covered="1"/><counter type="METHOD" missed="0" covered="1"/></method><method name="lambda$findAllOnlineCouponActivities$1" desc="(Lcn/edu/xmu/oomall/product/dao/bo/CouponAct;)Lcn/edu/xmu/oomall/product/controller/vo/SimpleCouponActVo;" line="77"><counter type="INSTRUCTION" missed="0" covered="6"/><counter type="LINE" missed="0" covered="1"/><counter type="COMPLEXITY" missed="0" covered="1"/><counter type="METHOD" missed="0" covered="1"/></method><method name="lambda$cacuCoupon$0" desc="(Lcn/edu/xmu/oomall/product/model/strategy/Item;)Lcn/edu/xmu/oomall/product/controller/vo/DiscountVo;" line="53"><counter type="INSTRUCTION" missed="0" covered="6"/><counter type="LINE" missed="0" covered="1"/><counter type="COMPLEXITY" missed="0" covered="1"/><counter type="METHOD" missed="0" covered="1"/></method><method name="&lt;clinit&gt;" desc="()V" line="33"><counter type="INSTRUCTION" missed="0" covered="4"/><counter type="LINE" missed="0" covered="1"/><counter type="COMPLEXITY" missed="0" covered="1"/><counter type="METHOD" missed="0" covered="1"/></method><counter type="INSTRUCTION" missed="0" covered="123"/><counter type="LINE" missed="0" covered="11"/><counter type="COMPLEXITY" missed="0" covered="8"/><counter type="METHOD" missed="0" covered="8"/><counter type="CLASS" missed="0" covered="1"/></class><class name="cn/edu/xmu/oomall/product/controller/ShopCouponActController" sourcefilename="ShopCouponActController.java"><method name="addCouponactivity" desc="(Ljava/lang/Long;Lcn/edu/xmu/oomall/product/controller/dto/CouponActDto;Lcn/edu/xmu/javaee/core/model/dto/UserDto;)Lcn/edu/xmu/javaee/core/model/ReturnObject;" line="54"><counter type="INSTRUCTION" missed="0" covered="36"/><counter type="LINE" missed="0" covered="7"/><counter type="COMPLEXITY" missed="0" covered="1"/><counter type="METHOD" missed="0" covered="1"/></method><method name="getCouponactivity" desc="(Ljava/lang/Long;Ljava/lang/Long;Ljava/lang/Integer;Ljava/lang/Integer;Ljava/lang/Integer;)Lcn/edu/xmu/javaee/core/model/ReturnObject;" line="80"><counter type="INSTRUCTION" missed="0" covered="29"/><counter type="LINE" missed="0" covered="4"/><counter type="COMPLEXITY" missed="0" covered="1"/><counter type="METHOD" missed="0" covered="1"/></method><method name="getCouponActDetailed" desc="(Ljava/lang/Long;Ljava/lang/Long;Lcn/edu/xmu/javaee/core/model/dto/UserDto;)Lcn/edu/xmu/javaee/core/model/ReturnObject;" line="98"><counter type="INSTRUCTION" missed="0" covered="15"/><counter type="LINE" missed="0" covered="2"/><counter type="COMPLEXITY" missed="0" covered="1"/><counter type="METHOD" missed="0" covered="1"/></method><method name="putCouponActProduct" desc="(Ljava/lang/Long;Ljava/lang/Long;Lcn/edu/xmu/oomall/product/controller/dto/CouponActDto;Lcn/edu/xmu/javaee/core/model/dto/UserDto;)Lcn/edu/xmu/javaee/core/model/ReturnObject;" line="116"><counter type="INSTRUCTION" missed="0" covered="21"/><counter type="LINE" missed="0" covered="4"/><counter type="COMPLEXITY" missed="0" covered="1"/><counter type="METHOD" missed="0" covered="1"/></method><method name="delCouponAct" desc="(Ljava/lang/Long;Ljava/lang/Long;Lcn/edu/xmu/javaee/core/model/dto/UserDto;)Lcn/edu/xmu/javaee/core/model/ReturnObject;" line="135"><counter type="INSTRUCTION" missed="0" covered="9"/><counter type="LINE" missed="0" covered="2"/><counter type="COMPLEXITY" missed="0" covered="1"/><counter type="METHOD" missed="0" covered="1"/></method><method name="publishCouponAct" desc="(Ljava/lang/Long;Ljava/lang/Long;Lcn/edu/xmu/javaee/core/model/dto/UserDto;)Lcn/edu/xmu/javaee/core/model/ReturnObject;" line="149"><counter type="INSTRUCTION" missed="0" covered="18"/><counter type="BRANCH" missed="0" covered="2"/><counter type="LINE" missed="0" covered="4"/><counter type="COMPLEXITY" missed="0" covered="2"/><counter type="METHOD" missed="0" covered="1"/></method><method name="addCouponActToOnsale" desc="(Ljava/lang/Long;Ljava/lang/Long;Ljava/lang/Long;Lcn/edu/xmu/javaee/core/model/dto/UserDto;)Lcn/edu/xmu/javaee/core/model/ReturnObject;" line="170"><counter type="INSTRUCTION" missed="0" covered="12"/><counter type="LINE" missed="0" covered="2"/><counter type="COMPLEXITY" missed="0" covered="1"/><counter type="METHOD" missed="0" covered="1"/></method><method name="delCouponActFromOnsale" desc="(Ljava/lang/Long;Ljava/lang/Long;Ljava/lang/Long;Lcn/edu/xmu/javaee/core/model/dto/UserDto;)Lcn/edu/xmu/javaee/core/model/ReturnObject;" line="191"><counter type="INSTRUCTION" missed="0" covered="11"/><counter type="LINE" missed="0" covered="2"/><counter type="COMPLEXITY" missed="0" covered="1"/><counter type="METHOD" missed="0" covered="1"/></method><method name="lambda$getCouponactivity$0" desc="(Lcn/edu/xmu/oomall/product/dao/bo/CouponAct;)Lcn/edu/xmu/oomall/product/controller/vo/SimpleCouponActVo;" line="82"><counter type="INSTRUCTION" missed="0" covered="6"/><counter type="LINE" missed="0" covered="1"/><counter type="COMPLEXITY" missed="0" covered="1"/><counter type="METHOD" missed="0" covered="1"/></method><method name="&lt;clinit&gt;" desc="()V" line="36"><counter type="INSTRUCTION" missed="0" covered="4"/><counter type="LINE" missed="0" covered="1"/><counter type="COMPLEXITY" missed="0" covered="1"/><counter type="METHOD" missed="0" covered="1"/></method><counter type="INSTRUCTION" missed="0" covered="161"/><counter type="BRANCH" missed="0" covered="2"/><counter type="LINE" missed="0" covered="28"/><counter type="COMPLEXITY" missed="0" covered="11"/><counter type="METHOD" missed="0" covered="10"/><counter type="CLASS" missed="0" covered="1"/></class><class name="cn/edu/xmu/oomall/product/controller/UnAuthorizedController" sourcefilename="UnAuthorizedController.java"><method name="findProductById" desc="(Ljava/lang/Long;)Lcn/edu/xmu/javaee/core/model/ReturnObject;" line="55"><counter type="INSTRUCTION" missed="0" covered="14"/><counter type="LINE" missed="0" covered="2"/><counter type="COMPLEXITY" missed="0" covered="1"/><counter type="METHOD" missed="0" covered="1"/></method><method name="getStates" desc="()Lcn/edu/xmu/javaee/core/model/ReturnObject;" line="65"><counter type="INSTRUCTION" missed="0" covered="11"/><counter type="LINE" missed="0" covered="1"/><counter type="COMPLEXITY" missed="0" covered="1"/><counter type="METHOD" missed="0" covered="1"/></method><method name="getProducts" desc="(Ljava/lang/Long;Ljava/lang/String;Ljava/lang/String;Ljava/lang/Integer;Ljava/lang/Integer;)Lcn/edu/xmu/javaee/core/model/ReturnObject;" line="77"><counter type="INSTRUCTION" missed="29" covered="0"/><counter type="LINE" missed="5" covered="0"/><counter type="COMPLEXITY" missed="1" covered="0"/><counter type="METHOD" missed="1" covered="0"/></method><method name="findOnsaleById" desc="(Ljava/lang/Long;)Lcn/edu/xmu/javaee/core/model/ReturnObject;" line="95"><counter type="INSTRUCTION" missed="0" covered="19"/><counter type="LINE" missed="0" covered="4"/><counter type="COMPLEXITY" missed="0" covered="1"/><counter type="METHOD" missed="0" covered="1"/></method><method name="getSubCategories" desc="(Ljava/lang/Long;)Lcn/edu/xmu/javaee/core/model/ReturnObject;" line="109"><counter type="INSTRUCTION" missed="0" covered="15"/><counter type="LINE" missed="0" covered="2"/><counter type="COMPLEXITY" missed="0" covered="1"/><counter type="METHOD" missed="0" covered="1"/></method><method name="getCouponActProduct" desc="(Ljava/lang/Long;Ljava/lang/Integer;Ljava/lang/Integer;)Lcn/edu/xmu/javaee/core/model/ReturnObject;" line="125"><counter type="INSTRUCTION" missed="17" covered="0"/><counter type="LINE" missed="2" covered="0"/><counter type="COMPLEXITY" missed="1" covered="0"/><counter type="METHOD" missed="1" covered="0"/></method><method name="getCategoryProduct" desc="(Ljava/lang/Long;Ljava/lang/Integer;Ljava/lang/Integer;)Lcn/edu/xmu/javaee/core/model/ReturnObject;" line="142"><counter type="INSTRUCTION" missed="0" covered="29"/><counter type="LINE" missed="0" covered="4"/><counter type="COMPLEXITY" missed="0" covered="1"/><counter type="METHOD" missed="0" covered="1"/></method><method name="lambda$getCategoryProduct$4" desc="(Lcn/edu/xmu/oomall/product/dao/bo/Product;)Lcn/edu/xmu/oomall/product/controller/vo/SimpleProductVo;" line="143"><counter type="INSTRUCTION" missed="5" covered="0"/><counter type="LINE" missed="1" covered="0"/><counter type="COMPLEXITY" missed="1" covered="0"/><counter type="METHOD" missed="1" covered="0"/></method><method name="lambda$getCouponActProduct$3" desc="(Lcn/edu/xmu/oomall/product/dao/bo/Product;)Lcn/edu/xmu/oomall/product/controller/vo/SimpleProductVo;" line="126"><counter type="INSTRUCTION" missed="5" covered="0"/><counter type="LINE" missed="1" covered="0"/><counter type="COMPLEXITY" missed="1" covered="0"/><counter type="METHOD" missed="1" covered="0"/></method><method name="lambda$getSubCategories$2" desc="(Lcn/edu/xmu/oomall/product/dao/bo/Category;)Lcn/edu/xmu/javaee/core/model/vo/IdNameTypeVo;" line="110"><counter type="INSTRUCTION" missed="0" covered="9"/><counter type="LINE" missed="0" covered="1"/><counter type="COMPLEXITY" missed="0" covered="1"/><counter type="METHOD" missed="0" covered="1"/></method><method name="lambda$getProducts$1" desc="(Lcn/edu/xmu/oomall/product/dao/bo/Product;)Lcn/edu/xmu/oomall/product/controller/vo/SimpleProductVo;" line="79"><counter type="INSTRUCTION" missed="5" covered="0"/><counter type="LINE" missed="1" covered="0"/><counter type="COMPLEXITY" missed="1" covered="0"/><counter type="METHOD" missed="1" covered="0"/></method><method name="lambda$getStates$0" desc="(Ljava/lang/Byte;)Lcn/edu/xmu/oomall/product/controller/vo/StateVo;" line="65"><counter type="INSTRUCTION" missed="0" covered="10"/><counter type="LINE" missed="0" covered="1"/><counter type="COMPLEXITY" missed="0" covered="1"/><counter type="METHOD" missed="0" covered="1"/></method><method name="&lt;clinit&gt;" desc="()V" line="37"><counter type="INSTRUCTION" missed="0" covered="4"/><counter type="LINE" missed="0" covered="1"/><counter type="COMPLEXITY" missed="0" covered="1"/><counter type="METHOD" missed="0" covered="1"/></method><counter type="INSTRUCTION" missed="61" covered="111"/><counter type="LINE" missed="7" covered="14"/><counter type="COMPLEXITY" missed="5" covered="8"/><counter type="METHOD" missed="5" covered="8"/><counter type="CLASS" missed="0" covered="1"/></class><sourcefile name="ShopCouponActController.java"><line nr="36" mi="0" ci="4" mb="0" cb="0"/><line nr="54" mi="0" ci="4" mb="0" cb="0"/><line nr="55" mi="0" ci="6" mb="0" cb="0"/><line nr="56" mi="0" ci="4" mb="0" cb="0"/><line nr="57" mi="0" ci="3" mb="0" cb="0"/><line nr="58" mi="0" ci="3" mb="0" cb="0"/><line nr="59" mi="0" ci="6" mb="0" cb="0"/><line nr="60" mi="0" ci="10" mb="0" cb="0"/><line nr="80" mi="0" ci="9" mb="0" cb="0"/><line nr="81" mi="0" ci="3" mb="0" cb="0"/><line nr="82" mi="0" ci="11" mb="0" cb="0"/><line nr="83" mi="0" ci="12" mb="0" cb="0"/><line nr="98" mi="0" ci="6" mb="0" cb="0"/><line nr="99" mi="0" ci="9" mb="0" cb="0"/><line nr="116" mi="0" ci="6" mb="0" cb="0"/><line nr="117" mi="0" ci="4" mb="0" cb="0"/><line nr="118" mi="0" ci="7" mb="0" cb="0"/><line nr="119" mi="0" ci="4" mb="0" cb="0"/><line nr="135" mi="0" ci="5" mb="0" cb="0"/><line nr="136" mi="0" ci="4" mb="0" cb="0"/><line nr="149" mi="0" ci="3" mb="0" cb="2"/><line nr="150" mi="0" ci="6" mb="0" cb="0"/><line nr="152" mi="0" ci="5" mb="0" cb="0"/><line nr="153" mi="0" ci="4" mb="0" cb="0"/><line nr="170" mi="0" ci="7" mb="0" cb="0"/><line nr="171" mi="0" ci="5" mb="0" cb="0"/><line nr="191" mi="0" ci="7" mb="0" cb="0"/><line nr="192" mi="0" ci="4" mb="0" cb="0"/><counter type="INSTRUCTION" missed="0" covered="161"/><counter type="BRANCH" missed="0" covered="2"/><counter type="LINE" missed="0" covered="28"/><counter type="COMPLEXITY" missed="0" covered="11"/><counter type="METHOD" missed="0" covered="10"/><counter type="CLASS" missed="0" covered="1"/></sourcefile><sourcefile name="ShopDraftProductController.java"><line nr="51" mi="0" ci="6" mb="0" cb="0"/><line nr="55" mi="0" ci="10" mb="0" cb="0"/><line nr="56" mi="0" ci="7" mb="0" cb="0"/><line nr="57" mi="0" ci="6" mb="0" cb="0"/><line nr="60" mi="0" ci="6" mb="0" cb="0"/><line nr="74" mi="0" ci="6" mb="0" cb="0"/><line nr="75" mi="0" ci="4" mb="0" cb="0"/><line nr="91" mi="0" ci="6" mb="0" cb="0"/><line nr="92" mi="0" ci="3" mb="0" cb="0"/><line nr="93" mi="0" ci="6" mb="0" cb="0"/><line nr="94" mi="0" ci="4" mb="0" cb="0"/><line nr="110" mi="0" ci="7" mb="0" cb="0"/><line nr="111" mi="0" ci="13" mb="0" cb="0"/><line nr="112" mi="0" ci="12" mb="0" cb="0"/><line nr="125" mi="0" ci="6" mb="0" cb="0"/><line nr="126" mi="0" ci="8" mb="0" cb="0"/><line nr="143" mi="6" ci="0" mb="0" cb="0"/><line nr="146" mi="11" ci="0" mb="0" cb="0"/><line nr="147" mi="8" ci="0" mb="0" cb="0"/><line nr="148" mi="6" ci="0" mb="0" cb="0"/><line nr="151" mi="5" ci="0" mb="0" cb="0"/><counter type="INSTRUCTION" missed="36" covered="110"/><counter type="LINE" missed="5" covered="16"/><counter type="COMPLEXITY" missed="2" covered="7"/><counter type="METHOD" missed="2" covered="7"/><counter type="CLASS" missed="0" covered="1"/></sourcefile><sourcefile name="CouponActController.java"><line nr="33" mi="0" ci="4" mb="0" cb="0"/><line nr="52" mi="0" ci="6" mb="0" cb="0"/><line nr="53" mi="0" ci="16" mb="0" cb="0"/><line nr="76" mi="0" ci="10" mb="0" cb="0"/><line nr="77" mi="0" ci="14" mb="0" cb="0"/><line nr="78" mi="0" ci="12" mb="0" cb="0"/><line nr="90" mi="0" ci="6" mb="0" cb="0"/><line nr="91" mi="0" ci="9" mb="0" cb="0"/><line nr="108" mi="0" ci="5" mb="0" cb="0"/><line nr="109" mi="0" ci="13" mb="0" cb="0"/><line nr="110" mi="0" ci="28" mb="0" cb="0"/><counter type="INSTRUCTION" missed="0" covered="123"/><counter type="LINE" missed="0" covered="11"/><counter type="COMPLEXITY" missed="0" covered="8"/><counter type="METHOD" missed="0" covered="8"/><counter type="CLASS" missed="0" covered="1"/></sourcefile><sourcefile name="ShopProductController.java"><line nr="41" mi="0" ci="4" mb="0" cb="0"/><line nr="52" mi="0" ci="6" mb="0" cb="0"/><line nr="53" mi="0" ci="9" mb="0" cb="0"/><line nr="63" mi="0" ci="6" mb="0" cb="2"/><line nr="64" mi="0" ci="5" mb="0" cb="0"/><line nr="67" mi="0" ci="4" mb="0" cb="2"/><line nr="68" mi="0" ci="4" mb="0" cb="0"/><line nr="71" mi="0" ci="6" mb="0" cb="2"/><line nr="72" mi="0" ci="5" mb="0" cb="0"/><line nr="75" mi="0" ci="6" mb="0" cb="2"/><line nr="76" mi="0" ci="5" mb="0" cb="0"/><line nr="79" mi="0" ci="6" mb="0" cb="0"/><line nr="81" mi="0" ci="11" mb="0" cb="0"/><line nr="82" mi="0" ci="8" mb="0" cb="0"/><line nr="83" mi="0" ci="6" mb="0" cb="0"/><line nr="84" mi="0" ci="2" mb="0" cb="0"/><line nr="87" mi="0" ci="6" mb="0" cb="0"/><line nr="99" mi="0" ci="8" mb="0" cb="0"/><line nr="100" mi="0" ci="14" mb="0" cb="0"/><line nr="101" mi="0" ci="12" mb="0" cb="0"/><line nr="112" mi="0" ci="6" mb="0" cb="0"/><line nr="113" mi="0" ci="4" mb="0" cb="0"/><line nr="124" mi="0" ci="6" mb="0" cb="0"/><line nr="125" mi="0" ci="4" mb="0" cb="0"/><line nr="138" mi="0" ci="6" mb="0" cb="0"/><line nr="139" mi="0" ci="8" mb="0" cb="0"/><line nr="155" mi="0" ci="6" mb="0" cb="0"/><line nr="156" mi="0" ci="7" mb="0" cb="0"/><line nr="158" mi="0" ci="4" mb="0" cb="0"/><line nr="174" mi="0" ci="8" mb="0" cb="0"/><line nr="175" mi="9" ci="8" mb="0" cb="0"/><line nr="176" mi="0" ci="9" mb="0" cb="0"/><line nr="177" mi="0" ci="5" mb="0" cb="0"/><line nr="194" mi="0" ci="8" mb="0" cb="0"/><line nr="195" mi="9" ci="8" mb="0" cb="0"/><line nr="196" mi="0" ci="9" mb="0" cb="0"/><line nr="197" mi="0" ci="5" mb="0" cb="0"/><line nr="216" mi="8" ci="0" mb="0" cb="0"/><line nr="217" mi="4" ci="0" mb="0" cb="0"/><line nr="230" mi="0" ci="6" mb="0" cb="0"/><line nr="231" mi="0" ci="4" mb="0" cb="0"/><counter type="INSTRUCTION" missed="30" covered="254"/><counter type="BRANCH" missed="0" covered="8"/><counter type="LINE" missed="2" covered="39"/><counter type="COMPLEXITY" missed="3" covered="17"/><counter type="METHOD" missed="3" covered="13"/><counter type="CLASS" missed="0" covered="1"/></sourcefile><sourcefile name="GrouponController.java"><line nr="37" mi="0" ci="4" mb="0" cb="0"/><line nr="51" mi="0" ci="10" mb="0" cb="0"/><line nr="52" mi="0" ci="4" mb="0" cb="0"/><line nr="54" mi="0" ci="3" mb="0" cb="0"/><line nr="55" mi="0" ci="3" mb="1" cb="1"/><line nr="56" mi="3" ci="0" mb="0" cb="0"/><line nr="57" mi="5" ci="0" mb="0" cb="0"/><line nr="60" mi="0" ci="9" mb="0" cb="0"/><line nr="62" mi="0" ci="4" mb="0" cb="0"/><line nr="63" mi="0" ci="2" mb="0" cb="0"/><line nr="64" mi="0" ci="4" mb="0" cb="0"/><line nr="65" mi="0" ci="12" mb="0" cb="0"/><line nr="72" mi="0" ci="6" mb="0" cb="0"/><line nr="73" mi="0" ci="9" mb="0" cb="0"/><line nr="82" mi="0" ci="5" mb="0" cb="0"/><line nr="83" mi="0" ci="13" mb="0" cb="0"/><line nr="84" mi="0" ci="28" mb="0" cb="0"/><counter type="INSTRUCTION" missed="8" covered="116"/><counter type="BRANCH" missed="1" covered="1"/><counter type="LINE" missed="2" covered="15"/><counter type="COMPLEXITY" missed="1" covered="6"/><counter type="METHOD" missed="0" covered="6"/><counter type="CLASS" missed="0" covered="1"/></sourcefile><sourcefile name="PlatformController.java"><line nr="55" mi="4" ci="0" mb="2" cb="0"/><line nr="56" mi="6" ci="0" mb="0" cb="0"/><line nr="57" mi="5" ci="0" mb="0" cb="0"/><line nr="58" mi="13" ci="0" mb="0" cb="0"/><line nr="59" mi="5" ci="0" mb="0" cb="0"/><line nr="76" mi="4" ci="0" mb="2" cb="0"/><line nr="77" mi="6" ci="0" mb="0" cb="0"/><line nr="78" mi="6" ci="0" mb="0" cb="0"/><line nr="79" mi="7" ci="0" mb="0" cb="0"/><line nr="80" mi="9" ci="0" mb="0" cb="0"/><line nr="81" mi="6" ci="0" mb="0" cb="0"/><line nr="98" mi="4" ci="0" mb="2" cb="0"/><line nr="99" mi="6" ci="0" mb="0" cb="0"/><line nr="100" mi="6" ci="0" mb="0" cb="0"/><line nr="101" mi="3" ci="0" mb="0" cb="0"/><line nr="102" mi="5" ci="0" mb="0" cb="0"/><line nr="103" mi="4" ci="0" mb="0" cb="0"/><line nr="111" mi="4" ci="0" mb="2" cb="0"/><line nr="112" mi="6" ci="0" mb="0" cb="0"/><line nr="113" mi="5" ci="0" mb="0" cb="0"/><line nr="114" mi="4" ci="0" mb="0" cb="0"/><line nr="128" mi="4" ci="0" mb="2" cb="0"/><line nr="129" mi="22" ci="0" mb="0" cb="0"/><line nr="131" mi="4" ci="0" mb="0" cb="0"/><line nr="132" mi="4" ci="0" mb="0" cb="0"/><line nr="133" mi="7" ci="0" mb="0" cb="0"/><line nr="134" mi="4" ci="0" mb="0" cb="0"/><line nr="147" mi="4" ci="0" mb="2" cb="0"/><line nr="148" mi="22" ci="0" mb="0" cb="0"/><line nr="150" mi="5" ci="0" mb="0" cb="0"/><line nr="151" mi="4" ci="0" mb="0" cb="0"/><line nr="164" mi="4" ci="0" mb="2" cb="0"/><line nr="165" mi="22" ci="0" mb="0" cb="0"/><line nr="167" mi="5" ci="0" mb="0" cb="0"/><line nr="168" mi="4" ci="0" mb="0" cb="0"/><line nr="182" mi="3" ci="0" mb="2" cb="0"/><line nr="184" mi="22" ci="0" mb="0" cb="0"/><line nr="186" mi="9" ci="0" mb="4" cb="0"/><line nr="187" mi="14" ci="0" mb="0" cb="0"/><line nr="189" mi="3" ci="0" mb="0" cb="0"/><line nr="190" mi="8" ci="0" mb="0" cb="0"/><line nr="191" mi="9" ci="0" mb="0" cb="0"/><line nr="192" mi="5" ci="0" mb="0" cb="0"/><line nr="201" mi="3" ci="0" mb="2" cb="0"/><line nr="202" mi="6" ci="0" mb="0" cb="0"/><line nr="204" mi="5" ci="0" mb="0" cb="0"/><line nr="205" mi="4" ci="0" mb="0" cb="0"/><counter type="INSTRUCTION" missed="324" covered="0"/><counter type="BRANCH" missed="22" covered="0"/><counter type="LINE" missed="47" covered="0"/><counter type="COMPLEXITY" missed="21" covered="0"/><counter type="METHOD" missed="10" covered="0"/><counter type="CLASS" missed="1" covered="0"/></sourcefile><sourcefile name="UnAuthorizedController.java"><line nr="37" mi="0" ci="4" mb="0" cb="0"/><line nr="55" mi="0" ci="6" mb="0" cb="0"/><line nr="56" mi="0" ci="8" mb="0" cb="0"/><line nr="65" mi="0" ci="21" mb="0" cb="0"/><line nr="77" mi="9" ci="0" mb="0" cb="0"/><line nr="78" mi="3" ci="0" mb="0" cb="0"/><line nr="79" mi="6" ci="0" mb="0" cb="0"/><line nr="80" mi="4" ci="0" mb="0" cb="0"/><line nr="81" mi="12" ci="0" mb="0" cb="0"/><line nr="95" mi="0" ci="5" mb="0" cb="0"/><line nr="96" mi="0" ci="5" mb="0" cb="0"/><line nr="97" mi="0" ci="4" mb="0" cb="0"/><line nr="98" mi="0" ci="5" mb="0" cb="0"/><line nr="109" mi="0" ci="5" mb="0" cb="0"/><line nr="110" mi="0" ci="19" mb="0" cb="0"/><line nr="125" mi="7" ci="0" mb="0" cb="0"/><line nr="126" mi="15" ci="0" mb="0" cb="0"/><line nr="142" mi="0" ci="7" mb="0" cb="0"/><line nr="143" mi="5" ci="8" mb="0" cb="0"/><line nr="144" mi="0" ci="9" mb="0" cb="0"/><line nr="145" mi="0" ci="5" mb="0" cb="0"/><counter type="INSTRUCTION" missed="61" covered="111"/><counter type="LINE" missed="7" covered="14"/><counter type="COMPLEXITY" missed="5" covered="8"/><counter type="METHOD" missed="5" covered="8"/><counter type="CLASS" missed="0" covered="1"/></sourcefile><sourcefile name="ShopGrouponController.java"><line nr="41" mi="0" ci="4" mb="0" cb="0"/><line nr="56" mi="0" ci="6" mb="0" cb="0"/><line nr="57" mi="0" ci="8" mb="0" cb="0"/><line nr="70" mi="0" ci="9" mb="0" cb="0"/><line nr="71" mi="0" ci="6" mb="0" cb="0"/><line nr="73" mi="0" ci="3" mb="0" cb="0"/><line nr="74" mi="0" ci="1" mb="0" cb="0"/><line nr="75" mi="0" ci="3" mb="0" cb="0"/><line nr="76" mi="0" ci="9" mb="2" cb="2"/><line nr="78" mi="0" ci="5" mb="0" cb="0"/><line nr="79" mi="0" ci="6" mb="0" cb="0"/><line nr="80" mi="0" ci="4" mb="0" cb="0"/><line nr="81" mi="0" ci="4" mb="0" cb="0"/><line nr="82" mi="0" ci="2" mb="0" cb="0"/><line nr="84" mi="5" ci="0" mb="0" cb="0"/><line nr="85" mi="2" ci="0" mb="0" cb="0"/><line nr="87" mi="0" ci="4" mb="0" cb="0"/><line nr="88" mi="0" ci="12" mb="0" cb="0"/><line nr="102" mi="0" ci="6" mb="0" cb="0"/><line nr="103" mi="0" ci="3" mb="0" cb="0"/><line nr="104" mi="0" ci="3" mb="0" cb="0"/><line nr="105" mi="0" ci="4" mb="0" cb="0"/><line nr="106" mi="0" ci="6" mb="0" cb="0"/><line nr="107" mi="0" ci="3" mb="0" cb="0"/><line nr="108" mi="0" ci="3" mb="0" cb="0"/><line nr="109" mi="0" ci="3" mb="0" cb="0"/><line nr="110" mi="0" ci="4" mb="0" cb="0"/><line nr="111" mi="0" ci="7" mb="0" cb="0"/><line nr="112" mi="0" ci="13" mb="0" cb="0"/><line nr="132" mi="0" ci="6" mb="0" cb="0"/><line nr="133" mi="0" ci="3" mb="0" cb="0"/><line nr="134" mi="0" ci="3" mb="0" cb="0"/><line nr="135" mi="0" ci="7" mb="0" cb="0"/><line nr="136" mi="0" ci="13" mb="0" cb="0"/><line nr="153" mi="0" ci="7" mb="0" cb="0"/><line nr="154" mi="0" ci="4" mb="0" cb="0"/><line nr="166" mi="0" ci="6" mb="0" cb="0"/><line nr="167" mi="0" ci="3" mb="0" cb="0"/><line nr="168" mi="0" ci="3" mb="0" cb="0"/><line nr="169" mi="0" ci="6" mb="0" cb="0"/><line nr="170" mi="0" ci="3" mb="0" cb="0"/><line nr="171" mi="0" ci="3" mb="0" cb="0"/><line nr="172" mi="0" ci="6" mb="0" cb="0"/><line nr="173" mi="0" ci="4" mb="0" cb="0"/><line nr="185" mi="0" ci="6" mb="0" cb="0"/><line nr="186" mi="0" ci="4" mb="0" cb="0"/><counter type="INSTRUCTION" missed="7" covered="228"/><counter type="BRANCH" missed="2" covered="2"/><counter type="LINE" missed="2" covered="44"/><counter type="COMPLEXITY" missed="2" covered="9"/><counter type="METHOD" missed="0" covered="9"/><counter type="CLASS" missed="0" covered="1"/></sourcefile><counter type="INSTRUCTION" missed="466" covered="1103"/><counter type="BRANCH" missed="25" covered="13"/><counter type="LINE" missed="65" covered="167"/><counter type="COMPLEXITY" missed="34" covered="66"/><counter type="METHOD" missed="20" covered="61"/><counter type="CLASS" missed="1" covered="7"/></package><package name="cn/edu/xmu/oomall/product/controller/dto"><class name="cn/edu/xmu/oomall/product/controller/dto/ProductDto" sourcefilename="ProductDto.java"><method name="getSkuSn" desc="()Ljava/lang/String;" line="34"><counter type="INSTRUCTION" missed="0" covered="3"/><counter type="LINE" missed="0" covered="1"/><counter type="COMPLEXITY" missed="0" covered="1"/><counter type="METHOD" missed="0" covered="1"/></method><method name="setSkuSn" desc="(Ljava/lang/String;)V" line="38"><counter type="INSTRUCTION" missed="0" covered="4"/><counter type="LINE" missed="0" covered="2"/><counter type="COMPLEXITY" missed="0" covered="1"/><counter type="METHOD" missed="0" covered="1"/></method><method name="getWeight" desc="()Ljava/lang/Long;" line="42"><counter type="INSTRUCTION" missed="0" covered="3"/><counter type="LINE" missed="0" covered="1"/><counter type="COMPLEXITY" missed="0" covered="1"/><counter type="METHOD" missed="0" covered="1"/></method><method name="setWeight" desc="(Ljava/lang/Long;)V" line="46"><counter type="INSTRUCTION" missed="0" covered="4"/><counter type="LINE" missed="0" covered="2"/><counter type="COMPLEXITY" missed="0" covered="1"/><counter type="METHOD" missed="0" covered="1"/></method><method name="getBarcode" desc="()Ljava/lang/String;" line="50"><counter type="INSTRUCTION" missed="0" covered="3"/><counter type="LINE" missed="0" covered="1"/><counter type="COMPLEXITY" missed="0" covered="1"/><counter type="METHOD" missed="0" covered="1"/></method><method name="setBarcode" desc="(Ljava/lang/String;)V" line="54"><counter type="INSTRUCTION" missed="4" covered="0"/><counter type="LINE" missed="2" covered="0"/><counter type="COMPLEXITY" missed="1" covered="0"/><counter type="METHOD" missed="1" covered="0"/></method><method name="getFreeThreshold" desc="()Ljava/lang/Long;" line="58"><counter type="INSTRUCTION" missed="0" covered="3"/><counter type="LINE" missed="0" covered="1"/><counter type="COMPLEXITY" missed="0" covered="1"/><counter type="METHOD" missed="0" covered="1"/></method><method name="setFreeThreshold" desc="(Ljava/lang/Long;)V" line="62"><counter type="INSTRUCTION" missed="0" covered="4"/><counter type="LINE" missed="0" covered="2"/><counter type="COMPLEXITY" missed="0" covered="1"/><counter type="METHOD" missed="0" covered="1"/></method><method name="getCommissionRatio" desc="()Ljava/lang/Long;" line="66"><counter type="INSTRUCTION" missed="3" covered="0"/><counter type="LINE" missed="1" covered="0"/><counter type="COMPLEXITY" missed="1" covered="0"/><counter type="METHOD" missed="1" covered="0"/></method><method name="setCommissionRatio" desc="(Ljava/lang/Long;)V" line="70"><counter type="INSTRUCTION" missed="4" covered="0"/><counter type="LINE" missed="2" covered="0"/><counter type="COMPLEXITY" missed="1" covered="0"/><counter type="METHOD" missed="1" covered="0"/></method><method name="getTemplateId" desc="()Ljava/lang/Long;" line="74"><counter type="INSTRUCTION" missed="0" covered="3"/><counter type="LINE" missed="0" covered="1"/><counter type="COMPLEXITY" missed="0" covered="1"/><counter type="METHOD" missed="0" covered="1"/></method><method name="setTemplateId" desc="(Ljava/lang/Long;)V" line="78"><counter type="INSTRUCTION" missed="0" covered="4"/><counter type="LINE" missed="0" covered="2"/><counter type="COMPLEXITY" missed="0" covered="1"/><counter type="METHOD" missed="0" covered="1"/></method><method name="getShopLogisticsId" desc="()Ljava/lang/Long;" line="82"><counter type="INSTRUCTION" missed="3" covered="0"/><counter type="LINE" missed="1" covered="0"/><counter type="COMPLEXITY" missed="1" covered="0"/><counter type="METHOD" missed="1" covered="0"/></method><method name="setShopLogisticsId" desc="(Ljava/lang/Long;)V" line="86"><counter type="INSTRUCTION" missed="0" covered="4"/><counter type="LINE" missed="0" covered="2"/><counter type="COMPLEXITY" missed="0" covered="1"/><counter type="METHOD" missed="0" covered="1"/></method><counter type="INSTRUCTION" missed="14" covered="35"/><counter type="LINE" missed="6" covered="15"/><counter type="COMPLEXITY" missed="4" covered="10"/><counter type="METHOD" missed="4" covered="10"/><counter type="CLASS" missed="0" covered="1"/></class><class name="cn/edu/xmu/oomall/product/controller/dto/CategoryDto" sourcefilename="CategoryDto.java"><method name="getName" desc="()Ljava/lang/String;" line="24"><counter type="INSTRUCTION" missed="3" covered="0"/><counter type="LINE" missed="1" covered="0"/><counter type="COMPLEXITY" missed="1" covered="0"/><counter type="METHOD" missed="1" covered="0"/></method><method name="setName" desc="(Ljava/lang/String;)V" line="28"><counter type="INSTRUCTION" missed="4" covered="0"/><counter type="LINE" missed="2" covered="0"/><counter type="COMPLEXITY" missed="1" covered="0"/><counter type="METHOD" missed="1" covered="0"/></method><method name="getCommissionRatio" desc="()Ljava/lang/Integer;" line="32"><counter type="INSTRUCTION" missed="3" covered="0"/><counter type="LINE" missed="1" covered="0"/><counter type="COMPLEXITY" missed="1" covered="0"/><counter type="METHOD" missed="1" covered="0"/></method><method name="setCommissionRatio" desc="(Ljava/lang/Integer;)V" line="36"><counter type="INSTRUCTION" missed="4" covered="0"/><counter type="LINE" missed="2" covered="0"/><counter type="COMPLEXITY" missed="1" covered="0"/><counter type="METHOD" missed="1" covered="0"/></method><counter type="INSTRUCTION" missed="14" covered="0"/><counter type="LINE" missed="6" covered="0"/><counter type="COMPLEXITY" missed="4" covered="0"/><counter type="METHOD" missed="4" covered="0"/><counter type="CLASS" missed="1" covered="0"/></class><class name="cn/edu/xmu/oomall/product/controller/dto/CommissionRatioDto" sourcefilename="CommissionRatioDto.java"><method name="&lt;init&gt;" desc="()V" line="4"><counter type="INSTRUCTION" missed="3" covered="0"/><counter type="LINE" missed="1" covered="0"/><counter type="COMPLEXITY" missed="1" covered="0"/><counter type="METHOD" missed="1" covered="0"/></method><method name="getCommissionRatio" desc="()Ljava/lang/Integer;" line="8"><counter type="INSTRUCTION" missed="3" covered="0"/><counter type="LINE" missed="1" covered="0"/><counter type="COMPLEXITY" missed="1" covered="0"/><counter type="METHOD" missed="1" covered="0"/></method><method name="setCommissionRatio" desc="(Ljava/lang/Integer;)V" line="12"><counter type="INSTRUCTION" missed="4" covered="0"/><counter type="LINE" missed="2" covered="0"/><counter type="COMPLEXITY" missed="1" covered="0"/><counter type="METHOD" missed="1" covered="0"/></method><counter type="INSTRUCTION" missed="10" covered="0"/><counter type="LINE" missed="4" covered="0"/><counter type="COMPLEXITY" missed="3" covered="0"/><counter type="METHOD" missed="3" covered="0"/><counter type="CLASS" missed="1" covered="0"/></class><class name="cn/edu/xmu/oomall/product/controller/dto/RelateProductDto$RelateProductDtoBuilder" sourcefilename="RelateProductDto.java"/><class name="cn/edu/xmu/oomall/product/controller/dto/ThresholdDto" sourcefilename="ThresholdDto.java"/><class name="cn/edu/xmu/oomall/product/controller/dto/GrouponActDto" sourcefilename="GrouponActDto.java"><method name="getName" desc="()Ljava/lang/String;" line="45"><counter type="INSTRUCTION" missed="0" covered="3"/><counter type="LINE" missed="0" covered="1"/><counter type="COMPLEXITY" missed="0" covered="1"/><counter type="METHOD" missed="0" covered="1"/></method><method name="setName" desc="(Ljava/lang/String;)V" line="49"><counter type="INSTRUCTION" missed="0" covered="4"/><counter type="LINE" missed="0" covered="2"/><counter type="COMPLEXITY" missed="0" covered="1"/><counter type="METHOD" missed="0" covered="1"/></method><method name="getThresholds" desc="()Ljava/util/List;" line="53"><counter type="INSTRUCTION" missed="0" covered="3"/><counter type="LINE" missed="0" covered="1"/><counter type="COMPLEXITY" missed="0" covered="1"/><counter type="METHOD" missed="0" covered="1"/></method><method name="setThresholds" desc="(Ljava/util/List;)V" line="57"><counter type="INSTRUCTION" missed="0" covered="4"/><counter type="LINE" missed="0" covered="2"/><counter type="COMPLEXITY" missed="0" covered="1"/><counter type="METHOD" missed="0" covered="1"/></method><method name="getPrice" desc="()Ljava/lang/Long;" line="61"><counter type="INSTRUCTION" missed="0" covered="3"/><counter type="LINE" missed="0" covered="1"/><counter type="COMPLEXITY" missed="0" covered="1"/><counter type="METHOD" missed="0" covered="1"/></method><method name="setPrice" desc="(Ljava/lang/Long;)V" line="65"><counter type="INSTRUCTION" missed="0" covered="4"/><counter type="LINE" missed="0" covered="2"/><counter type="COMPLEXITY" missed="0" covered="1"/><counter type="METHOD" missed="0" covered="1"/></method><method name="getQuantity" desc="()Ljava/lang/Integer;" line="69"><counter type="INSTRUCTION" missed="0" covered="3"/><counter type="LINE" missed="0" covered="1"/><counter type="COMPLEXITY" missed="0" covered="1"/><counter type="METHOD" missed="0" covered="1"/></method><method name="setQuantity" desc="(Ljava/lang/Integer;)V" line="73"><counter type="INSTRUCTION" missed="0" covered="4"/><counter type="LINE" missed="0" covered="2"/><counter type="COMPLEXITY" missed="0" covered="1"/><counter type="METHOD" missed="0" covered="1"/></method><method name="getMaxQuantity" desc="()Ljava/lang/Integer;" line="77"><counter type="INSTRUCTION" missed="0" covered="3"/><counter type="LINE" missed="0" covered="1"/><counter type="COMPLEXITY" missed="0" covered="1"/><counter type="METHOD" missed="0" covered="1"/></method><method name="setMaxQuantity" desc="(Ljava/lang/Integer;)V" line="81"><counter type="INSTRUCTION" missed="4" covered="0"/><counter type="LINE" missed="2" covered="0"/><counter type="COMPLEXITY" missed="1" covered="0"/><counter type="METHOD" missed="1" covered="0"/></method><method name="getBeginTime" desc="()Ljava/time/LocalDateTime;" line="85"><counter type="INSTRUCTION" missed="0" covered="3"/><counter type="LINE" missed="0" covered="1"/><counter type="COMPLEXITY" missed="0" covered="1"/><counter type="METHOD" missed="0" covered="1"/></method><method name="setBeginTime" desc="(Ljava/time/LocalDateTime;)V" line="89"><counter type="INSTRUCTION" missed="0" covered="4"/><counter type="LINE" missed="0" covered="2"/><counter type="COMPLEXITY" missed="0" covered="1"/><counter type="METHOD" missed="0" covered="1"/></method><method name="getEndTime" desc="()Ljava/time/LocalDateTime;" line="93"><counter type="INSTRUCTION" missed="0" covered="3"/><counter type="LINE" missed="0" covered="1"/><counter type="COMPLEXITY" missed="0" covered="1"/><counter type="METHOD" missed="0" covered="1"/></method><method name="setEndTime" desc="(Ljava/time/LocalDateTime;)V" line="97"><counter type="INSTRUCTION" missed="0" covered="4"/><counter type="LINE" missed="0" covered="2"/><counter type="COMPLEXITY" missed="0" covered="1"/><counter type="METHOD" missed="0" covered="1"/></method><counter type="INSTRUCTION" missed="4" covered="45"/><counter type="LINE" missed="2" covered="19"/><counter type="COMPLEXITY" missed="1" covered="13"/><counter type="METHOD" missed="1" covered="13"/><counter type="CLASS" missed="0" covered="1"/></class><class name="cn/edu/xmu/oomall/product/controller/dto/OrderInfoDto" sourcefilename="OrderInfoDto.java"/><class name="cn/edu/xmu/oomall/product/controller/dto/ProductDraftDto" sourcefilename="ProductDraftDto.java"><method name="getName" desc="()Ljava/lang/String;" line="33"><counter type="INSTRUCTION" missed="0" covered="3"/><counter type="LINE" missed="0" covered="1"/><counter type="COMPLEXITY" missed="0" covered="1"/><counter type="METHOD" missed="0" covered="1"/></method><method name="setName" desc="(Ljava/lang/String;)V" line="37"><counter type="INSTRUCTION" missed="0" covered="4"/><counter type="LINE" missed="0" covered="2"/><counter type="COMPLEXITY" missed="0" covered="1"/><counter type="METHOD" missed="0" covered="1"/></method><method name="getOriginalPrice" desc="()Ljava/lang/Long;" line="41"><counter type="INSTRUCTION" missed="0" covered="3"/><counter type="LINE" missed="0" covered="1"/><counter type="COMPLEXITY" missed="0" covered="1"/><counter type="METHOD" missed="0" covered="1"/></method><method name="setOriginalPrice" desc="(Ljava/lang/Long;)V" line="45"><counter type="INSTRUCTION" missed="0" covered="4"/><counter type="LINE" missed="0" covered="2"/><counter type="COMPLEXITY" missed="0" covered="1"/><counter type="METHOD" missed="0" covered="1"/></method><method name="getCategoryId" desc="()Ljava/lang/Long;" line="49"><counter type="INSTRUCTION" missed="0" covered="3"/><counter type="LINE" missed="0" covered="1"/><counter type="COMPLEXITY" missed="0" covered="1"/><counter type="METHOD" missed="0" covered="1"/></method><method name="setCategoryId" desc="(Ljava/lang/Long;)V" line="53"><counter type="INSTRUCTION" missed="0" covered="4"/><counter type="LINE" missed="0" covered="2"/><counter type="COMPLEXITY" missed="0" covered="1"/><counter type="METHOD" missed="0" covered="1"/></method><method name="getUnit" desc="()Ljava/lang/String;" line="57"><counter type="INSTRUCTION" missed="0" covered="3"/><counter type="LINE" missed="0" covered="1"/><counter type="COMPLEXITY" missed="0" covered="1"/><counter type="METHOD" missed="0" covered="1"/></method><method name="setUnit" desc="(Ljava/lang/String;)V" line="61"><counter type="INSTRUCTION" missed="0" covered="4"/><counter type="LINE" missed="0" covered="2"/><counter type="COMPLEXITY" missed="0" covered="1"/><counter type="METHOD" missed="0" covered="1"/></method><method name="getOriginPlace" desc="()Ljava/lang/String;" line="65"><counter type="INSTRUCTION" missed="0" covered="3"/><counter type="LINE" missed="0" covered="1"/><counter type="COMPLEXITY" missed="0" covered="1"/><counter type="METHOD" missed="0" covered="1"/></method><method name="setOriginPlace" desc="(Ljava/lang/String;)V" line="69"><counter type="INSTRUCTION" missed="0" covered="4"/><counter type="LINE" missed="0" covered="2"/><counter type="COMPLEXITY" missed="0" covered="1"/><counter type="METHOD" missed="0" covered="1"/></method><counter type="INSTRUCTION" missed="0" covered="35"/><counter type="LINE" missed="0" covered="15"/><counter type="COMPLEXITY" missed="0" covered="10"/><counter type="METHOD" missed="0" covered="10"/><counter type="CLASS" missed="0" covered="1"/></class><class name="cn/edu/xmu/oomall/product/controller/dto/CouponActDto" sourcefilename="CouponActDto.java"><method name="getName" desc="()Ljava/lang/String;" line="51"><counter type="INSTRUCTION" missed="0" covered="3"/><counter type="LINE" missed="0" covered="1"/><counter type="COMPLEXITY" missed="0" covered="1"/><counter type="METHOD" missed="0" covered="1"/></method><method name="setName" desc="(Ljava/lang/String;)V" line="55"><counter type="INSTRUCTION" missed="0" covered="4"/><counter type="LINE" missed="0" covered="2"/><counter type="COMPLEXITY" missed="0" covered="1"/><counter type="METHOD" missed="0" covered="1"/></method><method name="getQuantity" desc="()Ljava/lang/Integer;" line="59"><counter type="INSTRUCTION" missed="0" covered="3"/><counter type="LINE" missed="0" covered="1"/><counter type="COMPLEXITY" missed="0" covered="1"/><counter type="METHOD" missed="0" covered="1"/></method><method name="setQuantity" desc="(Ljava/lang/Integer;)V" line="63"><counter type="INSTRUCTION" missed="0" covered="4"/><counter type="LINE" missed="0" covered="2"/><counter type="COMPLEXITY" missed="0" covered="1"/><counter type="METHOD" missed="0" covered="1"/></method><method name="getQuantityType" desc="()Ljava/lang/Integer;" line="67"><counter type="INSTRUCTION" missed="0" covered="3"/><counter type="LINE" missed="0" covered="1"/><counter type="COMPLEXITY" missed="0" covered="1"/><counter type="METHOD" missed="0" covered="1"/></method><method name="setQuantityType" desc="(Ljava/lang/Integer;)V" line="71"><counter type="INSTRUCTION" missed="0" covered="4"/><counter type="LINE" missed="0" covered="2"/><counter type="COMPLEXITY" missed="0" covered="1"/><counter type="METHOD" missed="0" covered="1"/></method><method name="getValidTerm" desc="()Ljava/lang/Integer;" line="75"><counter type="INSTRUCTION" missed="0" covered="3"/><counter type="LINE" missed="0" covered="1"/><counter type="COMPLEXITY" missed="0" covered="1"/><counter type="METHOD" missed="0" covered="1"/></method><method name="setValidTerm" desc="(Ljava/lang/Integer;)V" line="79"><counter type="INSTRUCTION" missed="0" covered="4"/><counter type="LINE" missed="0" covered="2"/><counter type="COMPLEXITY" missed="0" covered="1"/><counter type="METHOD" missed="0" covered="1"/></method><method name="getCouponTime" desc="()Ljava/time/LocalDateTime;" line="83"><counter type="INSTRUCTION" missed="0" covered="3"/><counter type="LINE" missed="0" covered="1"/><counter type="COMPLEXITY" missed="0" covered="1"/><counter type="METHOD" missed="0" covered="1"/></method><method name="setCouponTime" desc="(Ljava/time/LocalDateTime;)V" line="87"><counter type="INSTRUCTION" missed="0" covered="4"/><counter type="LINE" missed="0" covered="2"/><counter type="COMPLEXITY" missed="0" covered="1"/><counter type="METHOD" missed="0" covered="1"/></method><method name="getStrategy" desc="()Lcn/edu/xmu/oomall/product/model/strategy/BaseCouponDiscount;" line="91"><counter type="INSTRUCTION" missed="0" covered="3"/><counter type="LINE" missed="0" covered="1"/><counter type="COMPLEXITY" missed="0" covered="1"/><counter type="METHOD" missed="0" covered="1"/></method><method name="setStrategy" desc="(Lcom/fasterxml/jackson/databind/JsonNode;)V" line="95"><counter type="INSTRUCTION" missed="0" covered="9"/><counter type="LINE" missed="0" covered="2"/><counter type="COMPLEXITY" missed="0" covered="1"/><counter type="METHOD" missed="0" covered="1"/></method><counter type="INSTRUCTION" missed="0" covered="47"/><counter type="LINE" missed="0" covered="18"/><counter type="COMPLEXITY" missed="0" covered="12"/><counter type="METHOD" missed="0" covered="12"/><counter type="CLASS" missed="0" covered="1"/></class><class name="cn/edu/xmu/oomall/product/controller/dto/RelateProductDto" sourcefilename="RelateProductDto.java"/><class name="cn/edu/xmu/oomall/product/controller/dto/OnSaleDto" sourcefilename="OnSaleDto.java"><method name="getPrice" desc="()Ljava/lang/Long;" line="44"><counter type="INSTRUCTION" missed="0" covered="3"/><counter type="LINE" missed="0" covered="1"/><counter type="COMPLEXITY" missed="0" covered="1"/><counter type="METHOD" missed="0" covered="1"/></method><method name="setPrice" desc="(Ljava/lang/Long;)V" line="48"><counter type="INSTRUCTION" missed="0" covered="4"/><counter type="LINE" missed="0" covered="2"/><counter type="COMPLEXITY" missed="0" covered="1"/><counter type="METHOD" missed="0" covered="1"/></method><method name="getDeposit" desc="()Ljava/lang/Long;" line="52"><counter type="INSTRUCTION" missed="0" covered="3"/><counter type="LINE" missed="0" covered="1"/><counter type="COMPLEXITY" missed="0" covered="1"/><counter type="METHOD" missed="0" covered="1"/></method><method name="setDeposit" desc="(Ljava/lang/Long;)V" line="56"><counter type="INSTRUCTION" missed="0" covered="4"/><counter type="LINE" missed="0" covered="2"/><counter type="COMPLEXITY" missed="0" covered="1"/><counter type="METHOD" missed="0" covered="1"/></method><method name="getQuantity" desc="()Ljava/lang/Integer;" line="60"><counter type="INSTRUCTION" missed="0" covered="3"/><counter type="LINE" missed="0" covered="1"/><counter type="COMPLEXITY" missed="0" covered="1"/><counter type="METHOD" missed="0" covered="1"/></method><method name="setQuantity" desc="(Ljava/lang/Integer;)V" line="64"><counter type="INSTRUCTION" missed="0" covered="4"/><counter type="LINE" missed="0" covered="2"/><counter type="COMPLEXITY" missed="0" covered="1"/><counter type="METHOD" missed="0" covered="1"/></method><method name="getMaxQuantity" desc="()Ljava/lang/Integer;" line="68"><counter type="INSTRUCTION" missed="0" covered="3"/><counter type="LINE" missed="0" covered="1"/><counter type="COMPLEXITY" missed="0" covered="1"/><counter type="METHOD" missed="0" covered="1"/></method><method name="setMaxQuantity" desc="(Ljava/lang/Integer;)V" line="72"><counter type="INSTRUCTION" missed="0" covered="4"/><counter type="LINE" missed="0" covered="2"/><counter type="COMPLEXITY" missed="0" covered="1"/><counter type="METHOD" missed="0" covered="1"/></method><method name="getBeginTime" desc="()Ljava/time/LocalDateTime;" line="76"><counter type="INSTRUCTION" missed="0" covered="3"/><counter type="LINE" missed="0" covered="1"/><counter type="COMPLEXITY" missed="0" covered="1"/><counter type="METHOD" missed="0" covered="1"/></method><method name="setBeginTime" desc="(Ljava/time/LocalDateTime;)V" line="80"><counter type="INSTRUCTION" missed="0" covered="4"/><counter type="LINE" missed="0" covered="2"/><counter type="COMPLEXITY" missed="0" covered="1"/><counter type="METHOD" missed="0" covered="1"/></method><method name="getPayTime" desc="()Ljava/time/LocalDateTime;" line="84"><counter type="INSTRUCTION" missed="0" covered="3"/><counter type="LINE" missed="0" covered="1"/><counter type="COMPLEXITY" missed="0" covered="1"/><counter type="METHOD" missed="0" covered="1"/></method><method name="setPayTime" desc="(Ljava/time/LocalDateTime;)V" line="88"><counter type="INSTRUCTION" missed="0" covered="4"/><counter type="LINE" missed="0" covered="2"/><counter type="COMPLEXITY" missed="0" covered="1"/><counter type="METHOD" missed="0" covered="1"/></method><method name="getEndTime" desc="()Ljava/time/LocalDateTime;" line="92"><counter type="INSTRUCTION" missed="0" covered="3"/><counter type="LINE" missed="0" covered="1"/><counter type="COMPLEXITY" missed="0" covered="1"/><counter type="METHOD" missed="0" covered="1"/></method><method name="setEndTime" desc="(Ljava/time/LocalDateTime;)V" line="96"><counter type="INSTRUCTION" missed="0" covered="4"/><counter type="LINE" missed="0" covered="2"/><counter type="COMPLEXITY" missed="0" covered="1"/><counter type="METHOD" missed="0" covered="1"/></method><method name="getType" desc="()Ljava/lang/Byte;" line="100"><counter type="INSTRUCTION" missed="0" covered="3"/><counter type="LINE" missed="0" covered="1"/><counter type="COMPLEXITY" missed="0" covered="1"/><counter type="METHOD" missed="0" covered="1"/></method><method name="setType" desc="(Ljava/lang/Byte;)V" line="104"><counter type="INSTRUCTION" missed="0" covered="4"/><counter type="LINE" missed="0" covered="2"/><counter type="COMPLEXITY" missed="0" covered="1"/><counter type="METHOD" missed="0" covered="1"/></method><counter type="INSTRUCTION" missed="0" covered="56"/><counter type="LINE" missed="0" covered="24"/><counter type="COMPLEXITY" missed="0" covered="16"/><counter type="METHOD" missed="0" covered="16"/><counter type="CLASS" missed="0" covered="1"/></class><sourcefile name="GrouponActDto.java"><line nr="45" mi="0" ci="3" mb="0" cb="0"/><line nr="49" mi="0" ci="3" mb="0" cb="0"/><line nr="50" mi="0" ci="1" mb="0" cb="0"/><line nr="53" mi="0" ci="3" mb="0" cb="0"/><line nr="57" mi="0" ci="3" mb="0" cb="0"/><line nr="58" mi="0" ci="1" mb="0" cb="0"/><line nr="61" mi="0" ci="3" mb="0" cb="0"/><line nr="65" mi="0" ci="3" mb="0" cb="0"/><line nr="66" mi="0" ci="1" mb="0" cb="0"/><line nr="69" mi="0" ci="3" mb="0" cb="0"/><line nr="73" mi="0" ci="3" mb="0" cb="0"/><line nr="74" mi="0" ci="1" mb="0" cb="0"/><line nr="77" mi="0" ci="3" mb="0" cb="0"/><line nr="81" mi="3" ci="0" mb="0" cb="0"/><line nr="82" mi="1" ci="0" mb="0" cb="0"/><line nr="85" mi="0" ci="3" mb="0" cb="0"/><line nr="89" mi="0" ci="3" mb="0" cb="0"/><line nr="90" mi="0" ci="1" mb="0" cb="0"/><line nr="93" mi="0" ci="3" mb="0" cb="0"/><line nr="97" mi="0" ci="3" mb="0" cb="0"/><line nr="98" mi="0" ci="1" mb="0" cb="0"/><counter type="INSTRUCTION" missed="4" covered="45"/><counter type="LINE" missed="2" covered="19"/><counter type="COMPLEXITY" missed="1" covered="13"/><counter type="METHOD" missed="1" covered="13"/><counter type="CLASS" missed="0" covered="1"/></sourcefile><sourcefile name="ProductDraftDto.java"><line nr="33" mi="0" ci="3" mb="0" cb="0"/><line nr="37" mi="0" ci="3" mb="0" cb="0"/><line nr="38" mi="0" ci="1" mb="0" cb="0"/><line nr="41" mi="0" ci="3" mb="0" cb="0"/><line nr="45" mi="0" ci="3" mb="0" cb="0"/><line nr="46" mi="0" ci="1" mb="0" cb="0"/><line nr="49" mi="0" ci="3" mb="0" cb="0"/><line nr="53" mi="0" ci="3" mb="0" cb="0"/><line nr="54" mi="0" ci="1" mb="0" cb="0"/><line nr="57" mi="0" ci="3" mb="0" cb="0"/><line nr="61" mi="0" ci="3" mb="0" cb="0"/><line nr="62" mi="0" ci="1" mb="0" cb="0"/><line nr="65" mi="0" ci="3" mb="0" cb="0"/><line nr="69" mi="0" ci="3" mb="0" cb="0"/><line nr="70" mi="0" ci="1" mb="0" cb="0"/><counter type="INSTRUCTION" missed="0" covered="35"/><counter type="LINE" missed="0" covered="15"/><counter type="COMPLEXITY" missed="0" covered="10"/><counter type="METHOD" missed="0" covered="10"/><counter type="CLASS" missed="0" covered="1"/></sourcefile><sourcefile name="OrderInfoDto.java"/><sourcefile name="CategoryDto.java"><line nr="24" mi="3" ci="0" mb="0" cb="0"/><line nr="28" mi="3" ci="0" mb="0" cb="0"/><line nr="29" mi="1" ci="0" mb="0" cb="0"/><line nr="32" mi="3" ci="0" mb="0" cb="0"/><line nr="36" mi="3" ci="0" mb="0" cb="0"/><line nr="37" mi="1" ci="0" mb="0" cb="0"/><counter type="INSTRUCTION" missed="14" covered="0"/><counter type="LINE" missed="6" covered="0"/><counter type="COMPLEXITY" missed="4" covered="0"/><counter type="METHOD" missed="4" covered="0"/><counter type="CLASS" missed="1" covered="0"/></sourcefile><sourcefile name="OnSaleDto.java"><line nr="44" mi="0" ci="3" mb="0" cb="0"/><line nr="48" mi="0" ci="3" mb="0" cb="0"/><line nr="49" mi="0" ci="1" mb="0" cb="0"/><line nr="52" mi="0" ci="3" mb="0" cb="0"/><line nr="56" mi="0" ci="3" mb="0" cb="0"/><line nr="57" mi="0" ci="1" mb="0" cb="0"/><line nr="60" mi="0" ci="3" mb="0" cb="0"/><line nr="64" mi="0" ci="3" mb="0" cb="0"/><line nr="65" mi="0" ci="1" mb="0" cb="0"/><line nr="68" mi="0" ci="3" mb="0" cb="0"/><line nr="72" mi="0" ci="3" mb="0" cb="0"/><line nr="73" mi="0" ci="1" mb="0" cb="0"/><line nr="76" mi="0" ci="3" mb="0" cb="0"/><line nr="80" mi="0" ci="3" mb="0" cb="0"/><line nr="81" mi="0" ci="1" mb="0" cb="0"/><line nr="84" mi="0" ci="3" mb="0" cb="0"/><line nr="88" mi="0" ci="3" mb="0" cb="0"/><line nr="89" mi="0" ci="1" mb="0" cb="0"/><line nr="92" mi="0" ci="3" mb="0" cb="0"/><line nr="96" mi="0" ci="3" mb="0" cb="0"/><line nr="97" mi="0" ci="1" mb="0" cb="0"/><line nr="100" mi="0" ci="3" mb="0" cb="0"/><line nr="104" mi="0" ci="3" mb="0" cb="0"/><line nr="105" mi="0" ci="1" mb="0" cb="0"/><counter type="INSTRUCTION" missed="0" covered="56"/><counter type="LINE" missed="0" covered="24"/><counter type="COMPLEXITY" missed="0" covered="16"/><counter type="METHOD" missed="0" covered="16"/><counter type="CLASS" missed="0" covered="1"/></sourcefile><sourcefile name="RelateProductDto.java"/><sourcefile name="ThresholdDto.java"/><sourcefile name="CommissionRatioDto.java"><line nr="4" mi="3" ci="0" mb="0" cb="0"/><line nr="8" mi="3" ci="0" mb="0" cb="0"/><line nr="12" mi="3" ci="0" mb="0" cb="0"/><line nr="13" mi="1" ci="0" mb="0" cb="0"/><counter type="INSTRUCTION" missed="10" covered="0"/><counter type="LINE" missed="4" covered="0"/><counter type="COMPLEXITY" missed="3" covered="0"/><counter type="METHOD" missed="3" covered="0"/><counter type="CLASS" missed="1" covered="0"/></sourcefile><sourcefile name="ProductDto.java"><line nr="34" mi="0" ci="3" mb="0" cb="0"/><line nr="38" mi="0" ci="3" mb="0" cb="0"/><line nr="39" mi="0" ci="1" mb="0" cb="0"/><line nr="42" mi="0" ci="3" mb="0" cb="0"/><line nr="46" mi="0" ci="3" mb="0" cb="0"/><line nr="47" mi="0" ci="1" mb="0" cb="0"/><line nr="50" mi="0" ci="3" mb="0" cb="0"/><line nr="54" mi="3" ci="0" mb="0" cb="0"/><line nr="55" mi="1" ci="0" mb="0" cb="0"/><line nr="58" mi="0" ci="3" mb="0" cb="0"/><line nr="62" mi="0" ci="3" mb="0" cb="0"/><line nr="63" mi="0" ci="1" mb="0" cb="0"/><line nr="66" mi="3" ci="0" mb="0" cb="0"/><line nr="70" mi="3" ci="0" mb="0" cb="0"/><line nr="71" mi="1" ci="0" mb="0" cb="0"/><line nr="74" mi="0" ci="3" mb="0" cb="0"/><line nr="78" mi="0" ci="3" mb="0" cb="0"/><line nr="79" mi="0" ci="1" mb="0" cb="0"/><line nr="82" mi="3" ci="0" mb="0" cb="0"/><line nr="86" mi="0" ci="3" mb="0" cb="0"/><line nr="87" mi="0" ci="1" mb="0" cb="0"/><counter type="INSTRUCTION" missed="14" covered="35"/><counter type="LINE" missed="6" covered="15"/><counter type="COMPLEXITY" missed="4" covered="10"/><counter type="METHOD" missed="4" covered="10"/><counter type="CLASS" missed="0" covered="1"/></sourcefile><sourcefile name="CouponActDto.java"><line nr="51" mi="0" ci="3" mb="0" cb="0"/><line nr="55" mi="0" ci="3" mb="0" cb="0"/><line nr="56" mi="0" ci="1" mb="0" cb="0"/><line nr="59" mi="0" ci="3" mb="0" cb="0"/><line nr="63" mi="0" ci="3" mb="0" cb="0"/><line nr="64" mi="0" ci="1" mb="0" cb="0"/><line nr="67" mi="0" ci="3" mb="0" cb="0"/><line nr="71" mi="0" ci="3" mb="0" cb="0"/><line nr="72" mi="0" ci="1" mb="0" cb="0"/><line nr="75" mi="0" ci="3" mb="0" cb="0"/><line nr="79" mi="0" ci="3" mb="0" cb="0"/><line nr="80" mi="0" ci="1" mb="0" cb="0"/><line nr="83" mi="0" ci="3" mb="0" cb="0"/><line nr="87" mi="0" ci="3" mb="0" cb="0"/><line nr="88" mi="0" ci="1" mb="0" cb="0"/><line nr="91" mi="0" ci="3" mb="0" cb="0"/><line nr="95" mi="0" ci="8" mb="0" cb="0"/><line nr="96" mi="0" ci="1" mb="0" cb="0"/><counter type="INSTRUCTION" missed="0" covered="47"/><counter type="LINE" missed="0" covered="18"/><counter type="COMPLEXITY" missed="0" covered="12"/><counter type="METHOD" missed="0" covered="12"/><counter type="CLASS" missed="0" covered="1"/></sourcefile><counter type="INSTRUCTION" missed="42" covered="218"/><counter type="LINE" missed="18" covered="91"/><counter type="COMPLEXITY" missed="12" covered="61"/><counter type="METHOD" missed="12" covered="61"/><counter type="CLASS" missed="2" covered="5"/></package><package name="cn/edu/xmu/oomall/product/model"><class name="cn/edu/xmu/oomall/product/model/Threshold" sourcefilename="Threshold.java"/><sourcefile name="Threshold.java"/></package><package name="cn/edu/xmu/oomall/product"><class name="cn/edu/xmu/oomall/product/ProductApplication" sourcefilename="ProductApplication.java"><method name="&lt;init&gt;" desc="()V" line="21"><counter type="INSTRUCTION" missed="3" covered="0"/><counter type="LINE" missed="1" covered="0"/><counter type="COMPLEXITY" missed="1" covered="0"/><counter type="METHOD" missed="1" covered="0"/></method><method name="main" desc="([Ljava/lang/String;)V" line="24"><counter type="INSTRUCTION" missed="5" covered="0"/><counter type="LINE" missed="2" covered="0"/><counter type="COMPLEXITY" missed="1" covered="0"/><counter type="METHOD" missed="1" covered="0"/></method><counter type="INSTRUCTION" missed="8" covered="0"/><counter type="LINE" missed="3" covered="0"/><counter type="COMPLEXITY" missed="2" covered="0"/><counter type="METHOD" missed="2" covered="0"/><counter type="CLASS" missed="1" covered="0"/></class><sourcefile name="ProductApplication.java"><line nr="21" mi="3" ci="0" mb="0" cb="0"/><line nr="24" mi="4" ci="0" mb="0" cb="0"/><line nr="25" mi="1" ci="0" mb="0" cb="0"/><counter type="INSTRUCTION" missed="8" covered="0"/><counter type="LINE" missed="3" covered="0"/><counter type="COMPLEXITY" missed="2" covered="0"/><counter type="METHOD" missed="2" covered="0"/><counter type="CLASS" missed="1" covered="0"/></sourcefile><counter type="INSTRUCTION" missed="8" covered="0"/><counter type="LINE" missed="3" covered="0"/><counter type="COMPLEXITY" missed="2" covered="0"/><counter type="METHOD" missed="2" covered="0"/><counter type="CLASS" missed="1" covered="0"/></package><package name="cn/edu/xmu/oomall/product/mapper/jpa"><class name="cn/edu/xmu/oomall/product/mapper/jpa/ActivityOnsalePoMapper" sourcefilename="ActivityOnsalePoMapper.java"/><class name="cn/edu/xmu/oomall/product/mapper/jpa/ProductPoMapper" sourcefilename="ProductPoMapper.java"/><class name="cn/edu/xmu/oomall/product/mapper/jpa/ProductDraftPoMapper" sourcefilename="ProductDraftPoMapper.java"/><class name="cn/edu/xmu/oomall/product/mapper/jpa/OnsalePoMapper" sourcefilename="OnsalePoMapper.java"/><class name="cn/edu/xmu/oomall/product/mapper/jpa/ActivityPoMapper" sourcefilename="ActivityPoMapper.java"/><class name="cn/edu/xmu/oomall/product/mapper/jpa/CategoryPoMapper" sourcefilename="CategoryPoMapper.java"/><sourcefile name="CategoryPoMapper.java"/><sourcefile name="ActivityPoMapper.java"/><sourcefile name="OnsalePoMapper.java"/><sourcefile name="ProductDraftPoMapper.java"/><sourcefile name="ActivityOnsalePoMapper.java"/><sourcefile na
[...]
><line nr="415" mi="0" ci="4" mb="0" cb="0"/><line nr="416" mi="0" ci="4" mb="0" cb="0"/><line nr="417" mi="0" ci="4" mb="0" cb="0"/><line nr="418" mi="0" ci="2" mb="0" cb="0"/><line nr="428" mi="0" ci="4" mb="0" cb="0"/><line nr="429" mi="0" ci="4" mb="0" cb="0"/><line nr="430" mi="0" ci="4" mb="0" cb="0"/><line nr="431" mi="0" ci="4" mb="0" cb="0"/><line nr="432" mi="0" ci="4" mb="0" cb="0"/><line nr="433" mi="0" ci="4" mb="0" cb="0"/><line nr="434" mi="0" ci="2" mb="0" cb="0"/><line nr="444" mi="0" ci="4" mb="0" cb="0"/><line nr="445" mi="0" ci="4" mb="0" cb="0"/><line nr="446" mi="0" ci="2" mb="0" cb="0"/><line nr="456" mi="0" ci="4" mb="0" cb="0"/><line nr="457" mi="0" ci="4" mb="0" cb="0"/><line nr="458" mi="0" ci="2" mb="0" cb="0"/><line nr="468" mi="0" ci="4" mb="0" cb="0"/><line nr="469" mi="0" ci="4" mb="0" cb="0"/><line nr="470" mi="0" ci="4" mb="0" cb="0"/><line nr="471" mi="0" ci="4" mb="0" cb="0"/><line nr="472" mi="0" ci="4" mb="0" cb="0"/><line nr="473" mi="0" ci="4" mb="0" cb="0"/><line nr="474" mi="0" ci="4" mb="0" cb="0"/><line nr="475" mi="0" ci="4" mb="0" cb="0"/><line nr="476" mi="0" ci="4" mb="0" cb="0"/><line nr="477" mi="0" ci="4" mb="0" cb="0"/><line nr="478" mi="0" ci="4" mb="0" cb="0"/><line nr="479" mi="0" ci="4" mb="0" cb="0"/><line nr="480" mi="0" ci="2" mb="0" cb="0"/><line nr="490" mi="0" ci="4" mb="0" cb="0"/><line nr="491" mi="0" ci="4" mb="0" cb="0"/><line nr="492" mi="0" ci="4" mb="0" cb="0"/><line nr="493" mi="0" ci="4" mb="0" cb="0"/><line nr="494" mi="0" ci="4" mb="0" cb="0"/><line nr="495" mi="0" ci="4" mb="0" cb="0"/><line nr="496" mi="0" ci="4" mb="0" cb="0"/><line nr="497" mi="0" ci="4" mb="0" cb="0"/><line nr="498" mi="0" ci="4" mb="0" cb="0"/><line nr="499" mi="0" ci="4" mb="0" cb="0"/><line nr="500" mi="0" ci="4" mb="0" cb="0"/><line nr="501" mi="0" ci="4" mb="0" cb="0"/><line nr="502" mi="0" ci="4" mb="0" cb="0"/><line nr="503" mi="0" ci="4" mb="0" cb="0"/><line nr="504" mi="0" ci="4" mb="0" cb="0"/><line nr="505" mi="0" ci="4" mb="0" cb="0"/><line nr="506" mi="0" ci="4" mb="0" cb="0"/><line nr="507" mi="0" ci="2" mb="0" cb="0"/><line nr="517" mi="0" ci="4" mb="0" cb="0"/><line nr="518" mi="0" ci="4" mb="0" cb="0"/><line nr="519" mi="0" ci="4" mb="0" cb="0"/><line nr="520" mi="0" ci="4" mb="0" cb="0"/><line nr="521" mi="0" ci="4" mb="0" cb="0"/><line nr="522" mi="0" ci="4" mb="0" cb="0"/><line nr="523" mi="0" ci="4" mb="0" cb="0"/><line nr="524" mi="0" ci="4" mb="0" cb="0"/><line nr="525" mi="0" ci="2" mb="0" cb="0"/><line nr="535" mi="0" ci="4" mb="0" cb="0"/><line nr="536" mi="0" ci="4" mb="0" cb="0"/><line nr="537" mi="0" ci="4" mb="0" cb="0"/><line nr="538" mi="0" ci="4" mb="0" cb="0"/><line nr="539" mi="0" ci="4" mb="0" cb="0"/><line nr="540" mi="0" ci="2" mb="0" cb="0"/><line nr="550" mi="4" ci="0" mb="0" cb="0"/><line nr="551" mi="4" ci="0" mb="0" cb="0"/><line nr="552" mi="4" ci="0" mb="0" cb="0"/><line nr="553" mi="4" ci="0" mb="0" cb="0"/><line nr="554" mi="4" ci="0" mb="0" cb="0"/><line nr="555" mi="4" ci="0" mb="0" cb="0"/><line nr="556" mi="4" ci="0" mb="0" cb="0"/><line nr="557" mi="4" ci="0" mb="0" cb="0"/><line nr="558" mi="4" ci="0" mb="0" cb="0"/><line nr="559" mi="4" ci="0" mb="0" cb="0"/><line nr="560" mi="4" ci="0" mb="0" cb="0"/><line nr="561" mi="4" ci="0" mb="0" cb="0"/><line nr="562" mi="4" ci="0" mb="0" cb="0"/><line nr="563" mi="2" ci="0" mb="0" cb="0"/><line nr="573" mi="0" ci="4" mb="0" cb="0"/><line nr="574" mi="0" ci="4" mb="0" cb="0"/><line nr="575" mi="0" ci="4" mb="0" cb="0"/><line nr="576" mi="0" ci="4" mb="0" cb="0"/><line nr="577" mi="0" ci="4" mb="0" cb="0"/><line nr="578" mi="0" ci="2" mb="0" cb="0"/><line nr="588" mi="0" ci="4" mb="0" cb="0"/><line nr="589" mi="0" ci="4" mb="0" cb="0"/><line nr="590" mi="0" ci="4" mb="0" cb="0"/><line nr="591" mi="0" ci="4" mb="0" cb="0"/><line nr="592" mi="0" ci="4" mb="0" cb="0"/><line nr="593" mi="0" ci="4" mb="0" cb="0"/><line nr="594" mi="0" ci="4" mb="0" cb="0"/><line nr="595" mi="0" ci="4" mb="0" cb="0"/><line nr="596" mi="0" ci="4" mb="0" cb="0"/><line nr="597" mi="0" ci="4" mb="0" cb="0"/><line nr="598" mi="0" ci="4" mb="0" cb="0"/><line nr="599" mi="0" ci="4" mb="0" cb="0"/><line nr="600" mi="0" ci="4" mb="0" cb="0"/><line nr="601" mi="0" ci="4" mb="0" cb="0"/><line nr="602" mi="0" ci="4" mb="0" cb="0"/><line nr="603" mi="0" ci="4" mb="0" cb="0"/><line nr="604" mi="0" ci="4" mb="0" cb="0"/><line nr="605" mi="0" ci="4" mb="0" cb="0"/><line nr="606" mi="0" ci="4" mb="0" cb="0"/><line nr="607" mi="0" ci="4" mb="0" cb="0"/><line nr="608" mi="0" ci="4" mb="0" cb="0"/><line nr="609" mi="0" ci="2" mb="0" cb="0"/><line nr="619" mi="0" ci="4" mb="0" cb="0"/><line nr="620" mi="0" ci="4" mb="0" cb="0"/><line nr="621" mi="0" ci="4" mb="0" cb="0"/><line nr="622" mi="0" ci="4" mb="0" cb="0"/><line nr="623" mi="0" ci="4" mb="0" cb="0"/><line nr="624" mi="0" ci="2" mb="0" cb="0"/><line nr="634" mi="0" ci="4" mb="0" cb="0"/><line nr="635" mi="0" ci="4" mb="0" cb="0"/><line nr="636" mi="0" ci="4" mb="0" cb="0"/><line nr="637" mi="0" ci="4" mb="0" cb="0"/><line nr="638" mi="0" ci="4" mb="0" cb="0"/><line nr="639" mi="0" ci="4" mb="0" cb="0"/><line nr="640" mi="0" ci="4" mb="0" cb="0"/><line nr="641" mi="0" ci="4" mb="0" cb="0"/><line nr="642" mi="0" ci="4" mb="0" cb="0"/><line nr="643" mi="0" ci="4" mb="0" cb="0"/><line nr="644" mi="0" ci="4" mb="0" cb="0"/><line nr="645" mi="0" ci="4" mb="0" cb="0"/><line nr="646" mi="0" ci="4" mb="0" cb="0"/><line nr="647" mi="0" ci="4" mb="0" cb="0"/><line nr="648" mi="0" ci="2" mb="0" cb="0"/><line nr="658" mi="0" ci="4" mb="0" cb="0"/><line nr="659" mi="0" ci="4" mb="0" cb="0"/><line nr="660" mi="0" ci="4" mb="0" cb="0"/><line nr="661" mi="0" ci="4" mb="0" cb="0"/><line nr="662" mi="0" ci="4" mb="0" cb="0"/><line nr="663" mi="0" ci="4" mb="0" cb="0"/><line nr="664" mi="0" ci="4" mb="0" cb="0"/><line nr="665" mi="0" ci="4" mb="0" cb="0"/><line nr="666" mi="0" ci="4" mb="0" cb="0"/><line nr="667" mi="0" ci="4" mb="0" cb="0"/><line nr="668" mi="0" ci="4" mb="0" cb="0"/><line nr="669" mi="0" ci="4" mb="0" cb="0"/><line nr="670" mi="0" ci="2" mb="0" cb="0"/><line nr="680" mi="4" ci="0" mb="0" cb="0"/><line nr="681" mi="4" ci="0" mb="0" cb="0"/><line nr="682" mi="4" ci="0" mb="0" cb="0"/><line nr="683" mi="4" ci="0" mb="0" cb="0"/><line nr="684" mi="4" ci="0" mb="0" cb="0"/><line nr="685" mi="4" ci="0" mb="0" cb="0"/><line nr="686" mi="4" ci="0" mb="0" cb="0"/><line nr="687" mi="4" ci="0" mb="0" cb="0"/><line nr="688" mi="4" ci="0" mb="0" cb="0"/><line nr="689" mi="4" ci="0" mb="0" cb="0"/><line nr="690" mi="2" ci="0" mb="0" cb="0"/><line nr="700" mi="0" ci="4" mb="0" cb="0"/><line nr="701" mi="0" ci="4" mb="0" cb="0"/><line nr="702" mi="0" ci="4" mb="0" cb="0"/><line nr="703" mi="0" ci="4" mb="0" cb="0"/><line nr="704" mi="0" ci="4" mb="0" cb="0"/><line nr="705" mi="0" ci="2" mb="0" cb="0"/><line nr="715" mi="4" ci="0" mb="0" cb="0"/><line nr="716" mi="2" ci="0" mb="0" cb="0"/><line nr="726" mi="0" ci="4" mb="0" cb="0"/><line nr="727" mi="0" ci="4" mb="0" cb="0"/><line nr="728" mi="0" ci="2" mb="0" cb="0"/><line nr="738" mi="0" ci="4" mb="0" cb="0"/><line nr="739" mi="0" ci="4" mb="0" cb="0"/><line nr="740" mi="0" ci="4" mb="0" cb="0"/><line nr="741" mi="0" ci="4" mb="0" cb="0"/><line nr="742" mi="0" ci="4" mb="0" cb="0"/><line nr="743" mi="0" ci="4" mb="0" cb="0"/><line nr="744" mi="0" ci="4" mb="0" cb="0"/><line nr="745" mi="0" ci="4" mb="0" cb="0"/><line nr="746" mi="0" ci="4" mb="0" cb="0"/><line nr="747" mi="0" ci="4" mb="0" cb="0"/><line nr="748" mi="0" ci="4" mb="0" cb="0"/><line nr="749" mi="0" ci="4" mb="0" cb="0"/><line nr="750" mi="0" ci="4" mb="0" cb="0"/><line nr="751" mi="0" ci="4" mb="0" cb="0"/><line nr="752" mi="0" ci="4" mb="0" cb="0"/><line nr="753" mi="0" ci="4" mb="0" cb="0"/><line nr="754" mi="0" ci="4" mb="0" cb="0"/><line nr="755" mi="0" ci="2" mb="0" cb="0"/><line nr="765" mi="0" ci="4" mb="0" cb="0"/><line nr="766" mi="0" ci="4" mb="0" cb="0"/><line nr="767" mi="0" ci="4" mb="0" cb="0"/><line nr="768" mi="0" ci="4" mb="0" cb="0"/><line nr="769" mi="0" ci="4" mb="0" cb="0"/><line nr="770" mi="0" ci="4" mb="0" cb="0"/><line nr="771" mi="0" ci="4" mb="0" cb="0"/><line nr="772" mi="0" ci="4" mb="0" cb="0"/><line nr="773" mi="0" ci="4" mb="0" cb="0"/><line nr="774" mi="0" ci="4" mb="0" cb="0"/><line nr="775" mi="0" ci="4" mb="0" cb="0"/><line nr="776" mi="0" ci="4" mb="0" cb="0"/><line nr="777" mi="0" ci="4" mb="0" cb="0"/><line nr="778" mi="0" ci="4" mb="0" cb="0"/><line nr="779" mi="0" ci="2" mb="0" cb="0"/><line nr="789" mi="0" ci="4" mb="0" cb="0"/><line nr="790" mi="0" ci="4" mb="0" cb="0"/><line nr="791" mi="0" ci="4" mb="0" cb="0"/><line nr="792" mi="0" ci="4" mb="0" cb="0"/><line nr="793" mi="0" ci="4" mb="0" cb="0"/><line nr="794" mi="0" ci="4" mb="0" cb="0"/><line nr="795" mi="0" ci="4" mb="0" cb="0"/><line nr="796" mi="0" ci="4" mb="0" cb="0"/><line nr="797" mi="0" ci="4" mb="0" cb="0"/><line nr="798" mi="0" ci="4" mb="0" cb="0"/><line nr="799" mi="0" ci="4" mb="0" cb="0"/><line nr="800" mi="0" ci="4" mb="0" cb="0"/><line nr="801" mi="0" ci="4" mb="0" cb="0"/><line nr="802" mi="0" ci="4" mb="0" cb="0"/><line nr="803" mi="0" ci="4" mb="0" cb="0"/><line nr="804" mi="0" ci="4" mb="0" cb="0"/><line nr="805" mi="0" ci="4" mb="0" cb="0"/><line nr="806" mi="0" ci="4" mb="0" cb="0"/><line nr="807" mi="0" ci="4" mb="0" cb="0"/><line nr="808" mi="0" ci="4" mb="0" cb="0"/><line nr="809" mi="0" ci="4" mb="0" cb="0"/><line nr="810" mi="0" ci="4" mb="0" cb="0"/><line nr="811" mi="0" ci="2" mb="0" cb="0"/><line nr="821" mi="0" ci="4" mb="0" cb="0"/><line nr="822" mi="0" ci="4" mb="0" cb="0"/><line nr="823" mi="0" ci="4" mb="0" cb="0"/><line nr="824" mi="0" ci="4" mb="0" cb="0"/><line nr="825" mi="0" ci="4" mb="0" cb="0"/><line nr="826" mi="0" ci="2" mb="0" cb="0"/><counter type="INSTRUCTION" missed="169" covered="1318"/><counter type="LINE" missed="46" covered="348"/><counter type="COMPLEXITY" missed="8" covered="37"/><counter type="METHOD" missed="8" covered="37"/><counter type="CLASS" missed="0" covered="1"/></sourcefile><counter type="INSTRUCTION" missed="169" covered="1318"/><counter type="LINE" missed="46" covered="348"/><counter type="COMPLEXITY" missed="8" covered="37"/><counter type="METHOD" missed="8" covered="37"/><counter type="CLASS" missed="0" covered="1"/></package><package name="cn/edu/xmu/oomall/product/service/listener"><class name="cn/edu/xmu/oomall/product/service/listener/DeleteOnSaleConsumer" sourcefilename="DeleteOnSaleConsumer.java"><method name="onMessage" desc="(Lorg/springframework/messaging/Message;)V" line="33"><counter type="INSTRUCTION" missed="5" covered="31"/><counter type="BRANCH" missed="2" covered="2"/><counter type="LINE" missed="1" covered="6"/><counter type="COMPLEXITY" missed="2" covered="1"/><counter type="METHOD" missed="0" covered="1"/></method><method name="prepareStart" desc="(Lorg/apache/rocketmq/client/consumer/DefaultMQPushConsumer;)V" line="45"><counter type="INSTRUCTION" missed="1" covered="0"/><counter type="LINE" missed="1" covered="0"/><counter type="COMPLEXITY" missed="1" covered="0"/><counter type="METHOD" missed="1" covered="0"/></method><method name="&lt;clinit&gt;" desc="()V" line="27"><counter type="INSTRUCTION" missed="0" covered="4"/><counter type="LINE" missed="0" covered="1"/><counter type="COMPLEXITY" missed="0" covered="1"/><counter type="METHOD" missed="0" covered="1"/></method><counter type="INSTRUCTION" missed="6" covered="35"/><counter type="BRANCH" missed="2" covered="2"/><counter type="LINE" missed="2" covered="7"/><counter type="COMPLEXITY" missed="3" covered="2"/><counter type="METHOD" missed="1" covered="2"/><counter type="CLASS" missed="0" covered="1"/></class><class name="cn/edu/xmu/oomall/product/service/listener/DeleteTemplateConsumer" sourcefilename="DeleteTemplateConsumer.java"><method name="onMessage" desc="(Lorg/springframework/messaging/Message;)V" line="37"><counter type="INSTRUCTION" missed="35" covered="0"/><counter type="BRANCH" missed="4" covered="0"/><counter type="LINE" missed="7" covered="0"/><counter type="COMPLEXITY" missed="3" covered="0"/><counter type="METHOD" missed="1" covered="0"/></method><method name="prepareStart" desc="(Lorg/apache/rocketmq/client/consumer/DefaultMQPushConsumer;)V" line="49"><counter type="INSTRUCTION" missed="1" covered="0"/><counter type="LINE" missed="1" covered="0"/><counter type="COMPLEXITY" missed="1" covered="0"/><counter type="METHOD" missed="1" covered="0"/></method><method name="&lt;clinit&gt;" desc="()V" line="31"><counter type="INSTRUCTION" missed="4" covered="0"/><counter type="LINE" missed="1" covered="0"/><counter type="COMPLEXITY" missed="1" covered="0"/><counter type="METHOD" missed="1" covered="0"/></method><counter type="INSTRUCTION" missed="40" covered="0"/><counter type="BRANCH" missed="4" covered="0"/><counter type="LINE" missed="9" covered="0"/><counter type="COMPLEXITY" missed="5" covered="0"/><counter type="METHOD" missed="3" covered="0"/><counter type="CLASS" missed="1" covered="0"/></class><class name="cn/edu/xmu/oomall/product/service/listener/RevokeOrderConsumer" sourcefilename="RevokeOrderConsumer.java"><method name="onMessage" desc="(Lorg/apache/rocketmq/common/message/Message;)V" line="34"><counter type="INSTRUCTION" missed="37" covered="0"/><counter type="BRANCH" missed="4" covered="0"/><counter type="LINE" missed="9" covered="0"/><counter type="COMPLEXITY" missed="3" covered="0"/><counter type="METHOD" missed="1" covered="0"/></method><method name="lambda$onMessage$0" desc="(Lcn/edu/xmu/oomall/product/model/strategy/Item;)V" line="40"><counter type="INSTRUCTION" missed="9" covered="0"/><counter type="LINE" missed="2" covered="0"/><counter type="COMPLEXITY" missed="1" covered="0"/><counter type="METHOD" missed="1" covered="0"/></method><method name="&lt;clinit&gt;" desc="()V" line="27"><counter type="INSTRUCTION" missed="4" covered="0"/><counter type="LINE" missed="1" covered="0"/><counter type="COMPLEXITY" missed="1" covered="0"/><counter type="METHOD" missed="1" covered="0"/></method><counter type="INSTRUCTION" missed="50" covered="0"/><counter type="BRANCH" missed="4" covered="0"/><counter type="LINE" missed="12" covered="0"/><counter type="COMPLEXITY" missed="5" covered="0"/><counter type="METHOD" missed="3" covered="0"/><counter type="CLASS" missed="1" covered="0"/></class><class name="cn/edu/xmu/oomall/product/service/listener/NewOrderConsumer" sourcefilename="NewOrderConsumer.java"><method name="onMessage" desc="(Lorg/apache/rocketmq/common/message/Message;)V" line="35"><counter type="INSTRUCTION" missed="37" covered="0"/><counter type="BRANCH" missed="4" covered="0"/><counter type="LINE" missed="9" covered="0"/><counter type="COMPLEXITY" missed="3" covered="0"/><counter type="METHOD" missed="1" covered="0"/></method><method name="lambda$onMessage$0" desc="(Lcn/edu/xmu/oomall/product/model/strategy/Item;)V" line="41"><counter type="INSTRUCTION" missed="11" covered="0"/><counter type="LINE" missed="2" covered="0"/><counter type="COMPLEXITY" missed="1" covered="0"/><counter type="METHOD" missed="1" covered="0"/></method><method name="&lt;clinit&gt;" desc="()V" line="27"><counter type="INSTRUCTION" missed="4" covered="0"/><counter type="LINE" missed="1" covered="0"/><counter type="COMPLEXITY" missed="1" covered="0"/><counter type="METHOD" missed="1" covered="0"/></method><counter type="INSTRUCTION" missed="52" covered="0"/><counter type="BRANCH" missed="4" covered="0"/><counter type="LINE" missed="12" covered="0"/><counter type="COMPLEXITY" missed="5" covered="0"/><counter type="METHOD" missed="3" covered="0"/><counter type="CLASS" missed="1" covered="0"/></class><sourcefile name="RevokeOrderConsumer.java"><line nr="27" mi="4" ci="0" mb="0" cb="0"/><line nr="34" mi="7" ci="0" mb="0" cb="0"/><line nr="35" mi="5" ci="0" mb="0" cb="0"/><line nr="36" mi="7" ci="0" mb="4" cb="0"/><line nr="37" mi="5" ci="0" mb="0" cb="0"/><line nr="39" mi="6" ci="0" mb="0" cb="0"/><line nr="40" mi="8" ci="0" mb="0" cb="0"/><line nr="41" mi="1" ci="0" mb="0" cb="0"/><line nr="43" mi="1" ci="0" mb="0" cb="0"/><line nr="44" mi="4" ci="0" mb="0" cb="0"/><line nr="45" mi="1" ci="0" mb="0" cb="0"/><line nr="47" mi="1" ci="0" mb="0" cb="0"/><counter type="INSTRUCTION" missed="50" covered="0"/><counter type="BRANCH" missed="4" covered="0"/><counter type="LINE" missed="12" covered="0"/><counter type="COMPLEXITY" missed="5" covered="0"/><counter type="METHOD" missed="3" covered="0"/><counter type="CLASS" missed="1" covered="0"/></sourcefile><sourcefile name="DeleteOnSaleConsumer.java"><line nr="27" mi="0" ci="4" mb="0" cb="0"/><line nr="33" mi="0" ci="8" mb="0" cb="0"/><line nr="34" mi="0" ci="5" mb="0" cb="0"/><line nr="35" mi="0" ci="6" mb="0" cb="0"/><line nr="36" mi="0" ci="6" mb="2" cb="2"/><line nr="37" mi="5" ci="0" mb="0" cb="0"/><line nr="39" mi="0" ci="5" mb="0" cb="0"/><line nr="41" mi="0" ci="1" mb="0" cb="0"/><line nr="45" mi="1" ci="0" mb="0" cb="0"/><counter type="INSTRUCTION" missed="6" covered="35"/><counter type="BRANCH" missed="2" covered="2"/><counter type="LINE" missed="2" covered="7"/><counter type="COMPLEXITY" missed="3" covered="2"/><counter type="METHOD" missed="1" covered="2"/><counter type="CLASS" missed="0" covered="1"/></sourcefile><sourcefile name="DeleteTemplateConsumer.java"><line nr="31" mi="4" ci="0" mb="0" cb="0"/><line nr="37" mi="8" ci="0" mb="0" cb="0"/><line nr="38" mi="5" ci="0" mb="0" cb="0"/><line nr="39" mi="6" ci="0" mb="0" cb="0"/><line nr="40" mi="4" ci="0" mb="4" cb="0"/><line nr="41" mi="5" ci="0" mb="0" cb="0"/><line nr="43" mi="6" ci="0" mb="0" cb="0"/><line nr="45" mi="1" ci="0" mb="0" cb="0"/><line nr="49" mi="1" ci="0" mb="0" cb="0"/><counter type="INSTRUCTION" missed="40" covered="0"/><counter type="BRANCH" missed="4" covered="0"/><counter type="LINE" missed="9" covered="0"/><counter type="COMPLEXITY" missed="5" covered="0"/><counter type="METHOD" missed="3" covered="0"/><counter type="CLASS" missed="1" covered="0"/></sourcefile><sourcefile name="NewOrderConsumer.java"><line nr="27" mi="4" ci="0" mb="0" cb="0"/><line nr="35" mi="7" ci="0" mb="0" cb="0"/><line nr="36" mi="5" ci="0" mb="0" cb="0"/><line nr="37" mi="7" ci="0" mb="4" cb="0"/><line nr="38" mi="5" ci="0" mb="0" cb="0"/><line nr="40" mi="6" ci="0" mb="0" cb="0"/><line nr="41" mi="10" ci="0" mb="0" cb="0"/><line nr="42" mi="1" ci="0" mb="0" cb="0"/><line nr="44" mi="1" ci="0" mb="0" cb="0"/><line nr="45" mi="4" ci="0" mb="0" cb="0"/><line nr="46" mi="1" ci="0" mb="0" cb="0"/><line nr="48" mi="1" ci="0" mb="0" cb="0"/><counter type="INSTRUCTION" missed="52" covered="0"/><counter type="BRANCH" missed="4" covered="0"/><counter type="LINE" missed="12" covered="0"/><counter type="COMPLEXITY" missed="5" covered="0"/><counter type="METHOD" missed="3" covered="0"/><counter type="CLASS" missed="1" covered="0"/></sourcefile><counter type="INSTRUCTION" missed="148" covered="35"/><counter type="BRANCH" missed="14" covered="2"/><counter type="LINE" missed="35" covered="7"/><counter type="COMPLEXITY" missed="18" covered="2"/><counter type="METHOD" missed="10" covered="2"/><counter type="CLASS" missed="3" covered="1"/></package><package name="cn/edu/xmu/oomall/product/mapper/openfeign"><class name="cn/edu/xmu/oomall/product/mapper/openfeign/FreightMapper" sourcefilename="FreightMapper.java"/><class name="cn/edu/xmu/oomall/product/mapper/openfeign/ShopMapper" sourcefilename="ShopMapper.java"/><class name="cn/edu/xmu/oomall/product/mapper/openfeign/SearchMapper" sourcefilename="SearchMapper.java"/><sourcefile name="FreightMapper.java"/><sourcefile name="ShopMapper.java"/><sourcefile name="SearchMapper.java"/></package><counter type="INSTRUCTION" missed="3213" covered="10559"/><counter type="BRANCH" missed="261" covered="287"/><counter type="LINE" missed="621" covered="2576"/><counter type="COMPLEXITY" missed="345" covered="1084"/><counter type="METHOD" missed="156" covered="999"/><counter type="CLASS" missed="8" covered="84"/></report>