-------------------------------------------------------------------------------
Test set: cn.edu.xmu.oomall.product.controller.UnAuthorizedController2Test
-------------------------------------------------------------------------------
Tests run: 8, Failures: 1, Errors: 0, Skipped: 0, Time elapsed: 3.837 s <<< FAILURE! -- in cn.edu.xmu.oomall.product.controller.UnAuthorizedController2Test
cn.edu.xmu.oomall.product.controller.UnAuthorizedController2Test.testGetProductSkuListGivenSuccess -- Time elapsed: 0.579 s <<< FAILURE!
java.lang.AssertionError: Status expected:<200> but was:<500>
	at org.springframework.test.util.AssertionErrors.fail(AssertionErrors.java:59)
	at org.springframework.test.util.AssertionErrors.assertEquals(AssertionErrors.java:122)
	at org.springframework.test.web.servlet.result.StatusResultMatchers.lambda$matcher$9(StatusResultMatchers.java:637)
	at org.springframework.test.web.servlet.MockMvc$1.andExpect(MockMvc.java:214)
	at cn.edu.xmu.oomall.product.controller.UnAuthorizedController2Test.testGetProductSkuListGivenSuccess(UnAuthorizedController2Test.java:91)
	at java.base/java.lang.reflect.Method.invoke(Method.java:568)
	at java.base/java.util.ArrayList.forEach(ArrayList.java:1511)
	at java.base/java.util.ArrayList.forEach(ArrayList.java:1511)

