<?xml version="1.0" encoding="UTF-8"?>
<testsuite xmlns:xsi="http://www.w3.org/2001/XMLSchema-instance" xsi:noNamespaceSchemaLocation="https://maven.apache.org/surefire/maven-surefire-plugin/xsd/surefire-test-report-3.0.xsd" version="3.0" name="cn.edu.xmu.oomall.product.controller.ShopProductControllerTest" time="11.755" tests="22" errors="0" skipped="0" failures="0">
  <properties>
[...]
</properties>
  <testcase name="testDelOnsaleIdWhenSendMessage" classname="cn.edu.xmu.oomall.product.controller.ShopProductControllerTest" time="0.375">
    <system-out><![CDATA[2024-12-04 22:17:06.337 [main] DEBUG cn.edu.xmu.javaee.core.util.JwtHelper - createToken:
2024-12-04 22:17:06.338 [main] DEBUG cn.edu.xmu.javaee.core.util.JwtHelper - createToken: userId = 1 userName=admin departId=0 tokenId:2024120422170636GA
2024-12-04 22:17:06.339 [main] DEBUG cn.edu.xmu.javaee.core.util.JwtHelper - createToken:
2024-12-04 22:17:06.339 [main] DEBUG cn.edu.xmu.javaee.core.util.JwtHelper - createToken: userId = 1 userName=甜蜜之旅 departId=2 tokenId:202412042217063Y3A
2024-12-04 22:17:06.339 [main] DEBUG cn.edu.xmu.javaee.core.util.JwtHelper - createToken:
2024-12-04 22:17:06.339 [main] DEBUG cn.edu.xmu.javaee.core.util.JwtHelper - createToken: userId = 1 userName=努力向前 departId=4 tokenId:2024120422170631MA
2024-12-04 22:17:06.339 [main] DEBUG cn.edu.xmu.javaee.core.util.JwtHelper - createToken:
2024-12-04 22:17:06.339 [main] DEBUG cn.edu.xmu.javaee.core.util.JwtHelper - createToken: userId = 1 userName=坚持就是胜利 departId=5 tokenId:202412042217063CZA
2024-12-04 22:17:06.339 [main] DEBUG cn.edu.xmu.javaee.core.util.JwtHelper - createToken:
2024-12-04 22:17:06.339 [main] DEBUG cn.edu.xmu.javaee.core.util.JwtHelper - createToken: userId = 1 userName=商铺8 departId=8 tokenId:202412042217063PEA
22:17:06,705 |-INFO in ch.qos.logback.core.model.processor.AppenderModelHandler - Processing appender named [STDOUT]
22:17:06,705 |-INFO in ch.qos.logback.core.model.processor.AppenderModelHandler - About to instantiate appender of type [ch.qos.logback.core.ConsoleAppender]
22:17:06,706 |-INFO in ch.qos.logback.core.model.processor.AppenderModelHandler - Processing appender named [FILE]
22:17:06,706 |-INFO in ch.qos.logback.core.model.processor.AppenderModelHandler - About to instantiate appender of type [ch.qos.logback.core.rolling.RollingFileAppender]
22:17:06,706 |-INFO in ch.qos.logback.core.model.processor.ModelInterpretationContext@530366ef - value "logs/product.%d{yyyy-MM-dd}.log" substituted for "${LOG_HOME}/${PROJECT_NAME}.%d{yyyy-MM-dd}.log"
22:17:06,707 |-INFO in c.q.l.core.rolling.TimeBasedRollingPolicy@1056030649 - No compression will be used
22:17:06,707 |-INFO in c.q.l.core.rolling.TimeBasedRollingPolicy@1056030649 - Will use the pattern logs/product.%d{yyyy-MM-dd}.log for the active file
22:17:06,707 |-INFO in c.q.l.core.rolling.DefaultTimeBasedFileNamingAndTriggeringPolicy - The date pattern is 'yyyy-MM-dd' from file name pattern 'logs/product.%d{yyyy-MM-dd}.log'.
22:17:06,707 |-INFO in c.q.l.core.rolling.DefaultTimeBasedFileNamingAndTriggeringPolicy - Roll-over at midnight.
22:17:06,707 |-INFO in c.q.l.core.rolling.DefaultTimeBasedFileNamingAndTriggeringPolicy - Setting initial period to 2024-12-04T14:17:06.707Z
22:17:06,709 |-WARN in ch.qos.logback.core.rolling.RollingFileAppender[FILE] - A triggering policy of type TimeBasedRollingPolicy was already set.
22:17:06,709 |-WARN in ch.qos.logback.core.rolling.RollingFileAppender[FILE] - Note that TimeBasedRollingPolicy doubles as a RollingPolicy
22:17:06,709 |-WARN in ch.qos.logback.core.rolling.RollingFileAppender[FILE] - See also http://logback.qos.ch/codes.html#rfa_reset_rp_or_tp
22:17:06,709 |-INFO in ch.qos.logback.core.rolling.RollingFileAppender[FILE] - Active log file name: logs/product.2024-12-04.log
22:17:06,709 |-INFO in ch.qos.logback.core.rolling.RollingFileAppender[FILE] - File property is set to [null]
22:17:06,710 |-WARN in ch.qos.logback.core.model.processor.AppenderModelHandler - Appender named [DruidFILE] not referenced. Skipping further processing.
22:17:06,710 |-INFO in ch.qos.logback.classic.model.processor.LoggerModelHandler - Setting level of logger [cn.edu.xmu.oomall.product] to DEBUG
22:17:06,710 |-INFO in ch.qos.logback.classic.jul.LevelChangePropagator@48364ec4 - Propagating DEBUG level on Logger[cn.edu.xmu.oomall.product] onto the JUL framework
22:17:06,710 |-INFO in ch.qos.logback.classic.model.processor.LoggerModelHandler - Setting level of logger [cn.edu.xmu.oomall.product.controller] to DEBUG
22:17:06,710 |-INFO in ch.qos.logback.classic.jul.LevelChangePropagator@48364ec4 - Propagating DEBUG level on Logger[cn.edu.xmu.oomall.product.controller] onto the JUL framework
22:17:06,710 |-INFO in ch.qos.logback.classic.model.processor.LoggerModelHandler - Setting level of logger [cn.edu.xmu.oomall.product.service] to DEBUG
22:17:06,710 |-INFO in ch.qos.logback.classic.jul.LevelChangePropagator@48364ec4 - Propagating DEBUG level on Logger[cn.edu.xmu.oomall.product.service] onto the JUL framework
22:17:06,710 |-INFO in ch.qos.logback.classic.model.processor.LoggerModelHandler - Setting level of logger [cn.edu.xmu.oomall.product.dao] to DEBUG
22:17:06,710 |-INFO in ch.qos.logback.classic.jul.LevelChangePropagator@48364ec4 - Propagating DEBUG level on Logger[cn.edu.xmu.oomall.product.dao] onto the JUL framework
22:17:06,710 |-INFO in ch.qos.logback.classic.model.processor.LoggerModelHandler - Setting level of logger [cn.edu.xmu.oomall.product.dao.bo] to DEBUG
22:17:06,710 |-INFO in ch.qos.logback.classic.jul.LevelChangePropagator@48364ec4 - Propagating DEBUG level on Logger[cn.edu.xmu.oomall.product.dao.bo] onto the JUL framework
22:17:06,710 |-INFO in ch.qos.logback.classic.model.processor.LoggerModelHandler - Setting level of logger [cn.edu.xmu.oomall.product.mapper] to DEBUG
22:17:06,710 |-INFO in ch.qos.logback.classic.jul.LevelChangePropagator@48364ec4 - Propagating DEBUG level on Logger[cn.edu.xmu.oomall.product.mapper] onto the JUL framework
22:17:06,710 |-INFO in ch.qos.logback.classic.model.processor.LoggerModelHandler - Setting level of logger [cn.edu.xmu.javaee.core] to DEBUG
22:17:06,710 |-INFO in ch.qos.logback.classic.jul.LevelChangePropagator@48364ec4 - Propagating DEBUG level on Logger[cn.edu.xmu.javaee.core] onto the JUL framework
22:17:06,710 |-INFO in ch.qos.logback.classic.model.processor.LoggerModelHandler - Setting level of logger [cn.edu.xmu.javaee.core.aop] to DEBUG
22:17:06,710 |-INFO in ch.qos.logback.classic.jul.LevelChangePropagator@48364ec4 - Propagating DEBUG level on Logger[cn.edu.xmu.javaee.core.aop] onto the JUL framework
22:17:06,710 |-INFO in ch.qos.logback.classic.model.processor.LoggerModelHandler - Setting level of logger [cn.edu.xmu.javaee.core.config.OpenFeignHeaderInterceptor] to DEBUG
22:17:06,710 |-INFO in ch.qos.logback.classic.jul.LevelChangePropagator@48364ec4 - Propagating DEBUG level on Logger[cn.edu.xmu.javaee.core.config.OpenFeignHeaderInterceptor] onto the JUL framework
22:17:06,710 |-INFO in ch.qos.logback.classic.model.processor.LoggerModelHandler - Setting level of logger [cn.edu.xmu.javaee.core.jpa.SelectiveUpdateJpaRepositoryImpl] to DEBUG
22:17:06,710 |-INFO in ch.qos.logback.classic.jul.LevelChangePropagator@48364ec4 - Propagating DEBUG level on Logger[cn.edu.xmu.javaee.core.jpa.SelectiveUpdateJpaRepositoryImpl] onto the JUL framework
22:17:06,710 |-INFO in ch.qos.logback.classic.model.processor.LoggerModelHandler - Setting level of logger [org.hibernate.type.descriptor.sql.BasicBinder] to TRACE
22:17:06,710 |-INFO in ch.qos.logback.classic.jul.LevelChangePropagator@48364ec4 - Propagating TRACE level on Logger[org.hibernate.type.descriptor.sql.BasicBinder] onto the JUL framework
22:17:06,710 |-INFO in ch.qos.logback.classic.model.processor.RootLoggerModelHandler - Setting level of ROOT logger to INFO
22:17:06,710 |-INFO in ch.qos.logback.classic.jul.LevelChangePropagator@48364ec4 - Propagating INFO level on Logger[ROOT] onto the JUL framework
22:17:06,710 |-INFO in ch.qos.logback.core.model.processor.AppenderRefModelHandler - Attaching appender named [STDOUT] to Logger[ROOT]
22:17:06,710 |-INFO in ch.qos.logback.core.model.processor.AppenderRefModelHandler - Attaching appender named [FILE] to Logger[ROOT]
22:17:06,710 |-INFO in ch.qos.logback.core.model.processor.DefaultProcessor@23ca02e2 - End of configuration.
22:17:06,710 |-INFO in org.springframework.boot.logging.logback.SpringBootJoranConfigurator@6b363c6a - Registering current configuration as safe fallback point

22:17:07,052 |-INFO in ch.qos.logback.core.model.processor.AppenderModelHandler - Processing appender named [STDOUT]
22:17:07,052 |-INFO in ch.qos.logback.core.model.processor.AppenderModelHandler - About to instantiate appender of type [ch.qos.logback.core.ConsoleAppender]
22:17:07,053 |-INFO in ch.qos.logback.core.model.processor.AppenderModelHandler - Processing appender named [FILE]
22:17:07,053 |-INFO in ch.qos.logback.core.model.processor.AppenderModelHandler - About to instantiate appender of type [ch.qos.logback.core.rolling.RollingFileAppender]
22:17:07,053 |-INFO in ch.qos.logback.core.model.processor.ModelInterpretationContext@28cfc359 - value "logs/product.%d{yyyy-MM-dd}.log" substituted for "${LOG_HOME}/${PROJECT_NAME}.%d{yyyy-MM-dd}.log"
22:17:07,053 |-INFO in c.q.l.core.rolling.TimeBasedRollingPolicy@387733893 - No compression will be used
22:17:07,053 |-INFO in c.q.l.core.rolling.TimeBasedRollingPolicy@387733893 - Will use the pattern logs/product.%d{yyyy-MM-dd}.log for the active file
22:17:07,053 |-INFO in c.q.l.core.rolling.DefaultTimeBasedFileNamingAndTriggeringPolicy - The date pattern is 'yyyy-MM-dd' from file name pattern 'logs/product.%d{yyyy-MM-dd}.log'.
22:17:07,053 |-INFO in c.q.l.core.rolling.DefaultTimeBasedFileNamingAndTriggeringPolicy - Roll-over at midnight.
22:17:07,053 |-INFO in c.q.l.core.rolling.DefaultTimeBasedFileNamingAndTriggeringPolicy - Setting initial period to 2024-12-04T14:17:07.053Z
22:17:07,053 |-WARN in ch.qos.logback.core.rolling.RollingFileAppender[FILE] - A triggering policy of type TimeBasedRollingPolicy was already set.
22:17:07,053 |-WARN in ch.qos.logback.core.rolling.RollingFileAppender[FILE] - Note that TimeBasedRollingPolicy doubles as a RollingPolicy
22:17:07,053 |-WARN in ch.qos.logback.core.rolling.RollingFileAppender[FILE] - See also http://logback.qos.ch/codes.html#rfa_reset_rp_or_tp
22:17:07,053 |-INFO in ch.qos.logback.core.rolling.RollingFileAppender[FILE] - Active log file name: logs/product.2024-12-04.log
22:17:07,053 |-INFO in ch.qos.logback.core.rolling.RollingFileAppender[FILE] - File property is set to [null]
22:17:07,054 |-WARN in ch.qos.logback.core.model.processor.AppenderModelHandler - Appender named [DruidFILE] not referenced. Skipping further processing.
22:17:07,054 |-INFO in ch.qos.logback.classic.model.processor.LoggerModelHandler - Setting level of logger [cn.edu.xmu.oomall.product] to DEBUG
22:17:07,054 |-INFO in ch.qos.logback.classic.jul.LevelChangePropagator@45d29e34 - Propagating DEBUG level on Logger[cn.edu.xmu.oomall.product] onto the JUL framework
22:17:07,054 |-INFO in ch.qos.logback.classic.model.processor.LoggerModelHandler - Setting level of logger [cn.edu.xmu.oomall.product.controller] to DEBUG
22:17:07,054 |-INFO in ch.qos.logback.classic.jul.LevelChangePropagator@45d29e34 - Propagating DEBUG level on Logger[cn.edu.xmu.oomall.product.controller] onto the JUL framework
22:17:07,054 |-INFO in ch.qos.logback.classic.model.processor.LoggerModelHandler - Setting level of logger [cn.edu.xmu.oomall.product.service] to DEBUG
22:17:07,054 |-INFO in ch.qos.logback.classic.jul.LevelChangePropagator@45d29e34 - Propagating DEBUG level on Logger[cn.edu.xmu.oomall.product.service] onto the JUL framework
22:17:07,054 |-INFO in ch.qos.logback.classic.model.processor.LoggerModelHandler - Setting level of logger [cn.edu.xmu.oomall.product.dao] to DEBUG
22:17:07,054 |-INFO in ch.qos.logback.classic.jul.LevelChangePropagator@45d29e34 - Propagating DEBUG level on Logger[cn.edu.xmu.oomall.product.dao] onto the JUL framework
22:17:07,054 |-INFO in ch.qos.logback.classic.model.processor.LoggerModelHandler - Setting level of logger [cn.edu.xmu.oomall.product.dao.bo] to DEBUG
22:17:07,054 |-INFO in ch.qos.logback.classic.jul.LevelChangePropagator@45d29e34 - Propagating DEBUG level on Logger[cn.edu.xmu.oomall.product.dao.bo] onto the JUL framework
22:17:07,054 |-INFO in ch.qos.logback.classic.model.processor.LoggerModelHandler - Setting level of logger [cn.edu.xmu.oomall.product.mapper] to DEBUG
22:17:07,054 |-INFO in ch.qos.logback.classic.jul.LevelChangePropagator@45d29e34 - Propagating DEBUG level on Logger[cn.edu.xmu.oomall.product.mapper] onto the JUL framework
22:17:07,054 |-INFO in ch.qos.logback.classic.model.processor.LoggerModelHandler - Setting level of logger [cn.edu.xmu.javaee.core] to DEBUG
22:17:07,054 |-INFO in ch.qos.logback.classic.jul.LevelChangePropagator@45d29e34 - Propagating DEBUG level on Logger[cn.edu.xmu.javaee.core] onto the JUL framework
22:17:07,054 |-INFO in ch.qos.logback.classic.model.processor.LoggerModelHandler - Setting level of logger [cn.edu.xmu.javaee.core.aop] to DEBUG
22:17:07,054 |-INFO in ch.qos.logback.classic.jul.LevelChangePropagator@45d29e34 - Propagating DEBUG level on Logger[cn.edu.xmu.javaee.core.aop] onto the JUL framework
22:17:07,054 |-INFO in ch.qos.logback.classic.model.processor.LoggerModelHandler - Setting level of logger [cn.edu.xmu.javaee.core.config.OpenFeignHeaderInterceptor] to DEBUG
22:17:07,054 |-INFO in ch.qos.logback.classic.jul.LevelChangePropagator@45d29e34 - Propagating DEBUG level on Logger[cn.edu.xmu.javaee.core.config.OpenFeignHeaderInterceptor] onto the JUL framework
22:17:07,054 |-INFO in ch.qos.logback.classic.model.processor.LoggerModelHandler - Setting level of logger [cn.edu.xmu.javaee.core.jpa.SelectiveUpdateJpaRepositoryImpl] to DEBUG
22:17:07,054 |-INFO in ch.qos.logback.classic.jul.LevelChangePropagator@45d29e34 - Propagating DEBUG level on Logger[cn.edu.xmu.javaee.core.jpa.SelectiveUpdateJpaRepositoryImpl] onto the JUL framework
22:17:07,054 |-INFO in ch.qos.logback.classic.model.processor.LoggerModelHandler - Setting level of logger [org.hibernate.type.descriptor.sql.BasicBinder] to TRACE
22:17:07,054 |-INFO in ch.qos.logback.classic.jul.LevelChangePropagator@45d29e34 - Propagating TRACE level on Logger[org.hibernate.type.descriptor.sql.BasicBinder] onto the JUL framework
22:17:07,054 |-INFO in ch.qos.logback.classic.model.processor.RootLoggerModelHandler - Setting level of ROOT logger to INFO
22:17:07,054 |-INFO in ch.qos.logback.classic.jul.LevelChangePropagator@45d29e34 - Propagating INFO level on Logger[ROOT] onto the JUL framework
22:17:07,054 |-INFO in ch.qos.logback.core.model.processor.AppenderRefModelHandler - Attaching appender named [STDOUT] to Logger[ROOT]
22:17:07,054 |-INFO in ch.qos.logback.core.model.processor.AppenderRefModelHandler - Attaching appender named [FILE] to Logger[ROOT]
22:17:07,054 |-INFO in ch.qos.logback.core.model.processor.DefaultProcessor@1ced5ca2 - End of configuration.
22:17:07,054 |-INFO in org.springframework.boot.logging.logback.SpringBootJoranConfigurator@4a6e916d - Registering current configuration as safe fallback point


  .   ____          _            __ _ _
 /\\ / ___'_ __ _ _(_)_ __  __ _ \ \ \ \
( ( )\___ | '_ | '_| | '_ \/ _` | \ \ \ \
 \\/  ___)| |_)| | | | | || (_| |  ) ) ) )
  '  |____| .__|_| |_|_| |_\__, | / / / /
 =========|_|==============|___/=/_/_/_/

 :: Spring Boot ::                (v3.3.6)

2024-12-04 22:17:07.106 [main] WARN  c.a.cloud.nacos.client.NacosPropertySourceBuilder - Ignore the empty nacos configuration and get it based on dataId[product-service] & group[DEFAULT_GROUP]
2024-12-04 22:17:07.162 [main] WARN  c.a.cloud.nacos.client.NacosPropertySourceBuilder - Ignore the empty nacos configuration and get it based on dataId[product-service.yaml] & group[DEFAULT_GROUP]
2024-12-04 22:17:07.215 [main] WARN  c.a.cloud.nacos.client.NacosPropertySourceBuilder - Ignore the empty nacos configuration and get it based on dataId[product-service-prod.yaml] & group[DEFAULT_GROUP]
2024-12-04 22:17:07.216 [main] INFO  o.s.c.b.c.PropertySourceBootstrapConfiguration - Located property source: [BootstrapPropertySource {name='bootstrapProperties-product-service-prod.yaml,DEFAULT_GROUP'}, BootstrapPropertySource {name='bootstrapProperties-product-service.yaml,DEFAULT_GROUP'}, BootstrapPropertySource {name='bootstrapProperties-product-service,DEFAULT_GROUP'}]
2024-12-04 22:17:07.221 [main] INFO  c.e.x.o.p.controller.ShopProductControllerTest - The following 1 profile is active: "prod"
2024-12-04 22:17:07.498 [main] INFO  o.s.d.r.config.RepositoryConfigurationDelegate - Multiple Spring Data modules found, entering strict repository configuration mode
2024-12-04 22:17:07.498 [main] INFO  o.s.d.r.config.RepositoryConfigurationDelegate - Bootstrapping Spring Data JPA repositories in DEFAULT mode.
2024-12-04 22:17:07.509 [main] INFO  o.s.d.r.config.RepositoryConfigurationDelegate - Finished Spring Data repository scanning in 10 ms. Found 6 JPA repository interfaces.
2024-12-04 22:17:07.509 [main] INFO  o.s.d.r.config.RepositoryConfigurationDelegate - Multiple Spring Data modules found, entering strict repository configuration mode
2024-12-04 22:17:07.509 [main] INFO  o.s.d.r.config.RepositoryConfigurationDelegate - Bootstrapping Spring Data MongoDB repositories in DEFAULT mode.
2024-12-04 22:17:07.514 [main] INFO  o.s.d.r.config.RepositoryConfigurationDelegate - Finished Spring Data repository scanning in 4 ms. Found 2 MongoDB repository interfaces.
2024-12-04 22:17:07.639 [main] WARN  org.mybatis.spring.mapper.ClassPathMapperScanner - No MyBatis mapper was found in '[cn.edu.xmu.oomall.product]' package. Please check your configuration.
2024-12-04 22:17:07.642 [main] INFO  o.springframework.cloud.context.scope.GenericScope - BeanFactory id=f4e34340-7d00-3f01-af0d-61dfd90c1a34
2024-12-04 22:17:07.783 [main] WARN  o.s.c.s.PostProcessorRegistrationDelegate$BeanPostProcessorChecker - Bean 'org.apache.rocketmq.spring.autoconfigure.ListenerContainerConfiguration' of type [org.apache.rocketmq.spring.autoconfigure.ListenerContainerConfiguration$$SpringCGLIB$$0] is not eligible for getting processed by all BeanPostProcessors (for example: not eligible for auto-proxying). Is this bean getting eagerly injected/applied to a currently created BeanPostProcessor [org.apache.rocketmq.spring.annotation.RocketMQMessageListenerBeanPostProcessor]? Check the corresponding BeanPostProcessor declaration and its dependencies/advisors. If this bean does not have to be post-processed, declare it with ROLE_INFRASTRUCTURE.
2024-12-04 22:17:07.785 [main] WARN  o.s.c.s.PostProcessorRegistrationDelegate$BeanPostProcessorChecker - Bean 'org.apache.rocketmq.spring.autoconfigure.MessageConverterConfiguration' of type [org.apache.rocketmq.spring.autoconfigure.MessageConverterConfiguration$$SpringCGLIB$$0] is not eligible for getting processed by all BeanPostProcessors (for example: not eligible for auto-proxying). Is this bean getting eagerly injected/applied to a currently created BeanPostProcessor [org.apache.rocketmq.spring.annotation.RocketMQMessageListenerBeanPostProcessor]? Check the corresponding BeanPostProcessor declaration and its dependencies/advisors. If this bean does not have to be post-processed, declare it with ROLE_INFRASTRUCTURE.
2024-12-04 22:17:07.786 [main] WARN  o.s.c.s.PostProcessorRegistrationDelegate$BeanPostProcessorChecker - Bean 'createRocketMQMessageConverter' of type [org.apache.rocketmq.spring.support.RocketMQMessageConverter] is not eligible for getting processed by all BeanPostProcessors (for example: not eligible for auto-proxying). Is this bean getting eagerly injected/applied to a currently created BeanPostProcessor [org.apache.rocketmq.spring.annotation.RocketMQMessageListenerBeanPostProcessor]? Check the corresponding BeanPostProcessor declaration and its dependencies/advisors. If this bean does not have to be post-processed, declare it with ROLE_INFRASTRUCTURE.
2024-12-04 22:17:07.789 [main] WARN  o.s.c.s.PostProcessorRegistrationDelegate$BeanPostProcessorChecker - Bean 'org.springframework.cloud.commons.config.CommonsConfigAutoConfiguration' of type [org.springframework.cloud.commons.config.CommonsConfigAutoConfiguration] is not eligible for getting processed by all BeanPostProcessors (for example: not eligible for auto-proxying). Is this bean getting eagerly injected/applied to a currently created BeanPostProcessor [org.apache.rocketmq.spring.annotation.RocketMQMessageListenerBeanPostProcessor]? Check the corresponding BeanPostProcessor declaration and its dependencies/advisors. If this bean does not have to be post-processed, declare it with ROLE_INFRASTRUCTURE.
2024-12-04 22:17:07.790 [main] WARN  o.s.c.s.PostProcessorRegistrationDelegate$BeanPostProcessorChecker - Bean 'org.springframework.cloud.client.loadbalancer.LoadBalancerDefaultMappingsProviderAutoConfiguration' of type [org.springframework.cloud.client.loadbalancer.LoadBalancerDefaultMappingsProviderAutoConfiguration] is not eligible for getting processed by all BeanPostProcessors (for example: not eligible for auto-proxying). Is this bean getting eagerly injected/applied to a currently created BeanPostProcessor [org.apache.rocketmq.spring.annotation.RocketMQMessageListenerBeanPostProcessor]? Check the corresponding BeanPostProcessor declaration and its dependencies/advisors. If this bean does not have to be post-processed, declare it with ROLE_INFRASTRUCTURE.
2024-12-04 22:17:07.790 [main] WARN  o.s.c.s.PostProcessorRegistrationDelegate$BeanPostProcessorChecker - Bean 'loadBalancerClientsDefaultsMappingsProvider' of type [org.springframework.cloud.client.loadbalancer.LoadBalancerDefaultMappingsProviderAutoConfiguration$$Lambda$1213/0x00000211188e2de8] is not eligible for getting processed by all BeanPostProcessors (for example: not eligible for auto-proxying). Is this bean getting eagerly injected/applied to a currently created BeanPostProcessor [org.apache.rocketmq.spring.annotation.RocketMQMessageListenerBeanPostProcessor]? Check the corresponding BeanPostProcessor declaration and its dependencies/advisors. If this bean does not have to be post-processed, declare it with ROLE_INFRASTRUCTURE.
2024-12-04 22:17:07.794 [main] WARN  o.s.c.s.PostProcessorRegistrationDelegate$BeanPostProcessorChecker - Bean 'defaultsBindHandlerAdvisor' of type [org.springframework.cloud.commons.config.DefaultsBindHandlerAdvisor] is not eligible for getting processed by all BeanPostProcessors (for example: not eligible for auto-proxying). Is this bean getting eagerly injected/applied to a currently created BeanPostProcessor [org.apache.rocketmq.spring.annotation.RocketMQMessageListenerBeanPostProcessor]? Check the corresponding BeanPostProcessor declaration and its dependencies/advisors. If this bean does not have to be post-processed, declare it with ROLE_INFRASTRUCTURE.
2024-12-04 22:17:07.798 [main] WARN  o.s.c.s.PostProcessorRegistrationDelegate$BeanPostProcessorChecker - Bean 'rocketmq-org.apache.rocketmq.spring.autoconfigure.RocketMQProperties' of type [org.apache.rocketmq.spring.autoconfigure.RocketMQProperties] is not eligible for getting processed by all BeanPostProcessors (for example: not eligible for auto-proxying). Is this bean getting eagerly injected/applied to a currently created BeanPostProcessor [org.apache.rocketmq.spring.annotation.RocketMQMessageListenerBeanPostProcessor]? Check the corresponding BeanPostProcessor declaration and its dependencies/advisors. If this bean does not have to be post-processed, declare it with ROLE_INFRASTRUCTURE.
2024-12-04 22:17:07.800 [main] WARN  o.s.c.s.PostProcessorRegistrationDelegate$BeanPostProcessorChecker - Bean 'rocketMQMessageListenerContainerRegistrar' of type [org.apache.rocketmq.spring.support.RocketMQMessageListenerContainerRegistrar] is not eligible for getting processed by all BeanPostProcessors (for example: not eligible for auto-proxying). Is this bean getting eagerly injected/applied to a currently created BeanPostProcessor [org.apache.rocketmq.spring.annotation.RocketMQMessageListenerBeanPostProcessor]? Check the corresponding BeanPostProcessor declaration and its dependencies/advisors. If this bean does not have to be post-processed, declare it with ROLE_INFRASTRUCTURE.
2024-12-04 22:17:07.905 [main] INFO  com.alibaba.druid.pool.DruidDataSource - {dataSource-7} inited
2024-12-04 22:17:08.443 [main] INFO  org.hibernate.jpa.internal.util.LogHelper - HHH000204: Processing PersistenceUnitInfo [name: default]
2024-12-04 22:17:08.448 [main] INFO  o.hibernate.cache.internal.RegionFactoryInitiator - HHH000026: Second-level cache disabled
2024-12-04 22:17:08.495 [main] INFO  o.s.o.j.persistenceunit.SpringPersistenceUnitInfo - No LoadTimeWeaver setup: ignoring JPA class transformer
2024-12-04 22:17:08.671 [main] INFO  o.h.e.t.jta.platform.internal.JtaPlatformInitiator - HHH000489: No JTA platform available (set 'hibernate.transaction.jta.platform' to enable JTA platform integration)
2024-12-04 22:17:08.671 [main] INFO  o.s.orm.jpa.LocalContainerEntityManagerFactoryBean - Initialized JPA EntityManagerFactory for persistence unit 'default'
2024-12-04 22:17:08.863 [main] DEBUG cn.edu.xmu.oomall.product.config.ProductConfig - snowFlakeIdWorker: ip = 192.168.56.1
2024-12-04 22:17:08.920 [main] WARN  o.s.b.a.o.j.JpaBaseConfiguration$JpaWebConfiguration - spring.jpa.open-in-view is enabled by default. Therefore, database queries may be performed during view rendering. Explicitly configure spring.jpa.open-in-view to disable this warning
2024-12-04 22:17:08.954 [main] INFO  o.s.cloud.openfeign.FeignClientFactoryBean - For 'elasticsearch-service' URL not provided. Will try picking an instance via load-balancing.
2024-12-04 22:17:08.994 [main] INFO  org.mongodb.driver.cluster - Adding discovered server mongo1:27017 to client view of cluster
2024-12-04 22:17:08.996 [main] INFO  org.mongodb.driver.cluster - Adding discovered server mongo2:27017 to client view of cluster
2024-12-04 22:17:08.997 [main] INFO  org.mongodb.driver.cluster - Adding discovered server mongo3:27017 to client view of cluster
2024-12-04 22:17:09.002 [main] INFO  org.mongodb.driver.client - MongoClient with metadata {"driver": {"name": "mongo-java-driver|sync", "version": "5.0.1"}, "os": {"type": "Windows", "name": "Windows 11", "architecture": "amd64", "version": "10.0"}, "platform": "Java/Oracle Corporation/17.0.10+11-LTS-240"} created with settings MongoClientSettings{readPreference=ReadPreference{name=nearest, hedgeOptions=null}, writeConcern=WriteConcern{w=null, wTimeout=null ms, journal=null}, retryWrites=true, retryReads=true, readConcern=ReadConcern{level=null}, credential=MongoCredential{mechanism=null, userName='demouser', source='oomall', password=<hidden>, mechanismProperties=<hidden>}, transportSettings=null, commandListeners=[cn.edu.xmu.oomall.product.config.MongoCommandLogger@4adfce67], codecRegistry=ProvidersCodecRegistry{codecProviders=[ValueCodecProvider{}, BsonValueCodecProvider{}, DBRefCodecProvider{}, DBObjectCodecProvider{}, DocumentCodecProvider{}, CollectionCodecProvider{}, IterableCodecProvider{}, MapCodecProvider{}, GeoJsonCodecProvider{}, GridFSFileCodecProvider{}, Jsr310CodecProvider{}, JsonObjectCodecProvider{}, BsonCodecProvider{}, EnumCodecProvider{}, com.mongodb.client.model.mql.ExpressionCodecProvider@399a27c0, com.mongodb.Jep395RecordCodecProvider@54baa076, com.mongodb.KotlinCodecProvider@3065d07d]}, loggerSettings=LoggerSettings{maxDocumentLength=1000}, clusterSettings={hosts=[mongo1:27017, mongo2:27017, mongo3:27017], srvServiceName=mongodb, mode=MULTIPLE, requiredClusterType=REPLICA_SET, requiredReplicaSetName='rs0', serverSelector='null', clusterListeners='[]', serverSelectionTimeout='30000 ms', localThreshold='15 ms'}, socketSettings=SocketSettings{connectTimeoutMS=10000, readTimeoutMS=0, receiveBufferSize=0, proxySettings=ProxySettings{host=null, port=null, username=null, password=null}}, heartbeatSocketSettings=SocketSettings{connectTimeoutMS=10000, readTimeoutMS=10000, receiveBufferSize=0, proxySettings=ProxySettings{host=null, port=null, username=null, password=null}}, connectionPoolSettings=ConnectionPoolSettings{maxSize=100, minSize=0, maxWaitTimeMS=120000, maxConnectionLifeTimeMS=0, maxConnectionIdleTimeMS=0, maintenanceInitialDelayMS=0, maintenanceFrequencyMS=60000, connectionPoolListeners=[], maxConnecting=2}, serverSettings=ServerSettings{heartbeatFrequencyMS=10000, minHeartbeatFrequencyMS=500, serverListeners='[]', serverMonitorListeners='[]'}, sslSettings=SslSettings{enabled=false, invalidHostNameAllowed=false, context=null}, applicationName='null', compressorList=[], uuidRepresentation=UNSPECIFIED, serverApi=null, autoEncryptionSettings=null, dnsClient=null, inetAddressResolver=null, contextProvider=null}
2024-12-04 22:17:09.089 [cluster-ClusterId{value='6750646406b2de2102d09640', description='null'}-mongo1:27017] INFO  org.mongodb.driver.cluster - Monitor thread successfully connected to server with description ServerDescription{address=mongo1:27017, type=REPLICA_SET_PRIMARY, state=CONNECTED, ok=true, minWireVersion=0, maxWireVersion=25, maxDocumentSize=16777216, logicalSessionTimeoutMinutes=30, roundTripTimeNanos=43710200, setName='rs0', canonicalAddress=mongo1:27017, hosts=[mongo1:27017], passives=[mongo3:27017, mongo2:27017], arbiters=[], primary='mongo1:27017', tagSet=TagSet{[]}, electionId=7fffffff00000000000000f7, setVersion=1, topologyVersion=TopologyVersion{processId=6750545c33ed055bb0fd0f23, counter=6}, lastWriteDate=Wed Dec 04 22:16:58 CST 2024, lastUpdateTimeNanos=47021097117000}
2024-12-04 22:17:09.089 [cluster-ClusterId{value='6750646406b2de2102d09640', description='null'}-mongo1:27017] INFO  org.mongodb.driver.cluster - Discovered replica set primary mongo1:27017 with max election id 7fffffff00000000000000f7 and max set version 1
2024-12-04 22:17:09.116 [main] INFO  o.s.cloud.openfeign.FeignClientFactoryBean - For 'freight-service' URL not provided. Will try picking an instance via load-balancing.
2024-12-04 22:17:11.468 [main] INFO  o.a.r.s.autoconfigure.RocketMQAutoConfiguration - a producer (goods-producer) init on namesrv rocketmq-namesrv:9876
2024-12-04 22:17:11.674 [cluster-ClusterId{value='6750645306b2de2102d0963e', description='null'}-mongo2:27017] INFO  org.mongodb.driver.cluster - Monitor thread successfully connected to server with description ServerDescription{address=mongo2:27017, type=REPLICA_SET_PRIMARY, state=CONNECTED, ok=true, minWireVersion=0, maxWireVersion=25, maxDocumentSize=16777216, logicalSessionTimeoutMinutes=30, roundTripTimeNanos=46166000, setName='rs0', canonicalAddress=mongo1:27017, hosts=[mongo1:27017], passives=[mongo3:27017, mongo2:27017], arbiters=[], primary='mongo1:27017', tagSet=TagSet{[]}, electionId=7fffffff00000000000000f7, setVersion=1, topologyVersion=TopologyVersion{processId=6750545c33ed055bb0fd0f23, counter=6}, lastWriteDate=Wed Dec 04 22:16:58 CST 2024, lastUpdateTimeNanos=47023682092400}
2024-12-04 22:17:11.674 [cluster-ClusterId{value='6750645306b2de2102d0963e', description='null'}-mongo2:27017] INFO  org.mongodb.driver.cluster - Rediscovering type of existing primary mongo1:27017
2024-12-04 22:17:11.674 [cluster-ClusterId{value='6750645306b2de2102d0963e', description='null'}-mongo2:27017] INFO  org.mongodb.driver.cluster - Discovered replica set primary mongo2:27017 with max election id 7fffffff00000000000000f7 and max set version 1
2024-12-04 22:17:11.699 [main] INFO  o.s.b.test.mock.web.SpringBootMockServletContext - Initializing Spring TestDispatcherServlet ''
2024-12-04 22:17:11.699 [main] INFO  o.s.test.web.servlet.TestDispatcherServlet - Initializing Servlet ''
2024-12-04 22:17:11.703 [main] INFO  o.s.b.actuate.endpoint.web.EndpointLinksResolver - Exposing 19 endpoints beneath base path '/actuator'
2024-12-04 22:17:11.711 [main] INFO  o.s.test.web.servlet.TestDispatcherServlet - Completed initialization in 12 ms
2024-12-04 22:17:11.735 [cluster-ClusterId{value='6750645306b2de2102d0963e', description='null'}-mongo3:27017] INFO  org.mongodb.driver.cluster - Rediscovering type of existing primary mongo2:27017
2024-12-04 22:17:11.735 [cluster-ClusterId{value='6750645306b2de2102d0963e', description='null'}-mongo3:27017] INFO  org.mongodb.driver.cluster - Discovered replica set primary mongo3:27017 with max election id 7fffffff00000000000000f7 and max set version 1
2024-12-04 22:17:11.742 [cluster-ClusterId{value='6750645306b2de2102d0963e', description='null'}-mongo1:27017] INFO  org.mongodb.driver.cluster - Rediscovering type of existing primary mongo3:27017
2024-12-04 22:17:11.742 [cluster-ClusterId{value='6750645306b2de2102d0963e', description='null'}-mongo1:27017] INFO  org.mongodb.driver.cluster - Discovered replica set primary mongo1:27017 with max election id 7fffffff00000000000000f7 and max set version 1
2024-12-04 22:17:12.031 [main] WARN  o.s.c.l.c.LoadBalancerCacheAutoConfiguration$LoadBalancerCaffeineWarnLogger - Spring Cloud LoadBalancer is currently working with the default cache. While this cache implementation is useful for development and tests, it's recommended to use Caffeine cache in production.You can switch to using Caffeine cache, by adding it and org.springframework.cache.caffeine.CaffeineCacheManager to the classpath.
2024-12-04 22:17:12.149 [main] INFO  c.e.x.o.p.controller.ShopProductControllerTest - Started ShopProductControllerTest in 5.809 seconds (process running for 168.718)
2024-12-04 22:17:12.150 [main] DEBUG cn.edu.xmu.javaee.core.util.JwtHelper - createToken:
2024-12-04 22:17:12.150 [main] DEBUG cn.edu.xmu.javaee.core.util.JwtHelper - createToken: userId = 1 userName=13088admin departId=0 tokenId:202412042217121NUA
2024-12-04 22:17:12.150 [main] INFO  cn.edu.xmu.oomall.product.config.StartupRunner - admin token = eyJ0eXAiOiJKV1QiLCJhbGciOiJIUzI1NiJ9.eyJ1c2VySWQiOjEsImRlcGFydElkIjowLCJ0b2tlbklkIjoiMjAyNDEyMDQyMjE3MTIxTlVBIiwidXNlck5hbWUiOiIxMzA4OGFkbWluIiwidXNlckxldmVsIjoxLCJpc3MiOiJPT0FEIiwic3ViIjoidGhpcyBpcyBhIHRva2VuIiwiYXVkIjoiTUlOSUFQUCIsImlhdCI6MTczMzMyMTgzMiwiZXhwIjoxNzMzMzI1NDMyfQ.EQnNqtsR4QWjTMLhczIOEH5uwbDV5KZSqLxMO2KsCzI
2024-12-04 22:17:12.150 [main] DEBUG cn.edu.xmu.javaee.core.util.JwtHelper - createToken:
2024-12-04 22:17:12.151 [main] DEBUG cn.edu.xmu.javaee.core.util.JwtHelper - createToken: userId = 2 userName=shop1 departId=1 tokenId:202412042217121TQA
2024-12-04 22:17:12.151 [main] INFO  cn.edu.xmu.oomall.product.config.StartupRunner - shop 1 token = eyJ0eXAiOiJKV1QiLCJhbGciOiJIUzI1NiJ9.eyJ1c2VySWQiOjIsImRlcGFydElkIjoxLCJ0b2tlbklkIjoiMjAyNDEyMDQyMjE3MTIxVFFBIiwidXNlck5hbWUiOiJzaG9wMSIsInVzZXJMZXZlbCI6MSwiaXNzIjoiT09BRCIsInN1YiI6InRoaXMgaXMgYSB0b2tlbiIsImF1ZCI6Ik1JTklBUFAiLCJpYXQiOjE3MzMzMjE4MzIsImV4cCI6MTczMzMyNTQzMn0.0-ch_lnGbr0JXpqOEo2DDwv8Z0U_1K2_yxL9KdJhAFk
2024-12-04 22:17:12.151 [main] INFO  com.alibaba.nacos.client.config.impl.CacheData - [fixed-nacos_8848] [add-listener] ok, tenant=, dataId=product-service-prod.yaml, group=DEFAULT_GROUP, cnt=7
2024-12-04 22:17:12.151 [main] INFO  c.a.cloud.nacos.refresh.NacosContextRefresher - [Nacos Config] Listening config: dataId=product-service-prod.yaml, group=DEFAULT_GROUP
2024-12-04 22:17:12.151 [main] INFO  com.alibaba.nacos.client.config.impl.CacheData - [fixed-nacos_8848] [add-listener] ok, tenant=, dataId=product-service, group=DEFAULT_GROUP, cnt=7
2024-12-04 22:17:12.151 [main] INFO  c.a.cloud.nacos.refresh.NacosContextRefresher - [Nacos Config] Listening config: dataId=product-service, group=DEFAULT_GROUP
2024-12-04 22:17:12.152 [main] INFO  com.alibaba.nacos.client.config.impl.CacheData - [fixed-nacos_8848] [add-listener] ok, tenant=, dataId=product-service.yaml, group=DEFAULT_GROUP, cnt=7
2024-12-04 22:17:12.152 [main] INFO  c.a.cloud.nacos.refresh.NacosContextRefresher - [Nacos Config] Listening config: dataId=product-service.yaml, group=DEFAULT_GROUP
2024-12-04 22:17:12.259 [main] DEBUG cn.edu.xmu.javaee.core.aop.ControllerAspect - doAround: method = delOnsaleId, paramNames = [shopId, id, user]
2024-12-04 22:17:12.260 [main] DEBUG cn.edu.xmu.javaee.core.aop.ControllerAspect - checkPageTimeLimit: paramNames[0] = shopId
2024-12-04 22:17:12.260 [main] DEBUG cn.edu.xmu.javaee.core.aop.ControllerAspect - checkPageTimeLimit: paramNames[1] = id
2024-12-04 22:17:12.260 [main] DEBUG cn.edu.xmu.javaee.core.aop.ControllerAspect - checkPageTimeLimit: paramNames[2] = user
2024-12-04 22:17:12.260 [main] DEBUG cn.edu.xmu.javaee.core.aop.AuditAspect - decryptToken : token = UserToken(userId=1, userName=努力向前, departId=4, expireTime=Wed Dec 04 23:17:06 CST 2024, userLevel=1)
2024-12-04 22:17:12.261 [main] DEBUG cn.edu.xmu.javaee.core.aop.AuditAspect - checkDepartId : the api path is /shops/4/onsales/845
2024-12-04 22:17:12.261 [main] DEBUG cn.edu.xmu.javaee.core.aop.AuditAspect - checkDepartId: getPathInfo = /shops/4/onsales/845
2024-12-04 22:17:12.261 [main] DEBUG cn.edu.xmu.javaee.core.aop.AuditAspect - checkDepartId : did = 4
2024-12-04 22:17:12.261 [main] DEBUG cn.edu.xmu.javaee.core.aop.AuditAspect - checkDepartId : success match Id!
2024-12-04 22:17:12.262 [main] DEBUG cn.edu.xmu.oomall.product.dao.onsale.OnSaleDao - findById: id =845
2024-12-04 22:17:12.315 [main] DEBUG cn.edu.xmu.javaee.core.aop.DaoAspect - doAround: obj = cn.edu.xmu.oomall.product.dao.onsale.OnSaleDao@4a0b9c5, method = findById
2024-12-04 22:17:12.428 [main] INFO  c.e.xmu.oomall.product.mapper.rocketmq.OrderMapper - delete: delete onsale id 845 message send.
2024-12-04 22:17:12.428 [main] DEBUG cn.edu.xmu.javaee.core.aop.DaoAspect - doAround: obj = cn.edu.xmu.oomall.product.dao.onsale.OnSaleDao@4a0b9c5, method = tryToDel
2024-12-04 22:17:12.428 [main] DEBUG cn.edu.xmu.javaee.core.aop.ControllerAspect - doAround: jp = delOnsaleId, code = OK
]]></system-out>
  </testcase>
  <testcase name="testCancelOnsaleIdGivenOngoing" classname="cn.edu.xmu.oomall.product.controller.ShopProductControllerTest" time="0.308">
    <system-out><![CDATA[2024-12-04 22:17:12.590 [main] DEBUG cn.edu.xmu.javaee.core.aop.ControllerAspect - doAround: method = cancelOnsaleId, paramNames = [shopId, id, user]
2024-12-04 22:17:12.590 [main] DEBUG cn.edu.xmu.javaee.core.aop.ControllerAspect - checkPageTimeLimit: paramNames[0] = shopId
2024-12-04 22:17:12.590 [main] DEBUG cn.edu.xmu.javaee.core.aop.ControllerAspect - checkPageTimeLimit: paramNames[1] = id
2024-12-04 22:17:12.590 [main] DEBUG cn.edu.xmu.javaee.core.aop.ControllerAspect - checkPageTimeLimit: paramNames[2] = user
2024-12-04 22:17:12.591 [main] DEBUG cn.edu.xmu.javaee.core.aop.AuditAspect - decryptToken : token = UserToken(userId=1, userName=努力向前, departId=4, expireTime=Wed Dec 04 23:17:06 CST 2024, userLevel=1)
2024-12-04 22:17:12.591 [main] DEBUG cn.edu.xmu.javaee.core.aop.AuditAspect - checkDepartId : the api path is /shops/4/onsales/845/cancel
2024-12-04 22:17:12.591 [main] DEBUG cn.edu.xmu.javaee.core.aop.AuditAspect - checkDepartId: getPathInfo = /shops/4/onsales/845/cancel
2024-12-04 22:17:12.591 [main] DEBUG cn.edu.xmu.javaee.core.aop.AuditAspect - checkDepartId : did = 4
2024-12-04 22:17:12.591 [main] DEBUG cn.edu.xmu.javaee.core.aop.AuditAspect - checkDepartId : success match Id!
2024-12-04 22:17:12.591 [main] DEBUG cn.edu.xmu.oomall.product.dao.onsale.OnSaleDao - findById: id =845
2024-12-04 22:17:12.644 [main] DEBUG cn.edu.xmu.javaee.core.aop.DaoAspect - doAround: obj = cn.edu.xmu.oomall.product.dao.onsale.OnSaleDao@4a0b9c5, method = findById
2024-12-04 22:17:12.644 [main] DEBUG cn.edu.xmu.oomall.product.dao.onsale.OnSaleDao - save: onsale=OnSale(super=OOMallObject(id=845, creatorId=null, creatorName=null, modifierId=null, modifierName=null, gmtCreate=null, gmtModified=null), price=null, beginTime=null, endTime=2024-12-04T22:17:12.644773900, quantity=null, maxQuantity=null, shopId=null, productId=null, type=null, deposit=null, payTime=null)
2024-12-04 22:17:12.644 [main] DEBUG cn.edu.xmu.oomall.product.dao.onsale.OnSaleDao - hasConflictOnsale: onsale = OnSale(super=OOMallObject(id=845, creatorId=null, creatorName=null, modifierId=null, modifierName=null, gmtCreate=null, gmtModified=null), price=null, beginTime=null, endTime=2024-12-04T22:17:12.644773900, quantity=null, maxQuantity=null, shopId=null, productId=null, type=null, deposit=null, payTime=null)
2024-12-04 22:17:12.700 [main] DEBUG c.e.x.j.core.jpa.SelectiveUpdateJpaRepositoryImpl - save: update obj
2024-12-04 22:17:12.700 [main] DEBUG c.e.x.j.core.jpa.SelectiveUpdateJpaRepositoryImpl - getSql : className = cn.edu.xmu.oomall.product.mapper.po.OnsalePo
2024-12-04 22:17:12.700 [main] DEBUG c.e.x.j.core.jpa.SelectiveUpdateJpaRepositoryImpl - getSql : table = goods_onsale
2024-12-04 22:17:12.700 [main] DEBUG c.e.x.j.core.jpa.SelectiveUpdateJpaRepositoryImpl - getValueByPropertyName : method = getId
2024-12-04 22:17:12.700 [main] DEBUG c.e.x.j.core.jpa.SelectiveUpdateJpaRepositoryImpl - getSql : pp = private java.lang.Long cn.edu.xmu.oomall.product.mapper.po.OnsalePo.id, object  = 845
2024-12-04 22:17:12.700 [main] DEBUG c.e.x.j.core.jpa.SelectiveUpdateJpaRepositoryImpl - getSql : columns = id
2024-12-04 22:17:12.700 [main] DEBUG c.e.x.j.core.jpa.SelectiveUpdateJpaRepositoryImpl - getValueByPropertyName : method = getCreatorId
2024-12-04 22:17:12.700 [main] DEBUG c.e.x.j.core.jpa.SelectiveUpdateJpaRepositoryImpl - getSql : pp = private java.lang.Long cn.edu.xmu.oomall.product.mapper.po.OnsalePo.creatorId, object  = null
2024-12-04 22:17:12.700 [main] DEBUG c.e.x.j.core.jpa.SelectiveUpdateJpaRepositoryImpl - getSql : columns = creator_id
2024-12-04 22:17:12.700 [main] DEBUG c.e.x.j.core.jpa.SelectiveUpdateJpaRepositoryImpl - getValueByPropertyName : method = getCreatorName
2024-12-04 22:17:12.700 [main] DEBUG c.e.x.j.core.jpa.SelectiveUpdateJpaRepositoryImpl - getSql : pp = private java.lang.String cn.edu.xmu.oomall.product.mapper.po.OnsalePo.creatorName, object  = null
2024-12-04 22:17:12.700 [main] DEBUG c.e.x.j.core.jpa.SelectiveUpdateJpaRepositoryImpl - getSql : columns = creator_name
2024-12-04 22:17:12.700 [main] DEBUG c.e.x.j.core.jpa.SelectiveUpdateJpaRepositoryImpl - getValueByPropertyName : method = getModifierId
2024-12-04 22:17:12.700 [main] DEBUG c.e.x.j.core.jpa.SelectiveUpdateJpaRepositoryImpl - getSql : pp = private java.lang.Long cn.edu.xmu.oomall.product.mapper.po.OnsalePo.modifierId, object  = 1
2024-12-04 22:17:12.700 [main] DEBUG c.e.x.j.core.jpa.SelectiveUpdateJpaRepositoryImpl - getSql : columns = modifier_id
2024-12-04 22:17:12.700 [main] DEBUG c.e.x.j.core.jpa.SelectiveUpdateJpaRepositoryImpl - getValueByPropertyName : method = getModifierName
2024-12-04 22:17:12.700 [main] DEBUG c.e.x.j.core.jpa.SelectiveUpdateJpaRepositoryImpl - getSql : pp = private java.lang.String cn.edu.xmu.oomall.product.mapper.po.OnsalePo.modifierName, object  = 努力向前
2024-12-04 22:17:12.700 [main] DEBUG c.e.x.j.core.jpa.SelectiveUpdateJpaRepositoryImpl - getSql : columns = modifier_name
2024-12-04 22:17:12.700 [main] DEBUG c.e.x.j.core.jpa.SelectiveUpdateJpaRepositoryImpl - getValueByPropertyName : method = getGmtCreate
2024-12-04 22:17:12.700 [main] DEBUG c.e.x.j.core.jpa.SelectiveUpdateJpaRepositoryImpl - getSql : pp = private java.time.LocalDateTime cn.edu.xmu.oomall.product.mapper.po.OnsalePo.gmtCreate, object  = null
2024-12-04 22:17:12.700 [main] DEBUG c.e.x.j.core.jpa.SelectiveUpdateJpaRepositoryImpl - getSql : columns = gmt_create
2024-12-04 22:17:12.700 [main] DEBUG c.e.x.j.core.jpa.SelectiveUpdateJpaRepositoryImpl - getValueByPropertyName : method = getGmtModified
2024-12-04 22:17:12.700 [main] DEBUG c.e.x.j.core.jpa.SelectiveUpdateJpaRepositoryImpl - getSql : pp = private java.time.LocalDateTime cn.edu.xmu.oomall.product.mapper.po.OnsalePo.gmtModified, object  = 2024-12-04T22:17:12.699412100
2024-12-04 22:17:12.700 [main] DEBUG c.e.x.j.core.jpa.SelectiveUpdateJpaRepositoryImpl - getSql : columns = gmt_modified
2024-12-04 22:17:12.700 [main] DEBUG c.e.x.j.core.jpa.SelectiveUpdateJpaRepositoryImpl - getValueByPropertyName : method = getShopId
2024-12-04 22:17:12.700 [main] DEBUG c.e.x.j.core.jpa.SelectiveUpdateJpaRepositoryImpl - getSql : pp = private java.lang.Long cn.edu.xmu.oomall.product.mapper.po.OnsalePo.shopId, object  = null
2024-12-04 22:17:12.700 [main] DEBUG c.e.x.j.core.jpa.SelectiveUpdateJpaRepositoryImpl - getSql : columns = shop_id
2024-12-04 22:17:12.700 [main] DEBUG c.e.x.j.core.jpa.SelectiveUpdateJpaRepositoryImpl - getValueByPropertyName : method = getProductId
2024-12-04 22:17:12.700 [main] DEBUG c.e.x.j.core.jpa.SelectiveUpdateJpaRepositoryImpl - getSql : pp = private java.lang.Long cn.edu.xmu.oomall.product.mapper.po.OnsalePo.productId, object  = null
2024-12-04 22:17:12.700 [main] DEBUG c.e.x.j.core.jpa.SelectiveUpdateJpaRepositoryImpl - getSql : columns = product_id
2024-12-04 22:17:12.700 [main] DEBUG c.e.x.j.core.jpa.SelectiveUpdateJpaRepositoryImpl - getValueByPropertyName : method = getPrice
2024-12-04 22:17:12.700 [main] DEBUG c.e.x.j.core.jpa.SelectiveUpdateJpaRepositoryImpl - getSql : pp = private java.lang.Long cn.edu.xmu.oomall.product.mapper.po.OnsalePo.price, object  = null
2024-12-04 22:17:12.700 [main] DEBUG c.e.x.j.core.jpa.SelectiveUpdateJpaRepositoryImpl - getSql : columns = price
2024-12-04 22:17:12.700 [main] DEBUG c.e.x.j.core.jpa.SelectiveUpdateJpaRepositoryImpl - getValueByPropertyName : method = getBeginTime
2024-12-04 22:17:12.700 [main] DEBUG c.e.x.j.core.jpa.SelectiveUpdateJpaRepositoryImpl - getSql : pp = private java.time.LocalDateTime cn.edu.xmu.oomall.product.mapper.po.OnsalePo.beginTime, object  = null
2024-12-04 22:17:12.700 [main] DEBUG c.e.x.j.core.jpa.SelectiveUpdateJpaRepositoryImpl - getSql : columns = begin_time
2024-12-04 22:17:12.700 [main] DEBUG c.e.x.j.core.jpa.SelectiveUpdateJpaRepositoryImpl - getValueByPropertyName : method = getEndTime
2024-12-04 22:17:12.700 [main] DEBUG c.e.x.j.core.jpa.SelectiveUpdateJpaRepositoryImpl - getSql : pp = private java.time.LocalDateTime cn.edu.xmu.oomall.product.mapper.po.OnsalePo.endTime, object  = 2024-12-04T22:17:12.644773900
2024-12-04 22:17:12.700 [main] DEBUG c.e.x.j.core.jpa.SelectiveUpdateJpaRepositoryImpl - getSql : columns = end_time
2024-12-04 22:17:12.700 [main] DEBUG c.e.x.j.core.jpa.SelectiveUpdateJpaRepositoryImpl - getValueByPropertyName : method = getQuantity
2024-12-04 22:17:12.700 [main] DEBUG c.e.x.j.core.jpa.SelectiveUpdateJpaRepositoryImpl - getSql : pp = private java.lang.Integer cn.edu.xmu.oomall.product.mapper.po.OnsalePo.quantity, object  = null
2024-12-04 22:17:12.700 [main] DEBUG c.e.x.j.core.jpa.SelectiveUpdateJpaRepositoryImpl - getSql : columns = quantity
2024-12-04 22:17:12.700 [main] DEBUG c.e.x.j.core.jpa.SelectiveUpdateJpaRepositoryImpl - getValueByPropertyName : method = getType
2024-12-04 22:17:12.700 [main] DEBUG c.e.x.j.core.jpa.SelectiveUpdateJpaRepositoryImpl - getSql : pp = private java.lang.Byte cn.edu.xmu.oomall.product.mapper.po.OnsalePo.type, object  = null
2024-12-04 22:17:12.700 [main] DEBUG c.e.x.j.core.jpa.SelectiveUpdateJpaRepositoryImpl - getSql : columns = type
2024-12-04 22:17:12.700 [main] DEBUG c.e.x.j.core.jpa.SelectiveUpdateJpaRepositoryImpl - getValueByPropertyName : method = getMaxQuantity
2024-12-04 22:17:12.700 [main] DEBUG c.e.x.j.core.jpa.SelectiveUpdateJpaRepositoryImpl - getSql : pp = private java.lang.Integer cn.edu.xmu.oomall.product.mapper.po.OnsalePo.maxQuantity, object  = null
2024-12-04 22:17:12.700 [main] DEBUG c.e.x.j.core.jpa.SelectiveUpdateJpaRepositoryImpl - getSql : columns = max_quantity
2024-12-04 22:17:12.701 [main] DEBUG c.e.x.j.core.jpa.SelectiveUpdateJpaRepositoryImpl - getValueByPropertyName : method = getPayTime
2024-12-04 22:17:12.701 [main] DEBUG c.e.x.j.core.jpa.SelectiveUpdateJpaRepositoryImpl - getSql : pp = private java.time.LocalDateTime cn.edu.xmu.oomall.product.mapper.po.OnsalePo.payTime, object  = null
2024-12-04 22:17:12.701 [main] DEBUG c.e.x.j.core.jpa.SelectiveUpdateJpaRepositoryImpl - getSql : columns = pay_time
2024-12-04 22:17:12.701 [main] DEBUG c.e.x.j.core.jpa.SelectiveUpdateJpaRepositoryImpl - getValueByPropertyName : method = getDeposit
2024-12-04 22:17:12.701 [main] DEBUG c.e.x.j.core.jpa.SelectiveUpdateJpaRepositoryImpl - getSql : pp = private java.lang.Long cn.edu.xmu.oomall.product.mapper.po.OnsalePo.deposit, object  = null
2024-12-04 22:17:12.701 [main] DEBUG c.e.x.j.core.jpa.SelectiveUpdateJpaRepositoryImpl - getSql : columns = deposit
2024-12-04 22:17:12.701 [main] DEBUG c.e.x.j.core.jpa.SelectiveUpdateJpaRepositoryImpl - getSql : sql = update goods_onsale set modifier_id = 1, modifier_name = '努力向前', gmt_modified = '2024-12-04T22:17:12.699412100', end_time = '2024-12-04T22:17:12.644773900' where id = 845;
2024-12-04 22:17:12.740 [cluster-ClusterId{value='675063fa06b2de2102d09639', description='null'}-mongo1:27017] INFO  org.mongodb.driver.cluster - Rediscovering type of existing primary mongo2:27017
2024-12-04 22:17:12.740 [cluster-ClusterId{value='675063fa06b2de2102d09639', description='null'}-mongo1:27017] INFO  org.mongodb.driver.cluster - Discovered replica set primary mongo1:27017 with max election id 7fffffff00000000000000f7 and max set version 1
2024-12-04 22:17:12.740 [cluster-ClusterId{value='675063fa06b2de2102d09639', description='null'}-mongo3:27017] INFO  org.mongodb.driver.cluster - Rediscovering type of existing primary mongo1:27017
2024-12-04 22:17:12.741 [cluster-ClusterId{value='675063fa06b2de2102d09639', description='null'}-mongo3:27017] INFO  org.mongodb.driver.cluster - Discovered replica set primary mongo3:27017 with max election id 7fffffff00000000000000f7 and max set version 1
2024-12-04 22:17:12.749 [main] DEBUG cn.edu.xmu.javaee.core.aop.ControllerAspect - doAround: jp = cancelOnsaleId, code = OK
2024-12-04 22:17:12.763 [cluster-ClusterId{value='675063fa06b2de2102d09639', description='null'}-mongo2:27017] INFO  org.mongodb.driver.cluster - Rediscovering type of existing primary mongo3:27017
2024-12-04 22:17:12.763 [cluster-ClusterId{value='675063fa06b2de2102d09639', description='null'}-mongo2:27017] INFO  org.mongodb.driver.cluster - Discovered replica set primary mongo2:27017 with max election id 7fffffff00000000000000f7 and max set version 1
]]></system-out>
  </testcase>
  <testcase name="testAddOnsaleWhenPayTimeIsAfterEndTime" classname="cn.edu.xmu.oomall.product.controller.ShopProductControllerTest" time="0.111">
    <system-out><![CDATA[2024-12-04 22:17:12.906 [main] DEBUG cn.edu.xmu.javaee.core.aop.ControllerAspect - doAround: method = addOnsale, paramNames = [shopId, id, vo, user]
2024-12-04 22:17:12.906 [main] DEBUG cn.edu.xmu.javaee.core.aop.ControllerAspect - checkPageTimeLimit: paramNames[0] = shopId
2024-12-04 22:17:12.906 [main] DEBUG cn.edu.xmu.javaee.core.aop.ControllerAspect - checkPageTimeLimit: paramNames[1] = id
2024-12-04 22:17:12.906 [main] DEBUG cn.edu.xmu.javaee.core.aop.ControllerAspect - checkPageTimeLimit: paramNames[2] = vo
2024-12-04 22:17:12.906 [main] DEBUG cn.edu.xmu.javaee.core.aop.ControllerAspect - checkPageTimeLimit: paramNames[3] = user
2024-12-04 22:17:12.907 [main] DEBUG cn.edu.xmu.javaee.core.aop.AuditAspect - decryptToken : token = UserToken(userId=1, userName=坚持就是胜利, departId=5, expireTime=Wed Dec 04 23:17:06 CST 2024, userLevel=1)
2024-12-04 22:17:12.907 [main] DEBUG cn.edu.xmu.javaee.core.aop.AuditAspect - checkDepartId : the api path is /shops/5/products/1555/onsales
2024-12-04 22:17:12.907 [main] DEBUG cn.edu.xmu.javaee.core.aop.AuditAspect - checkDepartId: getPathInfo = /shops/5/products/1555/onsales
2024-12-04 22:17:12.907 [main] DEBUG cn.edu.xmu.javaee.core.aop.AuditAspect - checkDepartId : did = 5
2024-12-04 22:17:12.907 [main] DEBUG cn.edu.xmu.javaee.core.aop.AuditAspect - checkDepartId : success match Id!
2024-12-04 22:17:12.908 [main] INFO  cn.edu.xmu.javaee.core.aop.ControllerAspect - doAround: BusinessException， errno = ADV_SALE_TIMELATE
2024-12-04 22:17:12.908 [main] DEBUG cn.edu.xmu.javaee.core.aop.ControllerAspect - doAround: jp = addOnsale, code = ADV_SALE_TIMELATE
2024-12-04 22:17:12.921 [cluster-ClusterId{value='6750642206b2de2102d0963c', description='null'}-mongo3:27017] INFO  org.mongodb.driver.cluster - Rediscovering type of existing primary mongo2:27017
2024-12-04 22:17:12.921 [cluster-ClusterId{value='6750642206b2de2102d0963c', description='null'}-mongo3:27017] INFO  org.mongodb.driver.cluster - Discovered replica set primary mongo3:27017 with max election id 7fffffff00000000000000f7 and max set version 1
2024-12-04 22:17:12.923 [cluster-ClusterId{value='6750642206b2de2102d0963c', description='null'}-mongo1:27017] INFO  org.mongodb.driver.cluster - Rediscovering type of existing primary mongo3:27017
2024-12-04 22:17:12.923 [cluster-ClusterId{value='6750642206b2de2102d0963c', description='null'}-mongo1:27017] INFO  org.mongodb.driver.cluster - Discovered replica set primary mongo1:27017 with max election id 7fffffff00000000000000f7 and max set version 1
2024-12-04 22:17:12.924 [cluster-ClusterId{value='6750642206b2de2102d0963c', description='null'}-mongo2:27017] INFO  org.mongodb.driver.cluster - Rediscovering type of existing primary mongo1:27017
2024-12-04 22:17:12.924 [cluster-ClusterId{value='6750642206b2de2102d0963c', description='null'}-mongo2:27017] INFO  org.mongodb.driver.cluster - Discovered replica set primary mongo2:27017 with max election id 7fffffff00000000000000f7 and max set version 1
]]></system-out>
  </testcase>
  <testcase name="testAddOnsaleWhenTimeConflict" classname="cn.edu.xmu.oomall.product.controller.ShopProductControllerTest" time="0.271">
    <system-out><![CDATA[2024-12-04 22:17:13.012 [main] DEBUG cn.edu.xmu.javaee.core.aop.ControllerAspect - doAround: method = addOnsale, paramNames = [shopId, id, vo, user]
2024-12-04 22:17:13.013 [main] DEBUG cn.edu.xmu.javaee.core.aop.ControllerAspect - checkPageTimeLimit: paramNames[0] = shopId
2024-12-04 22:17:13.013 [main] DEBUG cn.edu.xmu.javaee.core.aop.ControllerAspect - checkPageTimeLimit: paramNames[1] = id
2024-12-04 22:17:13.013 [main] DEBUG cn.edu.xmu.javaee.core.aop.ControllerAspect - checkPageTimeLimit: paramNames[2] = vo
2024-12-04 22:17:13.013 [main] DEBUG cn.edu.xmu.javaee.core.aop.ControllerAspect - checkPageTimeLimit: paramNames[3] = user
2024-12-04 22:17:13.014 [main] DEBUG cn.edu.xmu.javaee.core.aop.AuditAspect - decryptToken : token = UserToken(userId=1, userName=坚持就是胜利, departId=5, expireTime=Wed Dec 04 23:17:06 CST 2024, userLevel=1)
2024-12-04 22:17:13.014 [main] DEBUG cn.edu.xmu.javaee.core.aop.AuditAspect - checkDepartId : the api path is /shops/5/products/1555/onsales
2024-12-04 22:17:13.014 [main] DEBUG cn.edu.xmu.javaee.core.aop.AuditAspect - checkDepartId: getPathInfo = /shops/5/products/1555/onsales
2024-12-04 22:17:13.014 [main] DEBUG cn.edu.xmu.javaee.core.aop.AuditAspect - checkDepartId : did = 5
2024-12-04 22:17:13.014 [main] DEBUG cn.edu.xmu.javaee.core.aop.AuditAspect - checkDepartId : success match Id!
2024-12-04 22:17:13.014 [main] DEBUG cn.edu.xmu.oomall.product.dao.ProductDao - findNoOnsaleById: id = 1555
2024-12-04 22:17:13.068 [main] DEBUG cn.edu.xmu.javaee.core.aop.DaoAspect - doAround: obj = cn.edu.xmu.oomall.product.dao.ProductDao@2ae7bf57, method = findNoOnsaleById
2024-12-04 22:17:13.068 [main] DEBUG cn.edu.xmu.oomall.product.service.OnsaleService - insert: onsale = OnSale(super=OOMallObject(id=null, creatorId=null, creatorName=null, modifierId=null, modifierName=null, gmtCreate=null, gmtModified=null), price=50, beginTime=2023-12-01T08:00, endTime=2023-12-15T18:00, quantity=10, maxQuantity=5, shopId=5, productId=1555, type=1, deposit=10, payTime=2023-12-05T12:30)
2024-12-04 22:17:13.068 [main] DEBUG cn.edu.xmu.oomall.product.dao.onsale.OnSaleDao - insert: onsale=OnSale(super=OOMallObject(id=null, creatorId=null, creatorName=null, modifierId=null, modifierName=null, gmtCreate=null, gmtModified=null), price=50, beginTime=2023-12-01T08:00, endTime=2023-12-15T18:00, quantity=10, maxQuantity=5, shopId=5, productId=1555, type=1, deposit=10, payTime=2023-12-05T12:30)
2024-12-04 22:17:13.068 [main] DEBUG cn.edu.xmu.oomall.product.dao.onsale.OnSaleDao - hasConflictOnsale: onsale = OnSale(super=OOMallObject(id=null, creatorId=null, creatorName=null, modifierId=null, modifierName=null, gmtCreate=null, gmtModified=null), price=50, beginTime=2023-12-01T08:00, endTime=2023-12-15T18:00, quantity=10, maxQuantity=5, shopId=5, productId=1555, type=1, deposit=10, payTime=2023-12-05T12:30)
2024-12-04 22:17:13.124 [main] DEBUG cn.edu.xmu.oomall.product.dao.onsale.OnSaleDao - hasConflictOnsale: poList Size = 1, onsale's id = null
2024-12-04 22:17:13.126 [main] INFO  cn.edu.xmu.javaee.core.aop.ControllerAspect - doAround: BusinessException， errno = GOODS_ONSALE_CONFLICT
2024-12-04 22:17:13.126 [main] DEBUG cn.edu.xmu.javaee.core.aop.ControllerAspect - doAround: jp = addOnsale, code = GOODS_ONSALE_CONFLICT
]]></system-out>
  </testcase>
  <testcase name="testDelOnsaleIdWhenSendMessageAndSendFailed" classname="cn.edu.xmu.oomall.product.controller.ShopProductControllerTest" time="0.235">
    <system-out><![CDATA[2024-12-04 22:17:13.307 [main] DEBUG cn.edu.xmu.javaee.core.aop.ControllerAspect - doAround: method = delOnsaleId, paramNames = [shopId, id, user]
2024-12-04 22:17:13.307 [main] DEBUG cn.edu.xmu.javaee.core.aop.ControllerAspect - checkPageTimeLimit: paramNames[0] = shopId
2024-12-04 22:17:13.307 [main] DEBUG cn.edu.xmu.javaee.core.aop.ControllerAspect - checkPageTimeLimit: paramNames[1] = id
2024-12-04 22:17:13.307 [main] DEBUG cn.edu.xmu.javaee.core.aop.ControllerAspect - checkPageTimeLimit: paramNames[2] = user
2024-12-04 22:17:13.308 [main] DEBUG cn.edu.xmu.javaee.core.aop.AuditAspect - decryptToken : token = UserToken(userId=1, userName=努力向前, departId=4, expireTime=Wed Dec 04 23:17:06 CST 2024, userLevel=1)
2024-12-04 22:17:13.308 [main] DEBUG cn.edu.xmu.javaee.core.aop.AuditAspect - checkDepartId : the api path is /shops/4/onsales/845
2024-12-04 22:17:13.308 [main] DEBUG cn.edu.xmu.javaee.core.aop.AuditAspect - checkDepartId: getPathInfo = /shops/4/onsales/845
2024-12-04 22:17:13.308 [main] DEBUG cn.edu.xmu.javaee.core.aop.AuditAspect - checkDepartId : did = 4
2024-12-04 22:17:13.308 [main] DEBUG cn.edu.xmu.javaee.core.aop.AuditAspect - checkDepartId : success match Id!
2024-12-04 22:17:13.308 [main] DEBUG cn.edu.xmu.oomall.product.dao.onsale.OnSaleDao - findById: id =845
2024-12-04 22:17:13.359 [main] DEBUG cn.edu.xmu.javaee.core.aop.DaoAspect - doAround: obj = cn.edu.xmu.oomall.product.dao.onsale.OnSaleDao@4a0b9c5, method = findById
2024-12-04 22:17:13.369 [main] ERROR c.e.xmu.oomall.product.mapper.rocketmq.OrderMapper - delete: delete onsale id 845 fail to send message.
2024-12-04 22:17:13.369 [main] DEBUG cn.edu.xmu.javaee.core.aop.DaoAspect - doAround: obj = cn.edu.xmu.oomall.product.dao.onsale.OnSaleDao@4a0b9c5, method = tryToDel
2024-12-04 22:17:13.369 [main] DEBUG cn.edu.xmu.javaee.core.aop.ControllerAspect - doAround: jp = delOnsaleId, code = OK
]]></system-out>
  </testcase>
  <testcase name="testDelOnsaleIdWhenReceiveMessage" classname="cn.edu.xmu.oomall.product.controller.ShopProductControllerTest" time="0.2">
    <system-out><![CDATA[2024-12-04 22:17:13.575 [main] DEBUG cn.edu.xmu.javaee.core.aop.DaoAspect - doAround: obj = cn.edu.xmu.oomall.product.dao.onsale.OnSaleDao@4a0b9c5, method = delete
]]></system-out>
  </testcase>
  <testcase name="testCancelOnsaleIdGivenWrongToken" classname="cn.edu.xmu.oomall.product.controller.ShopProductControllerTest" time="0.201">
    <system-out><![CDATA[2024-12-04 22:17:13.723 [main] DEBUG cn.edu.xmu.javaee.core.aop.ControllerAspect - doAround: method = cancelOnsaleId, paramNames = [shopId, id, user]
2024-12-04 22:17:13.723 [main] DEBUG cn.edu.xmu.javaee.core.aop.ControllerAspect - checkPageTimeLimit: paramNames[0] = shopId
2024-12-04 22:17:13.724 [main] DEBUG cn.edu.xmu.javaee.core.aop.ControllerAspect - checkPageTimeLimit: paramNames[1] = id
2024-12-04 22:17:13.724 [main] DEBUG cn.edu.xmu.javaee.core.aop.ControllerAspect - checkPageTimeLimit: paramNames[2] = user
2024-12-04 22:17:13.724 [main] DEBUG cn.edu.xmu.javaee.core.aop.AuditAspect - decryptToken : token = UserToken(userId=1, userName=商铺8, departId=8, expireTime=Wed Dec 04 23:17:06 CST 2024, userLevel=1)
2024-12-04 22:17:13.724 [main] DEBUG cn.edu.xmu.javaee.core.aop.AuditAspect - checkDepartId : the api path is /shops/8/onsales/845/cancel
2024-12-04 22:17:13.724 [main] DEBUG cn.edu.xmu.javaee.core.aop.AuditAspect - checkDepartId: getPathInfo = /shops/8/onsales/845/cancel
2024-12-04 22:17:13.724 [main] DEBUG cn.edu.xmu.javaee.core.aop.AuditAspect - checkDepartId : did = 8
2024-12-04 22:17:13.724 [main] DEBUG cn.edu.xmu.javaee.core.aop.AuditAspect - checkDepartId : success match Id!
2024-12-04 22:17:13.725 [main] DEBUG cn.edu.xmu.oomall.product.dao.onsale.OnSaleDao - findById: id =845
2024-12-04 22:17:13.776 [main] INFO  cn.edu.xmu.javaee.core.aop.ControllerAspect - doAround: BusinessException， errno = RESOURCE_ID_OUTSCOPE
2024-12-04 22:17:13.776 [main] DEBUG cn.edu.xmu.javaee.core.aop.ControllerAspect - doAround: jp = cancelOnsaleId, code = RESOURCE_ID_OUTSCOPE
2024-12-04 22:17:13.859 [cluster-ClusterId{value='6750642d06b2de2102d0963d', description='null'}-mongo3:27017] INFO  org.mongodb.driver.cluster - Monitor thread successfully connected to server with description ServerDescription{address=mongo3:27017, type=REPLICA_SET_PRIMARY, state=CONNECTED, ok=true, minWireVersion=0, maxWireVersion=25, maxDocumentSize=16777216, logicalSessionTimeoutMinutes=30, roundTripTimeNanos=45482800, setName='rs0', canonicalAddress=mongo1:27017, hosts=[mongo1:27017], passives=[mongo3:27017, mongo2:27017], arbiters=[], primary='mongo1:27017', tagSet=TagSet{[]}, electionId=7fffffff00000000000000f7, setVersion=1, topologyVersion=TopologyVersion{processId=6750545c33ed055bb0fd0f23, counter=6}, lastWriteDate=Wed Dec 04 22:16:58 CST 2024, lastUpdateTimeNanos=47025867060500}
2024-12-04 22:17:13.859 [cluster-ClusterId{value='6750642d06b2de2102d0963d', description='null'}-mongo3:27017] INFO  org.mongodb.driver.cluster - Rediscovering type of existing primary mongo1:27017
2024-12-04 22:17:13.859 [cluster-ClusterId{value='6750642d06b2de2102d0963d', description='null'}-mongo3:27017] INFO  org.mongodb.driver.cluster - Discovered replica set primary mongo3:27017 with max election id 7fffffff00000000000000f7 and max set version 1
]]></system-out>
  </testcase>
  <testcase name="testAddOnsaleWhenPayTimeIsBeforeBeginTime" classname="cn.edu.xmu.oomall.product.controller.ShopProductControllerTest" time="0.103">
    <system-out><![CDATA[2024-12-04 22:17:13.909 [cluster-ClusterId{value='6750642d06b2de2102d0963d', description='null'}-mongo1:27017] INFO  org.mongodb.driver.cluster - Rediscovering type of existing primary mongo3:27017
2024-12-04 22:17:13.909 [cluster-ClusterId{value='6750642d06b2de2102d0963d', description='null'}-mongo1:27017] INFO  org.mongodb.driver.cluster - Discovered replica set primary mongo1:27017 with max election id 7fffffff00000000000000f7 and max set version 1
2024-12-04 22:17:13.926 [main] DEBUG cn.edu.xmu.javaee.core.aop.ControllerAspect - doAround: method = addOnsale, paramNames = [shopId, id, vo, user]
2024-12-04 22:17:13.926 [main] DEBUG cn.edu.xmu.javaee.core.aop.ControllerAspect - checkPageTimeLimit: paramNames[0] = shopId
2024-12-04 22:17:13.926 [main] DEBUG cn.edu.xmu.javaee.core.aop.ControllerAspect - checkPageTimeLimit: paramNames[1] = id
2024-12-04 22:17:13.926 [main] DEBUG cn.edu.xmu.javaee.core.aop.ControllerAspect - checkPageTimeLimit: paramNames[2] = vo
2024-12-04 22:17:13.926 [main] DEBUG cn.edu.xmu.javaee.core.aop.ControllerAspect - checkPageTimeLimit: paramNames[3] = user
2024-12-04 22:17:13.927 [main] DEBUG cn.edu.xmu.javaee.core.aop.AuditAspect - decryptToken : token = UserToken(userId=1, userName=坚持就是胜利, departId=5, expireTime=Wed Dec 04 23:17:06 CST 2024, userLevel=1)
2024-12-04 22:17:13.927 [main] DEBUG cn.edu.xmu.javaee.core.aop.AuditAspect - checkDepartId : the api path is /shops/5/products/1555/onsales
2024-12-04 22:17:13.927 [main] DEBUG cn.edu.xmu.javaee.core.aop.AuditAspect - checkDepartId: getPathInfo = /shops/5/products/1555/onsales
2024-12-04 22:17:13.927 [main] DEBUG cn.edu.xmu.javaee.core.aop.AuditAspect - checkDepartId : did = 5
2024-12-04 22:17:13.927 [main] DEBUG cn.edu.xmu.javaee.core.aop.AuditAspect - checkDepartId : success match Id!
2024-12-04 22:17:13.927 [main] INFO  cn.edu.xmu.javaee.core.aop.ControllerAspect - doAround: BusinessException， errno = ADV_SALE_TIMEEARLY
2024-12-04 22:17:13.927 [main] DEBUG cn.edu.xmu.javaee.core.aop.ControllerAspect - doAround: jp = addOnsale, code = ADV_SALE_TIMEEARLY
]]></system-out>
  </testcase>
  <testcase name="testAddOnsaleWhenProductNotExist" classname="cn.edu.xmu.oomall.product.controller.ShopProductControllerTest" time="0.197">
    <system-out><![CDATA[2024-12-04 22:17:14.028 [main] DEBUG cn.edu.xmu.javaee.core.aop.ControllerAspect - doAround: method = addOnsale, paramNames = [shopId, id, vo, user]
2024-12-04 22:17:14.029 [main] DEBUG cn.edu.xmu.javaee.core.aop.ControllerAspect - checkPageTimeLimit: paramNames[0] = shopId
2024-12-04 22:17:14.029 [main] DEBUG cn.edu.xmu.javaee.core.aop.ControllerAspect - checkPageTimeLimit: paramNames[1] = id
2024-12-04 22:17:14.029 [main] DEBUG cn.edu.xmu.javaee.core.aop.ControllerAspect - checkPageTimeLimit: paramNames[2] = vo
2024-12-04 22:17:14.029 [main] DEBUG cn.edu.xmu.javaee.core.aop.ControllerAspect - checkPageTimeLimit: paramNames[3] = user
2024-12-04 22:17:14.029 [main] DEBUG cn.edu.xmu.javaee.core.aop.AuditAspect - decryptToken : token = UserToken(userId=1, userName=坚持就是胜利, departId=5, expireTime=Wed Dec 04 23:17:06 CST 2024, userLevel=1)
2024-12-04 22:17:14.029 [main] DEBUG cn.edu.xmu.javaee.core.aop.AuditAspect - checkDepartId : the api path is /shops/5/products/9999/onsales
2024-12-04 22:17:14.029 [main] DEBUG cn.edu.xmu.javaee.core.aop.AuditAspect - checkDepartId: getPathInfo = /shops/5/products/9999/onsales
2024-12-04 22:17:14.029 [main] DEBUG cn.edu.xmu.javaee.core.aop.AuditAspect - checkDepartId : did = 5
2024-12-04 22:17:14.029 [main] DEBUG cn.edu.xmu.javaee.core.aop.AuditAspect - checkDepartId : success match Id!
2024-12-04 22:17:14.029 [main] DEBUG cn.edu.xmu.oomall.product.dao.ProductDao - findNoOnsaleById: id = 9999
2024-12-04 22:17:14.078 [main] INFO  cn.edu.xmu.javaee.core.aop.ControllerAspect - doAround: BusinessException， errno = RESOURCE_ID_NOTEXIST
2024-12-04 22:17:14.078 [main] DEBUG cn.edu.xmu.javaee.core.aop.ControllerAspect - doAround: jp = addOnsale, code = RESOURCE_ID_NOTEXIST
]]></system-out>
  </testcase>
  <testcase name="testAddOnsaleGivenBeginTimeNull" classname="cn.edu.xmu.oomall.product.controller.ShopProductControllerTest" time="0.312">
    <system-out><![CDATA[2024-12-04 22:17:14.229 [main] DEBUG cn.edu.xmu.javaee.core.aop.ControllerAspect - doAround: method = addOnsale, paramNames = [shopId, id, vo, user]
2024-12-04 22:17:14.229 [main] DEBUG cn.edu.xmu.javaee.core.aop.ControllerAspect - checkPageTimeLimit: paramNames[0] = shopId
2024-12-04 22:17:14.229 [main] DEBUG cn.edu.xmu.javaee.core.aop.ControllerAspect - checkPageTimeLimit: paramNames[1] = id
2024-12-04 22:17:14.229 [main] DEBUG cn.edu.xmu.javaee.core.aop.ControllerAspect - checkPageTimeLimit: paramNames[2] = vo
2024-12-04 22:17:14.229 [main] DEBUG cn.edu.xmu.javaee.core.aop.ControllerAspect - checkPageTimeLimit: paramNames[3] = user
2024-12-04 22:17:14.229 [main] DEBUG cn.edu.xmu.javaee.core.aop.AuditAspect - decryptToken : token = UserToken(userId=1, userName=坚持就是胜利, departId=5, expireTime=Wed Dec 04 23:17:06 CST 2024, userLevel=1)
2024-12-04 22:17:14.229 [main] DEBUG cn.edu.xmu.javaee.core.aop.AuditAspect - checkDepartId : the api path is /shops/5/products/1555/onsales
2024-12-04 22:17:14.229 [main] DEBUG cn.edu.xmu.javaee.core.aop.AuditAspect - checkDepartId: getPathInfo = /shops/5/products/1555/onsales
2024-12-04 22:17:14.229 [main] DEBUG cn.edu.xmu.javaee.core.aop.AuditAspect - checkDepartId : did = 5
2024-12-04 22:17:14.229 [main] DEBUG cn.edu.xmu.javaee.core.aop.AuditAspect - checkDepartId : success match Id!
2024-12-04 22:17:14.230 [main] DEBUG cn.edu.xmu.oomall.product.dao.ProductDao - findNoOnsaleById: id = 1555
2024-12-04 22:17:14.278 [main] DEBUG cn.edu.xmu.javaee.core.aop.DaoAspect - doAround: obj = cn.edu.xmu.oomall.product.dao.ProductDao@2ae7bf57, method = findNoOnsaleById
2024-12-04 22:17:14.279 [main] DEBUG cn.edu.xmu.oomall.product.service.OnsaleService - insert: onsale = OnSale(super=OOMallObject(id=null, creatorId=null, creatorName=null, modifierId=null, modifierName=null, gmtCreate=null, gmtModified=null), price=50, beginTime=2028-12-01T08:00, endTime=2028-12-15T18:00, quantity=10, maxQuantity=5, shopId=5, productId=1555, type=1, deposit=10, payTime=2028-12-01T08:00)
2024-12-04 22:17:14.279 [main] DEBUG cn.edu.xmu.oomall.product.dao.onsale.OnSaleDao - insert: onsale=OnSale(super=OOMallObject(id=null, creatorId=null, creatorName=null, modifierId=null, modifierName=null, gmtCreate=null, gmtModified=null), price=50, beginTime=2028-12-01T08:00, endTime=2028-12-15T18:00, quantity=10, maxQuantity=5, shopId=5, productId=1555, type=1, deposit=10, payTime=2028-12-01T08:00)
2024-12-04 22:17:14.279 [main] DEBUG cn.edu.xmu.oomall.product.dao.onsale.OnSaleDao - hasConflictOnsale: onsale = OnSale(super=OOMallObject(id=null, creatorId=null, creatorName=null, modifierId=null, modifierName=null, gmtCreate=null, gmtModified=null), price=50, beginTime=2028-12-01T08:00, endTime=2028-12-15T18:00, quantity=10, maxQuantity=5, shopId=5, productId=1555, type=1, deposit=10, payTime=2028-12-01T08:00)
2024-12-04 22:17:14.335 [main] DEBUG c.e.x.j.core.jpa.SelectiveUpdateJpaRepositoryImpl - save: insert obj
2024-12-04 22:17:14.385 [main] DEBUG cn.edu.xmu.oomall.product.dao.onsale.OnSaleDao - insert: newPo=OnsalePo(id=8669, creatorId=1, creatorName=坚持就是胜利, modifierId=null, modifierName=null, gmtCreate=2024-12-04T22:17:14.334168400, gmtModified=null, shopId=5, productId=1555, price=50, beginTime=2028-12-01T08:00, endTime=2028-12-15T18:00, quantity=10, type=1, maxQuantity=5, payTime=2028-12-01T08:00, deposit=10)
2024-12-04 22:17:14.385 [main] DEBUG cn.edu.xmu.javaee.core.aop.DaoAspect - doAround: obj = cn.edu.xmu.oomall.product.dao.onsale.OnSaleDao@4a0b9c5, method = insert
2024-12-04 22:17:14.385 [main] DEBUG cn.edu.xmu.javaee.core.aop.ControllerAspect - doAround: jp = addOnsale, code = CREATED
]]></system-out>
  </testcase>
  <testcase name="testGetOnsaleByIdWhenNotExistCache" classname="cn.edu.xmu.oomall.product.controller.ShopProductControllerTest" time="1.116">
    <system-out><![CDATA[2024-12-04 22:17:14.547 [main] DEBUG cn.edu.xmu.javaee.core.aop.ControllerAspect - doAround: method = getOnsaleById, paramNames = [shopId, id]
2024-12-04 22:17:14.547 [main] DEBUG cn.edu.xmu.javaee.core.aop.ControllerAspect - checkPageTimeLimit: paramNames[0] = shopId
2024-12-04 22:17:14.547 [main] DEBUG cn.edu.xmu.javaee.core.aop.ControllerAspect - checkPageTimeLimit: paramNames[1] = id
2024-12-04 22:17:14.548 [main] DEBUG cn.edu.xmu.javaee.core.aop.AuditAspect - decryptToken : token = UserToken(userId=1, userName=坚持就是胜利, departId=5, expireTime=Wed Dec 04 23:17:06 CST 2024, userLevel=1)
2024-12-04 22:17:14.548 [main] DEBUG cn.edu.xmu.javaee.core.aop.AuditAspect - checkDepartId : the api path is /shops/5/onsales/18
2024-12-04 22:17:14.548 [main] DEBUG cn.edu.xmu.javaee.core.aop.AuditAspect - checkDepartId: getPathInfo = /shops/5/onsales/18
2024-12-04 22:17:14.548 [main] DEBUG cn.edu.xmu.javaee.core.aop.AuditAspect - checkDepartId : did = 5
2024-12-04 22:17:14.548 [main] DEBUG cn.edu.xmu.javaee.core.aop.AuditAspect - checkDepartId : success match Id!
2024-12-04 22:17:14.548 [main] DEBUG cn.edu.xmu.oomall.product.dao.onsale.OnSaleDao - findById: id =18
2024-12-04 22:17:14.597 [main] DEBUG cn.edu.xmu.javaee.core.aop.DaoAspect - doAround: obj = cn.edu.xmu.oomall.product.dao.onsale.OnSaleDao@4a0b9c5, method = findById
2024-12-04 22:17:14.599 [main] DEBUG cn.edu.xmu.javaee.core.aop.DaoAspect - doAround: obj = cn.edu.xmu.oomall.product.dao.openfeign.ShopDao@269c805a, method = findById
2024-12-04 22:17:14.600 [main] DEBUG cn.edu.xmu.oomall.product.dao.ProductDao - findValidById: id = 1567
2024-12-04 22:17:14.649 [main] DEBUG cn.edu.xmu.javaee.core.aop.DaoAspect - doAround: obj = cn.edu.xmu.oomall.product.dao.ProductDao@2ae7bf57, method = findValidById
2024-12-04 22:17:14.705 [main] DEBUG c.edu.xmu.oomall.product.dao.activity.ActivityDao - retrieveByOnsaleId: po = ActivityPo(id=100, creatorId=1, creatorName=admin, modifierId=null, modifierName=null, gmtCreate=2023-12-08T12:12:50, gmtModified=null, shopId=5, name=跨2类满100减10元, objectId=6573035e606b13797b21437f, actClass=couponActDao, status=1)
2024-12-04 22:17:14.706 [main] DEBUG c.edu.xmu.oomall.product.dao.activity.ActivityDao - build: po = ActivityPo(id=100, creatorId=1, creatorName=admin, modifierId=null, modifierName=null, gmtCreate=2023-12-08T12:12:50, gmtModified=null, shopId=5, name=跨2类满100减10元, objectId=6573035e606b13797b21437f, actClass=couponActDao, status=1)
2024-12-04 22:17:14.706 [main] DEBUG c.edu.xmu.oomall.product.dao.activity.CouponActDao - ---getActivity: po = ActivityPo(id=100, creatorId=1, creatorName=admin, modifierId=null, modifierName=null, gmtCreate=2023-12-08T12:12:50, gmtModified=null, shopId=5, name=跨2类满100减10元, objectId=6573035e606b13797b21437f, actClass=couponActDao, status=1)
2024-12-04 22:17:15.021 [main] INFO  c.edu.xmu.oomall.product.config.MongoCommandLogger - Command: find
2024-12-04 22:17:15.021 [main] INFO  c.edu.xmu.oomall.product.config.MongoCommandLogger - Connection Address: mongo1:27017
2024-12-04 22:17:15.301 [main] DEBUG c.edu.xmu.oomall.product.dao.activity.CouponActDao - objid->657302634882bc534d981832:Optional[CouponActPo(objectId=657302634882bc534d981832, couponTime=null, quantity=null, quantityType=null, validTerm=null, strategy={"value":50,"couponLimitation":{"value":10000,"className":"cn.edu.xmu.oomall.product.model.strategy.impl.PriceCouponLimitation"},"className":"cn.edu.xmu.oomall.product.model.strategy.impl.CheapestPercentageDiscount"})],po.objid:6573035e606b13797b21437f
2024-12-04 22:17:15.301 [main] DEBUG c.edu.xmu.oomall.product.dao.activity.CouponActDao - ---copy after getActivity: po = ActivityPo(id=100, creatorId=1, creatorName=admin, modifierId=null, modifierName=null, gmtCreate=2023-12-08T12:12:50, gmtModified=null, shopId=5, name=跨2类满100减10元, objectId=6573035e606b13797b21437f, actClass=couponActDao, status=1)
2024-12-04 22:17:15.303 [main] INFO  c.edu.xmu.oomall.product.config.MongoCommandLogger - Command: find
2024-12-04 22:17:15.303 [main] INFO  c.edu.xmu.oomall.product.config.MongoCommandLogger - Connection Address: mongo1:27017
2024-12-04 22:17:15.503 [main] DEBUG c.edu.xmu.oomall.product.dao.activity.CouponActDao - ---getActivity: ret = Optional[CouponActPo(objectId=6573035e606b13797b21437f, couponTime=null, quantity=null, quantityType=null, validTerm=null, strategy={"value":1000,"couponLimitation":{"value":0,"className":"cn.edu.xmu.oomall.product.model.strategy.impl.ComplexCouponLimitation","couponLimitationList":[{"value":2,"className":"cn.edu.xmu.oomall.product.model.strategy.impl.CrossCategoryLimitation"},{"value":10000,"className":"cn.edu.xmu.oomall.product.model.strategy.impl.PriceCouponLimitation"}]},"className":"cn.edu.xmu.oomall.product.model.strategy.impl.PriceCouponDiscount"})]
2024-12-04 22:17:15.507 [main] DEBUG c.edu.xmu.oomall.product.dao.activity.CouponActDao - ---getActivity: bo = CouponAct(super=Activity(super=OOMallObject(id=100, creatorId=1, creatorName=admin, modifierId=null, modifierName=null, gmtCreate=2023-12-08T12:12:50, gmtModified=null), shopId=5, name=跨2类满100减10元, objectId=6573035e606b13797b21437f, actClass=couponActDao, status=1), couponTime=null, quantity=null, quantityType=null, validTerm=null, strategy=PriceCouponDiscount())
2024-12-04 22:17:15.507 [main] DEBUG cn.edu.xmu.javaee.core.aop.DaoAspect - doAround: obj = cn.edu.xmu.oomall.product.dao.activity.CouponActDao@a78e3de, method = getActivity
2024-12-04 22:17:15.507 [main] DEBUG c.edu.xmu.oomall.product.dao.activity.ActivityDao - build: bo = CouponAct(super=Activity(super=OOMallObject(id=100, creatorId=1, creatorName=admin, modifierId=null, modifierName=null, gmtCreate=2023-12-08T12:12:50, gmtModified=null), shopId=5, name=跨2类满100减10元, objectId=6573035e606b13797b21437f, actClass=couponActDao, status=1), couponTime=null, quantity=null, quantityType=null, validTerm=null, strategy=PriceCouponDiscount())
2024-12-04 22:17:15.507 [main] DEBUG cn.edu.xmu.javaee.core.aop.DaoAspect - doAround: obj = cn.edu.xmu.oomall.product.dao.activity.ActivityDao@3e796b6e, method = retrieveByOnsaleId
2024-12-04 22:17:15.508 [main] DEBUG cn.edu.xmu.oomall.product.dao.bo.OnSale - getActList: actList = [CouponAct(super=Activity(super=OOMallObject(id=100, creatorId=1, creatorName=admin, modifierId=null, modifierName=null, gmtCreate=2023-12-08T12:12:50, gmtModified=null), shopId=5, name=跨2类满100减10元, objectId=6573035e606b13797b21437f, actClass=couponActDao, status=1), couponTime=null, quantity=null, quantityType=null, validTerm=null, strategy=PriceCouponDiscount())]
2024-12-04 22:17:15.508 [main] DEBUG cn.edu.xmu.oomall.product.dao.bo.OnSale - getActList: actList = [CouponAct(super=Activity(super=OOMallObject(id=100, creatorId=1, creatorName=admin, modifierId=null, modifierName=null, gmtCreate=2023-12-08T12:12:50, gmtModified=null), shopId=5, name=跨2类满100减10元, objectId=6573035e606b13797b21437f, actClass=couponActDao, status=1), couponTime=null, quantity=null, quantityType=null, validTerm=null, strategy=PriceCouponDiscount())]
2024-12-04 22:17:15.508 [main] DEBUG cn.edu.xmu.javaee.core.aop.ControllerAspect - doAround: jp = getOnsaleById, code = OK
]]></system-out>
  </testcase>
  <testcase name="testGetOnsaleByIdWhenExistCache" classname="cn.edu.xmu.oomall.product.controller.ShopProductControllerTest" time="0.259">
    <system-out><![CDATA[2024-12-04 22:17:15.656 [main] DEBUG cn.edu.xmu.javaee.core.aop.ControllerAspect - doAround: method = getOnsaleById, paramNames = [shopId, id]
2024-12-04 22:17:15.656 [main] DEBUG cn.edu.xmu.javaee.core.aop.ControllerAspect - checkPageTimeLimit: paramNames[0] = shopId
2024-12-04 22:17:15.656 [main] DEBUG cn.edu.xmu.javaee.core.aop.ControllerAspect - checkPageTimeLimit: paramNames[1] = id
2024-12-04 22:17:15.657 [main] DEBUG cn.edu.xmu.javaee.core.aop.AuditAspect - decryptToken : token = UserToken(userId=1, userName=商铺8, departId=8, expireTime=Wed Dec 04 23:17:06 CST 2024, userLevel=1)
2024-12-04 22:17:15.657 [main] DEBUG cn.edu.xmu.javaee.core.aop.AuditAspect - checkDepartId : the api path is /shops/8/onsales/5
2024-12-04 22:17:15.657 [main] DEBUG cn.edu.xmu.javaee.core.aop.AuditAspect - checkDepartId: getPathInfo = /shops/8/onsales/5
2024-12-04 22:17:15.657 [main] DEBUG cn.edu.xmu.javaee.core.aop.AuditAspect - checkDepartId : did = 8
2024-12-04 22:17:15.657 [main] DEBUG cn.edu.xmu.javaee.core.aop.AuditAspect - checkDepartId : success match Id!
2024-12-04 22:17:15.657 [main] DEBUG cn.edu.xmu.oomall.product.dao.onsale.OnSaleDao - findById: id =5
2024-12-04 22:17:15.658 [main] DEBUG cn.edu.xmu.javaee.core.aop.DaoAspect - doAround: obj = cn.edu.xmu.oomall.product.dao.onsale.OnSaleDao@4a0b9c5, method = findById
2024-12-04 22:17:15.658 [main] DEBUG cn.edu.xmu.javaee.core.aop.DaoAspect - doAround: obj = cn.edu.xmu.oomall.product.dao.openfeign.ShopDao@269c805a, method = findById
2024-12-04 22:17:15.658 [main] DEBUG cn.edu.xmu.oomall.product.dao.ProductDao - findValidById: id = 1554
2024-12-04 22:17:15.710 [main] DEBUG cn.edu.xmu.javaee.core.aop.DaoAspect - doAround: obj = cn.edu.xmu.oomall.product.dao.ProductDao@2ae7bf57, method = findValidById
2024-12-04 22:17:15.768 [main] DEBUG cn.edu.xmu.javaee.core.aop.DaoAspect - doAround: obj = cn.edu.xmu.oomall.product.dao.activity.ActivityDao@3e796b6e, method = retrieveByOnsaleId
[...]
2024-12-04 22:17:16.825 [main] DEBUG c.e.x.j.core.jpa.SelectiveUpdateJpaRepositoryImpl - save: insert obj
2024-12-04 22:17:16.876 [main] DEBUG cn.edu.xmu.oomall.product.dao.onsale.OnSaleDao - insert: newPo=OnsalePo(id=8670, creatorId=1, creatorName=坚持就是胜利, modifierId=null, modifierName=null, gmtCreate=2024-12-04T22:17:16.825758, gmtModified=null, shopId=5, productId=1555, price=50, beginTime=2028-12-01T08:00, endTime=2028-12-15T18:00, quantity=10, type=1, maxQuantity=5, payTime=2028-12-05T12:30, deposit=10)
2024-12-04 22:17:16.877 [main] DEBUG cn.edu.xmu.javaee.core.aop.DaoAspect - doAround: obj = cn.edu.xmu.oomall.product.dao.onsale.OnSaleDao@4a0b9c5, method = insert
2024-12-04 22:17:16.878 [main] DEBUG cn.edu.xmu.javaee.core.aop.ControllerAspect - doAround: jp = addOnsale, code = CREATED
2024-12-04 22:17:16.956 [cluster-ClusterId{value='675063e906b2de2102d09638', description='null'}-mongo1:27017] INFO  org.mongodb.driver.cluster - Rediscovering type of existing primary mongo3:27017
2024-12-04 22:17:16.956 [cluster-ClusterId{value='675063e906b2de2102d09638', description='null'}-mongo1:27017] INFO  org.mongodb.driver.cluster - Discovered replica set primary mongo1:27017 with max election id 7fffffff00000000000000f7 and max set version 1
]]></system-out>
  </testcase>
  <testcase name="testAddOnsaleGivenWrongToken" classname="cn.edu.xmu.oomall.product.controller.ShopProductControllerTest" time="0.208">
    <system-out><![CDATA[2024-12-04 22:17:17.030 [main] DEBUG cn.edu.xmu.javaee.core.aop.ControllerAspect - doAround: method = addOnsale, paramNames = [shopId, id, vo, user]
2024-12-04 22:17:17.030 [main] DEBUG cn.edu.xmu.javaee.core.aop.ControllerAspect - checkPageTimeLimit: paramNames[0] = shopId
2024-12-04 22:17:17.030 [main] DEBUG cn.edu.xmu.javaee.core.aop.ControllerAspect - checkPageTimeLimit: paramNames[1] = id
2024-12-04 22:17:17.030 [main] DEBUG cn.edu.xmu.javaee.core.aop.ControllerAspect - checkPageTimeLimit: paramNames[2] = vo
2024-12-04 22:17:17.030 [main] DEBUG cn.edu.xmu.javaee.core.aop.ControllerAspect - checkPageTimeLimit: paramNames[3] = user
2024-12-04 22:17:17.031 [main] DEBUG cn.edu.xmu.javaee.core.aop.AuditAspect - decryptToken : token = UserToken(userId=1, userName=商铺8, departId=8, expireTime=Wed Dec 04 23:17:06 CST 2024, userLevel=1)
2024-12-04 22:17:17.031 [main] DEBUG cn.edu.xmu.javaee.core.aop.AuditAspect - checkDepartId : the api path is /shops/8/products/1555/onsales
2024-12-04 22:17:17.031 [main] DEBUG cn.edu.xmu.javaee.core.aop.AuditAspect - checkDepartId: getPathInfo = /shops/8/products/1555/onsales
2024-12-04 22:17:17.031 [main] DEBUG cn.edu.xmu.javaee.core.aop.AuditAspect - checkDepartId : did = 8
2024-12-04 22:17:17.031 [main] DEBUG cn.edu.xmu.javaee.core.aop.AuditAspect - checkDepartId : success match Id!
2024-12-04 22:17:17.032 [main] DEBUG cn.edu.xmu.oomall.product.dao.ProductDao - findNoOnsaleById: id = 1555
2024-12-04 22:17:17.085 [main] INFO  cn.edu.xmu.javaee.core.aop.ControllerAspect - doAround: BusinessException， errno = RESOURCE_ID_OUTSCOPE
2024-12-04 22:17:17.085 [main] DEBUG cn.edu.xmu.javaee.core.aop.ControllerAspect - doAround: jp = addOnsale, code = RESOURCE_ID_OUTSCOPE
]]></system-out>
  </testcase>
  <testcase name="testGetAllOnsaleGivenWrongToken" classname="cn.edu.xmu.oomall.product.controller.ShopProductControllerTest" time="0.197">
    <system-out><![CDATA[2024-12-04 22:17:17.239 [main] DEBUG cn.edu.xmu.javaee.core.aop.ControllerAspect - doAround: method = getAllOnsale, paramNames = [shopId, id, page, pageSize]
2024-12-04 22:17:17.239 [main] DEBUG cn.edu.xmu.javaee.core.aop.ControllerAspect - checkPageTimeLimit: paramNames[0] = shopId
2024-12-04 22:17:17.239 [main] DEBUG cn.edu.xmu.javaee.core.aop.ControllerAspect - checkPageTimeLimit: paramNames[1] = id
2024-12-04 22:17:17.239 [main] DEBUG cn.edu.xmu.javaee.core.aop.ControllerAspect - checkPageTimeLimit: paramNames[2] = page
2024-12-04 22:17:17.239 [main] DEBUG cn.edu.xmu.javaee.core.aop.ControllerAspect - checkPageTimeLimit: set page to 1
2024-12-04 22:17:17.239 [main] DEBUG cn.edu.xmu.javaee.core.aop.ControllerAspect - checkPageTimeLimit: paramNames[3] = pageSize
2024-12-04 22:17:17.239 [main] DEBUG cn.edu.xmu.javaee.core.aop.ControllerAspect - checkPageTimeLimit: set pageSize to 100
2024-12-04 22:17:17.240 [main] DEBUG cn.edu.xmu.javaee.core.aop.AuditAspect - decryptToken : token = UserToken(userId=1, userName=商铺8, departId=8, expireTime=Wed Dec 04 23:17:06 CST 2024, userLevel=1)
2024-12-04 22:17:17.240 [main] DEBUG cn.edu.xmu.javaee.core.aop.AuditAspect - checkDepartId : the api path is /shops/8/products/1552/onsales
2024-12-04 22:17:17.240 [main] DEBUG cn.edu.xmu.javaee.core.aop.AuditAspect - checkDepartId: getPathInfo = /shops/8/products/1552/onsales
2024-12-04 22:17:17.240 [main] DEBUG cn.edu.xmu.javaee.core.aop.AuditAspect - checkDepartId : did = 8
2024-12-04 22:17:17.240 [main] DEBUG cn.edu.xmu.javaee.core.aop.AuditAspect - checkDepartId : success match Id!
2024-12-04 22:17:17.240 [main] DEBUG cn.edu.xmu.oomall.product.service.OnsaleService - retrieveOnSale: shopId = 8, productId = 1552
2024-12-04 22:17:17.240 [main] DEBUG cn.edu.xmu.oomall.product.dao.ProductDao - findNoOnsaleById: id = 1552
2024-12-04 22:17:17.289 [main] INFO  cn.edu.xmu.javaee.core.aop.ControllerAspect - doAround: BusinessException， errno = RESOURCE_ID_OUTSCOPE
2024-12-04 22:17:17.291 [main] DEBUG cn.edu.xmu.javaee.core.aop.ControllerAspect - doAround: jp = getAllOnsale, code = RESOURCE_ID_OUTSCOPE
]]></system-out>
  </testcase>
  <testcase name="testGetOnsaleByIdWhenOnsaleNotExist" classname="cn.edu.xmu.oomall.product.controller.ShopProductControllerTest" time="0.194">
    <system-out><![CDATA[2024-12-04 22:17:17.436 [main] DEBUG cn.edu.xmu.javaee.core.aop.ControllerAspect - doAround: method = getOnsaleById, paramNames = [shopId, id]
2024-12-04 22:17:17.436 [main] DEBUG cn.edu.xmu.javaee.core.aop.ControllerAspect - checkPageTimeLimit: paramNames[0] = shopId
2024-12-04 22:17:17.436 [main] DEBUG cn.edu.xmu.javaee.core.aop.ControllerAspect - checkPageTimeLimit: paramNames[1] = id
2024-12-04 22:17:17.436 [main] DEBUG cn.edu.xmu.javaee.core.aop.AuditAspect - decryptToken : token = UserToken(userId=1, userName=admin, departId=0, expireTime=Wed Dec 04 23:17:06 CST 2024, userLevel=1)
2024-12-04 22:17:17.436 [main] DEBUG cn.edu.xmu.javaee.core.aop.AuditAspect - checkDepartId : the api path is /shops/0/onsales/9999
2024-12-04 22:17:17.436 [main] DEBUG cn.edu.xmu.javaee.core.aop.AuditAspect - checkDepartId: getPathInfo = /shops/0/onsales/9999
2024-12-04 22:17:17.437 [main] DEBUG cn.edu.xmu.oomall.product.dao.onsale.OnSaleDao - findById: id =9999
2024-12-04 22:17:17.486 [main] INFO  cn.edu.xmu.javaee.core.aop.ControllerAspect - doAround: BusinessException， errno = RESOURCE_ID_NOTEXIST
2024-12-04 22:17:17.486 [main] DEBUG cn.edu.xmu.javaee.core.aop.ControllerAspect - doAround: jp = getOnsaleById, code = RESOURCE_ID_NOTEXIST
]]></system-out>
  </testcase>
  <testcase name="testGetOnsaleByIdWhenOnsaleNotBelongsToThisShop" classname="cn.edu.xmu.oomall.product.controller.ShopProductControllerTest" time="0.201">
    <system-out><![CDATA[2024-12-04 22:17:17.633 [main] DEBUG cn.edu.xmu.javaee.core.aop.ControllerAspect - doAround: method = getOnsaleById, paramNames = [shopId, id]
2024-12-04 22:17:17.633 [main] DEBUG cn.edu.xmu.javaee.core.aop.ControllerAspect - checkPageTimeLimit: paramNames[0] = shopId
2024-12-04 22:17:17.633 [main] DEBUG cn.edu.xmu.javaee.core.aop.ControllerAspect - checkPageTimeLimit: paramNames[1] = id
2024-12-04 22:17:17.634 [main] DEBUG cn.edu.xmu.javaee.core.aop.AuditAspect - decryptToken : token = UserToken(userId=1, userName=商铺8, departId=8, expireTime=Wed Dec 04 23:17:06 CST 2024, userLevel=1)
2024-12-04 22:17:17.634 [main] DEBUG cn.edu.xmu.javaee.core.aop.AuditAspect - checkDepartId : the api path is /shops/8/onsales/18
2024-12-04 22:17:17.634 [main] DEBUG cn.edu.xmu.javaee.core.aop.AuditAspect - checkDepartId: getPathInfo = /shops/8/onsales/18
2024-12-04 22:17:17.634 [main] DEBUG cn.edu.xmu.javaee.core.aop.AuditAspect - checkDepartId : did = 8
2024-12-04 22:17:17.634 [main] DEBUG cn.edu.xmu.javaee.core.aop.AuditAspect - checkDepartId : success match Id!
2024-12-04 22:17:17.634 [main] DEBUG cn.edu.xmu.oomall.product.dao.onsale.OnSaleDao - findById: id =18
2024-12-04 22:17:17.685 [main] INFO  cn.edu.xmu.javaee.core.aop.ControllerAspect - doAround: BusinessException， errno = RESOURCE_ID_OUTSCOPE
2024-12-04 22:17:17.685 [main] DEBUG cn.edu.xmu.javaee.core.aop.ControllerAspect - doAround: jp = getOnsaleById, code = RESOURCE_ID_OUTSCOPE
]]></system-out>
  </testcase>
  <testcase name="testCancelOnsaleIdGivenFinished" classname="cn.edu.xmu.oomall.product.controller.ShopProductControllerTest" time="0.305">
    <system-out><![CDATA[2024-12-04 22:17:17.834 [main] DEBUG cn.edu.xmu.javaee.core.aop.ControllerAspect - doAround: method = cancelOnsaleId, paramNames = [shopId, id, user]
2024-12-04 22:17:17.834 [main] DEBUG cn.edu.xmu.javaee.core.aop.ControllerAspect - checkPageTimeLimit: paramNames[0] = shopId
2024-12-04 22:17:17.834 [main] DEBUG cn.edu.xmu.javaee.core.aop.ControllerAspect - checkPageTimeLimit: paramNames[1] = id
2024-12-04 22:17:17.834 [main] DEBUG cn.edu.xmu.javaee.core.aop.ControllerAspect - checkPageTimeLimit: paramNames[2] = user
2024-12-04 22:17:17.835 [main] DEBUG cn.edu.xmu.javaee.core.aop.AuditAspect - decryptToken : token = UserToken(userId=1, userName=甜蜜之旅, departId=2, expireTime=Wed Dec 04 23:17:06 CST 2024, userLevel=1)
2024-12-04 22:17:17.835 [main] DEBUG cn.edu.xmu.javaee.core.aop.AuditAspect - checkDepartId : the api path is /shops/2/onsales/344/cancel
2024-12-04 22:17:17.835 [main] DEBUG cn.edu.xmu.javaee.core.aop.AuditAspect - checkDepartId: getPathInfo = /shops/2/onsales/344/cancel
2024-12-04 22:17:17.835 [main] DEBUG cn.edu.xmu.javaee.core.aop.AuditAspect - checkDepartId : did = 2
2024-12-04 22:17:17.835 [main] DEBUG cn.edu.xmu.javaee.core.aop.AuditAspect - checkDepartId : success match Id!
2024-12-04 22:17:17.835 [main] DEBUG cn.edu.xmu.oomall.product.dao.onsale.OnSaleDao - findById: id =344
2024-12-04 22:17:17.885 [main] DEBUG cn.edu.xmu.javaee.core.aop.DaoAspect - doAround: obj = cn.edu.xmu.oomall.product.dao.onsale.OnSaleDao@4a0b9c5, method = findById
2024-12-04 22:17:17.885 [main] DEBUG cn.edu.xmu.oomall.product.dao.onsale.OnSaleDao - save: onsale=OnSale(super=OOMallObject(id=344, creatorId=null, creatorName=null, modifierId=null, modifierName=null, gmtCreate=null, gmtModified=null), price=null, beginTime=null, endTime=2023-02-19T14:38:20, quantity=null, maxQuantity=null, shopId=null, productId=null, type=null, deposit=null, payTime=null)
2024-12-04 22:17:17.885 [main] DEBUG cn.edu.xmu.oomall.product.dao.onsale.OnSaleDao - hasConflictOnsale: onsale = OnSale(super=OOMallObject(id=344, creatorId=null, creatorName=null, modifierId=null, modifierName=null, gmtCreate=null, gmtModified=null), price=null, beginTime=null, endTime=2023-02-19T14:38:20, quantity=null, maxQuantity=null, shopId=null, productId=null, type=null, deposit=null, payTime=null)
2024-12-04 22:17:17.938 [main] DEBUG c.e.x.j.core.jpa.SelectiveUpdateJpaRepositoryImpl - save: update obj
2024-12-04 22:17:17.938 [main] DEBUG c.e.x.j.core.jpa.SelectiveUpdateJpaRepositoryImpl - getSql : className = cn.edu.xmu.oomall.product.mapper.po.OnsalePo
2024-12-04 22:17:17.939 [main] DEBUG c.e.x.j.core.jpa.SelectiveUpdateJpaRepositoryImpl - getSql : table = goods_onsale
2024-12-04 22:17:17.939 [main] DEBUG c.e.x.j.core.jpa.SelectiveUpdateJpaRepositoryImpl - getValueByPropertyName : method = getId
2024-12-04 22:17:17.939 [main] DEBUG c.e.x.j.core.jpa.SelectiveUpdateJpaRepositoryImpl - getSql : pp = private java.lang.Long cn.edu.xmu.oomall.product.mapper.po.OnsalePo.id, object  = 344
2024-12-04 22:17:17.939 [main] DEBUG c.e.x.j.core.jpa.SelectiveUpdateJpaRepositoryImpl - getSql : columns = id
2024-12-04 22:17:17.939 [main] DEBUG c.e.x.j.core.jpa.SelectiveUpdateJpaRepositoryImpl - getValueByPropertyName : method = getCreatorId
2024-12-04 22:17:17.939 [main] DEBUG c.e.x.j.core.jpa.SelectiveUpdateJpaRepositoryImpl - getSql : pp = private java.lang.Long cn.edu.xmu.oomall.product.mapper.po.OnsalePo.creatorId, object  = null
2024-12-04 22:17:17.940 [main] DEBUG c.e.x.j.core.jpa.SelectiveUpdateJpaRepositoryImpl - getSql : columns = creator_id
2024-12-04 22:17:17.940 [main] DEBUG c.e.x.j.core.jpa.SelectiveUpdateJpaRepositoryImpl - getValueByPropertyName : method = getCreatorName
2024-12-04 22:17:17.940 [main] DEBUG c.e.x.j.core.jpa.SelectiveUpdateJpaRepositoryImpl - getSql : pp = private java.lang.String cn.edu.xmu.oomall.product.mapper.po.OnsalePo.creatorName, object  = null
2024-12-04 22:17:17.940 [main] DEBUG c.e.x.j.core.jpa.SelectiveUpdateJpaRepositoryImpl - getSql : columns = creator_name
2024-12-04 22:17:17.940 [main] DEBUG c.e.x.j.core.jpa.SelectiveUpdateJpaRepositoryImpl - getValueByPropertyName : method = getModifierId
2024-12-04 22:17:17.940 [main] DEBUG c.e.x.j.core.jpa.SelectiveUpdateJpaRepositoryImpl - getSql : pp = private java.lang.Long cn.edu.xmu.oomall.product.mapper.po.OnsalePo.modifierId, object  = 1
2024-12-04 22:17:17.940 [main] DEBUG c.e.x.j.core.jpa.SelectiveUpdateJpaRepositoryImpl - getSql : columns = modifier_id
2024-12-04 22:17:17.940 [main] DEBUG c.e.x.j.core.jpa.SelectiveUpdateJpaRepositoryImpl - getValueByPropertyName : method = getModifierName
2024-12-04 22:17:17.940 [main] DEBUG c.e.x.j.core.jpa.SelectiveUpdateJpaRepositoryImpl - getSql : pp = private java.lang.String cn.edu.xmu.oomall.product.mapper.po.OnsalePo.modifierName, object  = 甜蜜之旅
2024-12-04 22:17:17.940 [main] DEBUG c.e.x.j.core.jpa.SelectiveUpdateJpaRepositoryImpl - getSql : columns = modifier_name
2024-12-04 22:17:17.940 [main] DEBUG c.e.x.j.core.jpa.SelectiveUpdateJpaRepositoryImpl - getValueByPropertyName : method = getGmtCreate
2024-12-04 22:17:17.940 [main] DEBUG c.e.x.j.core.jpa.SelectiveUpdateJpaRepositoryImpl - getSql : pp = private java.time.LocalDateTime cn.edu.xmu.oomall.product.mapper.po.OnsalePo.gmtCreate, object  = null
2024-12-04 22:17:17.940 [main] DEBUG c.e.x.j.core.jpa.SelectiveUpdateJpaRepositoryImpl - getSql : columns = gmt_create
2024-12-04 22:17:17.940 [main] DEBUG c.e.x.j.core.jpa.SelectiveUpdateJpaRepositoryImpl - getValueByPropertyName : method = getGmtModified
2024-12-04 22:17:17.940 [main] DEBUG c.e.x.j.core.jpa.SelectiveUpdateJpaRepositoryImpl - getSql : pp = private java.time.LocalDateTime cn.edu.xmu.oomall.product.mapper.po.OnsalePo.gmtModified, object  = 2024-12-04T22:17:17.938325200
2024-12-04 22:17:17.940 [main] DEBUG c.e.x.j.core.jpa.SelectiveUpdateJpaRepositoryImpl - getSql : columns = gmt_modified
2024-12-04 22:17:17.940 [main] DEBUG c.e.x.j.core.jpa.SelectiveUpdateJpaRepositoryImpl - getValueByPropertyName : method = getShopId
2024-12-04 22:17:17.940 [main] DEBUG c.e.x.j.core.jpa.SelectiveUpdateJpaRepositoryImpl - getSql : pp = private java.lang.Long cn.edu.xmu.oomall.product.mapper.po.OnsalePo.shopId, object  = null
2024-12-04 22:17:17.940 [main] DEBUG c.e.x.j.core.jpa.SelectiveUpdateJpaRepositoryImpl - getSql : columns = shop_id
2024-12-04 22:17:17.940 [main] DEBUG c.e.x.j.core.jpa.SelectiveUpdateJpaRepositoryImpl - getValueByPropertyName : method = getProductId
2024-12-04 22:17:17.940 [main] DEBUG c.e.x.j.core.jpa.SelectiveUpdateJpaRepositoryImpl - getSql : pp = private java.lang.Long cn.edu.xmu.oomall.product.mapper.po.OnsalePo.productId, object  = null
2024-12-04 22:17:17.940 [main] DEBUG c.e.x.j.core.jpa.SelectiveUpdateJpaRepositoryImpl - getSql : columns = product_id
2024-12-04 22:17:17.940 [main] DEBUG c.e.x.j.core.jpa.SelectiveUpdateJpaRepositoryImpl - getValueByPropertyName : method = getPrice
2024-12-04 22:17:17.941 [main] DEBUG c.e.x.j.core.jpa.SelectiveUpdateJpaRepositoryImpl - getSql : pp = private java.lang.Long cn.edu.xmu.oomall.product.mapper.po.OnsalePo.price, object  = null
2024-12-04 22:17:17.941 [main] DEBUG c.e.x.j.core.jpa.SelectiveUpdateJpaRepositoryImpl - getSql : columns = price
2024-12-04 22:17:17.941 [main] DEBUG c.e.x.j.core.jpa.SelectiveUpdateJpaRepositoryImpl - getValueByPropertyName : method = getBeginTime
2024-12-04 22:17:17.941 [main] DEBUG c.e.x.j.core.jpa.SelectiveUpdateJpaRepositoryImpl - getSql : pp = private java.time.LocalDateTime cn.edu.xmu.oomall.product.mapper.po.OnsalePo.beginTime, object  = null
2024-12-04 22:17:17.941 [main] DEBUG c.e.x.j.core.jpa.SelectiveUpdateJpaRepositoryImpl - getSql : columns = begin_time
2024-12-04 22:17:17.941 [main] DEBUG c.e.x.j.core.jpa.SelectiveUpdateJpaRepositoryImpl - getValueByPropertyName : method = getEndTime
2024-12-04 22:17:17.941 [main] DEBUG c.e.x.j.core.jpa.SelectiveUpdateJpaRepositoryImpl - getSql : pp = private java.time.LocalDateTime cn.edu.xmu.oomall.product.mapper.po.OnsalePo.endTime, object  = 2023-02-19T14:38:20
2024-12-04 22:17:17.941 [main] DEBUG c.e.x.j.core.jpa.SelectiveUpdateJpaRepositoryImpl - getSql : columns = end_time
2024-12-04 22:17:17.941 [main] DEBUG c.e.x.j.core.jpa.SelectiveUpdateJpaRepositoryImpl - getValueByPropertyName : method = getQuantity
2024-12-04 22:17:17.941 [main] DEBUG c.e.x.j.core.jpa.SelectiveUpdateJpaRepositoryImpl - getSql : pp = private java.lang.Integer cn.edu.xmu.oomall.product.mapper.po.OnsalePo.quantity, object  = null
2024-12-04 22:17:17.941 [main] DEBUG c.e.x.j.core.jpa.SelectiveUpdateJpaRepositoryImpl - getSql : columns = quantity
2024-12-04 22:17:17.941 [main] DEBUG c.e.x.j.core.jpa.SelectiveUpdateJpaRepositoryImpl - getValueByPropertyName : method = getType
2024-12-04 22:17:17.941 [main] DEBUG c.e.x.j.core.jpa.SelectiveUpdateJpaRepositoryImpl - getSql : pp = private java.lang.Byte cn.edu.xmu.oomall.product.mapper.po.OnsalePo.type, object  = null
2024-12-04 22:17:17.941 [main] DEBUG c.e.x.j.core.jpa.SelectiveUpdateJpaRepositoryImpl - getSql : columns = type
2024-12-04 22:17:17.941 [main] DEBUG c.e.x.j.core.jpa.SelectiveUpdateJpaRepositoryImpl - getValueByPropertyName : method = getMaxQuantity
2024-12-04 22:17:17.941 [main] DEBUG c.e.x.j.core.jpa.SelectiveUpdateJpaRepositoryImpl - getSql : pp = private java.lang.Integer cn.edu.xmu.oomall.product.mapper.po.OnsalePo.maxQuantity, object  = null
2024-12-04 22:17:17.941 [main] DEBUG c.e.x.j.core.jpa.SelectiveUpdateJpaRepositoryImpl - getSql : columns = max_quantity
2024-12-04 22:17:17.941 [main] DEBUG c.e.x.j.core.jpa.SelectiveUpdateJpaRepositoryImpl - getValueByPropertyName : method = getPayTime
2024-12-04 22:17:17.941 [main] DEBUG c.e.x.j.core.jpa.SelectiveUpdateJpaRepositoryImpl - getSql : pp = private java.time.LocalDateTime cn.edu.xmu.oomall.product.mapper.po.OnsalePo.payTime, object  = null
2024-12-04 22:17:17.941 [main] DEBUG c.e.x.j.core.jpa.SelectiveUpdateJpaRepositoryImpl - getSql : columns = pay_time
2024-12-04 22:17:17.941 [main] DEBUG c.e.x.j.core.jpa.SelectiveUpdateJpaRepositoryImpl - getValueByPropertyName : method = getDeposit
2024-12-04 22:17:17.941 [main] DEBUG c.e.x.j.core.jpa.SelectiveUpdateJpaRepositoryImpl - getSql : pp = private java.lang.Long cn.edu.xmu.oomall.product.mapper.po.OnsalePo.deposit, object  = null
2024-12-04 22:17:17.941 [main] DEBUG c.e.x.j.core.jpa.SelectiveUpdateJpaRepositoryImpl - getSql : columns = deposit
2024-12-04 22:17:17.941 [main] DEBUG c.e.x.j.core.jpa.SelectiveUpdateJpaRepositoryImpl - getSql : sql = update goods_onsale set modifier_id = 1, modifier_name = '甜蜜之旅', gmt_modified = '2024-12-04T22:17:17.938325200', end_time = '2023-02-19T14:38:20' where id = 344;
2024-12-04 22:17:17.993 [main] DEBUG cn.edu.xmu.javaee.core.aop.ControllerAspect - doAround: jp = cancelOnsaleId, code = OK
]]></system-out>
  </testcase>
</testsuite>