<?xml version="1.0" encoding="UTF-8"?>
<testsuite xmlns:xsi="http://www.w3.org/2001/XMLSchema-instance" xsi:noNamespaceSchemaLocation="https://maven.apache.org/surefire/maven-surefire-plugin/xsd/surefire-test-report-3.0.xsd" version="3.0" name="cn.edu.xmu.oomall.product.controller.CategoryControllerTest" time="12.295" tests="24" errors="0" skipped="0" failures="18">
  <properties>
[...]
</properties>
  <testcase name="testCreateSubCategoriesWhenIdIsNotFirstCategory" classname="cn.edu.xmu.oomall.product.controller.CategoryControllerTest" time="0.128">
    <failure message="Status expected:&lt;200&gt; but was:&lt;404&gt;" type="java.lang.AssertionError"><![CDATA[java.lang.AssertionError: Status expected:<200> but was:<404>
	at org.springframework.test.util.AssertionErrors.fail(AssertionErrors.java:59)
	at org.springframework.test.util.AssertionErrors.assertEquals(AssertionErrors.java:122)
	at org.springframework.test.web.servlet.result.StatusResultMatchers.lambda$matcher$9(StatusResultMatchers.java:637)
	at org.springframework.test.web.servlet.MockMvc$1.andExpect(MockMvc.java:214)
	at cn.edu.xmu.oomall.product.controller.CategoryControllerTest.testCreateSubCategoriesWhenIdIsNotFirstCategory(CategoryControllerTest.java:209)
	at java.base/java.lang.reflect.Method.invoke(Method.java:568)
	at java.base/java.util.ArrayList.forEach(ArrayList.java:1511)
	at java.base/java.util.ArrayList.forEach(ArrayList.java:1511)
]]></failure>
    <system-out><![CDATA[2024-12-04 22:16:11.012 [main] DEBUG cn.edu.xmu.javaee.core.util.JwtHelper - createToken:
2024-12-04 22:16:11.012 [main] DEBUG cn.edu.xmu.javaee.core.util.JwtHelper - createToken: userId = 1 userName=13088admin departId=0 tokenId:202412042216110G7A
2024-12-04 22:16:11.013 [main] DEBUG cn.edu.xmu.javaee.core.util.JwtHelper - createToken:
2024-12-04 22:16:11.014 [main] DEBUG cn.edu.xmu.javaee.core.util.JwtHelper - createToken: userId = 1 userName=shop1 departId=1 tokenId:2024120422161104GA
22:16:11,327 |-INFO in ch.qos.logback.core.model.processor.AppenderModelHandler - Processing appender named [STDOUT]
22:16:11,327 |-INFO in ch.qos.logback.core.model.processor.AppenderModelHandler - About to instantiate appender of type [ch.qos.logback.core.ConsoleAppender]
22:16:11,328 |-INFO in ch.qos.logback.core.model.processor.AppenderModelHandler - Processing appender named [FILE]
22:16:11,328 |-INFO in ch.qos.logback.core.model.processor.AppenderModelHandler - About to instantiate appender of type [ch.qos.logback.core.rolling.RollingFileAppender]
22:16:11,328 |-INFO in ch.qos.logback.core.model.processor.ModelInterpretationContext@36ec3b22 - value "logs/product.%d{yyyy-MM-dd}.log" substituted for "${LOG_HOME}/${PROJECT_NAME}.%d{yyyy-MM-dd}.log"
22:16:11,328 |-INFO in c.q.l.core.rolling.TimeBasedRollingPolicy@1685997911 - No compression will be used
22:16:11,328 |-INFO in c.q.l.core.rolling.TimeBasedRollingPolicy@1685997911 - Will use the pattern logs/product.%d{yyyy-MM-dd}.log for the active file
22:16:11,329 |-INFO in c.q.l.core.rolling.DefaultTimeBasedFileNamingAndTriggeringPolicy - The date pattern is 'yyyy-MM-dd' from file name pattern 'logs/product.%d{yyyy-MM-dd}.log'.
22:16:11,329 |-INFO in c.q.l.core.rolling.DefaultTimeBasedFileNamingAndTriggeringPolicy - Roll-over at midnight.
22:16:11,329 |-INFO in c.q.l.core.rolling.DefaultTimeBasedFileNamingAndTriggeringPolicy - Setting initial period to 2024-12-04T14:16:11.329Z
22:16:11,329 |-WARN in ch.qos.logback.core.rolling.RollingFileAppender[FILE] - A triggering policy of type TimeBasedRollingPolicy was already set.
22:16:11,329 |-WARN in ch.qos.logback.core.rolling.RollingFileAppender[FILE] - Note that TimeBasedRollingPolicy doubles as a RollingPolicy
22:16:11,329 |-WARN in ch.qos.logback.core.rolling.RollingFileAppender[FILE] - See also http://logback.qos.ch/codes.html#rfa_reset_rp_or_tp
22:16:11,329 |-INFO in ch.qos.logback.core.rolling.RollingFileAppender[FILE] - Active log file name: logs/product.2024-12-04.log
22:16:11,329 |-INFO in ch.qos.logback.core.rolling.RollingFileAppender[FILE] - File property is set to [null]
22:16:11,330 |-WARN in ch.qos.logback.core.model.processor.AppenderModelHandler - Appender named [DruidFILE] not referenced. Skipping further processing.
22:16:11,330 |-INFO in ch.qos.logback.classic.model.processor.LoggerModelHandler - Setting level of logger [cn.edu.xmu.oomall.product] to DEBUG
22:16:11,330 |-INFO in ch.qos.logback.classic.jul.LevelChangePropagator@777a5575 - Propagating DEBUG level on Logger[cn.edu.xmu.oomall.product] onto the JUL framework
22:16:11,330 |-INFO in ch.qos.logback.classic.model.processor.LoggerModelHandler - Setting level of logger [cn.edu.xmu.oomall.product.controller] to DEBUG
22:16:11,330 |-INFO in ch.qos.logback.classic.jul.LevelChangePropagator@777a5575 - Propagating DEBUG level on Logger[cn.edu.xmu.oomall.product.controller] onto the JUL framework
22:16:11,330 |-INFO in ch.qos.logback.classic.model.processor.LoggerModelHandler - Setting level of logger [cn.edu.xmu.oomall.product.service] to DEBUG
22:16:11,330 |-INFO in ch.qos.logback.classic.jul.LevelChangePropagator@777a5575 - Propagating DEBUG level on Logger[cn.edu.xmu.oomall.product.service] onto the JUL framework
22:16:11,330 |-INFO in ch.qos.logback.classic.model.processor.LoggerModelHandler - Setting level of logger [cn.edu.xmu.oomall.product.dao] to DEBUG
22:16:11,330 |-INFO in ch.qos.logback.classic.jul.LevelChangePropagator@777a5575 - Propagating DEBUG level on Logger[cn.edu.xmu.oomall.product.dao] onto the JUL framework
22:16:11,330 |-INFO in ch.qos.logback.classic.model.processor.LoggerModelHandler - Setting level of logger [cn.edu.xmu.oomall.product.dao.bo] to DEBUG
22:16:11,330 |-INFO in ch.qos.logback.classic.jul.LevelChangePropagator@777a5575 - Propagating DEBUG level on Logger[cn.edu.xmu.oomall.product.dao.bo] onto the JUL framework
22:16:11,330 |-INFO in ch.qos.logback.classic.model.processor.LoggerModelHandler - Setting level of logger [cn.edu.xmu.oomall.product.mapper] to DEBUG
22:16:11,330 |-INFO in ch.qos.logback.classic.jul.LevelChangePropagator@777a5575 - Propagating DEBUG level on Logger[cn.edu.xmu.oomall.product.mapper] onto the JUL framework
22:16:11,330 |-INFO in ch.qos.logback.classic.model.processor.LoggerModelHandler - Setting level of logger [cn.edu.xmu.javaee.core] to DEBUG
22:16:11,330 |-INFO in ch.qos.logback.classic.jul.LevelChangePropagator@777a5575 - Propagating DEBUG level on Logger[cn.edu.xmu.javaee.core] onto the JUL framework
22:16:11,330 |-INFO in ch.qos.logback.classic.model.processor.LoggerModelHandler - Setting level of logger [cn.edu.xmu.javaee.core.aop] to DEBUG
22:16:11,330 |-INFO in ch.qos.logback.classic.jul.LevelChangePropagator@777a5575 - Propagating DEBUG level on Logger[cn.edu.xmu.javaee.core.aop] onto the JUL framework
22:16:11,330 |-INFO in ch.qos.logback.classic.model.processor.LoggerModelHandler - Setting level of logger [cn.edu.xmu.javaee.core.config.OpenFeignHeaderInterceptor] to DEBUG
22:16:11,330 |-INFO in ch.qos.logback.classic.jul.LevelChangePropagator@777a5575 - Propagating DEBUG level on Logger[cn.edu.xmu.javaee.core.config.OpenFeignHeaderInterceptor] onto the JUL framework
22:16:11,330 |-INFO in ch.qos.logback.classic.model.processor.LoggerModelHandler - Setting level of logger [cn.edu.xmu.javaee.core.jpa.SelectiveUpdateJpaRepositoryImpl] to DEBUG
22:16:11,330 |-INFO in ch.qos.logback.classic.jul.LevelChangePropagator@777a5575 - Propagating DEBUG level on Logger[cn.edu.xmu.javaee.core.jpa.SelectiveUpdateJpaRepositoryImpl] onto the JUL framework
22:16:11,330 |-INFO in ch.qos.logback.classic.model.processor.LoggerModelHandler - Setting level of logger [org.hibernate.type.descriptor.sql.BasicBinder] to TRACE
22:16:11,330 |-INFO in ch.qos.logback.classic.jul.LevelChangePropagator@777a5575 - Propagating TRACE level on Logger[org.hibernate.type.descriptor.sql.BasicBinder] onto the JUL framework
22:16:11,330 |-INFO in ch.qos.logback.classic.model.processor.RootLoggerModelHandler - Setting level of ROOT logger to INFO
22:16:11,330 |-INFO in ch.qos.logback.classic.jul.LevelChangePropagator@777a5575 - Propagating INFO level on Logger[ROOT] onto the JUL framework
22:16:11,330 |-INFO in ch.qos.logback.core.model.processor.AppenderRefModelHandler - Attaching appender named [STDOUT] to Logger[ROOT]
22:16:11,330 |-INFO in ch.qos.logback.core.model.processor.AppenderRefModelHandler - Attaching appender named [FILE] to Logger[ROOT]
22:16:11,330 |-INFO in ch.qos.logback.core.model.processor.DefaultProcessor@d711ff3 - End of configuration.
22:16:11,330 |-INFO in org.springframework.boot.logging.logback.SpringBootJoranConfigurator@5a931054 - Registering current configuration as safe fallback point

22:16:11,812 |-INFO in ch.qos.logback.core.model.processor.AppenderModelHandler - Processing appender named [STDOUT]
22:16:11,812 |-INFO in ch.qos.logback.core.model.processor.AppenderModelHandler - About to instantiate appender of type [ch.qos.logback.core.ConsoleAppender]
22:16:11,813 |-INFO in ch.qos.logback.core.model.processor.AppenderModelHandler - Processing appender named [FILE]
22:16:11,813 |-INFO in ch.qos.logback.core.model.processor.AppenderModelHandler - About to instantiate appender of type [ch.qos.logback.core.rolling.RollingFileAppender]
22:16:11,813 |-INFO in ch.qos.logback.core.model.processor.ModelInterpretationContext@27e25bff - value "logs/product.%d{yyyy-MM-dd}.log" substituted for "${LOG_HOME}/${PROJECT_NAME}.%d{yyyy-MM-dd}.log"
22:16:11,813 |-INFO in c.q.l.core.rolling.TimeBasedRollingPolicy@1811588749 - No compression will be used
22:16:11,813 |-INFO in c.q.l.core.rolling.TimeBasedRollingPolicy@1811588749 - Will use the pattern logs/product.%d{yyyy-MM-dd}.log for the active file
22:16:11,813 |-INFO in c.q.l.core.rolling.DefaultTimeBasedFileNamingAndTriggeringPolicy - The date pattern is 'yyyy-MM-dd' from file name pattern 'logs/product.%d{yyyy-MM-dd}.log'.
22:16:11,813 |-INFO in c.q.l.core.rolling.DefaultTimeBasedFileNamingAndTriggeringPolicy - Roll-over at midnight.
22:16:11,813 |-INFO in c.q.l.core.rolling.DefaultTimeBasedFileNamingAndTriggeringPolicy - Setting initial period to 2024-12-04T14:16:11.813Z
22:16:11,815 |-WARN in ch.qos.logback.core.rolling.RollingFileAppender[FILE] - A triggering policy of type TimeBasedRollingPolicy was already set.
22:16:11,815 |-WARN in ch.qos.logback.core.rolling.RollingFileAppender[FILE] - Note that TimeBasedRollingPolicy doubles as a RollingPolicy
22:16:11,815 |-WARN in ch.qos.logback.core.rolling.RollingFileAppender[FILE] - See also http://logback.qos.ch/codes.html#rfa_reset_rp_or_tp
22:16:11,815 |-INFO in ch.qos.logback.core.rolling.RollingFileAppender[FILE] - Active log file name: logs/product.2024-12-04.log
22:16:11,815 |-INFO in ch.qos.logback.core.rolling.RollingFileAppender[FILE] - File property is set to [null]
22:16:11,816 |-WARN in ch.qos.logback.core.model.processor.AppenderModelHandler - Appender named [DruidFILE] not referenced. Skipping further processing.
22:16:11,817 |-INFO in ch.qos.logback.classic.model.processor.LoggerModelHandler - Setting level of logger [cn.edu.xmu.oomall.product] to DEBUG
22:16:11,817 |-INFO in ch.qos.logback.classic.jul.LevelChangePropagator@67ed95dc - Propagating DEBUG level on Logger[cn.edu.xmu.oomall.product] onto the JUL framework
22:16:11,817 |-INFO in ch.qos.logback.classic.model.processor.LoggerModelHandler - Setting level of logger [cn.edu.xmu.oomall.product.controller] to DEBUG
22:16:11,817 |-INFO in ch.qos.logback.classic.jul.LevelChangePropagator@67ed95dc - Propagating DEBUG level on Logger[cn.edu.xmu.oomall.product.controller] onto the JUL framework
22:16:11,817 |-INFO in ch.qos.logback.classic.model.processor.LoggerModelHandler - Setting level of logger [cn.edu.xmu.oomall.product.service] to DEBUG
22:16:11,817 |-INFO in ch.qos.logback.classic.jul.LevelChangePropagator@67ed95dc - Propagating DEBUG level on Logger[cn.edu.xmu.oomall.product.service] onto the JUL framework
22:16:11,817 |-INFO in ch.qos.logback.classic.model.processor.LoggerModelHandler - Setting level of logger [cn.edu.xmu.oomall.product.dao] to DEBUG
22:16:11,817 |-INFO in ch.qos.logback.classic.jul.LevelChangePropagator@67ed95dc - Propagating DEBUG level on Logger[cn.edu.xmu.oomall.product.dao] onto the JUL framework
22:16:11,817 |-INFO in ch.qos.logback.classic.model.processor.LoggerModelHandler - Setting level of logger [cn.edu.xmu.oomall.product.dao.bo] to DEBUG
22:16:11,817 |-INFO in ch.qos.logback.classic.jul.LevelChangePropagator@67ed95dc - Propagating DEBUG level on Logger[cn.edu.xmu.oomall.product.dao.bo] onto the JUL framework
22:16:11,817 |-INFO in ch.qos.logback.classic.model.processor.LoggerModelHandler - Setting level of logger [cn.edu.xmu.oomall.product.mapper] to DEBUG
22:16:11,817 |-INFO in ch.qos.logback.classic.jul.LevelChangePropagator@67ed95dc - Propagating DEBUG level on Logger[cn.edu.xmu.oomall.product.mapper] onto the JUL framework
22:16:11,817 |-INFO in ch.qos.logback.classic.model.processor.LoggerModelHandler - Setting level of logger [cn.edu.xmu.javaee.core] to DEBUG
22:16:11,817 |-INFO in ch.qos.logback.classic.jul.LevelChangePropagator@67ed95dc - Propagating DEBUG level on Logger[cn.edu.xmu.javaee.core] onto the JUL framework
22:16:11,817 |-INFO in ch.qos.logback.classic.model.processor.LoggerModelHandler - Setting level of logger [cn.edu.xmu.javaee.core.aop] to DEBUG
22:16:11,817 |-INFO in ch.qos.logback.classic.jul.LevelChangePropagator@67ed95dc - Propagating DEBUG level on Logger[cn.edu.xmu.javaee.core.aop] onto the JUL framework
22:16:11,817 |-INFO in ch.qos.logback.classic.model.processor.LoggerModelHandler - Setting level of logger [cn.edu.xmu.javaee.core.config.OpenFeignHeaderInterceptor] to DEBUG
22:16:11,817 |-INFO in ch.qos.logback.classic.jul.LevelChangePropagator@67ed95dc - Propagating DEBUG level on Logger[cn.edu.xmu.javaee.core.config.OpenFeignHeaderInterceptor] onto the JUL framework
22:16:11,817 |-INFO in ch.qos.logback.classic.model.processor.LoggerModelHandler - Setting level of logger [cn.edu.xmu.javaee.core.jpa.SelectiveUpdateJpaRepositoryImpl] to DEBUG
22:16:11,817 |-INFO in ch.qos.logback.classic.jul.LevelChangePropagator@67ed95dc - Propagating DEBUG level on Logger[cn.edu.xmu.javaee.core.jpa.SelectiveUpdateJpaRepositoryImpl] onto the JUL framework
22:16:11,817 |-INFO in ch.qos.logback.classic.model.processor.LoggerModelHandler - Setting level of logger [org.hibernate.type.descriptor.sql.BasicBinder] to TRACE
22:16:11,817 |-INFO in ch.qos.logback.classic.jul.LevelChangePropagator@67ed95dc - Propagating TRACE level on Logger[org.hibernate.type.descriptor.sql.BasicBinder] onto the JUL framework
22:16:11,817 |-INFO in ch.qos.logback.classic.model.processor.RootLoggerModelHandler - Setting level of ROOT logger to INFO
22:16:11,817 |-INFO in ch.qos.logback.classic.jul.LevelChangePropagator@67ed95dc - Propagating INFO level on Logger[ROOT] onto the JUL framework
22:16:11,817 |-INFO in ch.qos.logback.core.model.processor.AppenderRefModelHandler - Attaching appender named [STDOUT] to Logger[ROOT]
22:16:11,817 |-INFO in ch.qos.logback.core.model.processor.AppenderRefModelHandler - Attaching appender named [FILE] to Logger[ROOT]
22:16:11,817 |-INFO in ch.qos.logback.core.model.processor.DefaultProcessor@9dc3882 - End of configuration.
22:16:11,817 |-INFO in org.springframework.boot.logging.logback.SpringBootJoranConfigurator@3cd4a7e5 - Registering current configuration as safe fallback point


  .   ____          _            __ _ _
 /\\ / ___'_ __ _ _(_)_ __  __ _ \ \ \ \
( ( )\___ | '_ | '_| | '_ \/ _` | \ \ \ \
 \\/  ___)| |_)| | | | | || (_| |  ) ) ) )
  '  |____| .__|_| |_|_| |_\__, | / / / /
 =========|_|==============|___/=/_/_/_/

 :: Spring Boot ::                (v3.3.6)

2024-12-04 22:16:11.879 [main] WARN  c.a.cloud.nacos.client.NacosPropertySourceBuilder - Ignore the empty nacos configuration and get it based on dataId[product-service] & group[DEFAULT_GROUP]
2024-12-04 22:16:11.931 [main] WARN  c.a.cloud.nacos.client.NacosPropertySourceBuilder - Ignore the empty nacos configuration and get it based on dataId[product-service.yaml] & group[DEFAULT_GROUP]
2024-12-04 22:16:11.983 [main] WARN  c.a.cloud.nacos.client.NacosPropertySourceBuilder - Ignore the empty nacos configuration and get it based on dataId[product-service-prod.yaml] & group[DEFAULT_GROUP]
2024-12-04 22:16:11.984 [main] INFO  o.s.c.b.c.PropertySourceBootstrapConfiguration - Located property source: [BootstrapPropertySource {name='bootstrapProperties-product-service-prod.yaml,DEFAULT_GROUP'}, BootstrapPropertySource {name='bootstrapProperties-product-service.yaml,DEFAULT_GROUP'}, BootstrapPropertySource {name='bootstrapProperties-product-service,DEFAULT_GROUP'}]
2024-12-04 22:16:11.989 [main] INFO  c.e.x.o.product.controller.CategoryControllerTest - The following 1 profile is active: "prod"
2024-12-04 22:16:12.240 [main] INFO  o.s.d.r.config.RepositoryConfigurationDelegate - Multiple Spring Data modules found, entering strict repository configuration mode
2024-12-04 22:16:12.240 [main] INFO  o.s.d.r.config.RepositoryConfigurationDelegate - Bootstrapping Spring Data JPA repositories in DEFAULT mode.
2024-12-04 22:16:12.254 [main] INFO  o.s.d.r.config.RepositoryConfigurationDelegate - Finished Spring Data repository scanning in 13 ms. Found 6 JPA repository interfaces.
2024-12-04 22:16:12.254 [main] INFO  o.s.d.r.config.RepositoryConfigurationDelegate - Multiple Spring Data modules found, entering strict repository configuration mode
2024-12-04 22:16:12.254 [main] INFO  o.s.d.r.config.RepositoryConfigurationDelegate - Bootstrapping Spring Data MongoDB repositories in DEFAULT mode.
2024-12-04 22:16:12.260 [main] INFO  o.s.d.r.config.RepositoryConfigurationDelegate - Finished Spring Data repository scanning in 5 ms. Found 2 MongoDB repository interfaces.
2024-12-04 22:16:12.440 [main] WARN  org.mybatis.spring.mapper.ClassPathMapperScanner - No MyBatis mapper was found in '[cn.edu.xmu.oomall.product]' package. Please check your configuration.
2024-12-04 22:16:12.443 [main] INFO  o.springframework.cloud.context.scope.GenericScope - BeanFactory id=f4e34340-7d00-3f01-af0d-61dfd90c1a34
2024-12-04 22:16:12.481 [main] WARN  o.s.c.s.PostProcessorRegistrationDelegate$BeanPostProcessorChecker - Bean 'org.apache.rocketmq.spring.autoconfigure.ListenerContainerConfiguration' of type [org.apache.rocketmq.spring.autoconfigure.ListenerContainerConfiguration$$SpringCGLIB$$0] is not eligible for getting processed by all BeanPostProcessors (for example: not eligible for auto-proxying). Is this bean getting eagerly injected/applied to a currently created BeanPostProcessor [org.apache.rocketmq.spring.annotation.RocketMQMessageListenerBeanPostProcessor]? Check the corresponding BeanPostProcessor declaration and its dependencies/advisors. If this bean does not have to be post-processed, declare it with ROLE_INFRASTRUCTURE.
2024-12-04 22:16:12.484 [main] WARN  o.s.c.s.PostProcessorRegistrationDelegate$BeanPostProcessorChecker - Bean 'org.apache.rocketmq.spring.autoconfigure.MessageConverterConfiguration' of type [org.apache.rocketmq.spring.autoconfigure.MessageConverterConfiguration$$SpringCGLIB$$0] is not eligible for getting processed by all BeanPostProcessors (for example: not eligible for auto-proxying). Is this bean getting eagerly injected/applied to a currently created BeanPostProcessor [org.apache.rocketmq.spring.annotation.RocketMQMessageListenerBeanPostProcessor]? Check the corresponding BeanPostProcessor declaration and its dependencies/advisors. If this bean does not have to be post-processed, declare it with ROLE_INFRASTRUCTURE.
2024-12-04 22:16:12.485 [main] WARN  o.s.c.s.PostProcessorRegistrationDelegate$BeanPostProcessorChecker - Bean 'createRocketMQMessageConverter' of type [org.apache.rocketmq.spring.support.RocketMQMessageConverter] is not eligible for getting processed by all BeanPostProcessors (for example: not eligible for auto-proxying). Is this bean getting eagerly injected/applied to a currently created BeanPostProcessor [org.apache.rocketmq.spring.annotation.RocketMQMessageListenerBeanPostProcessor]? Check the corresponding BeanPostProcessor declaration and its dependencies/advisors. If this bean does not have to be post-processed, declare it with ROLE_INFRASTRUCTURE.
2024-12-04 22:16:12.489 [main] WARN  o.s.c.s.PostProcessorRegistrationDelegate$BeanPostProcessorChecker - Bean 'org.springframework.cloud.commons.config.CommonsConfigAutoConfiguration' of type [org.springframework.cloud.commons.config.CommonsConfigAutoConfiguration] is not eligible for getting processed by all BeanPostProcessors (for example: not eligible for auto-proxying). Is this bean getting eagerly injected/applied to a currently created BeanPostProcessor [org.apache.rocketmq.spring.annotation.RocketMQMessageListenerBeanPostProcessor]? Check the corresponding BeanPostProcessor declaration and its dependencies/advisors. If this bean does not have to be post-processed, declare it with ROLE_INFRASTRUCTURE.
2024-12-04 22:16:12.491 [main] WARN  o.s.c.s.PostProcessorRegistrationDelegate$BeanPostProcessorChecker - Bean 'org.springframework.cloud.client.loadbalancer.LoadBalancerDefaultMappingsProviderAutoConfiguration' of type [org.springframework.cloud.client.loadbalancer.LoadBalancerDefaultMappingsProviderAutoConfiguration] is not eligible for getting processed by all BeanPostProcessors (for example: not eligible for auto-proxying). Is this bean getting eagerly injected/applied to a currently created BeanPostProcessor [org.apache.rocketmq.spring.annotation.RocketMQMessageListenerBeanPostProcessor]? Check the corresponding BeanPostProcessor declaration and its dependencies/advisors. If this bean does not have to be post-processed, declare it with ROLE_INFRASTRUCTURE.
2024-12-04 22:16:12.492 [main] WARN  o.s.c.s.PostProcessorRegistrationDelegate$BeanPostProcessorChecker - Bean 'loadBalancerClientsDefaultsMappingsProvider' of type [org.springframework.cloud.client.loadbalancer.LoadBalancerDefaultMappingsProviderAutoConfiguration$$Lambda$1213/0x00000211188e2de8] is not eligible for getting processed by all BeanPostProcessors (for example: not eligible for auto-proxying). Is this bean getting eagerly injected/applied to a currently created BeanPostProcessor [org.apache.rocketmq.spring.annotation.RocketMQMessageListenerBeanPostProcessor]? Check the corresponding BeanPostProcessor declaration and its dependencies/advisors. If this bean does not have to be post-processed, declare it with ROLE_INFRASTRUCTURE.
2024-12-04 22:16:12.495 [main] WARN  o.s.c.s.PostProcessorRegistrationDelegate$BeanPostProcessorChecker - Bean 'defaultsBindHandlerAdvisor' of type [org.springframework.cloud.commons.config.DefaultsBindHandlerAdvisor] is not eligible for getting processed by all BeanPostProcessors (for example: not eligible for auto-proxying). Is this bean getting eagerly injected/applied to a currently created BeanPostProcessor [org.apache.rocketmq.spring.annotation.RocketMQMessageListenerBeanPostProcessor]? Check the corresponding BeanPostProcessor declaration and its dependencies/advisors. If this bean does not have to be post-processed, declare it with ROLE_INFRASTRUCTURE.
2024-12-04 22:16:12.500 [main] WARN  o.s.c.s.PostProcessorRegistrationDelegate$BeanPostProcessorChecker - Bean 'rocketmq-org.apache.rocketmq.spring.autoconfigure.RocketMQProperties' of type [org.apache.rocketmq.spring.autoconfigure.RocketMQProperties] is not eligible for getting processed by all BeanPostProcessors (for example: not eligible for auto-proxying). Is this bean getting eagerly injected/applied to a currently created BeanPostProcessor [org.apache.rocketmq.spring.annotation.RocketMQMessageListenerBeanPostProcessor]? Check the corresponding BeanPostProcessor declaration and its dependencies/advisors. If this bean does not have to be post-processed, declare it with ROLE_INFRASTRUCTURE.
2024-12-04 22:16:12.501 [main] WARN  o.s.c.s.PostProcessorRegistrationDelegate$BeanPostProcessorChecker - Bean 'rocketMQMessageListenerContainerRegistrar' of type [org.apache.rocketmq.spring.support.RocketMQMessageListenerContainerRegistrar] is not eligible for getting processed by all BeanPostProcessors (for example: not eligible for auto-proxying). Is this bean getting eagerly injected/applied to a currently created BeanPostProcessor [org.apache.rocketmq.spring.annotation.RocketMQMessageListenerBeanPostProcessor]? Check the corresponding BeanPostProcessor declaration and its dependencies/advisors. If this bean does not have to be post-processed, declare it with ROLE_INFRASTRUCTURE.
2024-12-04 22:16:12.644 [main] INFO  com.alibaba.druid.pool.DruidDataSource - {dataSource-5} inited
2024-12-04 22:16:12.703 [cluster-ClusterId{value='675063fa06b2de2102d09639', description='null'}-mongo1:27017] INFO  org.mongodb.driver.cluster - Rediscovering type of existing primary mongo2:27017
2024-12-04 22:16:12.704 [cluster-ClusterId{value='675063fa06b2de2102d09639', description='null'}-mongo1:27017] INFO  org.mongodb.driver.cluster - Discovered replica set primary mongo1:27017 with max election id 7fffffff00000000000000f7 and max set version 1
2024-12-04 22:16:12.705 [cluster-ClusterId{value='675063fa06b2de2102d09639', description='null'}-mongo3:27017] INFO  org.mongodb.driver.cluster - Rediscovering type of existing primary mongo1:27017
2024-12-04 22:16:12.705 [cluster-ClusterId{value='675063fa06b2de2102d09639', description='null'}-mongo3:27017] INFO  org.mongodb.driver.cluster - Discovered replica set primary mongo3:27017 with max election id 7fffffff00000000000000f7 and max set version 1
2024-12-04 22:16:12.727 [cluster-ClusterId{value='6750642206b2de2102d0963c', description='null'}-mongo2:27017] INFO  org.mongodb.driver.cluster - Exception in monitor thread while connecting to server mongo2:27017
com.mongodb.MongoSocketOpenException: Exception opening socket
	at com.mongodb.internal.connection.SocketStream.lambda$open$0(SocketStream.java:86)
	at java.base/java.util.Optional.orElseThrow(Optional.java:403)
	at com.mongodb.internal.connection.SocketStream.open(SocketStream.java:86)
	at com.mongodb.internal.connection.InternalStreamConnection.open(InternalStreamConnection.java:201)
	at com.mongodb.internal.connection.DefaultServerMonitor$ServerMonitorRunnable.lookupServerDescription(DefaultServerMonitor.java:193)
	at com.mongodb.internal.connection.DefaultServerMonitor$ServerMonitorRunnable.run(DefaultServerMonitor.java:153)
	at java.base/java.lang.Thread.run(Thread.java:842)
Caused by: java.net.SocketTimeoutException: Connect timed out
	at java.base/sun.nio.ch.NioSocketImpl.timedFinishConnect(NioSocketImpl.java:551)
	at java.base/sun.nio.ch.NioSocketImpl.connect(NioSocketImpl.java:602)
	at java.base/java.net.SocksSocketImpl.connect(SocksSocketImpl.java:327)
	at java.base/java.net.Socket.connect(Socket.java:633)
	at com.mongodb.internal.connection.SocketStreamHelper.initialize(SocketStreamHelper.java:76)
	at com.mongodb.internal.connection.SocketStream.initializeSocket(SocketStream.java:105)
	at com.mongodb.internal.connection.SocketStream.open(SocketStream.java:80)
	... 4 common frames omitted
2024-12-04 22:16:12.729 [cluster-ClusterId{value='675063fa06b2de2102d09639', description='null'}-mongo2:27017] INFO  org.mongodb.driver.cluster - Rediscovering type of existing primary mongo3:27017
2024-12-04 22:16:12.729 [cluster-ClusterId{value='675063fa06b2de2102d09639', description='null'}-mongo2:27017] INFO  org.mongodb.driver.cluster - Discovered replica set primary mongo2:27017 with max election id 7fffffff00000000000000f7 and max set version 1
2024-12-04 22:16:12.877 [cluster-ClusterId{value='6750642206b2de2102d0963c', description='null'}-mongo3:27017] INFO  org.mongodb.driver.cluster - Rediscovering type of existing primary mongo1:27017
2024-12-04 22:16:12.877 [cluster-ClusterId{value='6750642206b2de2102d0963c', description='null'}-mongo3:27017] INFO  org.mongodb.driver.cluster - Discovered replica set primary mongo3:27017 with max election id 7fffffff00000000000000f7 and max set version 1
2024-12-04 22:16:13.171 [main] INFO  org.hibernate.jpa.internal.util.LogHelper - HHH000204: Processing PersistenceUnitInfo [name: default]
2024-12-04 22:16:13.177 [main] INFO  o.hibernate.cache.internal.RegionFactoryInitiator - HHH000026: Second-level cache disabled
2024-12-04 22:16:13.193 [main] INFO  o.s.o.j.persistenceunit.SpringPersistenceUnitInfo - No LoadTimeWeaver setup: ignoring JPA class transformer
2024-12-04 22:16:13.360 [main] INFO  o.h.e.t.jta.platform.internal.JtaPlatformInitiator - HHH000489: No JTA platform available (set 'hibernate.transaction.jta.platform' to enable JTA platform integration)
2024-12-04 22:16:13.360 [main] INFO  o.s.orm.jpa.LocalContainerEntityManagerFactoryBean - Initialized JPA EntityManagerFactory for persistence unit 'default'
2024-12-04 22:16:13.612 [main] WARN  o.s.b.a.o.j.JpaBaseConfiguration$JpaWebConfiguration - spring.jpa.open-in-view is enabled by default. Therefore, database queries may be performed during view rendering. Explicitly configure spring.jpa.open-in-view to disable this warning
2024-12-04 22:16:13.652 [main] INFO  o.s.cloud.openfeign.FeignClientFactoryBean - For 'shop-service' URL not provided. Will try picking an instance via load-balancing.
2024-12-04 22:16:13.677 [main] DEBUG cn.edu.xmu.oomall.product.config.ProductConfig - snowFlakeIdWorker: ip = 192.168.56.1
2024-12-04 22:16:13.712 [main] INFO  o.s.cloud.openfeign.FeignClientFactoryBean - For 'elasticsearch-service' URL not provided. Will try picking an instance via load-balancing.
2024-12-04 22:16:13.737 [main] INFO  org.mongodb.driver.cluster - Adding discovered server mongo1:27017 to client view of cluster
2024-12-04 22:16:13.739 [main] INFO  org.mongodb.driver.cluster - Adding discovered server mongo2:27017 to client view of cluster
2024-12-04 22:16:13.741 [main] INFO  org.mongodb.driver.cluster - Adding discovered server mongo3:27017 to client view of cluster
2024-12-04 22:16:13.745 [main] INFO  org.mongodb.driver.client - MongoClient with metadata {"driver": {"name": "mongo-java-driver|sync", "version": "5.0.1"}, "os": {"type": "Windows", "name": "Windows 11", "architecture": "amd64", "version": "10.0"}, "platform": "Java/Oracle Corporation/17.0.10+11-LTS-240"} created with settings MongoClientSettings{readPreference=ReadPreference{name=nearest, hedgeOptions=null}, writeConcern=WriteConcern{w=null, wTimeout=null ms, journal=null}, retryWrites=true, retryReads=true, readConcern=ReadConcern{level=null}, credential=MongoCredential{mechanism=null, userName='demouser', source='oomall', password=<hidden>, mechanismProperties=<hidden>}, transportSettings=null, commandListeners=[cn.edu.xmu.oomall.product.config.MongoCommandLogger@1e23f4b4], codecRegistry=ProvidersCodecRegistry{codecProviders=[ValueCodecProvider{}, BsonValueCodecProvider{}, DBRefCodecProvider{}, DBObjectCodecProvider{}, DocumentCodecProvider{}, CollectionCodecProvider{}, IterableCodecProvider{}, MapCodecProvider{}, GeoJsonCodecProvider{}, GridFSFileCodecProvider{}, Jsr310CodecProvider{}, JsonObjectCodecProvider{}, BsonCodecProvider{}, EnumCodecProvider{}, com.mongodb.client.model.mql.ExpressionCodecProvider@399a27c0, com.mongodb.Jep395RecordCodecProvider@54baa076, com.mongodb.KotlinCodecProvider@3065d07d]}, loggerSettings=LoggerSettings{maxDocumentLength=1000}, clusterSettings={hosts=[mongo1:27017, mongo2:27017, mongo3:27017], srvServiceName=mongodb, mode=MULTIPLE, requiredClusterType=REPLICA_SET, requiredReplicaSetName='rs0', serverSelector='null', clusterListeners='[]', serverSelectionTimeout='30000 ms', localThreshold='15 ms'}, socketSettings=SocketSettings{connectTimeoutMS=10000, readTimeoutMS=0, receiveBufferSize=0, proxySettings=ProxySettings{host=null, port=null, username=null, password=null}}, heartbeatSocketSettings=SocketSettings{connectTimeoutMS=10000, readTimeoutMS=10000, receiveBufferSize=0, proxySettings=ProxySettings{host=null, port=null, username=null, password=null}}, connectionPoolSettings=ConnectionPoolSettings{maxSize=100, minSize=0, maxWaitTimeMS=120000, maxConnectionLifeTimeMS=0, maxConnectionIdleTimeMS=0, maintenanceInitialDelayMS=0, maintenanceFrequencyMS=60000, connectionPoolListeners=[], maxConnecting=2}, serverSettings=ServerSettings{heartbeatFrequencyMS=10000, minHeartbeatFrequencyMS=500, serverListeners='[]', serverMonitorListeners='[]'}, sslSettings=SslSettings{enabled=false, invalidHostNameAllowed=false, context=null}, applicationName='null', compressorList=[], uuidRepresentation=UNSPECIFIED, serverApi=null, autoEncryptionSettings=null, dnsClient=null, inetAddressResolver=null, contextProvider=null}
2024-12-04 22:16:13.841 [cluster-ClusterId{value='6750642d06b2de2102d0963d', description='null'}-mongo1:27017] INFO  org.mongodb.driver.cluster - Monitor thread successfully connected to server with description ServerDescription{address=mongo1:27017, type=REPLICA_SET_PRIMARY, state=CONNECTED, ok=true, minWireVersion=0, maxWireVersion=25, maxDocumentSize=16777216, logicalSessionTimeoutMinutes=30, roundTripTimeNanos=46360500, setName='rs0', canonicalAddress=mongo1:27017, hosts=[mongo1:27017], passives=[mongo3:27017, mongo2:27017], arbiters=[], primary='mongo1:27017', tagSet=TagSet{[]}, electionId=7fffffff00000000000000f7, setVersion=1, topologyVersion=TopologyVersion{processId=6750545c33ed055bb0fd0f23, counter=6}, lastWriteDate=Wed Dec 04 22:16:06 CST 2024, lastUpdateTimeNanos=46965849835000}
2024-12-04 22:16:13.842 [cluster-ClusterId{value='6750642d06b2de2102d0963d', description='null'}-mongo1:27017] INFO  org.mongodb.driver.cluster - Discovered replica set primary mongo1:27017 with max election id 7fffffff00000000000000f7 and max set version 1
2024-12-04 22:16:13.855 [cluster-ClusterId{value='6750642d06b2de2102d0963d', description='null'}-mongo2:27017] INFO  org.mongodb.driver.cluster - Monitor thread successfully connected to server with description ServerDescription{address=mongo2:27017, type=REPLICA_SET_PRIMARY, state=CONNECTED, ok=true, minWireVersion=0, maxWireVersion=25, maxDocumentSize=16777216, logicalSessionTimeoutMinutes=30, roundTripTimeNanos=48769300, setName='rs0', canonicalAddress=mongo1:27017, hosts=[mongo1:27017], passives=[mongo3:27017, mongo2:27017], arbiters=[], primary='mongo1:27017', tagSet=TagSet{[]}, electionId=7fffffff00000000000000f7, setVersion=1, topologyVersion=TopologyVersion{processId=6750545c33ed055bb0fd0f23, counter=6}, lastWriteDate=Wed Dec 04 22:16:06 CST 2024, lastUpdateTimeNanos=46965863251000}
2024-12-04 22:16:13.857 [cluster-ClusterId{value='6750642d06b2de2102d0963d', description='null'}-mongo2:27017] INFO  org.mongodb.driver.cluster - Rediscovering type of existing primary mongo1:27017
2024-12-04 22:16:13.857 [cluster-ClusterId{value='6750642d06b2de2102d0963d', description='null'}-mongo2:27017] INFO  org.mongodb.driver.cluster - Discovered replica set primary mongo2:27017 with max election id 7fffffff00000000000000f7 and max set version 1
2024-12-04 22:16:13.869 [main] INFO  o.s.cloud.openfeign.FeignClientFactoryBean - For 'freight-service' URL not provided. Will try picking an instance via load-balancing.
2024-12-04 22:16:15.903 [cluster-ClusterId{value='6750640706b2de2102d0963a', description='null'}-mongo3:27017] INFO  org.mongodb.driver.cluster - Rediscovering type of existing primary mongo1:27017
2024-12-04 22:16:15.903 [cluster-ClusterId{value='6750640706b2de2102d0963a', description='null'}-mongo3:27017] INFO  org.mongodb.driver.cluster - Discovered replica set primary mongo3:27017 with max election id 7fffffff00000000000000f7 and max set version 1
2024-12-04 22:16:15.903 [cluster-ClusterId{value='6750640706b2de2102d0963a', description='null'}-mongo2:27017] INFO  org.mongodb.driver.cluster - Rediscovering type of existing primary mongo3:27017
2024-12-04 22:16:15.903 [cluster-ClusterId{value='6750640706b2de2102d0963a', description='null'}-mongo2:27017] INFO  org.mongodb.driver.cluster - Discovered replica set primary mongo2:27017 with max election id 7fffffff00000000000000f7 and max set version 1
2024-12-04 22:16:16.623 [cluster-ClusterId{value='675063e906b2de2102d09638', description='null'}-mongo3:27017] INFO  org.mongodb.driver.cluster - Rediscovering type of existing primary mongo1:27017
2024-12-04 22:16:16.623 [cluster-ClusterId{value='675063e906b2de2102d09638', description='null'}-mongo3:27017] INFO  org.mongodb.driver.cluster - Discovered replica set primary mongo3:27017 with max election id 7fffffff00000000000000f7 and max set version 1
2024-12-04 22:16:19.552 [main] INFO  o.a.r.s.autoconfigure.RocketMQAutoConfiguration - a producer (goods-producer) init on namesrv rocketmq-namesrv:9876
2024-12-04 22:16:19.928 [main] INFO  o.s.b.test.mock.web.SpringBootMockServletContext - Initializing Spring TestDispatcherServlet ''
2024-12-04 22:16:19.928 [main] INFO  o.s.test.web.servlet.TestDispatcherServlet - Initializing Servlet ''
2024-12-04 22:16:19.933 [main] INFO  o.s.b.actuate.endpoint.web.EndpointLinksResolver - Exposing 19 endpoints beneath base path '/actuator'
2024-12-04 22:16:19.953 [main] INFO  o.s.test.web.servlet.TestDispatcherServlet - Completed initialization in 24 ms
2024-12-04 22:16:20.319 [main] WARN  o.s.c.l.c.LoadBalancerCacheAutoConfiguration$LoadBalancerCaffeineWarnLogger - Spring Cloud LoadBalancer is currently working with the default cache. While this cache implementation is useful for development and tests, it's recommended to use Caffeine cache in production.You can switch to using Caffeine cache, by adding it and org.springframework.cache.caffeine.CaffeineCacheManager to the classpath.
2024-12-04 22:16:20.402 [main] INFO  c.e.x.o.product.controller.CategoryControllerTest - Started CategoryControllerTest in 9.386 seconds (process running for 116.971)
2024-12-04 22:16:20.403 [main] DEBUG cn.edu.xmu.javaee.core.util.JwtHelper - createToken:
2024-12-04 22:16:20.403 [main] DEBUG cn.edu.xmu.javaee.core.util.JwtHelper - createToken: userId = 1 userName=13088admin departId=0 tokenId:202412042216204U6A
2024-12-04 22:16:20.404 [main] INFO  cn.edu.xmu.oomall.product.config.StartupRunner - admin token = eyJ0eXAiOiJKV1QiLCJhbGciOiJIUzI1NiJ9.eyJ1c2VySWQiOjEsImRlcGFydElkIjowLCJ0b2tlbklkIjoiMjAyNDEyMDQyMjE2MjA0VTZBIiwidXNlck5hbWUiOiIxMzA4OGFkbWluIiwidXNlckxldmVsIjoxLCJpc3MiOiJPT0FEIiwic3ViIjoidGhpcyBpcyBhIHRva2VuIiwiYXVkIjoiTUlOSUFQUCIsImlhdCI6MTczMzMyMTc4MCwiZXhwIjoxNzMzMzI1MzgwfQ.0JpWGJpuLQe3KaQSty9OPzDQv6qqDkTywqOnVrZjUWw
2024-12-04 22:16:20.404 [main] DEBUG cn.edu.xmu.javaee.core.util.JwtHelper - createToken:
2024-12-04 22:16:20.404 [main] DEBUG cn.edu.xmu.javaee.core.util.JwtHelper - createToken: userId = 2 userName=shop1 departId=1 tokenId:2024120422162041MA
2024-12-04 22:16:20.404 [main] INFO  cn.edu.xmu.oomall.product.config.StartupRunner - shop 1 token = eyJ0eXAiOiJKV1QiLCJhbGciOiJIUzI1NiJ9.eyJ1c2VySWQiOjIsImRlcGFydElkIjoxLCJ0b2tlbklkIjoiMjAyNDEyMDQyMjE2MjA0MU1BIiwidXNlck5hbWUiOiJzaG9wMSIsInVzZXJMZXZlbCI6MSwiaXNzIjoiT09BRCIsInN1YiI6InRoaXMgaXMgYSB0b2tlbiIsImF1ZCI6Ik1JTklBUFAiLCJpYXQiOjE3MzMzMjE3ODAsImV4cCI6MTczMzMyNTM4MH0.EFTvY5cspTe0lJSByYaM4y4Yc9QPKs6V4wofixe4zSM
2024-12-04 22:16:20.404 [main] INFO  com.alibaba.nacos.client.config.impl.CacheData - [fixed-nacos_8848] [add-listener] ok, tenant=, dataId=product-service-prod.yaml, group=DEFAULT_GROUP, cnt=5
2024-12-04 22:16:20.404 [main] INFO  c.a.cloud.nacos.refresh.NacosContextRefresher - [Nacos Config] Listening config: dataId=product-service-prod.yaml, group=DEFAULT_GROUP
2024-12-04 22:16:20.404 [main] INFO  com.alibaba.nacos.client.config.impl.CacheData - [fixed-nacos_8848] [add-listener] ok, tenant=, dataId=product-service, group=DEFAULT_GROUP, cnt=5
2024-12-04 22:16:20.405 [main] INFO  c.a.cloud.nacos.refresh.NacosContextRefresher - [Nacos Config] Listening config: dataId=product-service, group=DEFAULT_GROUP
2024-12-04 22:16:20.405 [main] INFO  com.alibaba.nacos.client.config.impl.CacheData - [fixed-nacos_8848] [add-listener] ok, tenant=, dataId=product-service.yaml, group=DEFAULT_GROUP, cnt=5
2024-12-04 22:16:20.405 [main] INFO  c.a.cloud.nacos.refresh.NacosContextRefresher - [Nacos Config] Listening config: dataId=product-service.yaml, group=DEFAULT_GROUP

MockHttpServletRequest:
      HTTP Method = POST
      Request URI = /shops/0/categories/200/subcategories
       Parameters = {}
          Headers = [Content-Type:"application/json;charset=UTF-8", authorization:"eyJ0eXAiOiJKV1QiLCJhbGciOiJIUzI1NiJ9.eyJ1c2VySWQiOjEsImRlcGFydElkIjowLCJ0b2tlbklkIjoiMjAyNDEyMDQyMjE2MTEwRzdBIiwidXNlck5hbWUiOiIxMzA4OGFkbWluIiwidXNlckxldmVsIjoxLCJpc3MiOiJPT0FEIiwic3ViIjoidGhpcyBpcyBhIHRva2VuIiwiYXVkIjoiTUlOSUFQUCIsImlhdCI6MTczMzMyMTc3MSwiZXhwIjoxNzMzMzI1MzcxfQ.txUzCUUKXkkWkNsDP-5pFxanl6DSMUeoMWdiii2jC8w", Content-Length:"37"]
             Body = {"name":"test", "commissionRatio": 4}
    Session Attrs = {}

Handler:
             Type = org.springframework.web.servlet.resource.ResourceHttpRequestHandler

Async:
    Async started = false
     Async result = null

Resolved Exception:
             Type = org.springframework.web.servlet.resource.NoResourceFoundException

ModelAndView:
        View name = null
             View = null
            Model = null

FlashMap:
       Attributes = null

MockHttpServletResponse:
           Status = 404
    Error message = No static resource shops/0/categories/200/subcategories.
          Headers = [Vary:"Origin", "Access-Control-Request-Method", "Access-Control-Request-Headers"]
     Content type = null
             Body = 
    Forwarded URL = null
   Redirected URL = null
          Cookies = []
]]></system-out>
  </testcase>
  <testcase name="testCreateSubCategoriesGivenCommissionRationIs100" classname="cn.edu.xmu.oomall.product.controller.CategoryControllerTest" time="0.094">
    <failure message="Status expected:&lt;201&gt; but was:&lt;404&gt;" type="java.lang.AssertionError"><![CDATA[java.lang.AssertionError: Status expected:<201> but was:<404>
	at org.springframework.test.util.AssertionErrors.fail(AssertionErrors.java:59)
	at org.springframework.test.util.AssertionErrors.assertEquals(AssertionErrors.java:122)
	at org.springframework.test.web.servlet.result.StatusResultMatchers.lambda$matcher$9(StatusResultMatchers.java:637)
	at org.springframework.test.web.servlet.MockMvc$1.andExpect(MockMvc.java:214)
	at cn.edu.xmu.oomall.product.controller.CategoryControllerTest.testCreateSubCategoriesGivenCommissionRationIs100(CategoryControllerTest.java:226)
	at java.base/java.lang.reflect.Method.invoke(Method.java:568)
	at java.base/java.util.ArrayList.forEach(ArrayList.java:1511)
	at java.base/java.util.ArrayList.forEach(ArrayList.java:1511)
]]></failure>
    <system-out><![CDATA[
MockHttpServletRequest:
      HTTP Method = POST
      Request URI = /shops/0/categories/1/subcategories
       Parameters = {}
          Headers = [Content-Type:"application/json;charset=UTF-8", authorization:"eyJ0eXAiOiJKV1QiLCJhbGciOiJIUzI1NiJ9.eyJ1c2VySWQiOjEsImRlcGFydElkIjowLCJ0b2tlbklkIjoiMjAyNDEyMDQyMjE2MTEwRzdBIiwidXNlck5hbWUiOiIxMzA4OGFkbWluIiwidXNlckxldmVsIjoxLCJpc3MiOiJPT0FEIiwic3ViIjoidGhpcyBpcyBhIHRva2VuIiwiYXVkIjoiTUlOSUFQUCIsImlhdCI6MTczMzMyMTc3MSwiZXhwIjoxNzMzMzI1MzcxfQ.txUzCUUKXkkWkNsDP-5pFxanl6DSMUeoMWdiii2jC8w", Content-Length:"39"]
             Body = {"name":"test", "commissionRatio": 100}
    Session Attrs = {}

Handler:
             Type = org.springframework.web.servlet.resource.ResourceHttpRequestHandler

Async:
    Async started = false
     Async result = null

Resolved Exception:
             Type = org.springframework.web.servlet.resource.NoResourceFoundException

ModelAndView:
        View name = null
             View = null
            Model = null

FlashMap:
       Attributes = null

MockHttpServletResponse:
           Status = 404
    Error message = No static resource shops/0/categories/1/subcategories.
          Headers = [Vary:"Origin", "Access-Control-Request-Method", "Access-Control-Request-Headers"]
     Content type = null
             Body = 
    Forwarded URL = null
   Redirected URL = null
          Cookies = []
]]></system-out>
  </testcase>
  <testcase name="testCreateSubCategoriesGivenCommissionRationNegative" classname="cn.edu.xmu.oomall.product.controller.CategoryControllerTest" time="0.096">
    <failure message="Status expected:&lt;400&gt; but was:&lt;404&gt;" type="java.lang.AssertionError"><![CDATA[java.lang.AssertionError: Status expected:<400> but was:<404>
	at org.springframework.test.util.AssertionErrors.fail(AssertionErrors.java:59)
	at org.springframework.test.util.AssertionErrors.assertEquals(AssertionErrors.java:122)
	at org.springframework.test.web.servlet.result.StatusResultMatchers.lambda$matcher$9(StatusResultMatchers.java:637)
	at org.springframework.test.web.servlet.MockMvc$1.andExpect(MockMvc.java:214)
	at cn.edu.xmu.oomall.product.controller.CategoryControllerTest.testCreateSubCategoriesGivenCommissionRationNegative(CategoryControllerTest.java:193)
	at java.base/java.lang.reflect.Method.invoke(Method.java:568)
	at java.base/java.util.ArrayList.forEach(ArrayList.java:1511)
	at java.base/java.util.ArrayList.forEach(ArrayList.java:1511)
]]></failure>
    <system-out><![CDATA[
MockHttpServletRequest:
      HTTP Method = POST
      Request URI = /shops/0/categories/1/subcategories
       Parameters = {}
          Headers = [Content-Type:"application/json;charset=UTF-8", authorization:"eyJ0eXAiOiJKV1QiLCJhbGciOiJIUzI1NiJ9.eyJ1c2VySWQiOjEsImRlcGFydElkIjowLCJ0b2tlbklkIjoiMjAyNDEyMDQyMjE2MTEwRzdBIiwidXNlck5hbWUiOiIxMzA4OGFkbWluIiwidXNlckxldmVsIjoxLCJpc3MiOiJPT0FEIiwic3ViIjoidGhpcyBpcyBhIHRva2VuIiwiYXVkIjoiTUlOSUFQUCIsImlhdCI6MTczMzMyMTc3MSwiZXhwIjoxNzMzMzI1MzcxfQ.txUzCUUKXkkWkNsDP-5pFxanl6DSMUeoMWdiii2jC8w", Content-Length:"38"]
             Body = {"name":"test", "commissionRatio": -1}
    Session Attrs = {}

Handler:
             Type = org.springframework.web.servlet.resource.ResourceHttpRequestHandler

Async:
    Async started = false
     Async result = null

Resolved Exception:
             Type = org.springframework.web.servlet.resource.NoResourceFoundException

ModelAndView:
        View name = null
             View = null
            Model = null

FlashMap:
       Attributes = null

MockHttpServletResponse:
           Status = 404
    Error message = No static resource shops/0/categories/1/subcategories.
          Headers = [Vary:"Origin", "Access-Control-Request-Method", "Access-Control-Request-Headers"]
     Content type = null
             Body = 
    Forwarded URL = null
   Redirected URL = null
          Cookies = []
]]></system-out>
  </testcase>
  <testcase name="testDeleteCategoryWhenIdNotExist" classname="cn.edu.xmu.oomall.product.controller.CategoryControllerTest" time="0.107">
    <failure message="Content type not set" type="java.lang.AssertionError"><![CDATA[java.lang.AssertionError: Content type not set
	at org.springframework.test.util.AssertionErrors.fail(AssertionErrors.java:37)
	at org.springframework.test.util.AssertionErrors.assertTrue(AssertionErrors.java:70)
	at org.springframework.test.util.AssertionErrors.assertNotNull(AssertionErrors.java:106)
	at org.springframework.test.web.servlet.result.ContentResultMatchers.lambda$contentType$0(ContentResultMatchers.java:85)
	at org.springframework.test.web.servlet.MockMvc$1.andExpect(MockMvc.java:214)
	at cn.edu.xmu.oomall.product.controller.CategoryControllerTest.testDeleteCategoryWhenIdNotExist(CategoryControllerTest.java:438)
	at java.base/java.lang.reflect.Method.invoke(Method.java:568)
	at java.base/java.util.ArrayList.forEach(ArrayList.java:1511)
	at java.base/java.util.ArrayList.forEach(ArrayList.java:1511)
]]></failure>
    <system-out><![CDATA[
MockHttpServletRequest:
      HTTP Method = DELETE
      Request URI = /shops/0/categories/114514
       Parameters = {}
          Headers = [Content-Type:"application/json;charset=UTF-8", authorization:"eyJ0eXAiOiJKV1QiLCJhbGciOiJIUzI1NiJ9.eyJ1c2VySWQiOjEsImRlcGFydElkIjowLCJ0b2tlbklkIjoiMjAyNDEyMDQyMjE2MTEwRzdBIiwidXNlck5hbWUiOiIxMzA4OGFkbWluIiwidXNlckxldmVsIjoxLCJpc3MiOiJPT0FEIiwic3ViIjoidGhpcyBpcyBhIHRva2VuIiwiYXVkIjoiTUlOSUFQUCIsImlhdCI6MTczMzMyMTc3MSwiZXhwIjoxNzMzMzI1MzcxfQ.txUzCUUKXkkWkNsDP-5pFxanl6DSMUeoMWdiii2jC8w"]
             Body = null
    Session Attrs = {}

Handler:
             Type = org.springframework.web.servlet.resource.ResourceHttpRequestHandler

Async:
    Async started = false
     Async result = null

Resolved Exception:
             Type = org.springframework.web.servlet.resource.NoResourceFoundException

ModelAndView:
        View name = null
             View = null
            Model = null

FlashMap:
       Attributes = null

MockHttpServletResponse:
           Status = 404
    Error message = No static resource shops/0/categories/114514.
          Headers = [Vary:"Origin", "Access-Control-Request-Method", "Access-Control-Request-Headers"]
     Content type = null
             Body = 
    Forwarded URL = null
   Redirected URL = null
          Cookies = []
]]></system-out>
  </testcase>
  <testcase name="createSubCategoriesTest" classname="cn.edu.xmu.oomall.product.controller.CategoryControllerTest" time="0.101">
    <failure message="Status expected:&lt;201&gt; but was:&lt;404&gt;" type="java.lang.AssertionError"><![CDATA[java.lang.AssertionError: Status expected:<201> but was:<404>
	at org.springframework.test.util.AssertionErrors.fail(AssertionErrors.java:59)
	at org.springframework.test.util.AssertionErrors.assertEquals(AssertionErrors.java:122)
	at org.springframework.test.web.servlet.result.StatusResultMatchers.lambda$matcher$9(StatusResultMatchers.java:637)
	at org.springframework.test.web.servlet.MockMvc$1.andExpect(MockMvc.java:214)
	at cn.edu.xmu.oomall.product.controller.CategoryControllerTest.createSubCategoriesTest(CategoryControllerTest.java:174)
	at java.base/java.lang.reflect.Method.invoke(Method.java:568)
	at java.base/java.util.ArrayList.forEach(ArrayList.java:1511)
	at java.base/java.util.ArrayList.forEach(ArrayList.java:1511)
]]></failure>
    <system-out><![CDATA[
MockHttpServletRequest:
      HTTP Method = POST
      Request URI = /shops/0/categories/1/subcategories
       Parameters = {}
          Headers = [Content-Type:"application/json;charset=UTF-8", authorization:"eyJ0eXAiOiJKV1QiLCJhbGciOiJIUzI1NiJ9.eyJ1c2VySWQiOjEsImRlcGFydElkIjowLCJ0b2tlbklkIjoiMjAyNDEyMDQyMjE2MTEwRzdBIiwidXNlck5hbWUiOiIxMzA4OGFkbWluIiwidXNlckxldmVsIjoxLCJpc3MiOiJPT0FEIiwic3ViIjoidGhpcyBpcyBhIHRva2VuIiwiYXVkIjoiTUlOSUFQUCIsImlhdCI6MTczMzMyMTc3MSwiZXhwIjoxNzMzMzI1MzcxfQ.txUzCUUKXkkWkNsDP-5pFxanl6DSMUeoMWdiii2jC8w", Content-Length:"38"]
             Body = {"name":"test", "commissionRatio": 50}
    Session Attrs = {}

Handler:
             Type = org.springframework.web.servlet.resource.ResourceHttpRequestHandler

Async:
    Async started = false
     Async result = null

Resolved Exception:
             Type = org.springframework.web.servlet.resource.NoResourceFoundException

ModelAndView:
        View name = null
             View = null
            Model = null

FlashMap:
       Attributes = null

MockHttpServletResponse:
           Status = 404
    Error message = No static resource shops/0/categories/1/subcategories.
          Headers = [Vary:"Origin", "Access-Control-Request-Method", "Access-Control-Request-Headers"]
     Content type = null
             Body = 
    Forwarded URL = null
   Redirected URL = null
          Cookies = []
]]></system-out>
  </testcase>
  <testcase name="testAdminGetSubCategoriesWhenIsNotAdmin" classname="cn.edu.xmu.oomall.product.controller.CategoryControllerTest" time="0.099">
    <failure message="Status expected:&lt;403&gt; but was:&lt;404&gt;" type="java.lang.AssertionError"><![CDATA[java.lang.AssertionError: Status expected:<403> but was:<404>
	at org.springframework.test.util.AssertionErrors.fail(AssertionErrors.java:59)
	at org.springframework.test.util.AssertionErrors.assertEquals(AssertionErrors.java:122)
	at org.springframework.test.web.servlet.result.StatusResultMatchers.lambda$matcher$9(StatusResultMatchers.java:637)
	at org.springframework.test.web.servlet.MockMvc$1.andExpect(MockMvc.java:214)
	at cn.edu.xmu.oomall.product.controller.CategoryControllerTest.testAdminGetSubCategoriesWhenIsNotAdmin(CategoryControllerTest.java:330)
	at java.base/java.lang.reflect.Method.invoke(Method.java:568)
	at java.base/java.util.ArrayList.forEach(ArrayList.java:1511)
	at java.base/java.util.ArrayList.forEach(ArrayList.java:1511)
]]></failure>
    <system-out><![CDATA[
MockHttpServletRequest:
      HTTP Method = GET
      Request URI = /shops/1/categories/1/subcategories
       Parameters = {}
          Headers = [Content-Type:"application/json;charset=UTF-8", authorization:"eyJ0eXAiOiJKV1QiLCJhbGciOiJIUzI1NiJ9.eyJ1c2VySWQiOjEsImRlcGFydElkIjoxLCJ0b2tlbklkIjoiMjAyNDEyMDQyMjE2MTEwNEdBIiwidXNlck5hbWUiOiJzaG9wMSIsInVzZXJMZXZlbCI6MSwiaXNzIjoiT09BRCIsInN1YiI6InRoaXMgaXMgYSB0b2tlbiIsImF1ZCI6Ik1JTklBUFAiLCJpYXQiOjE3MzMzMjE3NzEsImV4cCI6MTczMzMyNTM3MX0.2tPtRXfHZ7o7EeBbdmlbUV-kkVGt1YT6_Z_zjxbI2jA"]
             Body = null
    Session Attrs = {}

Handler:
             Type = org.springframework.web.servlet.resource.ResourceHttpRequestHandler

Async:
    Async started = false
     Async result = null

Resolved Exception:
             Type = org.springframework.web.servlet.resource.NoResourceFoundException

ModelAndView:
        View name = null
             View = null
            Model = null

FlashMap:
       Attributes = null

MockHttpServletResponse:
           Status = 404
    Error message = No static resource shops/1/categories/1/subcategories.
          Headers = [Vary:"Origin", "Access-Control-Request-Method", "Access-Control-Request-Headers"]
     Content type = null
             Body = 
    Forwarded URL = null
   Redirected URL = null
          Cookies = []
]]></system-out>
  </testcase>
  <testcase name="getSubCategoriesTestTestGivenId186L" classname="cn.edu.xmu.oomall.product.controller.CategoryControllerTest" time="0.247">
    <system-out><![CDATA[2024-12-04 22:16:21.089 [main] DEBUG cn.edu.xmu.javaee.core.aop.ControllerAspect - doAround: method = getSubCategories, paramNames = [id]
2024-12-04 22:16:21.090 [main] DEBUG cn.edu.xmu.javaee.core.aop.ControllerAspect - checkPageTimeLimit: paramNames[0] = id
2024-12-04 22:16:21.090 [main] DEBUG cn.edu.xmu.oomall.product.service.CategoryService - getSubCategories: id = 186
2024-12-04 22:16:21.138 [main] DEBUG cn.edu.xmu.javaee.core.aop.DaoAspect - doAround: obj = cn.edu.xmu.oomall.product.dao.CategoryDao@4b33cd98, method = findById
2024-12-04 22:16:21.185 [main] DEBUG cn.edu.xmu.javaee.core.aop.ControllerAspect - doAround: jp = getSubCategories, code = OK
]]></system-out>
  </testcase>
  <testcase name="testAdminGetSubCategory" classname="cn.edu.xmu.oomall.product.controller.CategoryControllerTest" time="0.098">
    <failure message="Status expected:&lt;200&gt; but was:&lt;404&gt;" type="java.lang.AssertionError"><![CDATA[java.lang.AssertionError: Status expected:<200> but was:<404>
	at org.springframework.test.util.AssertionErrors.fail(AssertionErrors.java:59)
	at org.springframework.test.util.AssertionErrors.assertEquals(AssertionErrors.java:122)
	at org.springframework.test.web.servlet.result.StatusResultMatchers.lambda$matcher$9(StatusResultMatchers.java:637)
	at org.springframework.test.web.servlet.MockMvc$1.andExpect(MockMvc.java:214)
	at cn.edu.xmu.oomall.product.controller.CategoryControllerTest.testAdminGetSubCategory(CategoryControllerTest.java:298)
	at java.base/java.lang.reflect.Method.invoke(Method.java:568)
	at java.base/java.util.ArrayList.forEach(ArrayList.java:1511)
	at java.base/java.util.ArrayList.forEach(ArrayList.java:1511)
]]></failure>
    <system-out><![CDATA[
MockHttpServletRequest:
      HTTP Method = GET
      Request URI = /shops/0/categories/1/subcategories
       Parameters = {}
          Headers = [Content-Type:"application/json;charset=UTF-8", authorization:"eyJ0eXAiOiJKV1QiLCJhbGciOiJIUzI1NiJ9.eyJ1c2VySWQiOjEsImRlcGFydElkIjowLCJ0b2tlbklkIjoiMjAyNDEyMDQyMjE2MTEwRzdBIiwidXNlck5hbWUiOiIxMzA4OGFkbWluIiwidXNlckxldmVsIjoxLCJpc3MiOiJPT0FEIiwic3ViIjoidGhpcyBpcyBhIHRva2VuIiwiYXVkIjoiTUlOSUFQUCIsImlhdCI6MTczMzMyMTc3MSwiZXhwIjoxNzMzMzI1MzcxfQ.txUzCUUKXkkWkNsDP-5pFxanl6DSMUeoMWdiii2jC8w"]
             Body = null
    Session Attrs = {}

Handler:
             Type = org.springframework.web.servlet.resource.ResourceHttpRequestHandler

Async:
    Async started = false
     Async result = null

Resolved Exception:
             Type = org.springframework.web.servlet.resource.NoResourceFoundException

ModelAndView:
        View name = null
             View = null
            Model = null

FlashMap:
       Attributes = null

MockHttpServletResponse:
           Status = 404
    Error message = No static resource shops/0/categories/1/subcategories.
          Headers = [Vary:"Origin", "Access-Control-Request-Method", "Access-Control-Request-Headers"]
     Content type = null
             Body = 
    Forwarded URL = null
   Redirected URL = null
          Cookies = []
]]></system-out>
  </testcase>
  <testcase name="testDeleteCategoryWhenIdIs0L" classname="cn.edu.xmu.oomall.product.controller.CategoryControllerTest" time="0.101">
    <failure message="Status expected:&lt;200&gt; but was:&lt;404&gt;" type="java.lang.AssertionError"><![CDATA[java.lang.AssertionError: Status expected:<200> but was:<404>
	at org.springframework.test.util.AssertionErrors.fail(AssertionErrors.java:59)
	at org.springframework.test.util.AssertionErrors.assertEquals(AssertionErrors.java:122)
	at org.springframework.test.web.servlet.result.StatusResultMatchers.lambda$matcher$9(StatusResultMatchers.java:637)
	at org.springframework.test.web.servlet.MockMvc$1.andExpect(MockMvc.java:214)
	at cn.edu.xmu.oomall.product.controller.CategoryControllerTest.testDeleteCategoryWhenIdIs0L(CategoryControllerTest.java:466)
	at java.base/java.lang.reflect.Method.invoke(Method.java:568)
	at java.base/java.util.ArrayList.forEach(ArrayList.java:1511)
	at java.base/java.util.ArrayList.forEach(ArrayList.java:1511)
]]></failure>
    <system-out><![CDATA[
MockHttpServletRequest:
      HTTP Method = DELETE
      Request URI = /shops/0/categories/0
       Parameters = {}
          Headers = [Content-Type:"application/json;charset=UTF-8", authorization:"eyJ0eXAiOiJKV1QiLCJhbGciOiJIUzI1NiJ9.eyJ1c2VySWQiOjEsImRlcGFydElkIjowLCJ0b2tlbklkIjoiMjAyNDEyMDQyMjE2MTEwRzdBIiwidXNlck5hbWUiOiIxMzA4OGFkbWluIiwidXNlckxldmVsIjoxLCJpc3MiOiJPT0FEIiwic3ViIjoidGhpcyBpcyBhIHRva2VuIiwiYXVkIjoiTUlOSUFQUCIsImlhdCI6MTczMzMyMTc3MSwiZXhwIjoxNzMzMzI1MzcxfQ.txUzCUUKXkkWkNsDP-5pFxanl6DSMUeoMWdiii2jC8w"]
             Body = null
    Session Attrs = {}

Handler:
             Type = org.springframework.web.servlet.resource.ResourceHttpRequestHandler

Async:
    Async started = false
     Async result = null

Resolved Exception:
             Type = org.springframework.web.servlet.resource.NoResourceFoundException

ModelAndView:
        View name = null
             View = null
            Model = null

FlashMap:
       Attributes = null

MockHttpServletResponse:
           Status = 404
    Error message = No static resource shops/0/categories/0.
          Headers = [Vary:"Origin", "Access-Control-Request-Method", "Access-Control-Request-Headers"]
     Content type = null
             Body = 
    Forwarded URL = null
   Redirected URL = null
          Cookies = []
]]></system-out>
  </testcase>
  <testcase name="testDeleteCategoryWhenIdIs1L" classname="cn.edu.xmu.oomall.product.controller.CategoryControllerTest" time="0.096">
    <failure message="Status expected:&lt;200&gt; but was:&lt;404&gt;" type="java.lang.AssertionError"><![CDATA[java.lang.AssertionError: Status expected:<200> but was:<404>
	at org.springframework.test.util.AssertionErrors.fail(AssertionErrors.java:59)
	at org.springframework.test.util.AssertionErrors.assertEquals(AssertionErrors.java:122)
	at org.springframework.test.web.servlet.result.StatusResultMatchers.lambda$matcher$9(StatusResultMatchers.java:637)
	at org.springframework.test.web.servlet.MockMvc$1.andExpect(MockMvc.java:214)
	at cn.edu.xmu.oomall.product.controller.CategoryControllerTest.testDeleteCategoryWhenIdIs1L(CategoryControllerTest.java:451)
	at java.base/java.lang.reflect.Method.invoke(Method.java:568)
	at java.base/java.util.ArrayList.forEach(ArrayList.java:1511)
	at java.base/java.util.ArrayList.forEach(ArrayList.java:1511)
]]></failure>
    <system-out><![CDATA[
MockHttpServletRequest:
      HTTP Method = DELETE
      Request URI = /shops/0/categories/1
       Parameters = {}
          Headers = [Content-Type:"application/json;charset=UTF-8", authorization:"eyJ0eXAiOiJKV1QiLCJhbGciOiJIUzI1NiJ9.eyJ1c2VySWQiOjEsImRlcGFydElkIjowLCJ0b2tlbklkIjoiMjAyNDEyMDQyMjE2MTEwRzdBIiwidXNlck5hbWUiOiIxMzA4OGFkbWluIiwidXNlckxldmVsIjoxLCJpc3MiOiJPT0FEIiwic3ViIjoidGhpcyBpcyBhIHRva2VuIiwiYXVkIjoiTUlOSUFQUCIsImlhdCI6MTczMzMyMTc3MSwiZXhwIjoxNzMzMzI1MzcxfQ.txUzCUUKXkkWkNsDP-5pFxanl6DSMUeoMWdiii2jC8w"]
             Body = null
    Session Attrs = {}

Handler:
             Type = org.springframework.web.servlet.resource.ResourceHttpRequestHandler

Async:
    Async started = false
     Async result = null

Resolved Exception:
             Type = org.springframework.web.servlet.resource.NoResourceFoundException

ModelAndView:
        View name = null
             View = null
            Model = null

FlashMap:
       Attributes = null

MockHttpServletResponse:
           Status = 404
    Error message = No static resource shops/0/categories/1.
          Headers = [Vary:"Origin", "Access-Control-Request-Method", "Access-Control-Request-Headers"]
     Content type = null
             Body = 
    Forwarded URL = null
   Redirected URL = null
          Cookies = []
]]></system-out>
  </testcase>
  <testcase name="testCreateSubCategoriesGivenJsonEmpty" classname="cn.edu.xmu.oomall.product.controller.CategoryControllerTest" time="0.096">
    <failure message="Status expected:&lt;400&gt; but was:&lt;404&gt;" type="java.lang.AssertionError"><![CDATA[java.lang.AssertionError: Status expected:<400> but was:<404>
	at org.springframework.test.util.AssertionErrors.fail(AssertionErrors.java:59)
	at org.springframework.test.util.AssertionErrors.assertEquals(AssertionErrors.java:122)
	at org.springframework.test.web.servlet.result.StatusResultMatchers.lambda$matcher$9(StatusResultMatchers.java:637)
	at org.springframework.test.web.servlet.MockMvc$1.andExpect(MockMvc.java:214)
	at cn.edu.xmu.oomall.product.controller.CategoryControllerTest.testCreateSubCategoriesGivenJsonEmpty(CategoryControllerTest.java:245)
	at java.base/java.lang.reflect.Method.invoke(Method.java:568)
	at java.base/java.util.ArrayList.forEach(ArrayList.java:1511)
	at java.base/java.util.ArrayList.forEach(ArrayList.java:1511)
]]></failure>
    <system-out><![CDATA[
MockHttpServletRequest:
      HTTP Method = POST
      Request URI = /shops/0/categories/1/subcategories
       Parameters = {}
          Headers = [Content-Type:"application/json;charset=UTF-8", authorization:"eyJ0eXAiOiJKV1QiLCJhbGciOiJIUzI1NiJ9.eyJ1c2VySWQiOjEsImRlcGFydElkIjowLCJ0b2tlbklkIjoiMjAyNDEyMDQyMjE2MTEwRzdBIiwidXNlck5hbWUiOiIxMzA4OGFkbWluIiwidXNlckxldmVsIjoxLCJpc3MiOiJPT0FEIiwic3ViIjoidGhpcyBpcyBhIHRva2VuIiwiYXVkIjoiTUlOSUFQUCIsImlhdCI6MTczMzMyMTc3MSwiZXhwIjoxNzMzMzI1MzcxfQ.txUzCUUKXkkWkNsDP-5pFxanl6DSMUeoMWdiii2jC8w", Content-Length:"2"]
             Body = {}
    Session Attrs = {}

Handler:
             Type = org.springframework.web.servlet.resource.ResourceHttpRequestHandler

Async:
    Async started = false
     Async result = null

Resolved Exception:
             Type = org.springframework.web.servlet.resource.NoResourceFoundException

ModelAndView:
        View name = null
             View = null
            Model = null

FlashMap:
       Attributes = null

MockHttpServletResponse:
           Status = 404
    Error message = No static resource shops/0/categories/1/subcategories.
          Headers = [Vary:"Origin", "Access-Control-Request-Method", "Access-Control-Request-Headers"]
     Content type = null
             Body = 
    Forwarded URL = null
   Redirected URL = null
          Cookies = []
]]></system-out>
  </testcase>
  <testcase name="updateCategoriesTest" classname="cn.edu.xmu.oomall.product.controller.CategoryControllerTest" time="0.096">
    <failure message="Status expected:&lt;200&gt; but was:&lt;404&gt;" type="java.lang.AssertionError"><![CDATA[java.lang.AssertionError: Status expected:<200> but was:<404>
	at org.springframework.test.util.AssertionErrors.fail(AssertionErrors.java:59)
	at org.springframework.test.util.AssertionErrors.assertEquals(AssertionErrors.java:122)
	at org.springframework.test.web.servlet.result.StatusResultMatchers.lambda$matcher$9(StatusResultMatchers.java:637)
	at org.springframework.test.web.servlet.MockMvc$1.andExpect(MockMvc.java:214)
	at cn.edu.xmu.oomall.product.controller.CategoryControllerTest.updateCategoriesTest(CategoryControllerTest.java:351)
	at java.base/java.lang.reflect.Method.invoke(Method.java:568)
	at java.base/java.util.ArrayList.forEach(ArrayList.java:1511)
	at java.base/java.util.ArrayList.forEach(ArrayList.java:1511)
]]></failure>
    <system-out><![CDATA[
MockHttpServletRequest:
      HTTP Method = PUT
      Request URI = /shops/0/categories/1
       Parameters = {}
          Headers = [Content-Type:"application/json;charset=UTF-8", authorization:"eyJ0eXAiOiJKV1QiLCJhbGciOiJIUzI1NiJ9.eyJ1c2VySWQiOjEsImRlcGFydElkIjowLCJ0b2tlbklkIjoiMjAyNDEyMDQyMjE2MTEwRzdBIiwidXNlck5hbWUiOiIxMzA4OGFkbWluIiwidXNlckxldmVsIjoxLCJpc3MiOiJPT0FEIiwic3ViIjoidGhpcyBpcyBhIHRva2VuIiwiYXVkIjoiTUlOSUFQUCIsImlhdCI6MTczMzMyMTc3MSwiZXhwIjoxNzMzMzI1MzcxfQ.txUzCUUKXkkWkNsDP-5pFxanl6DSMUeoMWdiii2jC8w", Content-Length:"39"]
             Body = {"name":"test", "commissionRatio": 100}
    Session Attrs = {}

Handler:
             Type = org.springframework.web.servlet.resource.ResourceHttpRequestHandler

Async:
    Async started = false
     Async result = null

Resolved Exception:
             Type = org.springframework.web.servlet.resource.NoResourceFoundException

ModelAndView:
        View name = null
             View = null
            Model = null

FlashMap:
       Attributes = null

MockHttpServletResponse:
           Status = 404
    Error message = No static resource shops/0/categories/1.
          Headers = [Vary:"Origin", "Access-Control-Request-Method", "Access-Control-Request-Headers"]
     Content type = null
             Body = 
    Forwarded URL = null
   Redirected URL = null
          Cookies = []
]]></system-out>
  </testcase>
  <testcase name="deleteCategoryTest" classname="cn.edu.xmu.oomall.product.controller.CategoryControllerTest" time="0.094">
    <failure message="Status expected:&lt;200&gt; but was:&lt;404&gt;" type="java.lang.AssertionError"><![CDATA[java.lang.AssertionError: Status expected:<200> but was:<404>
	at org.springframework.test.util.AssertionErrors.fail(AssertionErrors.java:59)
	at org.springframework.test.util.AssertionErrors.assertEquals(AssertionErrors.java:122)
	at org.springframework.test.web.servlet.result.StatusResultMatchers.lambda$matcher$9(StatusResultMatchers.java:637)
	at org.springframework.test.web.servlet.MockMvc$1.andExpect(MockMvc.java:214)
	at cn.edu.xmu.oomall.product.controller.CategoryControllerTest.deleteCategoryTest(CategoryControllerTest.java:406)
	at java.base/java.lang.reflect.Method.invoke(Method.java:568)
	at java.base/java.util.ArrayList.forEach(ArrayList.java:1511)
	at java.base/java.util.ArrayList.forEach(ArrayList.java:1511)
]]></failure>
    <system-out><![CDATA[
MockHttpServletRequest:
      HTTP Method = DELETE
      Request URI = /shops/0/categories/313
       Parameters = {}
          Headers = [Content-Type:"application/json;charset=UTF-8", authorization:"eyJ0eXAiOiJKV1QiLCJhbGciOiJIUzI1NiJ9.eyJ1c2VySWQiOjEsImRlcGFydElkIjowLCJ0b2tlbklkIjoiMjAyNDEyMDQyMjE2MTEwRzdBIiwidXNlck5hbWUiOiIxMzA4OGFkbWluIiwidXNlckxldmVsIjoxLCJpc3MiOiJPT0FEIiwic3ViIjoidGhpcyBpcyBhIHRva2VuIiwiYXVkIjoiTUlOSUFQUCIsImlhdCI6MTczMzMyMTc3MSwiZXhwIjoxNzMzMzI1MzcxfQ.txUzCUUKXkkWkNsDP-5pFxanl6DSMUeoMWdiii2jC8w"]
             Body = null
    Session Attrs = {}

Handler:
             Type = org.springframework.web.servlet.resource.ResourceHttpRequestHandler

Async:
    Async started = false
     Async result = null

Resolved Exception:
             Type = org.springframework.web.servlet.resource.NoResourceFoundException

ModelAndView:
        View name = null
             View = null
            Model = null

FlashMap:
       Attributes = null

MockHttpServletResponse:
           Status = 404
    Error message = No static resource shops/0/categories/313.
          Headers = [Vary:"Origin", "Access-Control-Request-Method", "Access-Control-Request-Headers"]
     Content type = null
             Body = 
    Forwarded URL = null
   Redirected URL = null
          Cookies = []
]]></system-out>
  </testcase>
  <testcase name="getStatesTest" classname="cn.edu.xmu.oomall.product.controller.CategoryControllerTest" time="0.096">
    <system-out><![CDATA[2024-12-04 22:16:21.921 [main] DEBUG cn.edu.xmu.javaee.core.aop.ControllerAspect - doAround: method = getStates, paramNames = []
2024-12-04 22:16:21.923 [main] DEBUG cn.edu.xmu.javaee.core.aop.ControllerAspect - doAround: jp = getStates, code = OK
]]></system-out>
  </testcase>
  <testcase name="getSubCategoriesTestTestGivenId1LAndRedisHasKey" classname="cn.edu.xmu.oomall.product.controller.CategoryControllerTest" time="0.194">
    <system-out><![CDATA[2024-12-04 22:16:22.021 [main] DEBUG cn.edu.xmu.javaee.core.aop.ControllerAspect - doAround: method = getSubCategories, paramNames = [id]
2024-12-04 22:16:22.021 [main] DEBUG cn.edu.xmu.javaee.core.aop.ControllerAspect - checkPageTimeLimit: paramNames[0] = id
2024-12-04 22:16:22.021 [main] DEBUG cn.edu.xmu.oomall.product.service.CategoryService - getSubCategories: id = 1
2024-12-04 22:16:22.022 [main] DEBUG cn.edu.xmu.javaee.core.aop.DaoAspect - doAround: obj = cn.edu.xmu.oomall.product.dao.CategoryDao@4b33cd98, method = findById
2024-12-04 22:16:22.073 [main] DEBUG cn.edu.xmu.javaee.core.aop.ControllerAspect - doAround: jp = getSubCategories, code = OK
]]></system-out>
  </testcase>
  <testcase name="testUpdateCategoriesWhenIdNotExist" classname="cn.edu.xmu.oomall.product.controller.CategoryControllerTest" time="0.095">
    <failure message="Content type not set" type="java.lang.AssertionError"><![CDATA[java.lang.AssertionError: Content type not set
	at org.springframework.test.util.AssertionErrors.fail(AssertionErrors.java:37)
	at org.springframework.test.util.AssertionErrors.assertTrue(AssertionErrors.java:70)
	at org.springframework.test.util.AssertionErrors.assertNotNull(AssertionErrors.java:106)
	at org.springframework.test.web.servlet.result.ContentResultMatchers.lambda$contentType$0(ContentResultMatchers.java:85)
	at org.springframework.test.web.servlet.MockMvc$1.andExpect(MockMvc.java:214)
	at cn.edu.xmu.oomall.product.controller.CategoryControllerTest.testUpdateCategoriesWhenIdNotExist(CategoryControllerTest.java:370)
	at java.base/java.lang.reflect.Method.invoke(Method.java:568)
	at java.base/java.util.ArrayList.forEach(ArrayList.java:1511)
	at java.base/java.util.ArrayList.forEach(ArrayList.java:1511)
]]></failure>
    <system-out><![CDATA[
MockHttpServletRequest:
      HTTP Method = PUT
      Request URI = /shops/0/categories/500
       Parameters = {}
          Headers = [Content-Type:"application/json;charset=UTF-8", authorization:"eyJ0eXAiOiJKV1QiLCJhbGciOiJIUzI1NiJ9.eyJ1c2VySWQiOjEsImRlcGFydElkIjowLCJ0b2tlbklkIjoiMjAyNDEyMDQyMjE2MTEwRzdBIiwidXNlck5hbWUiOiIxMzA4OGFkbWluIiwidXNlckxldmVsIjoxLCJpc3MiOiJPT0FEIiwic3ViIjoidGhpcyBpcyBhIHRva2VuIiwiYXVkIjoiTUlOSUFQUCIsImlhdCI6MTczMzMyMTc3MSwiZXhwIjoxNzMzMzI1MzcxfQ.txUzCUUKXkkWkNsDP-5pFxanl6DSMUeoMWdiii2jC8w", Content-Length:"39"]
             Body = {"name":"test", "commissionRatio": 100}
    Session Attrs = {}

Handler:
             Type = org.springframework.web.servlet.resource.ResourceHttpRequestHandler

Async:
    Async started = false
     Async result = null

Resolved Exception:
             Type = org.springframework.web.servlet.resource.NoResourceFoundException

ModelAndView:
        View name = null
             View = null
            Model = null

FlashMap:
       Attributes = null

MockHttpServletResponse:
           Status = 404
    Error message = No static resource shops/0/categories/500.
          Headers = [Vary:"Origin", "Access-Control-Request-Method", "Access-Control-Request-Headers"]
     Content type = null
             Body = 
    Forwarded URL = null
   Redirected URL = null
          Cookies = []
]]></system-out>
  </testcase>
  <testcase name="testAdminUpdateCategoriesWhenIsNotAdmin" classname="cn.edu.xmu.oomall.product.controller.CategoryControllerTest" time="0.106">
    <failure message="Status expected:&lt;403&gt; but was:&lt;404&gt;" type="java.lang.AssertionError"><![CDATA[java.lang.AssertionError: Status expected:<403> but was:<404>
	at org.springframework.test.util.AssertionErrors.fail(AssertionErrors.java:59)
	at org.springframework.test.util.AssertionErrors.assertEquals(AssertionErrors.java:122)
	at org.springframework.test.web.servlet.result.StatusResultMatchers.lambda$matcher$9(StatusResultMatchers.java:637)
	at org.springframework.test.web.servlet.MockMvc$1.andExpect(MockMvc.java:214)
	at cn.edu.xmu.oomall.product.controller.CategoryControllerTest.testAdminUpdateCategoriesWhenIsNotAdmin(CategoryControllerTest.java:387)
	at java.base/java.lang.reflect.Method.invoke(Method.java:568)
	at java.base/java.util.ArrayList.forEach(ArrayList.java:1511)
	at java.base/java.util.ArrayList.forEach(ArrayList.java:1511)
]]></failure>
    <system-out><![CDATA[
MockHttpServletRequest:
      HTTP Method = PUT
      Request URI = /shops/1/categories/1
       Parameters = {}
          Headers = [Content-Type:"application/json;charset=UTF-8", authorization:"eyJ0eXAiOiJKV1QiLCJhbGciOiJIUzI1NiJ9.eyJ1c2VySWQiOjEsImRlcGFydElkIjoxLCJ0b2tlbklkIjoiMjAyNDEyMDQyMjE2MTEwNEdBIiwidXNlck5hbWUiOiJzaG9wMSIsInVzZXJMZXZlbCI6MSwiaXNzIjoiT09BRCIsInN1YiI6InRoaXMgaXMgYSB0b2tlbiIsImF1ZCI6Ik1JTklBUFAiLCJpYXQiOjE3MzMzMjE3NzEsImV4cCI6MTczMzMyNTM3MX0.2tPtRXfHZ7o7EeBbdmlbUV-kkVGt1YT6_Z_zjxbI2jA", Content-Length:"39"]
             Body = {"name":"test", "commissionRatio": 100}
    Session Attrs = {}

Handler:
             Type = org.springframework.web.servlet.resource.ResourceHttpRequestHandler

Async:
    Async started = false
     Async result = null

Resolved Exception:
             Type = org.springframework.web.servlet.resource.NoResourceFoundException

ModelAndView:
        View name = null
             View = null
            Model = null

FlashMap:
       Attributes = null

MockHttpServletResponse:
           Status = 404
    Error message = No static resource shops/1/categories/1.
          Headers = [Vary:"Origin", "Access-Control-Request-Method", "Access-Control-Request-Headers"]
     Content type = null
             Body = 
    Forwarded URL = null
   Redirected URL = null
          Cookies = []
]]></system-out>
  </testcase>
  <testcase name="getSubCategoriesTestTestGivenId1LAndRedisBFExist" classname="cn.edu.xmu.oomall.product.controller.CategoryControllerTest" time="0.096">
    <system-out><![CDATA[2024-12-04 22:16:22.426 [main] DEBUG cn.edu.xmu.javaee.core.aop.ControllerAspect - doAround: method = getSubCategories, paramNames = [id]
2024-12-04 22:16:22.426 [main] DEBUG cn.edu.xmu.javaee.core.aop.ControllerAspect - checkPageTimeLimit: paramNames[0] = id
2024-12-04 22:16:22.427 [main] DEBUG cn.edu.xmu.oomall.product.service.CategoryService - getSubCategories: id = 1
2024-12-04 22:16:22.427 [main] DEBUG cn.edu.xmu.javaee.core.aop.ControllerAspect - doAround: jp = getSubCategories, code = OK
]]></system-out>
  </testcase>
  <testcase name="testCreateSubCategoriesPIdNotExist" classname="cn.edu.xmu.oomall.product.controller.CategoryControllerTest" time="0.097">
    <failure message="Content type not set" type="java.lang.AssertionError"><![CDATA[java.lang.AssertionError: Content type not set
	at org.springframework.test.util.AssertionErrors.fail(AssertionErrors.java:37)
	at org.springframework.test.util.AssertionErrors.assertTrue(AssertionErrors.java:70)
	at org.springframework.test.util.AssertionErrors.assertNotNull(AssertionErrors.java:106)
	at org.springframework.test.web.servlet.result.ContentResultMatchers.lambda$contentType$0(ContentResultMatchers.java:85)
	at org.springframework.test.web.servlet.MockMvc$1.andExpect(MockMvc.java:214)
	at cn.edu.xmu.oomall.product.controller.CategoryControllerTest.testCreateSubCategoriesPIdNotExist(CategoryControllerTest.java:280)
	at java.base/java.lang.reflect.Method.invoke(Method.java:568)
	at java.base/java.util.ArrayList.forEach(ArrayList.java:1511)
	at java.base/java.util.ArrayList.forEach(ArrayList.java:1511)
]]></failure>
    <system-out><![CDATA[
MockHttpServletRequest:
      HTTP Method = POST
      Request URI = /shops/0/categories/114514/subcategories
       Parameters = {}
          Headers = [Content-Type:"application/json;charset=UTF-8", authorization:"eyJ0eXAiOiJKV1QiLCJhbGciOiJIUzI1NiJ9.eyJ1c2VySWQiOjEsImRlcGFydElkIjowLCJ0b2tlbklkIjoiMjAyNDEyMDQyMjE2MTEwRzdBIiwidXNlck5hbWUiOiIxMzA4OGFkbWluIiwidXNlckxldmVsIjoxLCJpc3MiOiJPT0FEIiwic3ViIjoidGhpcyBpcyBhIHRva2VuIiwiYXVkIjoiTUlOSUFQUCIsImlhdCI6MTczMzMyMTc3MSwiZXhwIjoxNzMzMzI1MzcxfQ.txUzCUUKXkkWkNsDP-5pFxanl6DSMUeoMWdiii2jC8w", Content-Length:"53"]
             Body = {"pid":114514, "name":"test", "commissionRatio": 100}
    Session Attrs = {}

Handler:
             Type = org.springframework.web.servlet.resource.ResourceHttpRequestHandler

Async:
    Async started = false
     Async result = null

Resolved Exception:
             Type = org.springframework.web.servlet.resource.NoResourceFoundException

ModelAndView:
        View name = null
             View = null
            Model = null

FlashMap:
       Attributes = null

MockHttpServletResponse:
           Status = 404
    Error message = No static resource shops/0/categories/114514/subcategories.
          Headers = [Vary:"Origin", "Access-Control-Request-Method", "Access-Control-Request-Headers"]
     Content type = null
             Body = 
    Forwarded URL = null
   Redirected URL = null
          Cookies = []
]]></system-out>
  </testcase>
  <testcase name="testCreateSubCategoriesWhenIsNotAdmin" classname="cn.edu.xmu.oomall.product.controller.CategoryControllerTest" time="0.093">
    <failure message="Status expected:&lt;403&gt; but was:&lt;404&gt;" type="java.lang.AssertionError"><![CDATA[java.lang.AssertionError: Status expected:<403> but was:<404>
	at org.springframework.test.util.AssertionErrors.fail(AssertionErrors.java:59)
	at org.springframework.test.util.AssertionErrors.assertEquals(AssertionErrors.java:122)
	at org.springframework.test.web.servlet.result.StatusResultMatchers.lambda$matcher$9(StatusResultMatchers.java:637)
	at org.springframework.test.web.servlet.MockMvc$1.andExpect(MockMvc.java:214)
	at cn.edu.xmu.oomall.product.controller.CategoryControllerTest.testCreateSubCategoriesWhenIsNotAdmin(CategoryControllerTest.java:261)
	at java.base/java.lang.reflect.Method.invoke(Method.java:568)
	at java.base/java.util.ArrayList.forEach(ArrayList.java:1511)
	at java.base/java.util.ArrayList.forEach(ArrayList.java:1511)
]]></failure>
    <system-out><![CDATA[
MockHttpServletRequest:
      HTTP Method = POST
      Request URI = /shops/1/categories/1/subcategories
       Parameters = {}
          Headers = [Content-Type:"application/json;charset=UTF-8", authorization:"eyJ0eXAiOiJKV1QiLCJhbGciOiJIUzI1NiJ9.eyJ1c2VySWQiOjEsImRlcGFydElkIjoxLCJ0b2tlbklkIjoiMjAyNDEyMDQyMjE2MTEwNEdBIiwidXNlck5hbWUiOiJzaG9wMSIsInVzZXJMZXZlbCI6MSwiaXNzIjoiT09BRCIsInN1YiI6InRoaXMgaXMgYSB0b2tlbiIsImF1ZCI6Ik1JTklBUFAiLCJpYXQiOjE3MzMzMjE3NzEsImV4cCI6MTczMzMyNTM3MX0.2tPtRXfHZ7o7EeBbdmlbUV-kkVGt1YT6_Z_zjxbI2jA", Content-Length:"39"]
             Body = {"name":"test", "commissionRatio": 100}
    Session Attrs = {}

Handler:
             Type = org.springframework.web.servlet.resource.ResourceHttpRequestHandler

Async:
    Async started = false
     Async result = null

Resolved Exception:
             Type = org.springframework.web.servlet.resource.NoResourceFoundException

ModelAndView:
        View name = null
             View = null
            Model = null

FlashMap:
       Attributes = null

MockHttpServletResponse:
           Status = 404
    Error message = No static resource shops/1/categories/1/subcategories.
          Headers = [Vary:"Origin", "Access-Control-Request-Method", "Access-Control-Request-Headers"]
     Content type = null
             Body = 
    Forwarded URL = null
   Redirected URL = null
          Cookies = []
]]></system-out>
  </testcase>
  <testcase name="getSubCategoriesTestTestGivenId1L" classname="cn.edu.xmu.oomall.product.controller.CategoryControllerTest" time="0.244">
    <system-out><![CDATA[2024-12-04 22:16:22.706 [cluster-ClusterId{value='675063fa06b2de2102d09639', description='null'}-mongo3:27017] INFO  org.mongodb.driver.cluster - Rediscovering type of existing primary mongo2:27017
2024-12-04 22:16:22.706 [cluster-ClusterId{value='675063fa06b2de2102d09639', description='null'}-mongo3:27017] INFO  org.mongodb.driver.cluster - Discovered replica set primary mongo3:27017 with max election id 7fffffff00000000000000f7 and max set version 1
2024-12-04 22:16:22.713 [cluster-ClusterId{value='675063fa06b2de2102d09639', description='null'}-mongo1:27017] INFO  org.mongodb.driver.cluster - Rediscovering type of existing primary mongo3:27017
2024-12-04 22:16:22.714 [cluster-ClusterId{value='675063fa06b2de2102d09639', description='null'}-mongo1:27017] INFO  org.mongodb.driver.cluster - Discovered replica set primary mongo1:27017 with max election id 7fffffff00000000000000f7 and max set version 1
2024-12-04 22:16:22.716 [main] DEBUG cn.edu.xmu.javaee.core.aop.ControllerAspect - doAround: method = getSubCategories, paramNames = [id]
2024-12-04 22:16:22.717 [main] DEBUG cn.edu.xmu.javaee.core.aop.ControllerAspect - checkPageTimeLimit: paramNames[0] = id
2024-12-04 22:16:22.717 [main] DEBUG cn.edu.xmu.oomall.product.service.CategoryService - getSubCategories: id = 1
2024-12-04 22:16:22.736 [cluster-ClusterId{value='675063fa06b2de2102d09639', description='null'}-mongo2:27017] INFO  org.mongodb.driver.cluster - Rediscovering type of existing primary mongo1:27017
2024-12-04 22:16:22.736 [cluster-ClusterId{value='675063fa06b2de2102d09639', description='null'}-mongo2:27017] INFO  org.mongodb.driver.cluster - Discovered replica set primary mongo2:27017 with max election id 7fffffff00000000000000f7 and max set version 1
2024-12-04 22:16:22.767 [main] DEBUG cn.edu.xmu.javaee.core.aop.DaoAspect - doAround: obj = cn.edu.xmu.oomall.product.dao.CategoryDao@4b33cd98, method = findById
2024-12-04 22:16:22.818 [main] DEBUG cn.edu.xmu.javaee.core.aop.ControllerAspect - doAround: jp = getSubCategories, code = OK
2024-12-04 22:16:22.831 [cluster-ClusterId{value='6750642206b2de2102d0963c', description='null'}-mongo2:27017] INFO  org.mongodb.driver.cluster - Monitor thread successfully connected to server with description ServerDescription{address=mongo2:27017, type=REPLICA_SET_PRIMARY, state=CONNECTED, ok=true, minWireVersion=0, maxWireVersion=25, maxDocumentSize=16777216, logicalSessionTimeoutMinutes=30, roundTripTimeNanos=47674200, setName='rs0', canonicalAddress=mongo1:27017, hosts=[mongo1:27017], passives=[mongo3:27017, mongo2:27017], arbiters=[], primary='mongo1:27017', tagSet=TagSet{[]}, electionId=7fffffff00000000000000f7, setVersion=1, topologyVersion=TopologyVersion{processId=6750545c33ed055bb0fd0f23, counter=6}, lastWriteDate=Wed Dec 04 22:16:16 CST 2024, lastUpdateTimeNanos=46974839595800}
2024-12-04 22:16:22.832 [cluster-ClusterId{value='6750642206b2de2102d0963c', description='null'}-mongo2:27017] INFO  org.mongodb.driver.cluster - Rediscovering type of existing primary mongo3:27017
2024-12-04 22:16:22.833 [cluster-ClusterId{value='6750642206b2de2102d0963c', description='null'}-mongo2:27017] INFO  org.mongodb.driver.cluster - Discovered replica set primary mongo2:27017 with max election id 7fffffff00000000000000f7 and max set version 1
2024-12-04 22:16:22.881 [cluster-ClusterId{value='6750642206b2de2102d0963c', description='null'}-mongo3:27017] INFO  org.mongodb.driver.cluster - Rediscovering type of existing primary mongo2:27017
2024-12-04 22:16:22.881 [cluster-ClusterId{value='6750642206b2de2102d0963c', description='null'}-mongo3:27017] INFO  org.mongodb.driver.cluster - Discovered replica set primary mongo3:27017 with max election id 7fffffff00000000000000f7 and max set version 1
2024-12-04 22:16:22.884 [cluster-ClusterId{value='6750642206b2de2102d0963c', description='null'}-mongo1:27017] INFO  org.mongodb.driver.cluster - Rediscovering type of existing primary mongo3:27017
2024-12-04 22:16:22.884 [cluster-ClusterId{value='6750642206b2de2102d0963c', description='null'}-mongo1:27017] INFO  org.mongodb.driver.cluster - Discovered replica set primary mongo1:27017 with max election id 7fffffff00000000000000f7 and max set version 1
]]></system-out>
  </testcase>
  <testcase name="getSubCategoriesTestGivenId20L" classname="cn.edu.xmu.oomall.product.controller.CategoryControllerTest" time="0.192">
    <system-out><![CDATA[2024-12-04 22:16:22.961 [main] DEBUG cn.edu.xmu.javaee.core.aop.ControllerAspect - doAround: method = getSubCategories, paramNames = [id]
2024-12-04 22:16:22.961 [main] DEBUG cn.edu.xmu.javaee.core.aop.ControllerAspect - checkPageTimeLimit: paramNames[0] = id
2024-12-04 22:16:22.962 [main] DEBUG cn.edu.xmu.oomall.product.service.CategoryService - getSubCategories: id = 20
2024-12-04 22:16:23.010 [main] INFO  cn.edu.xmu.javaee.core.aop.ControllerAspect - doAround: BusinessException， errno = RESOURCE_ID_NOTEXIST
2024-12-04 22:16:23.010 [main] DEBUG cn.edu.xmu.javaee.core.aop.ControllerAspect - doAround: jp = getSubCategories, code = RESOURCE_ID_NOTEXIST
]]></system-out>
  </testcase>
  <testcase name="testDeleteCategoryWhenIsNotAdmin" classname="cn.edu.xmu.oomall.product.controller.CategoryControllerTest" time="0.097">
    <failure message="Status expected:&lt;403&gt; but was:&lt;404&gt;" type="java.lang.AssertionError"><![CDATA[java.lang.AssertionError: Status expected:<403> but was:<404>
	at org.springframework.test.util.AssertionErrors.fail(AssertionErrors.java:59)
	at org.springframework.test.util.AssertionErrors.assertEquals(AssertionErrors.java:122)
	at org.springframework.test.web.servlet.result.StatusResultMatchers.lambda$matcher$9(StatusResultMatchers.java:637)
	at org.springframework.test.web.servlet.MockMvc$1.andExpect(MockMvc.java:214)
	at cn.edu.xmu.oomall.product.controller.CategoryControllerTest.testDeleteCategoryWhenIsNotAdmin(CategoryControllerTest.java:422)
	at java.base/java.lang.reflect.Method.invoke(Method.java:568)
	at java.base/java.util.ArrayList.forEach(ArrayList.java:1511)
	at java.base/java.util.ArrayList.forEach(ArrayList.java:1511)
]]></failure>
    <system-out><![CDATA[
MockHttpServletRequest:
      HTTP Method = DELETE
      Request URI = /shops/1/categories/1
       Parameters = {}
          Headers = [Content-Type:"application/json;charset=UTF-8", authorization:"eyJ0eXAiOiJKV1QiLCJhbGciOiJIUzI1NiJ9.eyJ1c2VySWQiOjEsImRlcGFydElkIjoxLCJ0b2tlbklkIjoiMjAyNDEyMDQyMjE2MTEwNEdBIiwidXNlck5hbWUiOiJzaG9wMSIsInVzZXJMZXZlbCI6MSwiaXNzIjoiT09BRCIsInN1YiI6InRoaXMgaXMgYSB0b2tlbiIsImF1ZCI6Ik1JTklBUFAiLCJpYXQiOjE3MzMzMjE3NzEsImV4cCI6MTczMzMyNTM3MX0.2tPtRXfHZ7o7EeBbdmlbUV-kkVGt1YT6_Z_zjxbI2jA"]
             Body = null
    Session Attrs = {}

Handler:
             Type = org.springframework.web.servlet.resource.ResourceHttpRequestHandler

Async:
    Async started = false
     Async result = null

Resolved Exception:
             Type = org.springframework.web.servlet.resource.NoResourceFoundException

ModelAndView:
        View name = null
             View = null
            Model = null

FlashMap:
       Attributes = null

MockHttpServletResponse:
           Status = 404
    Error message = No static resource shops/1/categories/1.
          Headers = [Vary:"Origin", "Access-Control-Request-Method", "Access-Control-Request-Headers"]
     Content type = null
             Body = 
    Forwarded URL = null
   Redirected URL = null
          Cookies = []
]]></system-out>
  </testcase>
  <testcase name="testGetAdminSubCategoriesGivenId20L" classname="cn.edu.xmu.oomall.product.controller.CategoryControllerTest" time="0.097">
    <failure message="Content type not set" type="java.lang.AssertionError"><![CDATA[java.lang.AssertionError: Content type not set
	at org.springframework.test.util.AssertionErrors.fail(AssertionErrors.java:37)
	at org.springframework.test.util.AssertionErrors.assertTrue(AssertionErrors.java:70)
	at org.springframework.test.util.AssertionErrors.assertNotNull(AssertionErrors.java:106)
	at org.springframework.test.web.servlet.result.ContentResultMatchers.lambda$contentType$0(ContentResultMatchers.java:85)
	at org.springframework.test.web.servlet.MockMvc$1.andExpect(MockMvc.java:214)
	at cn.edu.xmu.oomall.product.controller.CategoryControllerTest.testGetAdminSubCategoriesGivenId20L(CategoryControllerTest.java:317)
	at java.base/java.lang.reflect.Method.invoke(Method.java:568)
	at java.base/java.util.ArrayList.forEach(ArrayList.java:1511)
	at java.base/java.util.ArrayList.forEach(ArrayList.java:1511)
]]></failure>
    <system-out><![CDATA[
MockHttpServletRequest:
      HTTP Method = GET
      Request URI = /shops/0/categories/20/subcategories
       Parameters = {}
          Headers = [Content-Type:"application/json;charset=UTF-8", authorization:"eyJ0eXAiOiJKV1QiLCJhbGciOiJIUzI1NiJ9.eyJ1c2VySWQiOjEsImRlcGFydElkIjowLCJ0b2tlbklkIjoiMjAyNDEyMDQyMjE2MTEwRzdBIiwidXNlck5hbWUiOiIxMzA4OGFkbWluIiwidXNlckxldmVsIjoxLCJpc3MiOiJPT0FEIiwic3ViIjoidGhpcyBpcyBhIHRva2VuIiwiYXVkIjoiTUlOSUFQUCIsImlhdCI6MTczMzMyMTc3MSwiZXhwIjoxNzMzMzI1MzcxfQ.txUzCUUKXkkWkNsDP-5pFxanl6DSMUeoMWdiii2jC8w"]
             Body = null
    Session Attrs = {}

Handler:
             Type = org.springframework.web.servlet.resource.ResourceHttpRequestHandler

Async:
    Async started = false
     Async result = null

Resolved Exception:
             Type = org.springframework.web.servlet.resource.NoResourceFoundException

ModelAndView:
        View name = null
             View = null
            Model = null

FlashMap:
       Attributes = null

MockHttpServletResponse:
           Status = 404
    Error message = No static resource shops/0/categories/20/subcategories.
          Headers = [Vary:"Origin", "Access-Control-Request-Method", "Access-Control-Request-Headers"]
     Content type = null
             Body = 
    Forwarded URL = null
   Redirected URL = null
          Cookies = []
]]></system-out>
  </testcase>
</testsuite>