<?xml version="1.0" encoding="UTF-8"?>
<testsuite xmlns:xsi="http://www.w3.org/2001/XMLSchema-instance" xsi:noNamespaceSchemaLocation="https://maven.apache.org/surefire/maven-surefire-plugin/xsd/surefire-test-report-3.0.xsd" version="3.0" name="cn.edu.xmu.oomall.product.controller.CouponActControllerTest" time="23.223" tests="8" errors="0" skipped="0" failures="1">
  <properties>
[...]
</properties>
  <testcase name="findCouponActProductById2" classname="cn.edu.xmu.oomall.product.controller.CouponActControllerTest" time="0.189">
    <system-out><![CDATA[2024-12-04 22:16:23.308 [main] DEBUG cn.edu.xmu.javaee.core.util.JwtHelper - createToken:
2024-12-04 22:16:23.309 [main] DEBUG cn.edu.xmu.javaee.core.util.JwtHelper - createToken: userId = 1 userName=13088admin departId=0 tokenId:202412042216233GCA
2024-12-04 22:16:23.362 [main] DEBUG cn.edu.xmu.javaee.core.aop.ControllerAspect - doAround: method = findCouponActProductById, paramNames = [id, page, pageSize]
2024-12-04 22:16:23.362 [main] DEBUG cn.edu.xmu.javaee.core.aop.ControllerAspect - checkPageTimeLimit: paramNames[0] = id
2024-12-04 22:16:23.362 [main] DEBUG cn.edu.xmu.javaee.core.aop.ControllerAspect - checkPageTimeLimit: paramNames[1] = page
2024-12-04 22:16:23.362 [main] DEBUG cn.edu.xmu.javaee.core.aop.ControllerAspect - checkPageTimeLimit: set page to 1
2024-12-04 22:16:23.362 [main] DEBUG cn.edu.xmu.javaee.core.aop.ControllerAspect - checkPageTimeLimit: paramNames[2] = pageSize
2024-12-04 22:16:23.362 [main] DEBUG cn.edu.xmu.javaee.core.aop.ControllerAspect - checkPageTimeLimit: set pageSize to 10
2024-12-04 22:16:23.408 [main] INFO  cn.edu.xmu.javaee.core.aop.ControllerAspect - doAround: BusinessException， errno = RESOURCE_ID_NOTEXIST
2024-12-04 22:16:23.409 [main] DEBUG cn.edu.xmu.javaee.core.aop.ControllerAspect - doAround: jp = findCouponActProductById, code = RESOURCE_ID_NOTEXIST
]]></system-out>
  </testcase>
  <testcase name="findAllOnlineCouponActivitiesTest1" classname="cn.edu.xmu.oomall.product.controller.CouponActControllerTest" time="0.203">
    <system-out><![CDATA[2024-12-04 22:16:23.559 [main] DEBUG cn.edu.xmu.javaee.core.aop.ControllerAspect - doAround: method = findAllOnlineCouponActivities, paramNames = [shopId, productId, beginTime, endTime, page, pageSize]
2024-12-04 22:16:23.559 [main] DEBUG cn.edu.xmu.javaee.core.aop.ControllerAspect - checkPageTimeLimit: paramNames[0] = shopId
2024-12-04 22:16:23.559 [main] DEBUG cn.edu.xmu.javaee.core.aop.ControllerAspect - checkPageTimeLimit: paramNames[1] = productId
2024-12-04 22:16:23.559 [main] DEBUG cn.edu.xmu.javaee.core.aop.ControllerAspect - checkPageTimeLimit: paramNames[2] = beginTime
2024-12-04 22:16:23.559 [main] DEBUG cn.edu.xmu.javaee.core.aop.ControllerAspect - checkPageTimeLimit: set beginTime to 2024-11-04T22:15:29.287147500
2024-12-04 22:16:23.561 [main] DEBUG cn.edu.xmu.javaee.core.aop.ControllerAspect - checkPageTimeLimit: paramNames[3] = endTime
2024-12-04 22:16:23.561 [main] DEBUG cn.edu.xmu.javaee.core.aop.ControllerAspect - checkPageTimeLimit: set endTime to 2024-12-04T22:15:29.287147500
2024-12-04 22:16:23.562 [main] DEBUG cn.edu.xmu.javaee.core.aop.ControllerAspect - checkPageTimeLimit: paramNames[4] = page
2024-12-04 22:16:23.562 [main] DEBUG cn.edu.xmu.javaee.core.aop.ControllerAspect - checkPageTimeLimit: set page to 1
2024-12-04 22:16:23.562 [main] DEBUG cn.edu.xmu.javaee.core.aop.ControllerAspect - checkPageTimeLimit: paramNames[5] = pageSize
2024-12-04 22:16:23.562 [main] DEBUG cn.edu.xmu.javaee.core.aop.ControllerAspect - checkPageTimeLimit: set pageSize to 10
2024-12-04 22:16:23.562 [main] DEBUG c.edu.xmu.oomall.product.dao.activity.ActivityDao - retrieveValidByShopIdAndProductId: shopId is null
2024-12-04 22:16:23.614 [main] DEBUG c.edu.xmu.oomall.product.dao.activity.ActivityDao - retrieveValidByShopIdAndProductId: pos size = 0
2024-12-04 22:16:23.614 [main] DEBUG cn.edu.xmu.javaee.core.aop.DaoAspect - doAround: obj = cn.edu.xmu.oomall.product.dao.activity.ActivityDao@8daaa74, method = retrieveValidByShopIdAndProductId
2024-12-04 22:16:23.614 [main] DEBUG cn.edu.xmu.javaee.core.aop.ControllerAspect - doAround: jp = findAllOnlineCouponActivities, code = OK
]]></system-out>
  </testcase>
  <testcase name="findAllOnlineCouponActivitiesTest2" classname="cn.edu.xmu.oomall.product.controller.CouponActControllerTest" time="0.199">
    <system-out><![CDATA[2024-12-04 22:16:23.757 [cluster-ClusterId{value='6750642d06b2de2102d0963d', description='null'}-mongo3:27017] INFO  org.mongodb.driver.cluster - Exception in monitor thread while connecting to server mongo3:27017
com.mongodb.MongoSocketOpenException: Exception opening socket
	at com.mongodb.internal.connection.SocketStream.lambda$open$0(SocketStream.java:86)
	at java.base/java.util.Optional.orElseThrow(Optional.java:403)
	at com.mongodb.internal.connection.SocketStream.open(SocketStream.java:86)
	at com.mongodb.internal.connection.InternalStreamConnection.open(InternalStreamConnection.java:201)
	at com.mongodb.internal.connection.DefaultServerMonitor$ServerMonitorRunnable.lookupServerDescription(DefaultServerMonitor.java:193)
	at com.mongodb.internal.connection.DefaultServerMonitor$ServerMonitorRunnable.run(DefaultServerMonitor.java:153)
	at java.base/java.lang.Thread.run(Thread.java:842)
Caused by: java.net.SocketTimeoutException: Connect timed out
	at java.base/sun.nio.ch.NioSocketImpl.timedFinishConnect(NioSocketImpl.java:551)
	at java.base/sun.nio.ch.NioSocketImpl.connect(NioSocketImpl.java:602)
	at java.base/java.net.SocksSocketImpl.connect(SocksSocketImpl.java:327)
	at java.base/java.net.Socket.connect(Socket.java:633)
	at com.mongodb.internal.connection.SocketStreamHelper.initialize(SocketStreamHelper.java:76)
	at com.mongodb.internal.connection.SocketStream.initializeSocket(SocketStream.java:105)
	at com.mongodb.internal.connection.SocketStream.open(SocketStream.java:80)
	... 4 common frames omitted
2024-12-04 22:16:23.758 [main] DEBUG cn.edu.xmu.javaee.core.aop.ControllerAspect - doAround: method = findAllOnlineCouponActivities, paramNames = [shopId, productId, beginTime, endTime, page, pageSize]
2024-12-04 22:16:23.759 [main] DEBUG cn.edu.xmu.javaee.core.aop.ControllerAspect - checkPageTimeLimit: paramNames[0] = shopId
2024-12-04 22:16:23.759 [main] DEBUG cn.edu.xmu.javaee.core.aop.ControllerAspect - checkPageTimeLimit: paramNames[1] = productId
2024-12-04 22:16:23.759 [main] DEBUG cn.edu.xmu.javaee.core.aop.ControllerAspect - checkPageTimeLimit: paramNames[2] = beginTime
2024-12-04 22:16:23.759 [main] DEBUG cn.edu.xmu.javaee.core.aop.ControllerAspect - checkPageTimeLimit: set beginTime to 2024-11-04T22:15:29.287147500
2024-12-04 22:16:23.759 [main] DEBUG cn.edu.xmu.javaee.core.aop.ControllerAspect - checkPageTimeLimit: paramNames[3] = endTime
2024-12-04 22:16:23.759 [main] DEBUG cn.edu.xmu.javaee.core.aop.ControllerAspect - checkPageTimeLimit: set endTime to 2024-12-04T22:15:29.287147500
2024-12-04 22:16:23.759 [main] DEBUG cn.edu.xmu.javaee.core.aop.ControllerAspect - checkPageTimeLimit: paramNames[4] = page
2024-12-04 22:16:23.759 [main] DEBUG cn.edu.xmu.javaee.core.aop.ControllerAspect - checkPageTimeLimit: set page to 1
2024-12-04 22:16:23.759 [main] DEBUG cn.edu.xmu.javaee.core.aop.ControllerAspect - checkPageTimeLimit: paramNames[5] = pageSize
2024-12-04 22:16:23.759 [main] DEBUG cn.edu.xmu.javaee.core.aop.ControllerAspect - checkPageTimeLimit: set pageSize to 10
2024-12-04 22:16:23.760 [main] DEBUG c.edu.xmu.oomall.product.dao.activity.ActivityDao - retrieveValidByShopIdAndProductId: shopId = 2
2024-12-04 22:16:23.811 [main] DEBUG c.edu.xmu.oomall.product.dao.activity.ActivityDao - retrieveValidByShopIdAndProductId: pos size = 0
2024-12-04 22:16:23.811 [main] DEBUG cn.edu.xmu.javaee.core.aop.DaoAspect - doAround: obj = cn.edu.xmu.oomall.product.dao.activity.ActivityDao@8daaa74, method = retrieveValidByShopIdAndProductId
2024-12-04 22:16:23.811 [main] DEBUG cn.edu.xmu.javaee.core.aop.ControllerAspect - doAround: jp = findAllOnlineCouponActivities, code = OK
2024-12-04 22:16:23.894 [cluster-ClusterId{value='6750642d06b2de2102d0963d', description='null'}-mongo1:27017] INFO  org.mongodb.driver.cluster - Rediscovering type of existing primary mongo2:27017
2024-12-04 22:16:23.895 [cluster-ClusterId{value='6750642d06b2de2102d0963d', description='null'}-mongo1:27017] INFO  org.mongodb.driver.cluster - Discovered replica set primary mongo1:27017 with max election id 7fffffff00000000000000f7 and max set version 1
]]></system-out>
  </testcase>
  <testcase name="findAllOnlineCouponActivitiesTest3" classname="cn.edu.xmu.oomall.product.controller.CouponActControllerTest" time="20.826">
    <failure message="Status expected:&lt;200&gt; but was:&lt;500&gt;" type="java.lang.AssertionError"><![CDATA[java.lang.AssertionError: Status expected:<200> but was:<500>
	at org.springframework.test.util.AssertionErrors.fail(AssertionErrors.java:59)
	at org.springframework.test.util.AssertionErrors.assertEquals(AssertionErrors.java:122)
	at org.springframework.test.web.servlet.result.StatusResultMatchers.lambda$matcher$9(StatusResultMatchers.java:637)
	at org.springframework.test.web.servlet.MockMvc$1.andExpect(MockMvc.java:214)
	at cn.edu.xmu.oomall.product.controller.CouponActControllerTest.findAllOnlineCouponActivitiesTest3(CouponActControllerTest.java:105)
	at java.base/java.lang.reflect.Method.invoke(Method.java:568)
	at java.base/java.util.ArrayList.forEach(ArrayList.java:1511)
	at java.base/java.util.ArrayList.forEach(ArrayList.java:1511)
]]></failure>
    <system-out><![CDATA[2024-12-04 22:16:23.910 [cluster-ClusterId{value='6750642d06b2de2102d0963d', description='null'}-mongo2:27017] INFO  org.mongodb.driver.cluster - Rediscovering type of existing primary mongo1:27017
2024-12-04 22:16:23.911 [cluster-ClusterId{value='6750642d06b2de2102d0963d', description='null'}-mongo2:27017] INFO  org.mongodb.driver.cluster - Discovered replica set primary mongo2:27017 with max election id 7fffffff00000000000000f7 and max set version 1
2024-12-04 22:16:23.962 [main] DEBUG cn.edu.xmu.javaee.core.aop.ControllerAspect - doAround: method = findAllOnlineCouponActivities, paramNames = [shopId, productId, beginTime, endTime, page, pageSize]
2024-12-04 22:16:23.962 [main] DEBUG cn.edu.xmu.javaee.core.aop.ControllerAspect - checkPageTimeLimit: paramNames[0] = shopId
2024-12-04 22:16:23.962 [main] DEBUG cn.edu.xmu.javaee.core.aop.ControllerAspect - checkPageTimeLimit: paramNames[1] = productId
2024-12-04 22:16:23.962 [main] DEBUG cn.edu.xmu.javaee.core.aop.ControllerAspect - checkPageTimeLimit: paramNames[2] = beginTime
2024-12-04 22:16:23.962 [main] DEBUG cn.edu.xmu.javaee.core.aop.ControllerAspect - checkPageTimeLimit: set beginTime to 2024-11-04T22:15:29.287147500
2024-12-04 22:16:23.962 [main] DEBUG cn.edu.xmu.javaee.core.aop.ControllerAspect - checkPageTimeLimit: paramNames[3] = endTime
2024-12-04 22:16:23.962 [main] DEBUG cn.edu.xmu.javaee.core.aop.ControllerAspect - checkPageTimeLimit: paramNames[4] = page
2024-12-04 22:16:23.962 [main] DEBUG cn.edu.xmu.javaee.core.aop.ControllerAspect - checkPageTimeLimit: set page to 1
2024-12-04 22:16:23.962 [main] DEBUG cn.edu.xmu.javaee.core.aop.ControllerAspect - checkPageTimeLimit: paramNames[5] = pageSize
2024-12-04 22:16:23.963 [main] DEBUG cn.edu.xmu.javaee.core.aop.ControllerAspect - checkPageTimeLimit: set pageSize to 10
2024-12-04 22:16:23.963 [main] DEBUG c.edu.xmu.oomall.product.dao.activity.ActivityDao - retrieveValidByShopIdAndProductId: shopId is null
2024-12-04 22:16:24.014 [main] DEBUG c.edu.xmu.oomall.product.dao.activity.ActivityDao - retrieveValidByShopIdAndProductId: pos size = 10
2024-12-04 22:16:24.015 [main] DEBUG c.edu.xmu.oomall.product.dao.activity.ActivityDao - build: po = ActivityPo(id=9, creatorId=1, creatorName=admin, modifierId=null, modifierName=null, gmtCreate=2022-12-09T02:09:26, gmtModified=null, shopId=2, name=跨2类减10元, objectId=657301e6186c151467fe00db, actClass=couponActDao, status=1)
2024-12-04 22:16:24.016 [main] DEBUG c.edu.xmu.oomall.product.dao.activity.CouponActDao - ---getActivity: po = ActivityPo(id=9, creatorId=1, creatorName=admin, modifierId=null, modifierName=null, gmtCreate=2022-12-09T02:09:26, gmtModified=null, shopId=2, name=跨2类减10元, objectId=657301e6186c151467fe00db, actClass=couponActDao, status=1)
2024-12-04 22:16:25.943 [cluster-ClusterId{value='6750640706b2de2102d0963a', description='null'}-mongo1:27017] INFO  org.mongodb.driver.cluster - Rediscovering type of existing primary mongo2:27017
2024-12-04 22:16:25.943 [cluster-ClusterId{value='6750640706b2de2102d0963a', description='null'}-mongo1:27017] INFO  org.mongodb.driver.cluster - Discovered replica set primary mongo1:27017 with max election id 7fffffff00000000000000f7 and max set version 1
2024-12-04 22:16:25.943 [cluster-ClusterId{value='6750640706b2de2102d0963a', description='null'}-mongo3:27017] INFO  org.mongodb.driver.cluster - Rediscovering type of existing primary mongo1:27017
2024-12-04 22:16:25.943 [cluster-ClusterId{value='6750640706b2de2102d0963a', description='null'}-mongo3:27017] INFO  org.mongodb.driver.cluster - Discovered replica set primary mongo3:27017 with max election id 7fffffff00000000000000f7 and max set version 1
2024-12-04 22:16:25.944 [cluster-ClusterId{value='6750640706b2de2102d0963a', description='null'}-mongo2:27017] INFO  org.mongodb.driver.cluster - Rediscovering type of existing primary mongo3:27017
2024-12-04 22:16:25.944 [cluster-ClusterId{value='6750640706b2de2102d0963a', description='null'}-mongo2:27017] INFO  org.mongodb.driver.cluster - Discovered replica set primary mongo2:27017 with max election id 7fffffff00000000000000f7 and max set version 1
2024-12-04 22:16:26.407 [cluster-ClusterId{value='675063e906b2de2102d09638', description='null'}-mongo2:27017] INFO  org.mongodb.driver.cluster - Monitor thread successfully connected to server with description ServerDescription{address=mongo2:27017, type=REPLICA_SET_PRIMARY, state=CONNECTED, ok=true, minWireVersion=0, maxWireVersion=25, maxDocumentSize=16777216, logicalSessionTimeoutMinutes=30, roundTripTimeNanos=44290800, setName='rs0', canonicalAddress=mongo1:27017, hosts=[mongo1:27017], passives=[mongo3:27017, mongo2:27017], arbiters=[], primary='mongo1:27017', tagSet=TagSet{[]}, electionId=7fffffff00000000000000f7, setVersion=1, topologyVersion=TopologyVersion{processId=6750545c33ed055bb0fd0f23, counter=6}, lastWriteDate=Wed Dec 04 22:16:26 CST 2024, lastUpdateTimeNanos=46978414866900}
2024-12-04 22:16:26.407 [cluster-ClusterId{value='675063e906b2de2102d09638', description='null'}-mongo2:27017] INFO  org.mongodb.driver.cluster - Rediscovering type of existing primary mongo3:27017
2024-12-04 22:16:26.408 [cluster-ClusterId{value='675063e906b2de2102d09638', description='null'}-mongo2:27017] INFO  org.mongodb.driver.cluster - Discovered replica set primary mongo2:27017 with max election id 7fffffff00000000000000f7 and max set version 1
2024-12-04 22:16:26.633 [cluster-ClusterId{value='675063e906b2de2102d09638', description='null'}-mongo1:27017] INFO  org.mongodb.driver.cluster - Rediscovering type of existing primary mongo2:27017
2024-12-04 22:16:26.634 [cluster-ClusterId{value='675063e906b2de2102d09638', description='null'}-mongo1:27017] INFO  org.mongodb.driver.cluster - Discovered replica set primary mongo1:27017 with max election id 7fffffff00000000000000f7 and max set version 1
2024-12-04 22:16:26.634 [cluster-ClusterId{value='675063e906b2de2102d09638', description='null'}-mongo3:27017] INFO  org.mongodb.driver.cluster - Rediscovering type of existing primary mongo1:27017
2024-12-04 22:16:26.635 [cluster-ClusterId{value='675063e906b2de2102d09638', description='null'}-mongo3:27017] INFO  org.mongodb.driver.cluster - Discovered replica set primary mongo3:27017 with max election id 7fffffff00000000000000f7 and max set version 1
2024-12-04 22:16:32.761 [cluster-ClusterId{value='675063fa06b2de2102d09639', description='null'}-mongo1:27017] INFO  org.mongodb.driver.cluster - Rediscovering type of existing primary mongo2:27017
2024-12-04 22:16:32.761 [cluster-ClusterId{value='675063fa06b2de2102d09639', description='null'}-mongo1:27017] INFO  org.mongodb.driver.cluster - Discovered replica set primary mongo1:27017 with max election id 7fffffff00000000000000f7 and max set version 1
2024-12-04 22:16:32.762 [cluster-ClusterId{value='675063fa06b2de2102d09639', description='null'}-mongo3:27017] INFO  org.mongodb.driver.cluster - Rediscovering type of existing primary mongo1:27017
2024-12-04 22:16:32.762 [cluster-ClusterId{value='675063fa06b2de2102d09639', description='null'}-mongo3:27017] INFO  org.mongodb.driver.cluster - Discovered replica set primary mongo3:27017 with max election id 7fffffff00000000000000f7 and max set version 1
2024-12-04 22:16:32.762 [cluster-ClusterId{value='675063fa06b2de2102d09639', description='null'}-mongo2:27017] INFO  org.mongodb.driver.cluster - Rediscovering type of existing primary mongo3:27017
2024-12-04 22:16:32.762 [cluster-ClusterId{value='675063fa06b2de2102d09639', description='null'}-mongo2:27017] INFO  org.mongodb.driver.cluster - Discovered replica set primary mongo2:27017 with max election id 7fffffff00000000000000f7 and max set version 1
2024-12-04 22:16:32.889 [cluster-ClusterId{value='6750642206b2de2102d0963c', description='null'}-mongo3:27017] INFO  org.mongodb.driver.cluster - Rediscovering type of existing primary mongo1:27017
2024-12-04 22:16:32.890 [cluster-ClusterId{value='6750642206b2de2102d0963c', description='null'}-mongo3:27017] INFO  org.mongodb.driver.cluster - Discovered replica set primary mongo3:27017 with max election id 7fffffff00000000000000f7 and max set version 1
2024-12-04 22:16:32.890 [cluster-ClusterId{value='6750642206b2de2102d0963c', description='null'}-mongo2:27017] INFO  org.mongodb.driver.cluster - Rediscovering type of existing primary mongo3:27017
2024-12-04 22:16:32.890 [cluster-ClusterId{value='6750642206b2de2102d0963c', description='null'}-mongo2:27017] INFO  org.mongodb.driver.cluster - Discovered replica set primary mongo2:27017 with max election id 7fffffff00000000000000f7 and max set version 1
2024-12-04 22:16:33.898 [cluster-ClusterId{value='6750642d06b2de2102d0963d', description='null'}-mongo1:27017] INFO  org.mongodb.driver.cluster - Rediscovering type of existing primary mongo2:27017
2024-12-04 22:16:33.899 [cluster-ClusterId{value='6750642d06b2de2102d0963d', description='null'}-mongo1:27017] INFO  org.mongodb.driver.cluster - Discovered replica set primary mongo1:27017 with max election id 7fffffff00000000000000f7 and max set version 1
2024-12-04 22:16:33.920 [cluster-ClusterId{value='6750642d06b2de2102d0963d', description='null'}-mongo2:27017] INFO  org.mongodb.driver.cluster - Rediscovering type of existing primary mongo1:27017
2024-12-04 22:16:33.920 [cluster-ClusterId{value='6750642d06b2de2102d0963d', description='null'}-mongo2:27017] INFO  org.mongodb.driver.cluster - Discovered replica set primary mongo2:27017 with max election id 7fffffff00000000000000f7 and max set version 1
2024-12-04 22:16:34.033 [main] INFO  org.mongodb.driver.cluster - Waiting for server to become available for operation with ID 94. Remaining time: 30000 ms. Selector: ReadPreferenceServerSelector{readPreference=ReadPreference{name=nearest, hedgeOptions=null}}, topology description: {type=REPLICA_SET, servers=[{address=mongo3:27017, type=UNKNOWN, state=CONNECTING, exception={com.mongodb.MongoSocketOpenException: Exception opening socket}, caused by {java.net.SocketTimeoutException: Connect timed out}}, {address=mongo2:27017, type=UNKNOWN, state=CONNECTING, exception={com.mongodb.MongoSocketOpenException: Exception opening socket}, caused by {java.net.SocketTimeoutException: Connect timed out}}, {address=mongo1:27017, type=UNKNOWN, state=CONNECTING}].
2024-12-04 22:16:34.630 [cluster-ClusterId{value='6750642d06b2de2102d0963d', description='null'}-mongo2:27017] INFO  org.mongodb.driver.cluster - Monitor thread successfully connected to server with description ServerDescription{address=mongo2:27017, type=REPLICA_SET_PRIMARY, state=CONNECTED, ok=true, minWireVersion=0, maxWireVersion=25, maxDocumentSize=16777216, logicalSessionTimeoutMinutes=30, roundTripTimeNanos=47008100, setName='rs0', canonicalAddress=mongo1:27017, hosts=[mongo1:27017], passives=[mongo3:27017, mongo2:27017], arbiters=[], primary='mongo1:27017', tagSet=TagSet{[]}, electionId=7fffffff00000000000000f7, setVersion=1, topologyVersion=TopologyVersion{processId=6750545c33ed055bb0fd0f23, counter=6}, lastWriteDate=Wed Dec 04 22:16:26 CST 2024, lastUpdateTimeNanos=46986638070500}
2024-12-04 22:16:34.631 [cluster-ClusterId{value='6750642d06b2de2102d0963d', description='null'}-mongo2:27017] INFO  org.mongodb.driver.cluster - Discovered replica set primary mongo2:27017 with max election id 7fffffff00000000000000f7 and max set version 1
2024-12-04 22:16:35.853 [cluster-ClusterId{value='6750640706b2de2102d0963a', description='null'}-mongo1:27017] INFO  org.mongodb.driver.cluster - Rediscovering type of existing primary mongo2:27017
2024-12-04 22:16:35.854 [cluster-ClusterId{value='6750640706b2de2102d0963a', description='null'}-mongo1:27017] INFO  org.mongodb.driver.cluster - Discovered replica set primary mongo1:27017 with max election id 7fffffff00000000000000f7 and max set version 1
2024-12-04 22:16:35.868 [cluster-ClusterId{value='6750640706b2de2102d0963a', description='null'}-mongo3:27017] INFO  org.mongodb.driver.cluster - Rediscovering type of existing primary mongo1:27017
2024-12-04 22:16:35.868 [cluster-ClusterId{value='6750640706b2de2102d0963a', description='null'}-mongo3:27017] INFO  org.mongodb.driver.cluster - Discovered replica set primary mongo3:27017 with max election id 7fffffff00000000000000f7 and max set version 1
2024-12-04 22:16:35.876 [cluster-ClusterId{value='6750640706b2de2102d0963a', description='null'}-mongo2:27017] INFO  org.mongodb.driver.cluster - Rediscovering type of existing primary mongo3:27017
2024-12-04 22:16:35.877 [cluster-ClusterId{value='6750640706b2de2102d0963a', description='null'}-mongo2:27017] INFO  org.mongodb.driver.cluster - Discovered replica set primary mongo2:27017 with max election id 7fffffff00000000000000f7 and max set version 1
2024-12-04 22:16:36.492 [cluster-ClusterId{value='675063e906b2de2102d09638', description='null'}-mongo2:27017] INFO  org.mongodb.driver.cluster - Rediscovering type of existing primary mongo3:27017
2024-12-04 22:16:36.493 [cluster-ClusterId{value='675063e906b2de2102d09638', description='null'}-mongo2:27017] INFO  org.mongodb.driver.cluster - Discovered replica set primary mongo2:27017 with max election id 7fffffff00000000000000f7 and max set version 1
2024-12-04 22:16:36.694 [cluster-ClusterId{value='675063e906b2de2102d09638', description='null'}-mongo3:27017] INFO  org.mongodb.driver.cluster - Rediscovering type of existing primary mongo2:27017
2024-12-04 22:16:36.695 [cluster-ClusterId{value='675063e906b2de2102d09638', description='null'}-mongo3:27017] INFO  org.mongodb.driver.cluster - Discovered replica set primary mongo3:27017 with max election id 7fffffff00000000000000f7 and max set version 1
2024-12-04 22:16:36.695 [cluster-ClusterId{value='675063e906b2de2102d09638', description='null'}-mongo1:27017] INFO  org.mongodb.driver.cluster - Rediscovering type of existing primary mongo3:27017
2024-12-04 22:16:36.695 [cluster-ClusterId{value='675063e906b2de2102d09638', description='null'}-mongo1:27017] INFO  org.mongodb.driver.cluster - Discovered replica set primary mongo1:27017 with max election id 7fffffff00000000000000f7 and max set version 1
2024-12-04 22:16:42.736 [cluster-ClusterId{value='675063fa06b2de2102d09639', description='null'}-mongo3:27017] INFO  org.mongodb.driver.cluster - Rediscovering type of existing primary mongo2:27017
2024-12-04 22:16:42.737 [cluster-ClusterId{value='675063fa06b2de2102d09639', description='null'}-mongo3:27017] INFO  org.mongodb.driver.cluster - Discovered replica set primary mongo3:27017 with max election id 7fffffff00000000000000f7 and max set version 1
2024-12-04 22:16:42.737 [cluster-ClusterId{value='675063fa06b2de2102d09639', description='null'}-mongo1:27017] INFO  org.mongodb.driver.cluster - Rediscovering type of existing primary mongo3:27017
2024-12-04 22:16:42.737 [cluster-ClusterId{value='675063fa06b2de2102d09639', description='null'}-mongo1:27017] INFO  org.mongodb.driver.cluster - Discovered replica set primary mongo1:27017 with max election id 7fffffff00000000000000f7 and max set version 1
2024-12-04 22:16:42.750 [cluster-ClusterId{value='675063fa06b2de2102d09639', description='null'}-mongo2:27017] INFO  org.mongodb.driver.cluster - Rediscovering type of existing primary mongo1:27017
2024-12-04 22:16:42.750 [cluster-ClusterId{value='675063fa06b2de2102d09639', description='null'}-mongo2:27017] INFO  org.mongodb.driver.cluster - Discovered replica set primary mongo2:27017 with max election id 7fffffff00000000000000f7 and max set version 1
2024-12-04 22:16:42.890 [cluster-ClusterId{value='6750642206b2de2102d0963c', description='null'}-mongo3:27017] INFO  org.mongodb.driver.cluster - Rediscovering type of existing primary mongo2:27017
2024-12-04 22:16:42.891 [cluster-ClusterId{value='6750642206b2de2102d0963c', description='null'}-mongo3:27017] INFO  org.mongodb.driver.cluster - Discovered replica set primary mongo3:27017 with max election id 7fffffff00000000000000f7 and max set version 1
2024-12-04 22:16:42.899 [cluster-ClusterId{value='6750642206b2de2102d0963c', description='null'}-mongo1:27017] INFO  org.mongodb.driver.cluster - Rediscovering type of existing primary mongo3:27017
2024-12-04 22:16:42.900 [cluster-ClusterId{value='6750642206b2de2102d0963c', description='null'}-mongo1:27017] INFO  org.mongodb.driver.cluster - Discovered replica set primary mongo1:27017 with max election id 7fffffff00000000000000f7 and max set version 1
2024-12-04 22:16:42.900 [cluster-ClusterId{value='6750642206b2de2102d0963c', description='null'}-mongo2:27017] INFO  org.mongodb.driver.cluster - Rediscovering type of existing primary mongo1:27017
2024-12-04 22:16:42.900 [cluster-ClusterId{value='6750642206b2de2102d0963c', description='null'}-mongo2:27017] INFO  org.mongodb.driver.cluster - Discovered replica set primary mongo2:27017 with max election id 7fffffff00000000000000f7 and max set version 1
2024-12-04 22:16:43.944 [cluster-ClusterId{value='6750642d06b2de2102d0963d', description='null'}-mongo1:27017] INFO  org.mongodb.driver.cluster - Rediscovering type of existing primary mongo2:27017
2024-12-04 22:16:43.945 [cluster-ClusterId{value='6750642d06b2de2102d0963d', description='null'}-mongo1:27017] INFO  org.mongodb.driver.cluster - Discovered replica set primary mongo1:27017 with max election id 7fffffff00000000000000f7 and max set version 1
2024-12-04 22:16:44.637 [main] ERROR cn.edu.xmu.javaee.core.aop.DaoAspect - doAround: obj = cn.edu.xmu.oomall.product.dao.activity.CouponActDao@19291431, method = getActivity, e = {}
org.springframework.dao.DataAccessResourceFailureException: Exception opening socket
	at org.springframework.data.mongodb.core.MongoExceptionTranslator.translateExceptionIfPossible(MongoExceptionTranslator.java:78)
	at org.springframework.data.mongodb.core.MongoTemplate.potentiallyConvertRuntimeException(MongoTemplate.java:3008)
	at org.springframework.data.mongodb.core.MongoTemplate.executeFindOneInternal(MongoTemplate.java:2891)
	at org.springframework.data.mongodb.core.MongoTemplate.doFindOne(MongoTemplate.java:2546)
	at org.springframework.data.mongodb.core.MongoTemplate.findOne(MongoTemplate.java:819)
	at org.springframework.data.mongodb.repository.support.SimpleMongoRepository.findById(SimpleMongoRepository.java:127)
	at jdk.internal.reflect.GeneratedMethodAccessor120.invoke(Unknown Source)
	at java.base/jdk.internal.reflect.DelegatingMethodAccessorImpl.invoke(DelegatingMethodAccessorImpl.java:43)
	at java.base/java.lang.reflect.Method.invoke(Method.java:568)
	at org.springframework.aop.support.AopUtils.invokeJoinpointUsingReflection(AopUtils.java:355)
	at org.springframework.data.repository.core.support.RepositoryMethodInvoker$RepositoryFragmentMethodInvoker.lambda$new$0(RepositoryMethodInvoker.java:277)
	at org.springframework.data.repository.core.support.RepositoryMethodInvoker.doInvoke(RepositoryMethodInvoker.java:170)
	at org.springframework.data.repository.core.support.RepositoryMethodInvoker.invoke(RepositoryMethodInvoker.java:158)
	at org.springframework.data.repository.core.support.RepositoryComposition$RepositoryFragments.invoke(RepositoryComposition.java:516)
	at org.springframework.data.repository.core.support.RepositoryComposition.invoke(RepositoryComposition.java:285)
	at org.springframework.data.repository.core.support.RepositoryFactorySupport$ImplementationMethodExecutionInterceptor.invoke(RepositoryFactorySupport.java:628)
	at org.springframework.aop.framework.ReflectiveMethodInvocation.proceed(ReflectiveMethodInvocation.java:184)
	at org.springframework.data.repository.core.support.QueryExecutorMethodInterceptor.doInvoke(QueryExecutorMethodInterceptor.java:173)
	at org.springframework.data.repository.core.support.QueryExecutorMethodInterceptor.invoke(QueryExecutorMethodInterceptor.java:148)
	at org.springframework.aop.framework.ReflectiveMethodInvocation.proceed(ReflectiveMethodInvocation.java:184)
	at org.springframework.data.projection.DefaultMethodInvokingMethodInterceptor.invoke(DefaultMethodInvokingMethodInterceptor.java:70)
	at org.springframework.aop.framework.ReflectiveMethodInvocation.proceed(ReflectiveMethodInvocation.java:184)
	at org.springframework.data.mongodb.repository.support.CrudMethodMetadataPostProcessor$CrudMethodMetadataPopulatingMethodInterceptor.invoke(CrudMethodMetadataPostProcessor.java:158)
	at org.springframework.aop.framework.ReflectiveMethodInvocation.proceed(ReflectiveMethodInvocation.java:184)
	at org.springframework.aop.interceptor.ExposeInvocationInterceptor.invoke(ExposeInvocationInterceptor.java:97)
	at org.springframework.aop.framework.ReflectiveMethodInvocation.proceed(ReflectiveMethodInvocation.java:184)
	at org.springframework.aop.framework.JdkDynamicAopProxy.invoke(JdkDynamicAopProxy.java:223)
	at jdk.proxy2/jdk.proxy2.$Proxy226.findById(Unknown Source)
	at jdk.internal.reflect.GeneratedMethodAccessor119.invoke(Unknown Source)
	at java.base/jdk.internal.reflect.DelegatingMethodAccessorImpl.invoke(DelegatingMethodAccessorImpl.java:43)
	at java.base/java.lang.reflect.Method.invoke(Method.java:568)
	at org.springframework.aop.support.AopUtils.invokeJoinpointUsingReflection(AopUtils.java:355)
	at org.springframework.aop.framework.ReflectiveMethodInvocation.invokeJoinpoint(ReflectiveMethodInvocation.java:196)
	at org.springframework.aop.framework.ReflectiveMethodInvocation.proceed(ReflectiveMethodInvocation.java:163)
	at org.springframework.dao.support.PersistenceExceptionTranslationInterceptor.invoke(PersistenceExceptionTranslationInterceptor.java:138)
	at org.springframework.aop.framework.ReflectiveMethodInvocation.proceed(ReflectiveMethodInvocation.java:184)
	at org.springframework.aop.framework.JdkDynamicAopProxy.invoke(JdkDynamicAopProxy.java:223)
	at jdk.proxy2/jdk.proxy2.$Proxy226.findById(Unknown Source)
	at cn.edu.xmu.oomall.product.dao.activity.CouponActDao.getActivity(CouponActDao.java:39)
	at java.base/jdk.internal.reflect.NativeMethodAccessorImpl.invoke0(Native Method)
	at java.base/jdk.internal.reflect.NativeMethodAccessorImpl.invoke(NativeMethodAccessorImpl.java:77)
	at java.base/jdk.internal.reflect.DelegatingMethodAccessorImpl.invoke(DelegatingMethodAccessorImpl.java:43)
	at java.base/java.lang.reflect.Method.invoke(Method.java:568)
	at org.springframework.aop.support.AopUtils.invokeJoinpointUsingReflection(AopUtils.java:355)
	at org.springframework.aop.framework.ReflectiveMethodInvocation.invokeJoinpoint(ReflectiveMethodInvocation.java:196)
	at org.springframework.aop.framework.ReflectiveMethodInvocation.proceed(ReflectiveMethodInvocation.java:163)
	at org.springframework.aop.framework.CglibAopProxy$CglibMethodInvocation.proceed(CglibAopProxy.java:768)
	at org.springframework.dao.support.PersistenceExceptionTranslationInterceptor.invoke(PersistenceExceptionTranslationInterceptor.java:138)
	at org.springframework.aop.framework.ReflectiveMethodInvocation.proceed(ReflectiveMethodInvocation.java:184)
	at org.springframework.aop.framework.CglibAopProxy$CglibMethodInvocation.proceed(CglibAopProxy.java:768)
	at org.springframework.aop.aspectj.MethodInvocationProceedingJoinPoint.proceed(MethodInvocationProceedingJoinPoint.java:89)
	at cn.edu.xmu.javaee.core.aop.DaoAspect.doAround(DaoAspect.java:29)
	at jdk.internal.reflect.GeneratedMethodAccessor97.invoke(Unknown Source)
	at java.base/jdk.internal.reflect.DelegatingMethodAccessorImpl.invoke(DelegatingMethodAccessorImpl.java:43)
	at java.base/java.lang.reflect.Method.invoke(Method.java:568)
	at org.springframework.aop.aspectj.AbstractAspectJAdvice.invokeAdviceMethodWithGivenArgs(AbstractAspectJAdvice.java:637)
	at org.springframework.aop.aspectj.AbstractAspectJAdvice.invokeAdviceMethod(AbstractAspectJAdvice.java:627)
	at org.springframework.aop.aspectj.AspectJAroundAdvice.invoke(AspectJAroundAdvice.java:71)
	at org.springframework.aop.framework.ReflectiveMethodInvocation.proceed(ReflectiveMethodInvocation.java:184)
	at org.springframework.aop.framework.CglibAopProxy$CglibMethodInvocation.proceed(CglibAopProxy.java:768)
	at org.springframework.aop.interceptor.ExposeInvocationInterceptor.invoke(ExposeInvocationInterceptor.java:97)
	at org.springframework.aop.framework.ReflectiveMethodInvocation.proceed(ReflectiveMethodInvocation.java:184)
	at org.springframework.aop.framework.CglibAopProxy$CglibMethodInvocation.proceed(CglibAopProxy.java:768)
	at org.springframework.aop.framework.CglibAopProxy$DynamicAdvisedInterceptor.intercept(CglibAopProxy.java:720)
	at cn.edu.xmu.oomall.product.dao.activity.CouponActDao$$SpringCGLIB$$0.getActivity(<generated>)
	at cn.edu.xmu.oomall.product.dao.activity.ActivityDao.build(ActivityDao.java:79)
	at cn.edu.xmu.oomall.product.dao.activity.ActivityDao.lambda$retrieveValidByShopIdAndProductId$3(ActivityDao.java:345)
	at java.base/java.util.stream.ReferencePipeline$3$1.accept(ReferencePipeline.java:197)
	at java.base/java.util.ArrayList$ArrayListSpliterator.forEachRemaining(ArrayList.java:1625)
	at java.base/java.util.stream.AbstractPipeline.copyInto(AbstractPipeline.java:509)
	at java.base/java.util.stream.AbstractPipeline.wrapAndCopyInto(AbstractPipeline.java:499)
	at java.base/java.util.stream.ReduceOps$ReduceOp.evaluateSequential(ReduceOps.java:921)
	at java.base/java.util.stream.AbstractPipeline.evaluate(AbstractPipeline.java:234)
	at java.base/java.util.stream.ReferencePipeline.collect(ReferencePipeline.java:682)
	at cn.edu.xmu.oomall.product.dao.activity.ActivityDao.retrieveValidByShopIdAndProductId(ActivityDao.java:348)
	at java.base/jdk.internal.reflect.NativeMethodAccessorImpl.invoke0(Native Method)
	at java.base/jdk.internal.reflect.NativeMethodAccessorImpl.invoke(NativeMethodAccessorImpl.java:77)
	at java.base/jdk.internal.reflect.DelegatingMethodAccessorImpl.invoke(DelegatingMethodAccessorImpl.java:43)
	at java.base/java.lang.reflect.Method.invoke(Method.java:568)
	at org.springframework.aop.support.AopUtils.invokeJoinpointUsingReflection(AopUtils.java:355)
	at org.springframework.aop.framework.ReflectiveMethodInvocation.invokeJoinpoint(ReflectiveMethodInvocation.java:196)
	at org.springframework.aop.framework.ReflectiveMethodInvocation.proceed(ReflectiveMethodInvocation.java:163)
	at org.springframework.aop.framework.CglibAopProxy$CglibMethodInvocation.proceed(CglibAopProxy.java:768)
	at org.springframework.dao.support.PersistenceExceptionTranslationInterceptor.invoke(PersistenceExceptionTranslationInterceptor.java:138)
	at org.springframework.aop.framework.ReflectiveMethodInvocation.proceed(ReflectiveMethodInvocation.java:184)
	at org.springframework.aop.framework.CglibAopProxy$CglibMethodInvocation.proceed(CglibAopProxy.java:768)
	at org.springframework.aop.aspectj.MethodInvocationProceedingJoinPoint.proceed(MethodInvocationProceedingJoinPoint.java:89)
	at cn.edu.xmu.javaee.core.aop.DaoAspect.doAround(DaoAspect.java:29)
	at jdk.internal.reflect.GeneratedMethodAccessor97.invoke(Unknown Source)
	at java.base/jdk.internal.reflect.DelegatingMethodAccessorImpl.invoke(DelegatingMethodAccessorImpl.java:43)
	at java.base/java.lang.reflect.Method.invoke(Method.java:568)
	at org.springframework.aop.aspectj.AbstractAspectJAdvice.invokeAdviceMethodWithGivenArgs(AbstractAspectJAdvice.java:637)
	at org.springframework.aop.aspectj.AbstractAspectJAdvice.invokeAdviceMethod(AbstractAspectJAdvice.java:627)
	at org.springframework.aop.aspectj.AspectJAroundAdvice.invoke(AspectJAroundAdvice.java:71)
	at org.springframework.aop.framework.ReflectiveMethodInvocation.proceed(ReflectiveMethodInvocation.java:184)
	at org.springframework.aop.framework.CglibAopProxy$CglibMethodInvocation.proceed(CglibAopProxy.java:768)
	at org.springframework.aop.interceptor.ExposeInvocationInterceptor.invoke(ExposeInvocationInterceptor.java:97)
	at org.springframework.aop.framework.ReflectiveMethodInvocation.proceed(ReflectiveMethodInvocation.java:184)
	at org.springframework.aop.framework.CglibAopProxy$CglibMethodInvocation.proceed(CglibAopProxy.java:768)
	at org.springframework.aop.framework.CglibAopProxy$DynamicAdvisedInterceptor.intercept(CglibAopProxy.java:720)
	at cn.edu.xmu.oomall.product.dao.activity.ActivityDao$$SpringCGLIB$$0.retrieveValidByShopIdAndProductId(<generated>)
	at cn.edu.xmu.oomall.product.service.CouponActService.retrieveValidByShopIdAndProductIdAndTime(CouponActService.java:143)
	at java.base/jdk.internal.reflect.NativeMethodAccessorImpl.invoke0(Native Method)
	at java.base/jdk.internal.reflect.NativeMethodAccessorImpl.invoke(NativeMethodAccessorImpl.java:77)
	at java.base/jdk.internal.reflect.DelegatingMethodAccessorImpl.invoke(DelegatingMethodAccessorImpl.java:43)
	at java.base/java.lang.reflect.Method.invoke(Method.java:568)
	at org.springframework.aop.support.AopUtils.invokeJoinpointUsingReflection(AopUtils.java:355)
	at org.springframework.aop.framework.ReflectiveMethodInvocation.invokeJoinpoint(ReflectiveMethodInvocation.java:196)
	at org.springframework.aop.framework.ReflectiveMethodInvocation.proceed(ReflectiveMethodInvocation.java:163)
	at org.springframework.aop.framework.CglibAopProxy$CglibMethodInvocation.proceed(CglibAopProxy.java:768)
	at org.springframework.transaction.interceptor.TransactionAspectSupport.invokeWithinTransaction(TransactionAspectSupport.java:379)
	at org.springframework.transaction.interceptor.TransactionInterceptor.invoke(TransactionInterceptor.java:119)
	at org.springframework.aop.framework.ReflectiveMethodInvocation.proceed(ReflectiveMethodInvocation.java:184)
	at org.springframework.aop.framework.CglibAopProxy$CglibMethodInvocation.proceed(CglibAopProxy.java:768)
	at org.springframework.aop.framework.CglibAopProxy$DynamicAdvisedInterceptor.intercept(CglibAopProxy.java:720)
	at cn.edu.xmu.oomall.product.service.CouponActService$$SpringCGLIB$$0.retrieveValidByShopIdAndProductIdAndTime(<generated>)
	at cn.edu.xmu.oomall.product.controller.CouponActController.findAllOnlineCouponActivities(CouponActController.java:76)
	at java.base/jdk.internal.reflect.NativeMethodAccessorImpl.invoke0(Native Method)
	at java.base/jdk.internal.reflect.NativeMethodAccessorImpl.invoke(NativeMethodAccessorImpl.java:77)
	at java.base/jdk.internal.reflect.DelegatingMethodAccessorImpl.invoke(DelegatingMethodAccessorImpl.java:43)
	at java.base/java.lang.reflect.Method.invoke(Method.java:568)
	at org.springframework.aop.support.AopUtils.invokeJoinpointUsingReflection(AopUtils.java:355)
	at org.springframework.aop.framework.ReflectiveMethodInvocation.invokeJoinpoint(ReflectiveMethodInvocation.java:196)
	at org.springframework.aop.framework.ReflectiveMethodInvocation.proceed(ReflectiveMethodInvocation.java:163)
	at org.springframework.aop.framework.CglibAopProxy$CglibMethodInvocation.proceed(CglibAopProxy.java:768)
	at org.springframework.transaction.interceptor.TransactionAspectSupport.invokeWithinTransaction(TransactionAspectSupport.java:379)
	at org.springframework.transaction.interceptor.TransactionInterceptor.invoke(TransactionInterceptor.java:119)
	at org.springframework.aop.framework.ReflectiveMethodInvocation.proceed(ReflectiveMethodInvocation.java:184)
	at org.springframework.aop.framework.CglibAopProxy$CglibMethodInvocation.proceed(CglibAopProxy.java:768)
	at org.springframework.aop.aspectj.MethodInvocationProceedingJoinPoint.proceed(MethodInvocationProceedingJoinPoint.java:102)
	at cn.edu.xmu.javaee.core.aop.ControllerAspect.doAround(ControllerAspect.java:61)
	at jdk.internal.reflect.GeneratedMethodAccessor98.invoke(Unknown Source)
	at java.base/jdk.internal.reflect.DelegatingMethodAccessorImpl.invoke(DelegatingMethodAccessorImpl.java:43)
	at java.base/java.lang.reflect.Method.invoke(Method.java:568)
	at org.springframework.aop.aspectj.AbstractAspectJAdvice.invokeAdviceMethodWithGivenArgs(AbstractAspectJAdvice.java:637)
	at org.springframework.aop.aspectj.AbstractAspectJAdvice.invokeAdviceMethod(AbstractAspectJAdvice.java:627)
	at org.springframework.aop.aspectj.AspectJAroundAdvice.invoke(AspectJAroundAdvice.java:71)
	at org.springframework.aop.framework.ReflectiveMethodInvocation.proceed(ReflectiveMethodInvocation.java:184)
	at org.springframework.aop.framework.CglibAopProxy$CglibMethodInvocation.proceed(CglibAopProxy.java:768)
	at org.springframework.aop.interceptor.ExposeInvocationInterceptor.invoke(ExposeInvocationInterceptor.java:97)
	at org.springframework.aop.framework.ReflectiveMethodInvocation.proceed(ReflectiveMethodInvocation.java:184)
	at org.springframework.aop.framework.CglibAopProxy$CglibMethodInvocation.proceed(CglibAopProxy.java:768)
	at org.springframework.aop.framework.CglibAopProxy$DynamicAdvisedInterceptor.intercept(CglibAopProxy.java:720)
	at cn.edu.xmu.oomall.product.controller.CouponActController$$SpringCGLIB$$0.findAllOnlineCouponActivities(<generated>)
	at java.base/jdk.internal.reflect.NativeMethodAccessorImpl.invoke0(Native Method)
	at java.base/jdk.internal.reflect.NativeMethodAccessorImpl.invoke(NativeMethodAccessorImpl.java:77)
	at java.base/jdk.internal.reflect.DelegatingMethodAccessorImpl.invoke(DelegatingMethodAccessorImpl.java:43)
	at java.base/java.lang.reflect.Method.invoke(Method.java:568)
	at org.springframework.web.method.support.InvocableHandlerMethod.doInvoke(InvocableHandlerMethod.java:255)
	at org.springframework.web.method.support.InvocableHandlerMethod.invokeForRequest(InvocableHandlerMethod.java:188)
	at org.springframework.web.servlet.mvc.method.annotation.ServletInvocableHandlerMethod.invokeAndHandle(ServletInvocableHandlerMethod.java:118)
	at org.springframework.web.servlet.mvc.method.annotation.RequestMappingHandlerAdapter.invokeHandlerMethod(RequestMappingHandlerAdapter.java:926)
	at org.springframework.web.servlet.mvc.method.annotation.RequestMappingHandlerAdapter.handleInternal(RequestMappingHandlerAdapter.java:831)
	at org.springframework.web.servlet.mvc.method.AbstractHandlerMethodAdapter.handle(AbstractHandlerMethodAdapter.java:87)
	at org.springframework.web.servlet.DispatcherServlet.doDispatch(DispatcherServlet.java:1089)
	at org.springframework.web.servlet.DispatcherServlet.doService(DispatcherServlet.java:979)
	at org.springframework.web.servlet.FrameworkServlet.processRequest(FrameworkServlet.java:1014)
	at org.springframework.web.servlet.FrameworkServlet.doGet(FrameworkServlet.java:903)
	at jakarta.servlet.http.HttpServlet.service(HttpServlet.java:564)
	at org.springframework.web.servlet.FrameworkServlet.service(FrameworkServlet.java:885)
	at org.springframework.test.web.servlet.TestDispatcherServlet.service(TestDispatcherServlet.java:72)
	at jakarta.servlet.http.HttpServlet.service(HttpServlet.java:658)
	at org.springframework.mock.web.MockFilterChain$ServletFilterProxy.doFilter(MockFilterChain.java:165)
	at org.springframework.mock.web.MockFilterChain.doFilter(MockFilterChain.java:132)
	at org.springframework.web.filter.RequestContextFilter.doFilterInternal(RequestContextFilter.java:100)
	at org.springframework.web.filter.OncePerRequestFilter.doFilter(OncePerRequestFilter.java:116)
	at org.springframework.test.web.servlet.setup.MockMvcFilterDecorator.doFilter(MockMvcFilterDecorator.java:151)
	at org.springframework.mock.web.MockFilterChain.doFilter(MockFilterChain.java:132)
	at org.springframework.web.filter.FormContentFilter.doFilterInternal(FormContentFilter.java:93)
	at org.springframework.web.filter.OncePerRequestFilter.doFilter(OncePerRequestFilter.java:116)
	at org.springframework.test.web.servlet.setup.MockMvcFilterDecorator.doFilter(MockMvcFilterDecorator.java:151)
	at org.springframework.mock.web.MockFilterChain.doFilter(MockFilterChain.java:132)
	at org.springframework.web.filter.ServerHttpObservationFilter.doFilterInternal(ServerHttpObservationFilter.java:113)
	at org.springframework.web.filter.OncePerRequestFilter.doFilter(OncePerRequestFilter.java:116)
	at org.springframework.test.web.servlet.setup.MockMvcFilterDecorator.doFilter(MockMvcFilterDecorator.java:151)
	at org.springframework.mock.web.MockFilterChain.doFilter(MockFilterChain.java:132)
	at org.springframework.web.filter.CharacterEncodingFilter.doFilterInternal(CharacterEncodingFilter.java:201)
	at org.springframework.web.filter.OncePerRequestFilter.doFilter(OncePerRequestFilter.java:116)
	at org.springframework.test.web.servlet.setup.MockMvcFilterDecorator.doFilter(MockMvcFilterDecorator.java:151)
	at org.springframework.mock.web.MockFilterChain.doFilter(MockFilterChain.java:132)
	at org.springframework.test.web.servlet.MockMvc.perform(MockMvc.java:201)
	at cn.edu.xmu.oomall.product.controller.CouponActControllerTest.findAllOnlineCouponActivitiesTest3(CouponActControllerTest.java:102)
	at java.base/jdk.internal.reflect.NativeMethodAccessorImpl.invoke0(Native Method)
	at java.base/jdk.internal.reflect.NativeMethodAccessorImpl.invoke(NativeMethodAccessorImpl.java:77)
	at java.base/jdk.internal.reflect.DelegatingMethodAccessorImpl.invoke(DelegatingMethodAccessorImpl.java:43)
	at java.base/java.lang.reflect.Method.invoke(Method.java:568)
	at org.junit.platform.commons.util.ReflectionUtils.invokeMethod(ReflectionUtils.java:728)
	at org.junit.jupiter.engine.execution.MethodInvocation.proceed(MethodInvocation.java:60)
	at org.junit.jupiter.engine.execution.InvocationInterceptorChain$ValidatingInvocation.proceed(InvocationInterceptorChain.java:131)
	at org.junit.jupiter.engine.extension.TimeoutExtension.intercept(TimeoutExtension.java:156)
	at org.junit.jupiter.engine.extension.TimeoutExtension.interceptTestableMethod(TimeoutExtension.java:147)
	at org.junit.jupiter.engine.extension.TimeoutExtension.interceptTestMethod(TimeoutExtension.java:86)
	at org.junit.jupiter.engine.execution.InterceptingExecutableInvoker$ReflectiveInterceptorCall.lambda$ofVoidMethod$0(InterceptingExecutableInvoker.java:103)
	at org.junit.jupiter.engine.execution.InterceptingExecutableInvoker.lambda$invoke$0(InterceptingExecutableInvoker.java:93)
	at org.junit.jupiter.engine.execution.InvocationInterceptorChain$InterceptedInvocation.proceed(InvocationInterceptorChain.java:106)
	at org.junit.jupiter.engine.execution.InvocationInterceptorChain.proceed(InvocationInterceptorChain.java:64)
	at org.junit.jupiter.engine.execution.InvocationInterceptorChain.chainAndInvoke(InvocationInterceptorChain.java:45)
	at org.junit.jupiter.engine.execution.InvocationInterceptorChain.invoke(InvocationInterceptorChain.java:37)
	at org.junit.jupiter.engine.execution.InterceptingExecutableInvoker.invoke(InterceptingExecutableInvoker.java:92)
	at org.junit.jupiter.engine.execution.InterceptingExecutableInvoker.invoke(InterceptingExecutableInvoker.java:86)
	at org.junit.jupiter.engine.descriptor.TestMethodTestDescriptor.lambda$invokeTestMethod$7(TestMethodTestDescriptor.java:218)
	at org.junit.platform.engine.support.hierarchical.ThrowableCollector.execute(ThrowableCollector.java:73)
	at org.junit.jupiter.engine.descriptor.TestMethodTestDescriptor.invokeTestMethod(TestMethodTestDescriptor.java:214)
	at org.junit.jupiter.engine.descriptor.TestMethodTestDescriptor.execute(TestMethodTestDescriptor.java:139)
	at org.junit.jupiter.engine.descriptor.TestMethodTestDescriptor.execute(TestMethodTestDescriptor.java:69)
	at org.junit.platform.engine.support.hierarchical.NodeTestTask.lambda$executeRecursively$6(NodeTestTask.java:156)
	at org.junit.platform.engine.support.hierarchical.ThrowableCollector.execute(ThrowableCollector.java:73)
	at org.junit.platform.engine.support.hierarchical.NodeTestTask.lambda$executeRecursively$8(NodeTestTask.java:146)
	at org.junit.platform.engine.support.hierarchical.Node.around(Node.java:137)
	at org.junit.platform.engine.support.hierarchical.NodeTestTask.lambda$executeRecursively$9(NodeTestTask.java:144)
	at org.junit.platform.engine.support.hierarchical.ThrowableCollector.execute(ThrowableCollector.java:73)
	at org.junit.platform.engine.support.hierarchical.NodeTestTask.executeRecursively(NodeTestTask.java:143)
	at org.junit.platform.engine.support.hierarchical.NodeTestTask.execute(NodeTestTask.java:100)
	at java.base/java.util.ArrayList.forEach(ArrayList.java:1511)
	at org.junit.platform.engine.support.hierarchical.SameThreadHierarchicalTestExecutorService.invokeAll(SameThreadHierarchicalTestExecutorService.java:41)
	at org.junit.platform.engine.support.hierarchical.NodeTestTask.lambda$executeRecursively$6(NodeTestTask.java:160)
	at org.junit.platform.engine.support.hierarchical.ThrowableCollector.execute(ThrowableCollector.java:73)
	at org.junit.platform.engine.support.hierarchical.NodeTestTask.lambda$executeRecursively$8(NodeTestTask.java:146)
	at org.junit.platform.engine.support.hierarchical.Node.around(Node.java:137)
	at org.junit.platform.engine.support.hierarchical.NodeTestTask.lambda$executeRecursively$9(NodeTestTask.java:144)
	at org.junit.platform.engine.support.hierarchical.ThrowableCollector.execute(ThrowableCollector.java:73)
	at org.junit.platform.engine.support.hierarchical.NodeTestTask.executeRecursively(NodeTestTask.java:143)
	at org.junit.platform.engine.support.hierarchical.NodeTestTask.execute(NodeTestTask.java:100)
	at java.base/java.util.ArrayList.forEach(ArrayList.java:1511)
	at org.junit.platform.engine.support.hierarchical.SameThreadHierarchicalTestExecutorService.invokeAll(SameThreadHierarchicalTestExecutorService.java:41)
	at org.junit.platform.engine.support.hierarchical.NodeTestTask.lambda$executeRecursively$6(NodeTestTask.java:160)
	at org.junit.platform.engine.support.hierarchical.ThrowableCollector.execute(ThrowableCollector.java:73)
	at org.junit.platform.engine.support.hierarchical.NodeTestTask.lambda$executeRecursively$8(NodeTestTask.java:146)
	at org.junit.platform.engine.support.hierarchical.Node.around(Node.java:137)
	at org.junit.platform.engine.support.hierarchical.NodeTestTask.lambda$executeRecursively$9(NodeTestTask.java:144)
	at org.junit.platform.engine.support.hierarchical.ThrowableCollector.execute(ThrowableCollector.java:73)
	at org.junit.platform.engine.support.hierarchical.NodeTestTask.executeRecursively(NodeTestTask.java:143)
	at org.junit.platform.engine.support.hierarchical.NodeTestTask.execute(NodeTestTask.java:100)
	at org.junit.platform.engine.support.hierarchical.SameThreadHierarchicalTestExecutorService.submit(SameThreadHierarchicalTestExecutorService.java:35)
	at org.junit.platform.engine.support.hierarchical.HierarchicalTestExecutor.execute(HierarchicalTestExecutor.java:57)
	at org.junit.platform.engine.support.hierarchical.HierarchicalTestEngine.execute(HierarchicalTestEngine.java:54)
	at org.junit.platform.launcher.core.EngineExecutionOrchestrator.execute(EngineExecutionOrchestrator.java:198)
	at org.junit.platform.launcher.core.EngineExecutionOrchestrator.execute(EngineExecutionOrchestrator.java:169)
	at org.junit.platform.launcher.core.EngineExecutionOrchestrator.execute(EngineExecutionOrchestrator.java:93)
	at org.junit.platform.launcher.core.EngineExecutionOrchestrator.lambda$execute$0(EngineExecutionOrchestrator.java:58)
	at org.junit.platform.launcher.core.EngineExecutionOrchestrator.withInterceptedStreams(EngineExecutionOrchestrator.java:141)
	at org.junit.platform.launcher.core.EngineExecutionOrchestrator.execute(EngineExecutionOrchestrator.java:57)
	at org.junit.platform.launcher.core.DefaultLauncher.execute(DefaultLauncher.java:103)
	at org.junit.platform.launcher.core.DefaultLauncher.execute(DefaultLauncher.java:85)
	at org.junit.platform.launcher.core.DelegatingLauncher.execute(DelegatingLauncher.java:47)
	at org.apache.maven.surefire.junitplatform.LazyLauncher.execute(LazyLauncher.java:56)
	at org.apache.maven.surefire.junitplatform.JUnitPlatformProvider.execute(JUnitPlatformProvider.java:184)
	at org.apache.maven.surefire.junitplatform.JUnitPlatformProvider.invokeAllTests(JUnitPlatformProvider.java:148)
	at org.apache.maven.surefire.junitplatform.JUnitPlatformProvider.invoke(JUnitPlatformProvider.java:122)
	at org.apache.maven.surefire.booter.ForkedBooter.runSuitesInProcess(ForkedBooter.java:385)
	at org.apache.maven.surefire.booter.ForkedBooter.execute(ForkedBooter.java:162)
	at org.apache.maven.surefire.booter.ForkedBooter.run(ForkedBooter.java:507)
	at org.apache.maven.surefire.booter.ForkedBooter.main(ForkedBooter.java:495)
Caused by: com.mongodb.MongoSocketOpenException: Exception opening socket
	at com.mongodb.internal.connection.SocketStream.lambda$open$0(SocketStream.java:86)
	at java.base/java.util.Optional.orElseThrow(Optional.java:403)
	at com.mongodb.internal.connection.SocketStream.open(SocketStream.java:86)
	at com.mongodb.internal.connection.InternalStreamConnection.open(InternalStreamConnection.java:201)
	at com.mongodb.internal.connection.UsageTrackingInternalConnection.open(UsageTrackingInternalConnection.java:55)
	at com.mongodb.internal.connection.DefaultConnectionPool$PooledConnection.open(DefaultConnectionPool.java:625)
	at com.mongodb.internal.connection.DefaultConnectionPool$OpenConcurrencyLimiter.openWithConcurrencyLimit(DefaultConnectionPool.java:965)
	at com.mongodb.internal.connection.DefaultConnectionPool$OpenConcurrencyLimiter.openOrGetAvailable(DefaultConnectionPool.java:906)
	at com.mongodb.internal.connection.DefaultConnectionPool.get(DefaultConnectionPool.java:203)
	at com.mongodb.internal.connection.DefaultConnectionPool.get(DefaultConnectionPool.java:192)
	at com.mongodb.internal.connection.DefaultServer.getConnection(DefaultServer.java:96)
	at com.mongodb.internal.binding.ClusterBinding$ClusterBindingConnectionSource.getConnection(ClusterBinding.java:178)
	at com.mongodb.client.internal.ClientSessionBinding$SessionBindingConnectionSource.getConnection(ClientSessionBinding.java:196)
	at com.mongodb.internal.operation.SyncOperationHelper.withSuppliedResource(SyncOperationHelper.java:141)
	at com.mongodb.internal.operation.SyncOperationHelper.lambda$withSourceAndConnection$1(SyncOperationHelper.java:123)
	at com.mongodb.internal.operation.SyncOperationHelper.withSuppliedResource(SyncOperationHelper.java:149)
	at com.mongodb.internal.operation.SyncOperationHelper.withSourceAndConnection(SyncOperationHelper.java:122)
	at com.mongodb.internal.operation.FindOperation.lambda$execute$2(FindOperation.java:310)
	at com.mongodb.internal.operation.SyncOperationHelper.lambda$decorateReadWithRetries$12(SyncOperationHelper.java:289)
	at com.mongodb.internal.async.function.RetryingSyncSupplier.get(RetryingSyncSupplier.java:67)
	at com.mongodb.internal.operation.FindOperation.execute(FindOperation.java:321)
	at com.mongodb.internal.operation.FindOperation.execute(FindOperation.java:71)
	at com.mongodb.client.internal.MongoClientDelegate$DelegateOperationExecutor.execute(MongoClientDelegate.java:153)
	at com.mongodb.client.internal.FindIterableImpl.first(FindIterableImpl.java:206)
	at org.springframework.data.mongodb.core.MongoTemplate$FindOneCallback.doInCollection(MongoTemplate.java:3048)
	at org.springframework.data.mongodb.core.MongoTemplate$FindOneCallback.doInCollection(MongoTemplate.java:3022)
	at org.springframework.data.mongodb.core.MongoTemplate.executeFindOneInternal(MongoTemplate.java:2888)
	... 250 common frames omitted
Caused by: java.net.SocketTimeoutException: Connect timed out
	at java.base/sun.nio.ch.NioSocketImpl.timedFinishConnect(NioSocketImpl.java:551)
	at java.base/sun.nio.ch.NioSocketImpl.connect(NioSocketImpl.java:602)
	at java.base/java.net.SocksSocketImpl.connect(SocksSocketImpl.java:327)
	at java.base/java.net.Socket.connect(Socket.java:633)
	at com.mongodb.internal.connection.SocketStreamHelper.initialize(SocketStreamHelper.java:76)
	at com.mongodb.internal.connection.SocketStream.initializeSocket(SocketStream.java:105)
	at com.mongodb.internal.connection.SocketStream.open(SocketStream.java:80)
	... 274 common frames omitted
2024-12-04 22:16:44.640 [main] INFO  cn.edu.xmu.javaee.core.aop.ControllerAspect - doAround: BusinessException， errno = INTERNAL_SERVER_ERR
2024-12-04 22:16:44.641 [main] DEBUG cn.edu.xmu.javaee.core.aop.ControllerAspect - doAround: jp = findAllOnlineCouponActivities, code = INTERNAL_SERVER_ERR

MockHttpServletRequest:
      HTTP Method = GET
      Request URI = /couponactivities
       Parameters = {endTime=[2027-10-10T11:11:11]}
          Headers = [Content-Type:"application/json;charset=UTF-8"]
             Body = null
    Session Attrs = {}

Handler:
             Type = cn.edu.xmu.oomall.product.controller.CouponActController
           Method = cn.edu.xmu.oomall.product.controller.CouponActController#findAllOnlineCouponActivities(Long, Long, LocalDateTime, LocalDateTime, Integer, Integer)

Async:
    Async started = false
     Async result = null

Resolved Exception:
             Type = null

ModelAndView:
        View name = null
             View = null
            Model = null

FlashMap:
       Attributes = null

MockHttpServletResponse:
           Status = 500
    Error message = null
          Headers = [Vary:"Origin", "Access-Control-Request-Method", "Access-Control-Request-Headers", Content-Type:"application/json;charset=UTF-8"]
     Content type = application/json;charset=UTF-8
             Body = {"errmsg":"Exception opening socket","errno":2}
    Forwarded URL = null
   Redirected URL = null
          Cookies = []
]]></system-out>
  </testcase>
  <testcase name="findAllOnlineCouponActivitiesTest4" classname="cn.edu.xmu.oomall.product.controller.CouponActControllerTest" time="0.571">
    <system-out><![CDATA[2024-12-04 22:16:44.801 [main] DEBUG cn.edu.xmu.javaee.core.aop.ControllerAspect - doAround: method = findAllOnlineCouponActivities, paramNames = [shopId, productId, beginTime, endTime, page, pageSize]
2024-12-04 22:16:44.801 [main] DEBUG cn.edu.xmu.javaee.core.aop.ControllerAspect - checkPageTimeLimit: paramNames[0] = shopId
2024-12-04 22:16:44.801 [main] DEBUG cn.edu.xmu.javaee.core.aop.ControllerAspect - checkPageTimeLimit: paramNames[1] = productId
2024-12-04 22:16:44.801 [main] DEBUG cn.edu.xmu.javaee.core.aop.ControllerAspect - checkPageTimeLimit: paramNames[2] = beginTime
2024-12-04 22:16:44.801 [main] DEBUG cn.edu.xmu.javaee.core.aop.ControllerAspect - checkPageTimeLimit: set beginTime to 2024-11-04T22:15:29.287147500
2024-12-04 22:16:44.802 [main] DEBUG cn.edu.xmu.javaee.core.aop.ControllerAspect - checkPageTimeLimit: paramNames[3] = endTime
2024-12-04 22:16:44.802 [main] DEBUG cn.edu.xmu.javaee.core.aop.ControllerAspect - checkPageTimeLimit: paramNames[4] = page
2024-12-04 22:16:44.802 [main] DEBUG cn.edu.xmu.javaee.core.aop.ControllerAspect - checkPageTimeLimit: set page to 1
2024-12-04 22:16:44.802 [main] DEBUG cn.edu.xmu.javaee.core.aop.ControllerAspect - checkPageTimeLimit: paramNames[5] = pageSize
2024-12-04 22:16:44.802 [main] DEBUG cn.edu.xmu.javaee.core.aop.ControllerAspect - checkPageTimeLimit: set pageSize to 10
2024-12-04 22:16:44.802 [main] DEBUG c.edu.xmu.oomall.product.dao.activity.ActivityDao - retrieveValidByShopIdAndProductId: productId = 1678
2024-12-04 22:16:44.860 [main] DEBUG c.edu.xmu.oomall.product.dao.activity.ActivityDao - retrieveValidByShopIdAndProductId: pos size = 2
2024-12-04 22:16:44.860 [main] DEBUG c.edu.xmu.oomall.product.dao.activity.ActivityDao - build: po = ActivityPo(id=10, creatorId=1, creatorName=admin, modifierId=null, modifierName=null, gmtCreate=2022-12-09T02:09:26, gmtModified=null, shopId=2, name=跨2类9折, objectId=65730218f527a2548b1977d8, actClass=couponActDao, status=1)
2024-12-04 22:16:44.861 [main] DEBUG c.edu.xmu.oomall.product.dao.activity.CouponActDao - ---getActivity: po = ActivityPo(id=10, creatorId=1, creatorName=admin, modifierId=null, modifierName=null, gmtCreate=2022-12-09T02:09:26, gmtModified=null, shopId=2, name=跨2类9折, objectId=65730218f527a2548b1977d8, actClass=couponActDao, status=1)
2024-12-04 22:16:45.002 [main] INFO  c.edu.xmu.oomall.product.config.MongoCommandLogger - Command: find
2024-12-04 22:16:45.002 [main] INFO  c.edu.xmu.oomall.product.config.MongoCommandLogger - Connection Address: mongo1:27017
2024-12-04 22:16:45.051 [main] DEBUG c.edu.xmu.oomall.product.dao.activity.CouponActDao - objid->657302634882bc534d981832:Optional[CouponActPo(objectId=657302634882bc534d981832, couponTime=null, quantity=null, quantityType=null, validTerm=null, strategy={"value":50,"couponLimitation":{"value":10000,"className":"cn.edu.xmu.oomall.product.model.strategy.impl.PriceCouponLimitation"},"className":"cn.edu.xmu.oomall.product.model.strategy.impl.CheapestPercentageDiscount"})],po.objid:65730218f527a2548b1977d8
2024-12-04 22:16:45.052 [main] DEBUG c.edu.xmu.oomall.product.dao.activity.CouponActDao - ---copy after getActivity: po = ActivityPo(id=10, creatorId=1, creatorName=admin, modifierId=null, modifierName=null, gmtCreate=2022-12-09T02:09:26, gmtModified=null, shopId=2, name=跨2类9折, objectId=65730218f527a2548b1977d8, actClass=couponActDao, status=1)
2024-12-04 22:16:45.053 [main] INFO  c.edu.xmu.oomall.product.config.MongoCommandLogger - Command: find
2024-12-04 22:16:45.053 [main] INFO  c.edu.xmu.oomall.product.config.MongoCommandLogger - Connection Address: mongo1:27017
2024-12-04 22:16:45.097 [main] DEBUG c.edu.xmu.oomall.product.dao.activity.CouponActDao - ---getActivity: ret = Optional[CouponActPo(objectId=65730218f527a2548b1977d8, couponTime=null, quantity=null, quantityType=null, validTerm=null, strategy={"value":90,"couponLimitation":{"value":2,"className":"cn.edu.xmu.oomall.product.model.strategy.impl.CrossCategoryLimitation"},"className":"cn.edu.xmu.oomall.product.model.strategy.impl.PercentageCouponDiscount"})]
2024-12-04 22:16:45.109 [main] DEBUG c.edu.xmu.oomall.product.dao.activity.CouponActDao - ---getActivity: bo = CouponAct(super=Activity(super=OOMallObject(id=10, creatorId=1, creatorName=admin, modifierId=null, modifierName=null, gmtCreate=2022-12-09T02:09:26, gmtModified=null), shopId=2, name=跨2类9折, objectId=65730218f527a2548b1977d8, actClass=couponActDao, status=1), couponTime=null, quantity=null, quantityType=null, validTerm=null, strategy=PercentageCouponDiscount())
2024-12-04 22:16:45.110 [main] DEBUG cn.edu.xmu.javaee.core.aop.DaoAspect - doAround: obj = cn.edu.xmu.oomall.product.dao.activity.CouponActDao@19291431, method = getActivity
2024-12-04 22:16:45.110 [main] DEBUG c.edu.xmu.oomall.product.dao.activity.ActivityDao - build: bo = CouponAct(super=Activity(super=OOMallObject(id=10, creatorId=1, creatorName=admin, modifierId=null, modifierName=null, gmtCreate=2022-12-09T02:09:26, gmtModified=null), shopId=2, name=跨2类9折, objectId=65730218f527a2548b1977d8, actClass=couponActDao, status=1), couponTime=null, quantity=null, quantityType=null, validTerm=null, strategy=PercentageCouponDiscount())
2024-12-04 22:16:45.110 [main] DEBUG c.edu.xmu.oomall.product.dao.activity.ActivityDao - retrieveValidByShopIdAndProductId: bo = CouponAct(super=Activity(super=OOMallObject(id=10, creatorId=1, creatorName=admin, modifierId=null, modifierName=null, gmtCreate=2022-12-09T02:09:26, gmtModified=null), shopId=2, name=跨2类9折, objectId=65730218f527a2548b1977d8, actClass=couponActDao, status=1), couponTime=null, quantity=null, quantityType=null, validTerm=null, strategy=PercentageCouponDiscount())
2024-12-04 22:16:45.110 [main] DEBUG c.edu.xmu.oomall.product.dao.activity.ActivityDao - build: po = ActivityPo(id=101, creatorId=1, creatorName=admin, modifierId=null, modifierName=null, gmtCreate=2023-12-08T12:12:50, gmtModified=null, shopId=2, name=3件满100打9折, objectId=65730693e61c0b69ba4dc049, actClass=couponActDao, status=1)
2024-12-04 22:16:45.111 [main] DEBUG c.edu.xmu.oomall.product.dao.activity.CouponActDao - ---getActivity: po = ActivityPo(id=101, creatorId=1, creatorName=admin, modifierId=null, modifierName=null, gmtCreate=2023-12-08T12:12:50, gmtModified=null, shopId=2, name=3件满100打9折, objectId=65730693e61c0b69ba4dc049, actClass=couponActDao, status=1)
2024-12-04 22:16:45.112 [main] INFO  c.edu.xmu.oomall.product.config.MongoCommandLogger - Command: find
2024-12-04 22:16:45.112 [main] INFO  c.edu.xmu.oomall.product.config.MongoCommandLogger - Connection Address: mongo1:27017
2024-12-04 22:16:45.155 [main] DEBUG c.edu.xmu.oomall.product.dao.activity.CouponActDao - objid->657302634882bc534d981832:Optional[CouponActPo(objectId=657302634882bc534d981832, couponTime=null, quantity=null, quantityType=null, validTerm=null, strategy={"value":50,"couponLimitation":{"value":10000,"className":"cn.edu.xmu.oomall.product.model.strategy.impl.PriceCouponLimitation"},"className":"cn.edu.xmu.oomall.product.model.strategy.impl.CheapestPercentageDiscount"})],po.objid:65730693e61c0b69ba4dc049
2024-12-04 22:16:45.156 [main] DEBUG c.edu.xmu.oomall.product.dao.activity.CouponActDao - ---copy after getActivity: po = ActivityPo(id=101, creatorId=1, creatorName=admin, modifierId=null, modifierName=null, gmtCreate=2023-12-08T12:12:50, gmtModified=null, shopId=2, name=3件满100打9折, objectId=65730693e61c0b69ba4dc049, actClass=couponActDao, status=1)
2024-12-04 22:16:45.157 [main] INFO  c.edu.xmu.oomall.product.config.MongoCommandLogger - Command: find
2024-12-04 22:16:45.157 [main] INFO  c.edu.xmu.oomall.product.config.MongoCommandLogger - Connection Address: mongo1:27017
2024-12-04 22:16:45.200 [main] DEBUG c.edu.xmu.oomall.product.dao.activity.CouponActDao - ---getActivity: ret = Optional[CouponActPo(objectId=65730693e61c0b69ba4dc049, couponTime=null, quantity=100, quantityType=1, validTerm=0, strategy={"value":90,"couponLimitation":{"value":0,"className":"cn.edu.xmu.oomall.product.model.strategy.impl.ComplexCouponLimitation","couponLimitationList":[{"value":3,"className":"cn.edu.xmu.oomall.product.model.strategy.impl.AmountCouponLimitation"},{"value":10000,"className":"cn.edu.xmu.oomall.product.model.strategy.impl.PriceCouponLimitation"}]},"className":"cn.edu.xmu.oomall.product.model.strategy.impl.PercentageCouponDiscount"})]
2024-12-04 22:16:45.208 [main] DEBUG c.edu.xmu.oomall.product.dao.activity.CouponActDao - ---getActivity: bo = CouponAct(super=Activity(super=OOMallObject(id=101, creatorId=1, creatorName=admin, modifierId=null, modifierName=null, gmtCreate=2023-12-08T12:12:50, gmtModified=null), shopId=2, name=3件满100打9折, objectId=65730693e61c0b69ba4dc049, actClass=couponActDao, status=1), couponTime=null, quantity=100, quantityType=1, validTerm=0, strategy=PercentageCouponDiscount())
2024-12-04 22:16:45.209 [main] DEBUG cn.edu.xmu.javaee.core.aop.DaoAspect - doAround: obj = cn.edu.xmu.oomall.product.dao.activity.CouponActDao@19291431, method = getActivity
2024-12-04 22:16:45.209 [main] DEBUG c.edu.xmu.oomall.product.dao.activity.ActivityDao - build: bo = CouponAct(super=Activity(super=OOMallObject(id=101, creatorId=1, creatorName=admin, modifierId=null, modifierName=null, gmtCreate=2023-12-08T12:12:50, gmtModified=null), shopId=2, name=3件满100打9折, objectId=65730693e61c0b69ba4dc049, actClass=couponActDao, status=1), couponTime=null, quantity=100, quantityType=1, validTerm=0, strategy=PercentageCouponDiscount())
2024-12-04 22:16:45.209 [main] DEBUG c.edu.xmu.oomall.product.dao.activity.ActivityDao - retrieveValidByShopIdAndProductId: bo = CouponAct(super=Activity(super=OOMallObject(id=101, creatorId=1, creatorName=admin, modifierId=null, modifierName=null, gmtCreate=2023-12-08T12:12:50, gmtModified=null), shopId=2, name=3件满100打9折, objectId=65730693e61c0b69ba4dc049, actClass=couponActDao, status=1), couponTime=null, quantity=100, quantityType=1, validTerm=0, strategy=PercentageCouponDiscount())
2024-12-04 22:16:45.209 [main] DEBUG cn.edu.xmu.javaee.core.aop.DaoAspect - doAround: obj = cn.edu.xmu.oomall.product.dao.activity.ActivityDao@8daaa74, method = retrieveValidByShopIdAndProductId
2024-12-04 22:16:45.210 [main] DEBUG cn.edu.xmu.javaee.core.aop.ControllerAspect - doAround: jp = findAllOnlineCouponActivities, code = OK

MockHttpServletRequest:
      HTTP Method = GET
      Request URI = /couponactivities
       Parameters = {endTime=[2027-10-10T11:11:11], productId=[1678]}
          Headers = [Content-Type:"application/json;charset=UTF-8"]
             Body = null
    Session Attrs = {}

Handler:
             Type = cn.edu.xmu.oomall.product.controller.CouponActController
           Method = cn.edu.xmu.oomall.product.controller.CouponActController#findAllOnlineCouponActivities(Long, Long, LocalDateTime, LocalDateTime, Integer, Integer)

Async:
    Async started = false
     Async result = null

Resolved Exception:
             Type = null

ModelAndView:
        View name = null
             View = null
            Model = null

FlashMap:
       Attributes = null

MockHttpServletResponse:
           Status = 200
    Error message = null
          Headers = [Vary:"Origin", "Access-Control-Request-Method", "Access-Control-Request-Headers", Content-Type:"application/json;charset=UTF-8"]
     Content type = application/json;charset=UTF-8
             Body = {"errmsg":"成功","data":{"list":[{"id":10,"name":"跨2类9折"},{"id":101,"name":"3件满100打9折","quantity":100}],"page":1,"pageSize":10},"errno":0}
    Forwarded URL = null
   Redirected URL = null
          Cookies = []
]]></system-out>
  </testcase>
  <testcase name="findCouponActByIdTest1" classname="cn.edu.xmu.oomall.product.controller.CouponActControllerTest" time="0.288">
    <system-out><![CDATA[2024-12-04 22:16:45.357 [main] DEBUG cn.edu.xmu.javaee.core.aop.ControllerAspect - doAround: method = findCouponActById, paramNames = [id]
2024-12-04 22:16:45.357 [main] DEBUG cn.edu.xmu.javaee.core.aop.ControllerAspect - checkPageTimeLimit: paramNames[0] = id
2024-12-04 22:16:45.404 [main] DEBUG c.edu.xmu.oomall.product.dao.activity.ActivityDao - build: po = ActivityPo(id=11, creatorId=1, creatorName=admin, modifierId=null, modifierName=null, gmtCreate=2022-12-28T15:40:45, gmtModified=null, shopId=7, name=跨2类最便宜的打5折, objectId=657302321a75f773e8ea8156, actClass=couponActDao, status=1)
2024-12-04 22:16:45.404 [main] DEBUG c.edu.xmu.oomall.product.dao.activity.CouponActDao - ---getActivity: po = ActivityPo(id=11, creatorId=1, creatorName=admin, modifierId=null, modifierName=null, gmtCreate=2022-12-28T15:40:45, gmtModified=null, shopId=7, name=跨2类最便宜的打5折, objectId=657302321a75f773e8ea8156, actClass=couponActDao, status=1)
2024-12-04 22:16:45.405 [main] INFO  c.edu.xmu.oomall.product.config.MongoCommandLogger - Command: find
2024-12-04 22:16:45.405 [main] INFO  c.edu.xmu.oomall.product.config.MongoCommandLogger - Connection Address: mongo1:27017
2024-12-04 22:16:45.448 [main] DEBUG c.edu.xmu.oomall.product.dao.activity.CouponActDao - objid->657302634882bc534d981832:Optional[CouponActPo(objectId=657302634882bc534d981832, couponTime=null, quantity=null, quantityType=null, validTerm=null, strategy={"value":50,"couponLimitation":{"value":10000,"className":"cn.edu.xmu.oomall.product.model.strategy.impl.PriceCouponLimitation"},"className":"cn.edu.xmu.oomall.product.model.strategy.impl.CheapestPercentageDiscount"})],po.objid:657302321a75f773e8ea8156
2024-12-04 22:16:45.448 [main] DEBUG c.edu.xmu.oomall.product.dao.activity.CouponActDao - ---copy after getActivity: po = ActivityPo(id=11, creatorId=1, creatorName=admin, modifierId=null, modifierName=null, gmtCreate=2022-12-28T15:40:45, gmtModified=null, shopId=7, name=跨2类最便宜的打5折, objectId=657302321a75f773e8ea8156, actClass=couponActDao, status=1)
2024-12-04 22:16:45.449 [main] INFO  c.edu.xmu.oomall.product.config.MongoCommandLogger - Command: find
2024-12-04 22:16:45.450 [main] INFO  c.edu.xmu.oomall.product.config.MongoCommandLogger - Connection Address: mongo1:27017
2024-12-04 22:16:45.492 [main] DEBUG c.edu.xmu.oomall.product.dao.activity.CouponActDao - ---getActivity: ret = Optional[CouponActPo(objectId=657302321a75f773e8ea8156, couponTime=null, quantity=null, quantityType=null, validTerm=null, strategy={"value":50,"couponLimitation":{"value":2,"className":"cn.edu.xmu.oomall.product.model.strategy.impl.CrossCategoryLimitation"},"className":"cn.edu.xmu.oomall.product.model.strategy.impl.CheapestPercentageDiscount"})]
2024-12-04 22:16:45.497 [main] DEBUG c.edu.xmu.oomall.product.dao.activity.CouponActDao - ---getActivity: bo = CouponAct(super=Activity(super=OOMallObject(id=11, creatorId=1, creatorName=admin, modifierId=null, modifierName=null, gmtCreate=2022-12-28T15:40:45, gmtModified=null), shopId=7, name=跨2类最便宜的打5折, objectId=657302321a75f773e8ea8156, actClass=couponActDao, status=1), couponTime=null, quantity=null, quantityType=null, validTerm=null, strategy=CheapestPercentageDiscount())
2024-12-04 22:16:45.498 [main] DEBUG cn.edu.xmu.javaee.core.aop.DaoAspect - doAround: obj = cn.edu.xmu.oomall.product.dao.activity.CouponActDao@19291431, method = getActivity
2024-12-04 22:16:45.498 [main] DEBUG c.edu.xmu.oomall.product.dao.activity.ActivityDao - build: bo = CouponAct(super=Activity(super=OOMallObject(id=11, creatorId=1, creatorName=admin, modifierId=null, modifierName=null, gmtCreate=2022-12-28T15:40:45, gmtModified=null), shopId=7, name=跨2类最便宜的打5折, objectId=657302321a75f773e8ea8156, actClass=couponActDao, status=1), couponTime=null, quantity=null, quantityType=null, validTerm=null, strategy=CheapestPercentageDiscount())
2024-12-04 22:16:45.498 [main] DEBUG cn.edu.xmu.javaee.core.aop.DaoAspect - doAround: obj = cn.edu.xmu.oomall.product.dao.activity.ActivityDao@8daaa74, method = findById
2024-12-04 22:16:45.500 [main] DEBUG cn.edu.xmu.javaee.core.aop.ControllerAspect - doAround: jp = findCouponActById, code = OK
]]></system-out>
  </testcase>
  <testcase name="cacuCouponTest" classname="cn.edu.xmu.oomall.product.controller.CouponActControllerTest" time="0.526">
    <system-out><![CDATA[2024-12-04 22:16:45.661 [main] DEBUG cn.edu.xmu.javaee.core.aop.ControllerAspect - doAround: method = cacuCoupon, paramNames = [id, orderInfoDtoList]
2024-12-04 22:16:45.661 [main] DEBUG cn.edu.xmu.javaee.core.aop.ControllerAspect - checkPageTimeLimit: paramNames[0] = id
2024-12-04 22:16:45.661 [main] DEBUG cn.edu.xmu.javaee.core.aop.ControllerAspect - checkPageTimeLimit: paramNames[1] = orderInfoDtoList
2024-12-04 22:16:45.712 [main] DEBUG c.edu.xmu.oomall.product.dao.activity.ActivityDao - build: po = ActivityPo(id=5, creatorId=1, creatorName=admin, modifierId=null, modifierName=null, gmtCreate=2022-12-09T02:09:26, gmtModified=null, shopId=2, name=满3件最便宜的5折, objectId=657300a17077a872bd9852fe, actClass=couponActDao, status=1)
2024-12-04 22:16:45.713 [main] DEBUG c.edu.xmu.oomall.product.dao.activity.CouponActDao - ---getActivity: po = ActivityPo(id=5, creatorId=1, creatorName=admin, modifierId=null, modifierName=null, gmtCreate=2022-12-09T02:09:26, gmtModified=null, shopId=2, name=满3件最便宜的5折, objectId=657300a17077a872bd9852fe, actClass=couponActDao, status=1)
2024-12-04 22:16:45.714 [main] INFO  c.edu.xmu.oomall.product.config.MongoCommandLogger - Command: find
2024-12-04 22:16:45.714 [main] INFO  c.edu.xmu.oomall.product.config.MongoCommandLogger - Connection Address: mongo1:27017
2024-12-04 22:16:45.761 [main] DEBUG c.edu.xmu.oomall.product.dao.activity.CouponActDao - objid->657302634882bc534d981832:Optional[CouponActPo(objectId=657302634882bc534d981832, couponTime=null, quantity=null, quantityType=null, validTerm=null, strategy={"value":50,"couponLimitation":{"value":10000,"className":"cn.edu.xmu.oomall.product.model.strategy.impl.PriceCouponLimitation"},"className":"cn.edu.xmu.oomall.product.model.strategy.impl.CheapestPercentageDiscount"})],po.objid:657300a17077a872bd9852fe
2024-12-04 22:16:45.762 [main] DEBUG c.edu.xmu.oomall.product.dao.activity.CouponActDao - ---copy after getActivity: po = ActivityPo(id=5, creatorId=1, creatorName=admin, modifierId=null, modifierName=null, gmtCreate=2022-12-09T02:09:26, gmtModified=null, shopId=2, name=满3件最便宜的5折, objectId=657300a17077a872bd9852fe, actClass=couponActDao, status=1)
2024-12-04 22:16:45.763 [main] INFO  c.edu.xmu.oomall.product.config.MongoCommandLogger - Command: find
2024-12-04 22:16:45.763 [main] INFO  c.edu.xmu.oomall.product.config.MongoCommandLogger - Connection Address: mongo1:27017
2024-12-04 22:16:45.808 [main] DEBUG c.edu.xmu.oomall.product.dao.activity.CouponActDao - ---getActivity: ret = Optional[CouponActPo(objectId=657300a17077a872bd9852fe, couponTime=null, quantity=null, quantityType=null, validTerm=null, strategy={"value":50,"couponLimitation":{"value":3,"className":"cn.edu.xmu.oomall.product.model.strategy.impl.AmountCouponLimitation"},"className":"cn.edu.xmu.oomall.product.model.strategy.impl.CheapestPercentageDiscount"})]
2024-12-04 22:16:45.816 [main] DEBUG c.edu.xmu.oomall.product.dao.activity.CouponActDao - ---getActivity: bo = CouponAct(super=Activity(super=OOMallObject(id=5, creatorId=1, creatorName=admin, modifierId=null, modifierName=null, gmtCreate=2022-12-09T02:09:26, gmtModified=null), shopId=2, name=满3件最便宜的5折, objectId=657300a17077a872bd9852fe, actClass=couponActDao, status=1), couponTime=null, quantity=null, quantityType=null, validTerm=null, strategy=CheapestPercentageDiscount())
2024-12-04 22:16:45.816 [main] DEBUG cn.edu.xmu.javaee.core.aop.DaoAspect - doAround: obj = cn.edu.xmu.oomall.product.dao.activity.CouponActDao@19291431, method = getActivity
2024-12-04 22:16:45.817 [main] DEBUG c.edu.xmu.oomall.product.dao.activity.ActivityDao - build: bo = CouponAct(super=Activity(super=OOMallObject(id=5, creatorId=1, creatorName=admin, modifierId=null, modifierName=null, gmtCreate=2022-12-09T02:09:26, gmtModified=null), shopId=2, name=满3件最便宜的5折, objectId=657300a17077a872bd9852fe, actClass=couponActDao, status=1), couponTime=null, quantity=null, quantityType=null, validTerm=null, strategy=CheapestPercentageDiscount())
2024-12-04 22:16:45.817 [main] DEBUG cn.edu.xmu.javaee.core.aop.DaoAspect - doAround: obj = cn.edu.xmu.oomall.product.dao.activity.ActivityDao@8daaa74, method = findById
2024-12-04 22:16:45.817 [main] DEBUG cn.edu.xmu.oomall.product.dao.onsale.OnSaleDao - findById: id =1
2024-12-04 22:16:45.857 [cluster-ClusterId{value='6750640706b2de2102d0963a', description='null'}-mongo1:27017] INFO  org.mongodb.driver.cluster - Rediscovering type of existing primary mongo2:27017
2024-12-04 22:16:45.857 [cluster-ClusterId{value='6750640706b2de2102d0963a', description='null'}-mongo1:27017] INFO  org.mongodb.driver.cluster - Discovered replica set primary mongo1:27017 with max election id 7fffffff00000000000000f7 and max set version 1
2024-12-04 22:16:45.866 [main] DEBUG cn.edu.xmu.javaee.core.aop.DaoAspect - doAround: obj = cn.edu.xmu.oomall.product.dao.onsale.OnSaleDao@7bf1fd45, method = findById
2024-12-04 22:16:45.866 [main] DEBUG cn.edu.xmu.oomall.product.dao.ProductDao - findOnsaleById: id = 1
2024-12-04 22:16:45.887 [cluster-ClusterId{value='6750640706b2de2102d0963a', description='null'}-mongo2:27017] INFO  org.mongodb.driver.cluster - Rediscovering type of existing primary mongo1:27017
2024-12-04 22:16:45.892 [cluster-ClusterId{value='6750640706b2de2102d0963a', description='null'}-mongo2:27017] INFO  org.mongodb.driver.cluster - Discovered replica set primary mongo2:27017 with max election id 7fffffff00000000000000f7 and max set version 1
2024-12-04 22:16:45.892 [cluster-ClusterId{value='6750640706b2de2102d0963a', description='null'}-mongo3:27017] INFO  org.mongodb.driver.cluster - Rediscovering type of existing primary mongo2:27017
2024-12-04 22:16:45.893 [cluster-ClusterId{value='6750640706b2de2102d0963a', description='null'}-mongo3:27017] INFO  org.mongodb.driver.cluster - Discovered replica set primary mongo3:27017 with max election id 7fffffff00000000000000f7 and max set version 1
2024-12-04 22:16:45.915 [main] DEBUG cn.edu.xmu.javaee.core.aop.DaoAspect - doAround: obj = cn.edu.xmu.oomall.product.dao.ProductDao@2c14ec2, method = findByOnsale
2024-12-04 22:16:45.915 [main] DEBUG cn.edu.xmu.oomall.product.dao.bo.Product - getValidOnsale: onsaleExecutor = cn.edu.xmu.oomall.product.dao.onsale.SpecOnSaleExecutor@d2cd457
2024-12-04 22:16:45.915 [main] DEBUG c.e.x.oomall.product.dao.onsale.SpecOnSaleExecutor - execute: onsaleId = 1
2024-12-04 22:16:45.915 [main] DEBUG cn.edu.xmu.oomall.product.dao.onsale.OnSaleDao - findById: id =1
2024-12-04 22:16:45.916 [main] DEBUG cn.edu.xmu.javaee.core.aop.DaoAspect - doAround: obj = cn.edu.xmu.oomall.product.dao.onsale.OnSaleDao@7bf1fd45, method = findById
2024-12-04 22:16:45.916 [main] DEBUG cn.edu.xmu.oomall.product.dao.bo.Product - getValidOnsale: validOnsale = OnSale(super=OOMallObject(id=1, creatorId=1, creatorName=admin, modifierId=null, modifierName=null, gmtCreate=2021-11-11T14:38:20, gmtModified=null), price=53295, beginTime=2021-11-11T14:38:20, endTime=2029-02-19T14:38:20, quantity=2000, maxQuantity=50, shopId=10, productId=1550, type=0, deposit=0, payTime=null)
2024-12-04 22:16:45.917 [main] DEBUG cn.edu.xmu.oomall.product.dao.bo.Product - getValidOnsale: validOnsale = OnSale(super=OOMallObject(id=1, creatorId=1, creatorName=admin, modifierId=null, modifierName=null, gmtCreate=2021-11-11T14:38:20, gmtModified=null), price=53295, beginTime=2021-11-11T14:38:20, endTime=2029-02-19T14:38:20, quantity=2000, maxQuantity=50, shopId=10, productId=1550, type=0, deposit=0, payTime=null)
2024-12-04 22:16:45.917 [main] DEBUG cn.edu.xmu.oomall.product.dao.onsale.OnSaleDao - findById: id =2
2024-12-04 22:16:45.964 [main] DEBUG cn.edu.xmu.javaee.core.aop.DaoAspect - doAround: obj = cn.edu.xmu.oomall.product.dao.onsale.OnSaleDao@7bf1fd45, method = findById
2024-12-04 22:16:45.964 [main] DEBUG cn.edu.xmu.oomall.product.dao.ProductDao - findOnsaleById: id = 2
2024-12-04 22:16:46.010 [main] DEBUG cn.edu.xmu.javaee.core.aop.DaoAspect - doAround: obj = cn.edu.xmu.oomall.product.dao.ProductDao@2c14ec2, method = findByOnsale
2024-12-04 22:16:46.010 [main] DEBUG cn.edu.xmu.oomall.product.dao.bo.Product - getValidOnsale: onsaleExecutor = cn.edu.xmu.oomall.product.dao.onsale.SpecOnSaleExecutor@68b1cb92
2024-12-04 22:16:46.010 [main] DEBUG c.e.x.oomall.product.dao.onsale.SpecOnSaleExecutor - execute: onsaleId = 2
2024-12-04 22:16:46.010 [main] DEBUG cn.edu.xmu.oomall.product.dao.onsale.OnSaleDao - findById: id =2
2024-12-04 22:16:46.011 [main] DEBUG cn.edu.xmu.javaee.core.aop.DaoAspect - doAround: obj = cn.edu.xmu.oomall.product.dao.onsale.OnSaleDao@7bf1fd45, method = findById
2024-12-04 22:16:46.011 [main] DEBUG cn.edu.xmu.oomall.product.dao.bo.Product - getValidOnsale: validOnsale = OnSale(super=OOMallObject(id=2, creatorId=1, creatorName=admin, modifierId=null, modifierName=null, gmtCreate=2021-11-11T14:38:20, gmtModified=null), price=473, beginTime=2021-11-11T14:38:20, endTime=2029-02-19T14:38:20, quantity=97, maxQuantity=50, shopId=3, productId=1551, type=3, deposit=0, payTime=null)
2024-12-04 22:16:46.011 [main] DEBUG cn.edu.xmu.oomall.product.dao.bo.Product - getValidOnsale: validOnsale = OnSale(super=OOMallObject(id=2, creatorId=1, creatorName=admin, modifierId=null, modifierName=null, gmtCreate=2021-11-11T14:38:20, gmtModified=null), price=473, beginTime=2021-11-11T14:38:20, endTime=2029-02-19T14:38:20, quantity=97, maxQuantity=50, shopId=3, productId=1551, type=3, deposit=0, payTime=null)
2024-12-04 22:16:46.011 [main] DEBUG cn.edu.xmu.javaee.core.aop.ControllerAspect - doAround: jp = cacuCoupon, code = OK
]]></system-out>
  </testcase>
  <testcase name="findCouponActProductByIdTest1" classname="cn.edu.xmu.oomall.product.controller.CouponActControllerTest" time="0.402">
    <system-out><![CDATA[2024-12-04 22:16:46.172 [main] DEBUG cn.edu.xmu.javaee.core.aop.ControllerAspect - doAround: method = findCouponActProductById, paramNames = [id, page, pageSize]
2024-12-04 22:16:46.172 [main] DEBUG cn.edu.xmu.javaee.core.aop.ControllerAspect - checkPageTimeLimit: paramNames[0] = id
2024-12-04 22:16:46.172 [main] DEBUG cn.edu.xmu.javaee.core.aop.ControllerAspect - checkPageTimeLimit: paramNames[1] = page
2024-12-04 22:16:46.172 [main] DEBUG cn.edu.xmu.javaee.core.aop.ControllerAspect - checkPageTimeLimit: set page to 1
2024-12-04 22:16:46.172 [main] DEBUG cn.edu.xmu.javaee.core.aop.ControllerAspect - checkPageTimeLimit: paramNames[2] = pageSize
2024-12-04 22:16:46.172 [main] DEBUG cn.edu.xmu.javaee.core.aop.ControllerAspect - checkPageTimeLimit: set pageSize to 10
2024-12-04 22:16:46.222 [main] DEBUG c.edu.xmu.oomall.product.dao.activity.ActivityDao - build: po = ActivityPo(id=11, creatorId=1, creatorName=admin, modifierId=null, modifierName=null, gmtCreate=2022-12-28T15:40:45, gmtModified=null, shopId=7, name=跨2类最便宜的打5折, objectId=657302321a75f773e8ea8156, actClass=couponActDao, status=1)
2024-12-04 22:16:46.222 [main] DEBUG c.edu.xmu.oomall.product.dao.activity.CouponActDao - ---getActivity: po = ActivityPo(id=11, creatorId=1, creatorName=admin, modifierId=null, modifierName=null, gmtCreate=2022-12-28T15:40:45, gmtModified=null, shopId=7, name=跨2类最便宜的打5折, objectId=657302321a75f773e8ea8156, actClass=couponActDao, status=1)
2024-12-04 22:16:46.223 [main] INFO  c.edu.xmu.oomall.product.config.MongoCommandLogger - Command: find
2024-12-04 22:16:46.223 [main] INFO  c.edu.xmu.oomall.product.config.MongoCommandLogger - Connection Address: mongo1:27017
2024-12-04 22:16:46.270 [main] DEBUG c.edu.xmu.oomall.product.dao.activity.CouponActDao - objid->657302634882bc534d981832:Optional[CouponActPo(objectId=657302634882bc534d981832, couponTime=null, quantity=null, quantityType=null, validTerm=null, strategy={"value":50,"couponLimitation":{"value":10000,"className":"cn.edu.xmu.oomall.product.model.strategy.impl.PriceCouponLimitation"},"className":"cn.edu.xmu.oomall.product.model.strategy.impl.CheapestPercentageDiscount"})],po.objid:657302321a75f773e8ea8156
2024-12-04 22:16:46.270 [main] DEBUG c.edu.xmu.oomall.product.dao.activity.CouponActDao - ---copy after getActivity: po = ActivityPo(id=11, creatorId=1, creatorName=admin, modifierId=null, modifierName=null, gmtCreate=2022-12-28T15:40:45, gmtModified=null, shopId=7, name=跨2类最便宜的打5折, objectId=657302321a75f773e8ea8156, actClass=couponActDao, status=1)
2024-12-04 22:16:46.271 [main] INFO  c.edu.xmu.oomall.product.config.MongoCommandLogger - Command: find
2024-12-04 22:16:46.271 [main] INFO  c.edu.xmu.oomall.product.config.MongoCommandLogger - Connection Address: mongo1:27017
2024-12-04 22:16:46.317 [main] DEBUG c.edu.xmu.oomall.product.dao.activity.CouponActDao - ---getActivity: ret = Optional[CouponActPo(objectId=657302321a75f773e8ea8156, couponTime=null, quantity=null, quantityType=null, validTerm=null, strategy={"value":50,"couponLimitation":{"value":2,"className":"cn.edu.xmu.oomall.product.model.strategy.impl.CrossCategoryLimitation"},"className":"cn.edu.xmu.oomall.product.model.strategy.impl.CheapestPercentageDiscount"})]
2024-12-04 22:16:46.318 [main] DEBUG c.edu.xmu.oomall.product.dao.activity.CouponActDao - ---getActivity: bo = CouponAct(super=Activity(super=OOMallObject(id=11, creatorId=1, creatorName=admin, modifierId=null, modifierName=null, gmtCreate=2022-12-28T15:40:45, gmtModified=null), shopId=7, name=跨2类最便宜的打5折, objectId=657302321a75f773e8ea8156, actClass=couponActDao, status=1), couponTime=null, quantity=null, quantityType=null, validTerm=null, strategy=CheapestPercentageDiscount())
2024-12-04 22:16:46.319 [main] DEBUG cn.edu.xmu.javaee.core.aop.DaoAspect - doAround: obj = cn.edu.xmu.oomall.product.dao.activity.CouponActDao@19291431, method = getActivity
2024-12-04 22:16:46.319 [main] DEBUG c.edu.xmu.oomall.product.dao.activity.ActivityDao - build: bo = CouponAct(super=Activity(super=OOMallObject(id=11, creatorId=1, creatorName=admin, modifierId=null, modifierName=null, gmtCreate=2022-12-28T15:40:45, gmtModified=null), shopId=7, name=跨2类最便宜的打5折, objectId=657302321a75f773e8ea8156, actClass=couponActDao, status=1), couponTime=null, quantity=null, quantityType=null, validTerm=null, strategy=CheapestPercentageDiscount())
2024-12-04 22:16:46.319 [main] DEBUG cn.edu.xmu.javaee.core.aop.DaoAspect - doAround: obj = cn.edu.xmu.oomall.product.dao.activity.ActivityDao@8daaa74, method = findById
2024-12-04 22:16:46.319 [main] DEBUG cn.edu.xmu.oomall.product.dao.onsale.OnSaleDao - retrieveByActId: actId = 11, page = 1, pageSize = 1000
2024-12-04 22:16:46.372 [main] DEBUG cn.edu.xmu.javaee.core.aop.DaoAspect - doAround: obj = cn.edu.xmu.oomall.product.dao.onsale.OnSaleDao@7bf1fd45, method = retrieveByActId
2024-12-04 22:16:46.372 [main] DEBUG cn.edu.xmu.oomall.product.dao.bo.Activity - getOnsaleList: onsaleList = [OnSale(super=OOMallObject(id=113, creatorId=1, creatorName=admin, modifierId=null, modifierName=null, gmtCreate=2021-11-11T14:38:20, gmtModified=null), price=91586, beginTime=2021-11-11T14:38:20, endTime=2027-02-19T14:38:20, quantity=76, maxQuantity=50, shopId=7, productId=1662, type=0, deposit=0, payTime=null)]
2024-12-04 22:16:46.373 [main] DEBUG cn.edu.xmu.oomall.product.dao.ProductDao - findOnsaleById: id = 113
2024-12-04 22:16:46.424 [main] DEBUG cn.edu.xmu.javaee.core.aop.DaoAspect - doAround: obj = cn.edu.xmu.oomall.product.dao.ProductDao@2c14ec2, method = findByOnsale
2024-12-04 22:16:46.426 [main] DEBUG cn.edu.xmu.oomall.product.dao.bo.Product - getValidOnsale: onsaleExecutor = cn.edu.xmu.oomall.product.dao.onsale.SpecOnSaleExecutor@2bbaaa7e
2024-12-04 22:16:46.426 [main] DEBUG c.e.x.oomall.product.dao.onsale.SpecOnSaleExecutor - execute: onsaleId = 113
2024-12-04 22:16:46.426 [main] DEBUG cn.edu.xmu.oomall.product.dao.onsale.OnSaleDao - findById: id =113
2024-12-04 22:16:46.427 [main] DEBUG cn.edu.xmu.javaee.core.aop.DaoAspect - doAround: obj = cn.edu.xmu.oomall.product.dao.onsale.OnSaleDao@7bf1fd45, method = findById
2024-12-04 22:16:46.427 [main] DEBUG cn.edu.xmu.oomall.product.dao.bo.Product - getValidOnsale: validOnsale = OnSale(super=OOMallObject(id=113, creatorId=1, creatorName=admin, modifierId=null, modifierName=null, gmtCreate=2021-11-11T14:38:20, gmtModified=null), price=91586, beginTime=2021-11-11T14:38:20, endTime=2027-02-19T14:38:20, quantity=76, maxQuantity=50, shopId=7, productId=1662, type=0, deposit=0, payTime=null)
2024-12-04 22:16:46.428 [main] DEBUG cn.edu.xmu.oomall.product.dao.bo.Product - getValidOnsale: validOnsale = OnSale(super=OOMallObject(id=113, creatorId=1, creatorName=admin, modifierId=null, modifierName=null, gmtCreate=2021-11-11T14:38:20, gmtModified=null), price=91586, beginTime=2021-11-11T14:38:20, endTime=2027-02-19T14:38:20, quantity=76, maxQuantity=50, shopId=7, productId=1662, type=0, deposit=0, payTime=null)
2024-12-04 22:16:46.428 [main] DEBUG cn.edu.xmu.oomall.product.dao.bo.Product - getStatus: id =1662
2024-12-04 22:16:46.428 [main] DEBUG cn.edu.xmu.oomall.product.dao.bo.Product - getValidOnsale: validOnsale = OnSale(super=OOMallObject(id=113, creatorId=1, creatorName=admin, modifierId=null, modifierName=null, gmtCreate=2021-11-11T14:38:20, gmtModified=null), price=91586, beginTime=2021-11-11T14:38:20, endTime=2027-02-19T14:38:20, quantity=76, maxQuantity=50, shopId=7, productId=1662, type=0, deposit=0, payTime=null)
2024-12-04 22:16:46.428 [main] DEBUG cn.edu.xmu.oomall.product.dao.bo.Product - getValidOnsale: validOnsale = OnSale(super=OOMallObject(id=113, creatorId=1, creatorName=admin, modifierId=null, modifierName=null, gmtCreate=2021-11-11T14:38:20, gmtModified=null), price=91586, beginTime=2021-11-11T14:38:20, endTime=2027-02-19T14:38:20, quantity=76, maxQuantity=50, shopId=7, productId=1662, type=0, deposit=0, payTime=null)
2024-12-04 22:16:46.428 [main] DEBUG cn.edu.xmu.oomall.product.dao.bo.Product - getValidOnsale: validOnsale = OnSale(super=OOMallObject(id=113, creatorId=1, creatorName=admin, modifierId=null, modifierName=null, gmtCreate=2021-11-11T14:38:20, gmtModified=null), price=91586, beginTime=2021-11-11T14:38:20, endTime=2027-02-19T14:38:20, quantity=76, maxQuantity=50, shopId=7, productId=1662, type=0, deposit=0, payTime=null)
2024-12-04 22:16:46.428 [main] DEBUG cn.edu.xmu.oomall.product.dao.bo.Product - getValidOnsale: validOnsale = OnSale(super=OOMallObject(id=113, creatorId=1, creatorName=admin, modifierId=null, modifierName=null, gmtCreate=2021-11-11T14:38:20, gmtModified=null), price=91586, beginTime=2021-11-11T14:38:20, endTime=2027-02-19T14:38:20, quantity=76, maxQuantity=50, shopId=7, productId=1662, type=0, deposit=0, payTime=null)
2024-12-04 22:16:46.428 [main] DEBUG cn.edu.xmu.javaee.core.aop.ControllerAspect - doAround: jp = findCouponActProductById, code = OK
2024-12-04 22:16:46.464 [cluster-ClusterId{value='675063e906b2de2102d09638', description='null'}-mongo2:27017] INFO  org.mongodb.driver.cluster - Rediscovering type of existing primary mongo1:27017
2024-12-04 22:16:46.465 [cluster-ClusterId{value='675063e906b2de2102d09638', description='null'}-mongo2:27017] INFO  org.mongodb.driver.cluster - Discovered replica set primary mongo2:27017 with max election id 7fffffff00000000000000f7 and max set version 1
]]></system-out>
  </testcase>
</testsuite>